[2020-07-31 00:36:17,227] {taskinstance.py:655} INFO - Dependencies all met for <TaskInstance: tutorial.templated 2020-07-31T00:35:00+00:00 [queued]>
[2020-07-31 00:36:17,272] {taskinstance.py:655} INFO - Dependencies all met for <TaskInstance: tutorial.templated 2020-07-31T00:35:00+00:00 [queued]>
[2020-07-31 00:36:17,273] {taskinstance.py:866} INFO - 
--------------------------------------------------------------------------------
[2020-07-31 00:36:17,273] {taskinstance.py:867} INFO - Starting attempt 1 of 2
[2020-07-31 00:36:17,273] {taskinstance.py:868} INFO - 
--------------------------------------------------------------------------------
[2020-07-31 00:36:17,298] {taskinstance.py:887} INFO - Executing <Task(BashOperator): templated> on 2020-07-31T00:35:00+00:00
[2020-07-31 00:36:17,314] {standard_task_runner.py:53} INFO - Started process 21077 to run task
[2020-07-31 00:36:17,439] {logging_mixin.py:112} INFO - Running %s on host %s <TaskInstance: tutorial.templated 2020-07-31T00:35:00+00:00 [running]> 02f6ef7ded4c
[2020-07-31 00:36:17,516] {bash_operator.py:82} INFO - Tmp dir root location: 
 /tmp
[2020-07-31 00:36:17,517] {bash_operator.py:105} INFO - Temporary script location: /tmp/airflowtmpv3lba70r/templatedkh1a8thg
[2020-07-31 00:36:17,517] {bash_operator.py:115} INFO - Running command: 

    echo "2020-07-31"
    echo "2020-08-07"
    echo "Parameter I passed in"

    echo "2020-07-31"
    echo "2020-08-07"
    echo "Parameter I passed in"

    echo "2020-07-31"
    echo "2020-08-07"
    echo "Parameter I passed in"

    echo "2020-07-31"
    echo "2020-08-07"
    echo "Parameter I passed in"

    echo "2020-07-31"
    echo "2020-08-07"
    echo "Parameter I passed in"

[2020-07-31 00:36:17,536] {bash_operator.py:122} INFO - Output:
[2020-07-31 00:36:17,538] {bash_operator.py:126} INFO - 2020-07-31
[2020-07-31 00:36:17,538] {bash_operator.py:126} INFO - 2020-08-07
[2020-07-31 00:36:17,538] {bash_operator.py:126} INFO - Parameter I passed in
[2020-07-31 00:36:17,538] {bash_operator.py:126} INFO - 2020-07-31
[2020-07-31 00:36:17,538] {bash_operator.py:126} INFO - 2020-08-07
[2020-07-31 00:36:17,538] {bash_operator.py:126} INFO - Parameter I passed in
[2020-07-31 00:36:17,539] {bash_operator.py:126} INFO - 2020-07-31
[2020-07-31 00:36:17,539] {bash_operator.py:126} INFO - 2020-08-07
[2020-07-31 00:36:17,539] {bash_operator.py:126} INFO - Parameter I passed in
[2020-07-31 00:36:17,539] {bash_operator.py:126} INFO - 2020-07-31
[2020-07-31 00:36:17,539] {bash_operator.py:126} INFO - 2020-08-07
[2020-07-31 00:36:17,539] {bash_operator.py:126} INFO - Parameter I passed in
[2020-07-31 00:36:17,539] {bash_operator.py:126} INFO - 2020-07-31
[2020-07-31 00:36:17,539] {bash_operator.py:126} INFO - 2020-08-07
[2020-07-31 00:36:17,539] {bash_operator.py:126} INFO - Parameter I passed in
[2020-07-31 00:36:17,539] {bash_operator.py:130} INFO - Command exited with return code 0
[2020-07-31 00:36:17,563] {taskinstance.py:1048} INFO - Marking task as SUCCESS.dag_id=tutorial, task_id=templated, execution_date=20200731T003500, start_date=20200731T003617, end_date=20200731T003617
[2020-07-31 00:36:27,166] {logging_mixin.py:112} INFO - [2020-07-31 00:36:27,165] {local_task_job.py:103} INFO - Task exited with return code 0
