[2020-07-30 20:46:16,962] {taskinstance.py:655} INFO - Dependencies all met for <TaskInstance: tutorial.templated 2020-07-30T20:45:00+00:00 [queued]>
[2020-07-30 20:46:17,019] {taskinstance.py:655} INFO - Dependencies all met for <TaskInstance: tutorial.templated 2020-07-30T20:45:00+00:00 [queued]>
[2020-07-30 20:46:17,020] {taskinstance.py:866} INFO - 
--------------------------------------------------------------------------------
[2020-07-30 20:46:17,020] {taskinstance.py:867} INFO - Starting attempt 1 of 2
[2020-07-30 20:46:17,020] {taskinstance.py:868} INFO - 
--------------------------------------------------------------------------------
[2020-07-30 20:46:17,051] {taskinstance.py:887} INFO - Executing <Task(BashOperator): templated> on 2020-07-30T20:45:00+00:00
[2020-07-30 20:46:17,059] {standard_task_runner.py:53} INFO - Started process 25946 to run task
[2020-07-30 20:46:17,206] {logging_mixin.py:112} INFO - Running %s on host %s <TaskInstance: tutorial.templated 2020-07-30T20:45:00+00:00 [running]> 02f6ef7ded4c
[2020-07-30 20:46:17,275] {bash_operator.py:82} INFO - Tmp dir root location: 
 /tmp
[2020-07-30 20:46:17,277] {bash_operator.py:105} INFO - Temporary script location: /tmp/airflowtmp7kjgg531/templated9p21fnx6
[2020-07-30 20:46:17,277] {bash_operator.py:115} INFO - Running command: 

    echo "2020-07-30"
    echo "2020-08-06"
    echo "Parameter I passed in"

    echo "2020-07-30"
    echo "2020-08-06"
    echo "Parameter I passed in"

    echo "2020-07-30"
    echo "2020-08-06"
    echo "Parameter I passed in"

    echo "2020-07-30"
    echo "2020-08-06"
    echo "Parameter I passed in"

    echo "2020-07-30"
    echo "2020-08-06"
    echo "Parameter I passed in"

[2020-07-30 20:46:17,291] {bash_operator.py:122} INFO - Output:
[2020-07-30 20:46:17,293] {bash_operator.py:126} INFO - 2020-07-30
[2020-07-30 20:46:17,293] {bash_operator.py:126} INFO - 2020-08-06
[2020-07-30 20:46:17,293] {bash_operator.py:126} INFO - Parameter I passed in
[2020-07-30 20:46:17,294] {bash_operator.py:126} INFO - 2020-07-30
[2020-07-30 20:46:17,294] {bash_operator.py:126} INFO - 2020-08-06
[2020-07-30 20:46:17,294] {bash_operator.py:126} INFO - Parameter I passed in
[2020-07-30 20:46:17,294] {bash_operator.py:126} INFO - 2020-07-30
[2020-07-30 20:46:17,294] {bash_operator.py:126} INFO - 2020-08-06
[2020-07-30 20:46:17,294] {bash_operator.py:126} INFO - Parameter I passed in
[2020-07-30 20:46:17,294] {bash_operator.py:126} INFO - 2020-07-30
[2020-07-30 20:46:17,294] {bash_operator.py:126} INFO - 2020-08-06
[2020-07-30 20:46:17,295] {bash_operator.py:126} INFO - Parameter I passed in
[2020-07-30 20:46:17,295] {bash_operator.py:126} INFO - 2020-07-30
[2020-07-30 20:46:17,295] {bash_operator.py:126} INFO - 2020-08-06
[2020-07-30 20:46:17,295] {bash_operator.py:126} INFO - Parameter I passed in
[2020-07-30 20:46:17,295] {bash_operator.py:130} INFO - Command exited with return code 0
[2020-07-30 20:46:17,323] {taskinstance.py:1048} INFO - Marking task as SUCCESS.dag_id=tutorial, task_id=templated, execution_date=20200730T204500, start_date=20200730T204616, end_date=20200730T204617
[2020-07-30 20:46:26,915] {logging_mixin.py:112} INFO - [2020-07-30 20:46:26,914] {local_task_job.py:103} INFO - Task exited with return code 0
