[2020-07-31 01:43:15,718] {taskinstance.py:655} INFO - Dependencies all met for <TaskInstance: tutorial.templated 2020-07-31T01:42:00+00:00 [queued]>
[2020-07-31 01:43:15,778] {taskinstance.py:655} INFO - Dependencies all met for <TaskInstance: tutorial.templated 2020-07-31T01:42:00+00:00 [queued]>
[2020-07-31 01:43:15,779] {taskinstance.py:866} INFO - 
--------------------------------------------------------------------------------
[2020-07-31 01:43:15,779] {taskinstance.py:867} INFO - Starting attempt 1 of 2
[2020-07-31 01:43:15,779] {taskinstance.py:868} INFO - 
--------------------------------------------------------------------------------
[2020-07-31 01:43:15,800] {taskinstance.py:887} INFO - Executing <Task(BashOperator): templated> on 2020-07-31T01:42:00+00:00
[2020-07-31 01:43:15,809] {standard_task_runner.py:53} INFO - Started process 1973 to run task
[2020-07-31 01:43:15,937] {logging_mixin.py:112} INFO - Running %s on host %s <TaskInstance: tutorial.templated 2020-07-31T01:42:00+00:00 [running]> 02f6ef7ded4c
[2020-07-31 01:43:16,003] {bash_operator.py:82} INFO - Tmp dir root location: 
 /tmp
[2020-07-31 01:43:16,005] {bash_operator.py:105} INFO - Temporary script location: /tmp/airflowtmp0hsyetmx/templatedkn1nn6ne
[2020-07-31 01:43:16,005] {bash_operator.py:115} INFO - Running command: 

    echo "2020-07-31"
    echo "2020-08-07"
    echo "Parameter I passed in"

    echo "2020-07-31"
    echo "2020-08-07"
    echo "Parameter I passed in"

    echo "2020-07-31"
    echo "2020-08-07"
    echo "Parameter I passed in"

    echo "2020-07-31"
    echo "2020-08-07"
    echo "Parameter I passed in"

    echo "2020-07-31"
    echo "2020-08-07"
    echo "Parameter I passed in"

[2020-07-31 01:43:16,022] {bash_operator.py:122} INFO - Output:
[2020-07-31 01:43:16,024] {bash_operator.py:126} INFO - 2020-07-31
[2020-07-31 01:43:16,025] {bash_operator.py:126} INFO - 2020-08-07
[2020-07-31 01:43:16,025] {bash_operator.py:126} INFO - Parameter I passed in
[2020-07-31 01:43:16,025] {bash_operator.py:126} INFO - 2020-07-31
[2020-07-31 01:43:16,025] {bash_operator.py:126} INFO - 2020-08-07
[2020-07-31 01:43:16,025] {bash_operator.py:126} INFO - Parameter I passed in
[2020-07-31 01:43:16,026] {bash_operator.py:126} INFO - 2020-07-31
[2020-07-31 01:43:16,026] {bash_operator.py:126} INFO - 2020-08-07
[2020-07-31 01:43:16,026] {bash_operator.py:126} INFO - Parameter I passed in
[2020-07-31 01:43:16,026] {bash_operator.py:126} INFO - 2020-07-31
[2020-07-31 01:43:16,026] {bash_operator.py:126} INFO - 2020-08-07
[2020-07-31 01:43:16,026] {bash_operator.py:126} INFO - Parameter I passed in
[2020-07-31 01:43:16,026] {bash_operator.py:126} INFO - 2020-07-31
[2020-07-31 01:43:16,026] {bash_operator.py:126} INFO - 2020-08-07
[2020-07-31 01:43:16,027] {bash_operator.py:126} INFO - Parameter I passed in
[2020-07-31 01:43:16,027] {bash_operator.py:130} INFO - Command exited with return code 0
[2020-07-31 01:43:16,051] {taskinstance.py:1048} INFO - Marking task as SUCCESS.dag_id=tutorial, task_id=templated, execution_date=20200731T014200, start_date=20200731T014315, end_date=20200731T014316
[2020-07-31 01:43:25,662] {logging_mixin.py:112} INFO - [2020-07-31 01:43:25,661] {local_task_job.py:103} INFO - Task exited with return code 0
