[2020-07-30 16:05:14,873] {taskinstance.py:655} INFO - Dependencies all met for <TaskInstance: tutorial.templated 2020-07-30T16:04:00+00:00 [queued]>
[2020-07-30 16:05:14,933] {taskinstance.py:655} INFO - Dependencies all met for <TaskInstance: tutorial.templated 2020-07-30T16:04:00+00:00 [queued]>
[2020-07-30 16:05:14,933] {taskinstance.py:866} INFO - 
--------------------------------------------------------------------------------
[2020-07-30 16:05:14,934] {taskinstance.py:867} INFO - Starting attempt 1 of 2
[2020-07-30 16:05:14,934] {taskinstance.py:868} INFO - 
--------------------------------------------------------------------------------
[2020-07-30 16:05:14,971] {taskinstance.py:887} INFO - Executing <Task(BashOperator): templated> on 2020-07-30T16:04:00+00:00
[2020-07-30 16:05:14,982] {standard_task_runner.py:53} INFO - Started process 28357 to run task
[2020-07-30 16:05:15,132] {logging_mixin.py:112} INFO - Running %s on host %s <TaskInstance: tutorial.templated 2020-07-30T16:04:00+00:00 [running]> 02f6ef7ded4c
[2020-07-30 16:05:15,195] {bash_operator.py:82} INFO - Tmp dir root location: 
 /tmp
[2020-07-30 16:05:15,197] {bash_operator.py:105} INFO - Temporary script location: /tmp/airflowtmpz2n_uqqo/templated88iuf1so
[2020-07-30 16:05:15,197] {bash_operator.py:115} INFO - Running command: 

    echo "2020-07-30"
    echo "2020-08-06"
    echo "Parameter I passed in"

    echo "2020-07-30"
    echo "2020-08-06"
    echo "Parameter I passed in"

    echo "2020-07-30"
    echo "2020-08-06"
    echo "Parameter I passed in"

    echo "2020-07-30"
    echo "2020-08-06"
    echo "Parameter I passed in"

    echo "2020-07-30"
    echo "2020-08-06"
    echo "Parameter I passed in"

[2020-07-30 16:05:15,212] {bash_operator.py:122} INFO - Output:
[2020-07-30 16:05:15,214] {bash_operator.py:126} INFO - 2020-07-30
[2020-07-30 16:05:15,214] {bash_operator.py:126} INFO - 2020-08-06
[2020-07-30 16:05:15,215] {bash_operator.py:126} INFO - Parameter I passed in
[2020-07-30 16:05:15,215] {bash_operator.py:126} INFO - 2020-07-30
[2020-07-30 16:05:15,215] {bash_operator.py:126} INFO - 2020-08-06
[2020-07-30 16:05:15,215] {bash_operator.py:126} INFO - Parameter I passed in
[2020-07-30 16:05:15,215] {bash_operator.py:126} INFO - 2020-07-30
[2020-07-30 16:05:15,215] {bash_operator.py:126} INFO - 2020-08-06
[2020-07-30 16:05:15,216] {bash_operator.py:126} INFO - Parameter I passed in
[2020-07-30 16:05:15,216] {bash_operator.py:126} INFO - 2020-07-30
[2020-07-30 16:05:15,216] {bash_operator.py:126} INFO - 2020-08-06
[2020-07-30 16:05:15,216] {bash_operator.py:126} INFO - Parameter I passed in
[2020-07-30 16:05:15,216] {bash_operator.py:126} INFO - 2020-07-30
[2020-07-30 16:05:15,216] {bash_operator.py:126} INFO - 2020-08-06
[2020-07-30 16:05:15,216] {bash_operator.py:126} INFO - Parameter I passed in
[2020-07-30 16:05:15,217] {bash_operator.py:130} INFO - Command exited with return code 0
[2020-07-30 16:05:15,244] {taskinstance.py:1048} INFO - Marking task as SUCCESS.dag_id=tutorial, task_id=templated, execution_date=20200730T160400, start_date=20200730T160514, end_date=20200730T160515
[2020-07-30 16:05:24,815] {logging_mixin.py:112} INFO - [2020-07-30 16:05:24,814] {local_task_job.py:103} INFO - Task exited with return code 0
