[2020-07-31 02:43:13,991] {taskinstance.py:655} INFO - Dependencies all met for <TaskInstance: tutorial.templated 2020-07-31T02:42:00+00:00 [queued]>
[2020-07-31 02:43:14,041] {taskinstance.py:655} INFO - Dependencies all met for <TaskInstance: tutorial.templated 2020-07-31T02:42:00+00:00 [queued]>
[2020-07-31 02:43:14,041] {taskinstance.py:866} INFO - 
--------------------------------------------------------------------------------
[2020-07-31 02:43:14,041] {taskinstance.py:867} INFO - Starting attempt 1 of 2
[2020-07-31 02:43:14,041] {taskinstance.py:868} INFO - 
--------------------------------------------------------------------------------
[2020-07-31 02:43:14,068] {taskinstance.py:887} INFO - Executing <Task(BashOperator): templated> on 2020-07-31T02:42:00+00:00
[2020-07-31 02:43:14,075] {standard_task_runner.py:53} INFO - Started process 10556 to run task
[2020-07-31 02:43:14,217] {logging_mixin.py:112} INFO - Running %s on host %s <TaskInstance: tutorial.templated 2020-07-31T02:42:00+00:00 [running]> 02f6ef7ded4c
[2020-07-31 02:43:14,300] {bash_operator.py:82} INFO - Tmp dir root location: 
 /tmp
[2020-07-31 02:43:14,302] {bash_operator.py:105} INFO - Temporary script location: /tmp/airflowtmpokq79anu/templatedcq5ubapu
[2020-07-31 02:43:14,303] {bash_operator.py:115} INFO - Running command: 

    echo "2020-07-31"
    echo "2020-08-07"
    echo "Parameter I passed in"

    echo "2020-07-31"
    echo "2020-08-07"
    echo "Parameter I passed in"

    echo "2020-07-31"
    echo "2020-08-07"
    echo "Parameter I passed in"

    echo "2020-07-31"
    echo "2020-08-07"
    echo "Parameter I passed in"

    echo "2020-07-31"
    echo "2020-08-07"
    echo "Parameter I passed in"

[2020-07-31 02:43:14,336] {bash_operator.py:122} INFO - Output:
[2020-07-31 02:43:14,342] {bash_operator.py:126} INFO - 2020-07-31
[2020-07-31 02:43:14,343] {bash_operator.py:126} INFO - 2020-08-07
[2020-07-31 02:43:14,343] {bash_operator.py:126} INFO - Parameter I passed in
[2020-07-31 02:43:14,343] {bash_operator.py:126} INFO - 2020-07-31
[2020-07-31 02:43:14,343] {bash_operator.py:126} INFO - 2020-08-07
[2020-07-31 02:43:14,343] {bash_operator.py:126} INFO - Parameter I passed in
[2020-07-31 02:43:14,343] {bash_operator.py:126} INFO - 2020-07-31
[2020-07-31 02:43:14,343] {bash_operator.py:126} INFO - 2020-08-07
[2020-07-31 02:43:14,343] {bash_operator.py:126} INFO - Parameter I passed in
[2020-07-31 02:43:14,344] {bash_operator.py:126} INFO - 2020-07-31
[2020-07-31 02:43:14,344] {bash_operator.py:126} INFO - 2020-08-07
[2020-07-31 02:43:14,344] {bash_operator.py:126} INFO - Parameter I passed in
[2020-07-31 02:43:14,344] {bash_operator.py:126} INFO - 2020-07-31
[2020-07-31 02:43:14,344] {bash_operator.py:126} INFO - 2020-08-07
[2020-07-31 02:43:14,344] {bash_operator.py:126} INFO - Parameter I passed in
[2020-07-31 02:43:14,345] {bash_operator.py:130} INFO - Command exited with return code 0
[2020-07-31 02:43:14,407] {taskinstance.py:1048} INFO - Marking task as SUCCESS.dag_id=tutorial, task_id=templated, execution_date=20200731T024200, start_date=20200731T024313, end_date=20200731T024314
[2020-07-31 02:43:23,951] {logging_mixin.py:112} INFO - [2020-07-31 02:43:23,950] {local_task_job.py:103} INFO - Task exited with return code 0
