[2020-07-31 01:49:09,742] {taskinstance.py:655} INFO - Dependencies all met for <TaskInstance: tutorial.templated 2020-07-31T01:48:00+00:00 [queued]>
[2020-07-31 01:49:09,786] {taskinstance.py:655} INFO - Dependencies all met for <TaskInstance: tutorial.templated 2020-07-31T01:48:00+00:00 [queued]>
[2020-07-31 01:49:09,786] {taskinstance.py:866} INFO - 
--------------------------------------------------------------------------------
[2020-07-31 01:49:09,787] {taskinstance.py:867} INFO - Starting attempt 1 of 2
[2020-07-31 01:49:09,787] {taskinstance.py:868} INFO - 
--------------------------------------------------------------------------------
[2020-07-31 01:49:09,815] {taskinstance.py:887} INFO - Executing <Task(BashOperator): templated> on 2020-07-31T01:48:00+00:00
[2020-07-31 01:49:09,822] {standard_task_runner.py:53} INFO - Started process 6025 to run task
[2020-07-31 01:49:09,974] {logging_mixin.py:112} INFO - Running %s on host %s <TaskInstance: tutorial.templated 2020-07-31T01:48:00+00:00 [running]> 02f6ef7ded4c
[2020-07-31 01:49:10,032] {bash_operator.py:82} INFO - Tmp dir root location: 
 /tmp
[2020-07-31 01:49:10,033] {bash_operator.py:105} INFO - Temporary script location: /tmp/airflowtmpou7h6vnm/templatedur8aw_t4
[2020-07-31 01:49:10,033] {bash_operator.py:115} INFO - Running command: 

    echo "2020-07-31"
    echo "2020-08-07"
    echo "Parameter I passed in"

    echo "2020-07-31"
    echo "2020-08-07"
    echo "Parameter I passed in"

    echo "2020-07-31"
    echo "2020-08-07"
    echo "Parameter I passed in"

    echo "2020-07-31"
    echo "2020-08-07"
    echo "Parameter I passed in"

    echo "2020-07-31"
    echo "2020-08-07"
    echo "Parameter I passed in"

[2020-07-31 01:49:10,047] {bash_operator.py:122} INFO - Output:
[2020-07-31 01:49:10,049] {bash_operator.py:126} INFO - 2020-07-31
[2020-07-31 01:49:10,050] {bash_operator.py:126} INFO - 2020-08-07
[2020-07-31 01:49:10,050] {bash_operator.py:126} INFO - Parameter I passed in
[2020-07-31 01:49:10,050] {bash_operator.py:126} INFO - 2020-07-31
[2020-07-31 01:49:10,050] {bash_operator.py:126} INFO - 2020-08-07
[2020-07-31 01:49:10,050] {bash_operator.py:126} INFO - Parameter I passed in
[2020-07-31 01:49:10,050] {bash_operator.py:126} INFO - 2020-07-31
[2020-07-31 01:49:10,050] {bash_operator.py:126} INFO - 2020-08-07
[2020-07-31 01:49:10,050] {bash_operator.py:126} INFO - Parameter I passed in
[2020-07-31 01:49:10,050] {bash_operator.py:126} INFO - 2020-07-31
[2020-07-31 01:49:10,051] {bash_operator.py:126} INFO - 2020-08-07
[2020-07-31 01:49:10,051] {bash_operator.py:126} INFO - Parameter I passed in
[2020-07-31 01:49:10,051] {bash_operator.py:126} INFO - 2020-07-31
[2020-07-31 01:49:10,051] {bash_operator.py:126} INFO - 2020-08-07
[2020-07-31 01:49:10,051] {bash_operator.py:126} INFO - Parameter I passed in
[2020-07-31 01:49:10,051] {bash_operator.py:130} INFO - Command exited with return code 0
[2020-07-31 01:49:10,076] {taskinstance.py:1048} INFO - Marking task as SUCCESS.dag_id=tutorial, task_id=templated, execution_date=20200731T014800, start_date=20200731T014909, end_date=20200731T014910
[2020-07-31 01:49:19,695] {logging_mixin.py:112} INFO - [2020-07-31 01:49:19,694] {local_task_job.py:103} INFO - Task exited with return code 0
