[2020-07-30 19:17:08,815] {taskinstance.py:655} INFO - Dependencies all met for <TaskInstance: tutorial.templated 2020-07-30T19:16:00+00:00 [queued]>
[2020-07-30 19:17:08,868] {taskinstance.py:655} INFO - Dependencies all met for <TaskInstance: tutorial.templated 2020-07-30T19:16:00+00:00 [queued]>
[2020-07-30 19:17:08,869] {taskinstance.py:866} INFO - 
--------------------------------------------------------------------------------
[2020-07-30 19:17:08,869] {taskinstance.py:867} INFO - Starting attempt 1 of 2
[2020-07-30 19:17:08,869] {taskinstance.py:868} INFO - 
--------------------------------------------------------------------------------
[2020-07-30 19:17:08,899] {taskinstance.py:887} INFO - Executing <Task(BashOperator): templated> on 2020-07-30T19:16:00+00:00
[2020-07-30 19:17:08,905] {standard_task_runner.py:53} INFO - Started process 29876 to run task
[2020-07-30 19:17:09,042] {logging_mixin.py:112} INFO - Running %s on host %s <TaskInstance: tutorial.templated 2020-07-30T19:16:00+00:00 [running]> 02f6ef7ded4c
[2020-07-30 19:17:09,113] {bash_operator.py:82} INFO - Tmp dir root location: 
 /tmp
[2020-07-30 19:17:09,115] {bash_operator.py:105} INFO - Temporary script location: /tmp/airflowtmp3lpf7ub1/templatedk35z3svi
[2020-07-30 19:17:09,115] {bash_operator.py:115} INFO - Running command: 

    echo "2020-07-30"
    echo "2020-08-06"
    echo "Parameter I passed in"

    echo "2020-07-30"
    echo "2020-08-06"
    echo "Parameter I passed in"

    echo "2020-07-30"
    echo "2020-08-06"
    echo "Parameter I passed in"

    echo "2020-07-30"
    echo "2020-08-06"
    echo "Parameter I passed in"

    echo "2020-07-30"
    echo "2020-08-06"
    echo "Parameter I passed in"

[2020-07-30 19:17:09,131] {bash_operator.py:122} INFO - Output:
[2020-07-30 19:17:09,133] {bash_operator.py:126} INFO - 2020-07-30
[2020-07-30 19:17:09,133] {bash_operator.py:126} INFO - 2020-08-06
[2020-07-30 19:17:09,134] {bash_operator.py:126} INFO - Parameter I passed in
[2020-07-30 19:17:09,134] {bash_operator.py:126} INFO - 2020-07-30
[2020-07-30 19:17:09,134] {bash_operator.py:126} INFO - 2020-08-06
[2020-07-30 19:17:09,134] {bash_operator.py:126} INFO - Parameter I passed in
[2020-07-30 19:17:09,134] {bash_operator.py:126} INFO - 2020-07-30
[2020-07-30 19:17:09,134] {bash_operator.py:126} INFO - 2020-08-06
[2020-07-30 19:17:09,134] {bash_operator.py:126} INFO - Parameter I passed in
[2020-07-30 19:17:09,134] {bash_operator.py:126} INFO - 2020-07-30
[2020-07-30 19:17:09,134] {bash_operator.py:126} INFO - 2020-08-06
[2020-07-30 19:17:09,134] {bash_operator.py:126} INFO - Parameter I passed in
[2020-07-30 19:17:09,135] {bash_operator.py:126} INFO - 2020-07-30
[2020-07-30 19:17:09,135] {bash_operator.py:126} INFO - 2020-08-06
[2020-07-30 19:17:09,135] {bash_operator.py:126} INFO - Parameter I passed in
[2020-07-30 19:17:09,135] {bash_operator.py:130} INFO - Command exited with return code 0
[2020-07-30 19:17:09,169] {taskinstance.py:1048} INFO - Marking task as SUCCESS.dag_id=tutorial, task_id=templated, execution_date=20200730T191600, start_date=20200730T191708, end_date=20200730T191709
[2020-07-30 19:17:18,757] {logging_mixin.py:112} INFO - [2020-07-30 19:17:18,757] {local_task_job.py:103} INFO - Task exited with return code 0
