[2020-07-30 15:50:15,845] {taskinstance.py:655} INFO - Dependencies all met for <TaskInstance: tutorial.templated 2020-07-30T15:49:00+00:00 [queued]>
[2020-07-30 15:50:15,896] {taskinstance.py:655} INFO - Dependencies all met for <TaskInstance: tutorial.templated 2020-07-30T15:49:00+00:00 [queued]>
[2020-07-30 15:50:15,896] {taskinstance.py:866} INFO - 
--------------------------------------------------------------------------------
[2020-07-30 15:50:15,896] {taskinstance.py:867} INFO - Starting attempt 1 of 2
[2020-07-30 15:50:15,896] {taskinstance.py:868} INFO - 
--------------------------------------------------------------------------------
[2020-07-30 15:50:15,926] {taskinstance.py:887} INFO - Executing <Task(BashOperator): templated> on 2020-07-30T15:49:00+00:00
[2020-07-30 15:50:15,937] {standard_task_runner.py:53} INFO - Started process 18092 to run task
[2020-07-30 15:50:16,046] {logging_mixin.py:112} INFO - Running %s on host %s <TaskInstance: tutorial.templated 2020-07-30T15:49:00+00:00 [running]> 02f6ef7ded4c
[2020-07-30 15:50:16,104] {bash_operator.py:82} INFO - Tmp dir root location: 
 /tmp
[2020-07-30 15:50:16,106] {bash_operator.py:105} INFO - Temporary script location: /tmp/airflowtmpxxu05xr4/templatedd_r9vyuq
[2020-07-30 15:50:16,106] {bash_operator.py:115} INFO - Running command: 

    echo "2020-07-30"
    echo "2020-08-06"
    echo "Parameter I passed in"

    echo "2020-07-30"
    echo "2020-08-06"
    echo "Parameter I passed in"

    echo "2020-07-30"
    echo "2020-08-06"
    echo "Parameter I passed in"

    echo "2020-07-30"
    echo "2020-08-06"
    echo "Parameter I passed in"

    echo "2020-07-30"
    echo "2020-08-06"
    echo "Parameter I passed in"

[2020-07-30 15:50:16,120] {bash_operator.py:122} INFO - Output:
[2020-07-30 15:50:16,122] {bash_operator.py:126} INFO - 2020-07-30
[2020-07-30 15:50:16,122] {bash_operator.py:126} INFO - 2020-08-06
[2020-07-30 15:50:16,122] {bash_operator.py:126} INFO - Parameter I passed in
[2020-07-30 15:50:16,123] {bash_operator.py:126} INFO - 2020-07-30
[2020-07-30 15:50:16,123] {bash_operator.py:126} INFO - 2020-08-06
[2020-07-30 15:50:16,123] {bash_operator.py:126} INFO - Parameter I passed in
[2020-07-30 15:50:16,123] {bash_operator.py:126} INFO - 2020-07-30
[2020-07-30 15:50:16,123] {bash_operator.py:126} INFO - 2020-08-06
[2020-07-30 15:50:16,123] {bash_operator.py:126} INFO - Parameter I passed in
[2020-07-30 15:50:16,123] {bash_operator.py:126} INFO - 2020-07-30
[2020-07-30 15:50:16,123] {bash_operator.py:126} INFO - 2020-08-06
[2020-07-30 15:50:16,123] {bash_operator.py:126} INFO - Parameter I passed in
[2020-07-30 15:50:16,123] {bash_operator.py:126} INFO - 2020-07-30
[2020-07-30 15:50:16,123] {bash_operator.py:126} INFO - 2020-08-06
[2020-07-30 15:50:16,123] {bash_operator.py:126} INFO - Parameter I passed in
[2020-07-30 15:50:16,124] {bash_operator.py:130} INFO - Command exited with return code 0
[2020-07-30 15:50:16,146] {taskinstance.py:1048} INFO - Marking task as SUCCESS.dag_id=tutorial, task_id=templated, execution_date=20200730T154900, start_date=20200730T155015, end_date=20200730T155016
[2020-07-30 15:50:25,811] {logging_mixin.py:112} INFO - [2020-07-30 15:50:25,810] {local_task_job.py:103} INFO - Task exited with return code 0
