[2020-07-31 01:36:15,040] {taskinstance.py:655} INFO - Dependencies all met for <TaskInstance: tutorial.templated 2020-07-31T01:35:00+00:00 [queued]>
[2020-07-31 01:36:15,099] {taskinstance.py:655} INFO - Dependencies all met for <TaskInstance: tutorial.templated 2020-07-31T01:35:00+00:00 [queued]>
[2020-07-31 01:36:15,099] {taskinstance.py:866} INFO - 
--------------------------------------------------------------------------------
[2020-07-31 01:36:15,100] {taskinstance.py:867} INFO - Starting attempt 1 of 2
[2020-07-31 01:36:15,100] {taskinstance.py:868} INFO - 
--------------------------------------------------------------------------------
[2020-07-31 01:36:15,121] {taskinstance.py:887} INFO - Executing <Task(BashOperator): templated> on 2020-07-31T01:35:00+00:00
[2020-07-31 01:36:15,129] {standard_task_runner.py:53} INFO - Started process 29650 to run task
[2020-07-31 01:36:15,277] {logging_mixin.py:112} INFO - Running %s on host %s <TaskInstance: tutorial.templated 2020-07-31T01:35:00+00:00 [running]> 02f6ef7ded4c
[2020-07-31 01:36:15,345] {bash_operator.py:82} INFO - Tmp dir root location: 
 /tmp
[2020-07-31 01:36:15,346] {bash_operator.py:105} INFO - Temporary script location: /tmp/airflowtmpr8zq09de/templated_sd8ijz_
[2020-07-31 01:36:15,347] {bash_operator.py:115} INFO - Running command: 

    echo "2020-07-31"
    echo "2020-08-07"
    echo "Parameter I passed in"

    echo "2020-07-31"
    echo "2020-08-07"
    echo "Parameter I passed in"

    echo "2020-07-31"
    echo "2020-08-07"
    echo "Parameter I passed in"

    echo "2020-07-31"
    echo "2020-08-07"
    echo "Parameter I passed in"

    echo "2020-07-31"
    echo "2020-08-07"
    echo "Parameter I passed in"

[2020-07-31 01:36:15,363] {bash_operator.py:122} INFO - Output:
[2020-07-31 01:36:15,365] {bash_operator.py:126} INFO - 2020-07-31
[2020-07-31 01:36:15,366] {bash_operator.py:126} INFO - 2020-08-07
[2020-07-31 01:36:15,366] {bash_operator.py:126} INFO - Parameter I passed in
[2020-07-31 01:36:15,366] {bash_operator.py:126} INFO - 2020-07-31
[2020-07-31 01:36:15,366] {bash_operator.py:126} INFO - 2020-08-07
[2020-07-31 01:36:15,366] {bash_operator.py:126} INFO - Parameter I passed in
[2020-07-31 01:36:15,366] {bash_operator.py:126} INFO - 2020-07-31
[2020-07-31 01:36:15,366] {bash_operator.py:126} INFO - 2020-08-07
[2020-07-31 01:36:15,366] {bash_operator.py:126} INFO - Parameter I passed in
[2020-07-31 01:36:15,366] {bash_operator.py:126} INFO - 2020-07-31
[2020-07-31 01:36:15,366] {bash_operator.py:126} INFO - 2020-08-07
[2020-07-31 01:36:15,366] {bash_operator.py:126} INFO - Parameter I passed in
[2020-07-31 01:36:15,366] {bash_operator.py:126} INFO - 2020-07-31
[2020-07-31 01:36:15,366] {bash_operator.py:126} INFO - 2020-08-07
[2020-07-31 01:36:15,367] {bash_operator.py:126} INFO - Parameter I passed in
[2020-07-31 01:36:15,367] {bash_operator.py:130} INFO - Command exited with return code 0
[2020-07-31 01:36:15,393] {taskinstance.py:1048} INFO - Marking task as SUCCESS.dag_id=tutorial, task_id=templated, execution_date=20200731T013500, start_date=20200731T013615, end_date=20200731T013615
[2020-07-31 01:36:24,979] {logging_mixin.py:112} INFO - [2020-07-31 01:36:24,979] {local_task_job.py:103} INFO - Task exited with return code 0
