[2020-07-31 04:01:15,376] {taskinstance.py:655} INFO - Dependencies all met for <TaskInstance: tutorial.templated 2020-07-31T04:00:00+00:00 [queued]>
[2020-07-31 04:01:15,423] {taskinstance.py:655} INFO - Dependencies all met for <TaskInstance: tutorial.templated 2020-07-31T04:00:00+00:00 [queued]>
[2020-07-31 04:01:15,423] {taskinstance.py:866} INFO - 
--------------------------------------------------------------------------------
[2020-07-31 04:01:15,424] {taskinstance.py:867} INFO - Starting attempt 1 of 2
[2020-07-31 04:01:15,424] {taskinstance.py:868} INFO - 
--------------------------------------------------------------------------------
[2020-07-31 04:01:15,454] {taskinstance.py:887} INFO - Executing <Task(BashOperator): templated> on 2020-07-31T04:00:00+00:00
[2020-07-31 04:01:15,461] {standard_task_runner.py:53} INFO - Started process 31494 to run task
[2020-07-31 04:01:15,595] {logging_mixin.py:112} INFO - Running %s on host %s <TaskInstance: tutorial.templated 2020-07-31T04:00:00+00:00 [running]> 02f6ef7ded4c
[2020-07-31 04:01:15,658] {bash_operator.py:82} INFO - Tmp dir root location: 
 /tmp
[2020-07-31 04:01:15,660] {bash_operator.py:105} INFO - Temporary script location: /tmp/airflowtmpijkod7q2/templatedzo_70iok
[2020-07-31 04:01:15,660] {bash_operator.py:115} INFO - Running command: 

    echo "2020-07-31"
    echo "2020-08-07"
    echo "Parameter I passed in"

    echo "2020-07-31"
    echo "2020-08-07"
    echo "Parameter I passed in"

    echo "2020-07-31"
    echo "2020-08-07"
    echo "Parameter I passed in"

    echo "2020-07-31"
    echo "2020-08-07"
    echo "Parameter I passed in"

    echo "2020-07-31"
    echo "2020-08-07"
    echo "Parameter I passed in"

[2020-07-31 04:01:15,680] {bash_operator.py:122} INFO - Output:
[2020-07-31 04:01:15,684] {bash_operator.py:126} INFO - 2020-07-31
[2020-07-31 04:01:15,684] {bash_operator.py:126} INFO - 2020-08-07
[2020-07-31 04:01:15,685] {bash_operator.py:126} INFO - Parameter I passed in
[2020-07-31 04:01:15,685] {bash_operator.py:126} INFO - 2020-07-31
[2020-07-31 04:01:15,685] {bash_operator.py:126} INFO - 2020-08-07
[2020-07-31 04:01:15,685] {bash_operator.py:126} INFO - Parameter I passed in
[2020-07-31 04:01:15,685] {bash_operator.py:126} INFO - 2020-07-31
[2020-07-31 04:01:15,686] {bash_operator.py:126} INFO - 2020-08-07
[2020-07-31 04:01:15,686] {bash_operator.py:126} INFO - Parameter I passed in
[2020-07-31 04:01:15,686] {bash_operator.py:126} INFO - 2020-07-31
[2020-07-31 04:01:15,686] {bash_operator.py:126} INFO - 2020-08-07
[2020-07-31 04:01:15,686] {bash_operator.py:126} INFO - Parameter I passed in
[2020-07-31 04:01:15,687] {bash_operator.py:126} INFO - 2020-07-31
[2020-07-31 04:01:15,687] {bash_operator.py:126} INFO - 2020-08-07
[2020-07-31 04:01:15,687] {bash_operator.py:126} INFO - Parameter I passed in
[2020-07-31 04:01:15,687] {bash_operator.py:130} INFO - Command exited with return code 0
[2020-07-31 04:01:15,721] {taskinstance.py:1048} INFO - Marking task as SUCCESS.dag_id=tutorial, task_id=templated, execution_date=20200731T040000, start_date=20200731T040115, end_date=20200731T040115
[2020-07-31 04:01:25,323] {logging_mixin.py:112} INFO - [2020-07-31 04:01:25,322] {local_task_job.py:103} INFO - Task exited with return code 0
