[2020-07-31 02:10:13,618] {taskinstance.py:655} INFO - Dependencies all met for <TaskInstance: tutorial.templated 2020-07-31T02:09:00+00:00 [queued]>
[2020-07-31 02:10:13,661] {taskinstance.py:655} INFO - Dependencies all met for <TaskInstance: tutorial.templated 2020-07-31T02:09:00+00:00 [queued]>
[2020-07-31 02:10:13,661] {taskinstance.py:866} INFO - 
--------------------------------------------------------------------------------
[2020-07-31 02:10:13,662] {taskinstance.py:867} INFO - Starting attempt 1 of 2
[2020-07-31 02:10:13,662] {taskinstance.py:868} INFO - 
--------------------------------------------------------------------------------
[2020-07-31 02:10:13,690] {taskinstance.py:887} INFO - Executing <Task(BashOperator): templated> on 2020-07-31T02:09:00+00:00
[2020-07-31 02:10:13,696] {standard_task_runner.py:53} INFO - Started process 20441 to run task
[2020-07-31 02:10:13,812] {logging_mixin.py:112} INFO - Running %s on host %s <TaskInstance: tutorial.templated 2020-07-31T02:09:00+00:00 [running]> 02f6ef7ded4c
[2020-07-31 02:10:13,869] {bash_operator.py:82} INFO - Tmp dir root location: 
 /tmp
[2020-07-31 02:10:13,871] {bash_operator.py:105} INFO - Temporary script location: /tmp/airflowtmpc4cdi2xa/templatedoj2k8adr
[2020-07-31 02:10:13,871] {bash_operator.py:115} INFO - Running command: 

    echo "2020-07-31"
    echo "2020-08-07"
    echo "Parameter I passed in"

    echo "2020-07-31"
    echo "2020-08-07"
    echo "Parameter I passed in"

    echo "2020-07-31"
    echo "2020-08-07"
    echo "Parameter I passed in"

    echo "2020-07-31"
    echo "2020-08-07"
    echo "Parameter I passed in"

    echo "2020-07-31"
    echo "2020-08-07"
    echo "Parameter I passed in"

[2020-07-31 02:10:13,889] {bash_operator.py:122} INFO - Output:
[2020-07-31 02:10:13,892] {bash_operator.py:126} INFO - 2020-07-31
[2020-07-31 02:10:13,893] {bash_operator.py:126} INFO - 2020-08-07
[2020-07-31 02:10:13,893] {bash_operator.py:126} INFO - Parameter I passed in
[2020-07-31 02:10:13,893] {bash_operator.py:126} INFO - 2020-07-31
[2020-07-31 02:10:13,893] {bash_operator.py:126} INFO - 2020-08-07
[2020-07-31 02:10:13,893] {bash_operator.py:126} INFO - Parameter I passed in
[2020-07-31 02:10:13,893] {bash_operator.py:126} INFO - 2020-07-31
[2020-07-31 02:10:13,893] {bash_operator.py:126} INFO - 2020-08-07
[2020-07-31 02:10:13,893] {bash_operator.py:126} INFO - Parameter I passed in
[2020-07-31 02:10:13,893] {bash_operator.py:126} INFO - 2020-07-31
[2020-07-31 02:10:13,893] {bash_operator.py:126} INFO - 2020-08-07
[2020-07-31 02:10:13,893] {bash_operator.py:126} INFO - Parameter I passed in
[2020-07-31 02:10:13,893] {bash_operator.py:126} INFO - 2020-07-31
[2020-07-31 02:10:13,893] {bash_operator.py:126} INFO - 2020-08-07
[2020-07-31 02:10:13,893] {bash_operator.py:126} INFO - Parameter I passed in
[2020-07-31 02:10:13,894] {bash_operator.py:130} INFO - Command exited with return code 0
[2020-07-31 02:10:13,920] {taskinstance.py:1048} INFO - Marking task as SUCCESS.dag_id=tutorial, task_id=templated, execution_date=20200731T020900, start_date=20200731T021013, end_date=20200731T021013
[2020-07-31 02:10:23,577] {logging_mixin.py:112} INFO - [2020-07-31 02:10:23,577] {local_task_job.py:103} INFO - Task exited with return code 0
