[2020-07-30 15:48:13,744] {taskinstance.py:655} INFO - Dependencies all met for <TaskInstance: tutorial.templated 2020-07-30T15:47:00+00:00 [queued]>
[2020-07-30 15:48:13,809] {taskinstance.py:655} INFO - Dependencies all met for <TaskInstance: tutorial.templated 2020-07-30T15:47:00+00:00 [queued]>
[2020-07-30 15:48:13,810] {taskinstance.py:866} INFO - 
--------------------------------------------------------------------------------
[2020-07-30 15:48:13,810] {taskinstance.py:867} INFO - Starting attempt 1 of 2
[2020-07-30 15:48:13,810] {taskinstance.py:868} INFO - 
--------------------------------------------------------------------------------
[2020-07-30 15:48:13,850] {taskinstance.py:887} INFO - Executing <Task(BashOperator): templated> on 2020-07-30T15:47:00+00:00
[2020-07-30 15:48:13,860] {standard_task_runner.py:53} INFO - Started process 16701 to run task
[2020-07-30 15:48:13,988] {logging_mixin.py:112} INFO - Running %s on host %s <TaskInstance: tutorial.templated 2020-07-30T15:47:00+00:00 [running]> 02f6ef7ded4c
[2020-07-30 15:48:14,052] {bash_operator.py:82} INFO - Tmp dir root location: 
 /tmp
[2020-07-30 15:48:14,054] {bash_operator.py:105} INFO - Temporary script location: /tmp/airflowtmp4_eqljun/templateds5cly51n
[2020-07-30 15:48:14,054] {bash_operator.py:115} INFO - Running command: 

    echo "2020-07-30"
    echo "2020-08-06"
    echo "Parameter I passed in"

    echo "2020-07-30"
    echo "2020-08-06"
    echo "Parameter I passed in"

    echo "2020-07-30"
    echo "2020-08-06"
    echo "Parameter I passed in"

    echo "2020-07-30"
    echo "2020-08-06"
    echo "Parameter I passed in"

    echo "2020-07-30"
    echo "2020-08-06"
    echo "Parameter I passed in"

[2020-07-30 15:48:14,070] {bash_operator.py:122} INFO - Output:
[2020-07-30 15:48:14,073] {bash_operator.py:126} INFO - 2020-07-30
[2020-07-30 15:48:14,073] {bash_operator.py:126} INFO - 2020-08-06
[2020-07-30 15:48:14,073] {bash_operator.py:126} INFO - Parameter I passed in
[2020-07-30 15:48:14,073] {bash_operator.py:126} INFO - 2020-07-30
[2020-07-30 15:48:14,074] {bash_operator.py:126} INFO - 2020-08-06
[2020-07-30 15:48:14,074] {bash_operator.py:126} INFO - Parameter I passed in
[2020-07-30 15:48:14,074] {bash_operator.py:126} INFO - 2020-07-30
[2020-07-30 15:48:14,074] {bash_operator.py:126} INFO - 2020-08-06
[2020-07-30 15:48:14,074] {bash_operator.py:126} INFO - Parameter I passed in
[2020-07-30 15:48:14,074] {bash_operator.py:126} INFO - 2020-07-30
[2020-07-30 15:48:14,074] {bash_operator.py:126} INFO - 2020-08-06
[2020-07-30 15:48:14,074] {bash_operator.py:126} INFO - Parameter I passed in
[2020-07-30 15:48:14,074] {bash_operator.py:126} INFO - 2020-07-30
[2020-07-30 15:48:14,074] {bash_operator.py:126} INFO - 2020-08-06
[2020-07-30 15:48:14,075] {bash_operator.py:126} INFO - Parameter I passed in
[2020-07-30 15:48:14,075] {bash_operator.py:130} INFO - Command exited with return code 0
[2020-07-30 15:48:14,105] {taskinstance.py:1048} INFO - Marking task as SUCCESS.dag_id=tutorial, task_id=templated, execution_date=20200730T154700, start_date=20200730T154813, end_date=20200730T154814
[2020-07-30 15:48:23,681] {logging_mixin.py:112} INFO - [2020-07-30 15:48:23,680] {local_task_job.py:103} INFO - Task exited with return code 0
