[2020-07-30 23:24:15,762] {taskinstance.py:655} INFO - Dependencies all met for <TaskInstance: tutorial.templated 2020-07-30T23:23:00+00:00 [queued]>
[2020-07-30 23:24:15,829] {taskinstance.py:655} INFO - Dependencies all met for <TaskInstance: tutorial.templated 2020-07-30T23:23:00+00:00 [queued]>
[2020-07-30 23:24:15,830] {taskinstance.py:866} INFO - 
--------------------------------------------------------------------------------
[2020-07-30 23:24:15,830] {taskinstance.py:867} INFO - Starting attempt 1 of 2
[2020-07-30 23:24:15,830] {taskinstance.py:868} INFO - 
--------------------------------------------------------------------------------
[2020-07-30 23:24:15,861] {taskinstance.py:887} INFO - Executing <Task(BashOperator): templated> on 2020-07-30T23:23:00+00:00
[2020-07-30 23:24:15,867] {standard_task_runner.py:53} INFO - Started process 4232 to run task
[2020-07-30 23:24:15,992] {logging_mixin.py:112} INFO - Running %s on host %s <TaskInstance: tutorial.templated 2020-07-30T23:23:00+00:00 [running]> 02f6ef7ded4c
[2020-07-30 23:24:16,048] {bash_operator.py:82} INFO - Tmp dir root location: 
 /tmp
[2020-07-30 23:24:16,050] {bash_operator.py:105} INFO - Temporary script location: /tmp/airflowtmpsnjvfwog/templatedcz_p96o8
[2020-07-30 23:24:16,050] {bash_operator.py:115} INFO - Running command: 

    echo "2020-07-30"
    echo "2020-08-06"
    echo "Parameter I passed in"

    echo "2020-07-30"
    echo "2020-08-06"
    echo "Parameter I passed in"

    echo "2020-07-30"
    echo "2020-08-06"
    echo "Parameter I passed in"

    echo "2020-07-30"
    echo "2020-08-06"
    echo "Parameter I passed in"

    echo "2020-07-30"
    echo "2020-08-06"
    echo "Parameter I passed in"

[2020-07-30 23:24:16,065] {bash_operator.py:122} INFO - Output:
[2020-07-30 23:24:16,067] {bash_operator.py:126} INFO - 2020-07-30
[2020-07-30 23:24:16,067] {bash_operator.py:126} INFO - 2020-08-06
[2020-07-30 23:24:16,067] {bash_operator.py:126} INFO - Parameter I passed in
[2020-07-30 23:24:16,067] {bash_operator.py:126} INFO - 2020-07-30
[2020-07-30 23:24:16,067] {bash_operator.py:126} INFO - 2020-08-06
[2020-07-30 23:24:16,067] {bash_operator.py:126} INFO - Parameter I passed in
[2020-07-30 23:24:16,067] {bash_operator.py:126} INFO - 2020-07-30
[2020-07-30 23:24:16,068] {bash_operator.py:126} INFO - 2020-08-06
[2020-07-30 23:24:16,068] {bash_operator.py:126} INFO - Parameter I passed in
[2020-07-30 23:24:16,068] {bash_operator.py:126} INFO - 2020-07-30
[2020-07-30 23:24:16,068] {bash_operator.py:126} INFO - 2020-08-06
[2020-07-30 23:24:16,068] {bash_operator.py:126} INFO - Parameter I passed in
[2020-07-30 23:24:16,068] {bash_operator.py:126} INFO - 2020-07-30
[2020-07-30 23:24:16,068] {bash_operator.py:126} INFO - 2020-08-06
[2020-07-30 23:24:16,068] {bash_operator.py:126} INFO - Parameter I passed in
[2020-07-30 23:24:16,068] {bash_operator.py:130} INFO - Command exited with return code 0
[2020-07-30 23:24:16,096] {taskinstance.py:1048} INFO - Marking task as SUCCESS.dag_id=tutorial, task_id=templated, execution_date=20200730T232300, start_date=20200730T232415, end_date=20200730T232416
[2020-07-30 23:24:25,707] {logging_mixin.py:112} INFO - [2020-07-30 23:24:25,706] {local_task_job.py:103} INFO - Task exited with return code 0
