[2020-07-31 05:17:08,660] {taskinstance.py:655} INFO - Dependencies all met for <TaskInstance: tutorial.templated 2020-07-31T05:16:00+00:00 [queued]>
[2020-07-31 05:17:08,701] {taskinstance.py:655} INFO - Dependencies all met for <TaskInstance: tutorial.templated 2020-07-31T05:16:00+00:00 [queued]>
[2020-07-31 05:17:08,702] {taskinstance.py:866} INFO - 
--------------------------------------------------------------------------------
[2020-07-31 05:17:08,702] {taskinstance.py:867} INFO - Starting attempt 1 of 2
[2020-07-31 05:17:08,702] {taskinstance.py:868} INFO - 
--------------------------------------------------------------------------------
[2020-07-31 05:17:08,728] {taskinstance.py:887} INFO - Executing <Task(BashOperator): templated> on 2020-07-31T05:16:00+00:00
[2020-07-31 05:17:08,734] {standard_task_runner.py:53} INFO - Started process 18518 to run task
[2020-07-31 05:17:08,860] {logging_mixin.py:112} INFO - Running %s on host %s <TaskInstance: tutorial.templated 2020-07-31T05:16:00+00:00 [running]> 02f6ef7ded4c
[2020-07-31 05:17:08,936] {bash_operator.py:82} INFO - Tmp dir root location: 
 /tmp
[2020-07-31 05:17:08,938] {bash_operator.py:105} INFO - Temporary script location: /tmp/airflowtmp_h2o24xh/templatedap8ishtu
[2020-07-31 05:17:08,938] {bash_operator.py:115} INFO - Running command: 

    echo "2020-07-31"
    echo "2020-08-07"
    echo "Parameter I passed in"

    echo "2020-07-31"
    echo "2020-08-07"
    echo "Parameter I passed in"

    echo "2020-07-31"
    echo "2020-08-07"
    echo "Parameter I passed in"

    echo "2020-07-31"
    echo "2020-08-07"
    echo "Parameter I passed in"

    echo "2020-07-31"
    echo "2020-08-07"
    echo "Parameter I passed in"

[2020-07-31 05:17:08,954] {bash_operator.py:122} INFO - Output:
[2020-07-31 05:17:08,956] {bash_operator.py:126} INFO - 2020-07-31
[2020-07-31 05:17:08,956] {bash_operator.py:126} INFO - 2020-08-07
[2020-07-31 05:17:08,957] {bash_operator.py:126} INFO - Parameter I passed in
[2020-07-31 05:17:08,957] {bash_operator.py:126} INFO - 2020-07-31
[2020-07-31 05:17:08,957] {bash_operator.py:126} INFO - 2020-08-07
[2020-07-31 05:17:08,957] {bash_operator.py:126} INFO - Parameter I passed in
[2020-07-31 05:17:08,957] {bash_operator.py:126} INFO - 2020-07-31
[2020-07-31 05:17:08,957] {bash_operator.py:126} INFO - 2020-08-07
[2020-07-31 05:17:08,958] {bash_operator.py:126} INFO - Parameter I passed in
[2020-07-31 05:17:08,958] {bash_operator.py:126} INFO - 2020-07-31
[2020-07-31 05:17:08,958] {bash_operator.py:126} INFO - 2020-08-07
[2020-07-31 05:17:08,958] {bash_operator.py:126} INFO - Parameter I passed in
[2020-07-31 05:17:08,958] {bash_operator.py:126} INFO - 2020-07-31
[2020-07-31 05:17:08,959] {bash_operator.py:126} INFO - 2020-08-07
[2020-07-31 05:17:08,959] {bash_operator.py:126} INFO - Parameter I passed in
[2020-07-31 05:17:08,959] {bash_operator.py:130} INFO - Command exited with return code 0
[2020-07-31 05:17:08,995] {taskinstance.py:1048} INFO - Marking task as SUCCESS.dag_id=tutorial, task_id=templated, execution_date=20200731T051600, start_date=20200731T051708, end_date=20200731T051708
[2020-07-31 05:17:18,607] {logging_mixin.py:112} INFO - [2020-07-31 05:17:18,606] {local_task_job.py:103} INFO - Task exited with return code 0
