[2020-07-31 03:48:14,547] {taskinstance.py:655} INFO - Dependencies all met for <TaskInstance: tutorial.templated 2020-07-31T03:47:00+00:00 [queued]>
[2020-07-31 03:48:14,612] {taskinstance.py:655} INFO - Dependencies all met for <TaskInstance: tutorial.templated 2020-07-31T03:47:00+00:00 [queued]>
[2020-07-31 03:48:14,613] {taskinstance.py:866} INFO - 
--------------------------------------------------------------------------------
[2020-07-31 03:48:14,613] {taskinstance.py:867} INFO - Starting attempt 1 of 2
[2020-07-31 03:48:14,613] {taskinstance.py:868} INFO - 
--------------------------------------------------------------------------------
[2020-07-31 03:48:14,631] {taskinstance.py:887} INFO - Executing <Task(BashOperator): templated> on 2020-07-31T03:47:00+00:00
[2020-07-31 03:48:14,638] {standard_task_runner.py:53} INFO - Started process 22581 to run task
[2020-07-31 03:48:14,766] {logging_mixin.py:112} INFO - Running %s on host %s <TaskInstance: tutorial.templated 2020-07-31T03:47:00+00:00 [running]> 02f6ef7ded4c
[2020-07-31 03:48:14,832] {bash_operator.py:82} INFO - Tmp dir root location: 
 /tmp
[2020-07-31 03:48:14,834] {bash_operator.py:105} INFO - Temporary script location: /tmp/airflowtmpe0qvi9g0/templated2lfkwnk5
[2020-07-31 03:48:14,835] {bash_operator.py:115} INFO - Running command: 

    echo "2020-07-31"
    echo "2020-08-07"
    echo "Parameter I passed in"

    echo "2020-07-31"
    echo "2020-08-07"
    echo "Parameter I passed in"

    echo "2020-07-31"
    echo "2020-08-07"
    echo "Parameter I passed in"

    echo "2020-07-31"
    echo "2020-08-07"
    echo "Parameter I passed in"

    echo "2020-07-31"
    echo "2020-08-07"
    echo "Parameter I passed in"

[2020-07-31 03:48:14,856] {bash_operator.py:122} INFO - Output:
[2020-07-31 03:48:14,858] {bash_operator.py:126} INFO - 2020-07-31
[2020-07-31 03:48:14,859] {bash_operator.py:126} INFO - 2020-08-07
[2020-07-31 03:48:14,859] {bash_operator.py:126} INFO - Parameter I passed in
[2020-07-31 03:48:14,859] {bash_operator.py:126} INFO - 2020-07-31
[2020-07-31 03:48:14,859] {bash_operator.py:126} INFO - 2020-08-07
[2020-07-31 03:48:14,859] {bash_operator.py:126} INFO - Parameter I passed in
[2020-07-31 03:48:14,859] {bash_operator.py:126} INFO - 2020-07-31
[2020-07-31 03:48:14,859] {bash_operator.py:126} INFO - 2020-08-07
[2020-07-31 03:48:14,860] {bash_operator.py:126} INFO - Parameter I passed in
[2020-07-31 03:48:14,860] {bash_operator.py:126} INFO - 2020-07-31
[2020-07-31 03:48:14,860] {bash_operator.py:126} INFO - 2020-08-07
[2020-07-31 03:48:14,860] {bash_operator.py:126} INFO - Parameter I passed in
[2020-07-31 03:48:14,860] {bash_operator.py:126} INFO - 2020-07-31
[2020-07-31 03:48:14,860] {bash_operator.py:126} INFO - 2020-08-07
[2020-07-31 03:48:14,861] {bash_operator.py:126} INFO - Parameter I passed in
[2020-07-31 03:48:14,861] {bash_operator.py:130} INFO - Command exited with return code 0
[2020-07-31 03:48:14,890] {taskinstance.py:1048} INFO - Marking task as SUCCESS.dag_id=tutorial, task_id=templated, execution_date=20200731T034700, start_date=20200731T034814, end_date=20200731T034814
[2020-07-31 03:48:24,491] {logging_mixin.py:112} INFO - [2020-07-31 03:48:24,490] {local_task_job.py:103} INFO - Task exited with return code 0
