[2020-07-30 15:52:14,093] {taskinstance.py:655} INFO - Dependencies all met for <TaskInstance: tutorial.templated 2020-07-30T15:51:00+00:00 [queued]>
[2020-07-30 15:52:14,148] {taskinstance.py:655} INFO - Dependencies all met for <TaskInstance: tutorial.templated 2020-07-30T15:51:00+00:00 [queued]>
[2020-07-30 15:52:14,148] {taskinstance.py:866} INFO - 
--------------------------------------------------------------------------------
[2020-07-30 15:52:14,148] {taskinstance.py:867} INFO - Starting attempt 1 of 2
[2020-07-30 15:52:14,148] {taskinstance.py:868} INFO - 
--------------------------------------------------------------------------------
[2020-07-30 15:52:14,175] {taskinstance.py:887} INFO - Executing <Task(BashOperator): templated> on 2020-07-30T15:51:00+00:00
[2020-07-30 15:52:14,184] {standard_task_runner.py:53} INFO - Started process 19449 to run task
[2020-07-30 15:52:14,309] {logging_mixin.py:112} INFO - Running %s on host %s <TaskInstance: tutorial.templated 2020-07-30T15:51:00+00:00 [running]> 02f6ef7ded4c
[2020-07-30 15:52:14,368] {bash_operator.py:82} INFO - Tmp dir root location: 
 /tmp
[2020-07-30 15:52:14,370] {bash_operator.py:105} INFO - Temporary script location: /tmp/airflowtmp81ryv30_/templatedg6o5ozjo
[2020-07-30 15:52:14,370] {bash_operator.py:115} INFO - Running command: 

    echo "2020-07-30"
    echo "2020-08-06"
    echo "Parameter I passed in"

    echo "2020-07-30"
    echo "2020-08-06"
    echo "Parameter I passed in"

    echo "2020-07-30"
    echo "2020-08-06"
    echo "Parameter I passed in"

    echo "2020-07-30"
    echo "2020-08-06"
    echo "Parameter I passed in"

    echo "2020-07-30"
    echo "2020-08-06"
    echo "Parameter I passed in"

[2020-07-30 15:52:14,402] {bash_operator.py:122} INFO - Output:
[2020-07-30 15:52:14,404] {bash_operator.py:126} INFO - 2020-07-30
[2020-07-30 15:52:14,404] {bash_operator.py:126} INFO - 2020-08-06
[2020-07-30 15:52:14,404] {bash_operator.py:126} INFO - Parameter I passed in
[2020-07-30 15:52:14,405] {bash_operator.py:126} INFO - 2020-07-30
[2020-07-30 15:52:14,405] {bash_operator.py:126} INFO - 2020-08-06
[2020-07-30 15:52:14,405] {bash_operator.py:126} INFO - Parameter I passed in
[2020-07-30 15:52:14,405] {bash_operator.py:126} INFO - 2020-07-30
[2020-07-30 15:52:14,405] {bash_operator.py:126} INFO - 2020-08-06
[2020-07-30 15:52:14,405] {bash_operator.py:126} INFO - Parameter I passed in
[2020-07-30 15:52:14,405] {bash_operator.py:126} INFO - 2020-07-30
[2020-07-30 15:52:14,405] {bash_operator.py:126} INFO - 2020-08-06
[2020-07-30 15:52:14,405] {bash_operator.py:126} INFO - Parameter I passed in
[2020-07-30 15:52:14,405] {bash_operator.py:126} INFO - 2020-07-30
[2020-07-30 15:52:14,405] {bash_operator.py:126} INFO - 2020-08-06
[2020-07-30 15:52:14,405] {bash_operator.py:126} INFO - Parameter I passed in
[2020-07-30 15:52:14,405] {bash_operator.py:130} INFO - Command exited with return code 0
[2020-07-30 15:52:14,440] {taskinstance.py:1048} INFO - Marking task as SUCCESS.dag_id=tutorial, task_id=templated, execution_date=20200730T155100, start_date=20200730T155214, end_date=20200730T155214
[2020-07-30 15:52:24,049] {logging_mixin.py:112} INFO - [2020-07-30 15:52:24,048] {local_task_job.py:103} INFO - Task exited with return code 0
