[2020-07-30 16:24:14,389] {taskinstance.py:655} INFO - Dependencies all met for <TaskInstance: tutorial.templated 2020-07-30T16:23:00+00:00 [queued]>
[2020-07-30 16:24:14,438] {taskinstance.py:655} INFO - Dependencies all met for <TaskInstance: tutorial.templated 2020-07-30T16:23:00+00:00 [queued]>
[2020-07-30 16:24:14,438] {taskinstance.py:866} INFO - 
--------------------------------------------------------------------------------
[2020-07-30 16:24:14,439] {taskinstance.py:867} INFO - Starting attempt 1 of 2
[2020-07-30 16:24:14,439] {taskinstance.py:868} INFO - 
--------------------------------------------------------------------------------
[2020-07-30 16:24:14,462] {taskinstance.py:887} INFO - Executing <Task(BashOperator): templated> on 2020-07-30T16:23:00+00:00
[2020-07-30 16:24:14,469] {standard_task_runner.py:53} INFO - Started process 8887 to run task
[2020-07-30 16:24:14,597] {logging_mixin.py:112} INFO - Running %s on host %s <TaskInstance: tutorial.templated 2020-07-30T16:23:00+00:00 [running]> 02f6ef7ded4c
[2020-07-30 16:24:14,658] {bash_operator.py:82} INFO - Tmp dir root location: 
 /tmp
[2020-07-30 16:24:14,660] {bash_operator.py:105} INFO - Temporary script location: /tmp/airflowtmppv94v5x7/templatedmuxn32n8
[2020-07-30 16:24:14,660] {bash_operator.py:115} INFO - Running command: 

    echo "2020-07-30"
    echo "2020-08-06"
    echo "Parameter I passed in"

    echo "2020-07-30"
    echo "2020-08-06"
    echo "Parameter I passed in"

    echo "2020-07-30"
    echo "2020-08-06"
    echo "Parameter I passed in"

    echo "2020-07-30"
    echo "2020-08-06"
    echo "Parameter I passed in"

    echo "2020-07-30"
    echo "2020-08-06"
    echo "Parameter I passed in"

[2020-07-30 16:24:14,677] {bash_operator.py:122} INFO - Output:
[2020-07-30 16:24:14,680] {bash_operator.py:126} INFO - 2020-07-30
[2020-07-30 16:24:14,681] {bash_operator.py:126} INFO - 2020-08-06
[2020-07-30 16:24:14,681] {bash_operator.py:126} INFO - Parameter I passed in
[2020-07-30 16:24:14,681] {bash_operator.py:126} INFO - 2020-07-30
[2020-07-30 16:24:14,681] {bash_operator.py:126} INFO - 2020-08-06
[2020-07-30 16:24:14,681] {bash_operator.py:126} INFO - Parameter I passed in
[2020-07-30 16:24:14,681] {bash_operator.py:126} INFO - 2020-07-30
[2020-07-30 16:24:14,681] {bash_operator.py:126} INFO - 2020-08-06
[2020-07-30 16:24:14,681] {bash_operator.py:126} INFO - Parameter I passed in
[2020-07-30 16:24:14,681] {bash_operator.py:126} INFO - 2020-07-30
[2020-07-30 16:24:14,681] {bash_operator.py:126} INFO - 2020-08-06
[2020-07-30 16:24:14,681] {bash_operator.py:126} INFO - Parameter I passed in
[2020-07-30 16:24:14,681] {bash_operator.py:126} INFO - 2020-07-30
[2020-07-30 16:24:14,681] {bash_operator.py:126} INFO - 2020-08-06
[2020-07-30 16:24:14,681] {bash_operator.py:126} INFO - Parameter I passed in
[2020-07-30 16:24:14,682] {bash_operator.py:130} INFO - Command exited with return code 0
[2020-07-30 16:24:14,712] {taskinstance.py:1048} INFO - Marking task as SUCCESS.dag_id=tutorial, task_id=templated, execution_date=20200730T162300, start_date=20200730T162414, end_date=20200730T162414
[2020-07-30 16:24:24,343] {logging_mixin.py:112} INFO - [2020-07-30 16:24:24,342] {local_task_job.py:103} INFO - Task exited with return code 0
