[2020-07-30 19:55:13,446] {taskinstance.py:655} INFO - Dependencies all met for <TaskInstance: tutorial.templated 2020-07-30T19:54:00+00:00 [queued]>
[2020-07-30 19:55:13,489] {taskinstance.py:655} INFO - Dependencies all met for <TaskInstance: tutorial.templated 2020-07-30T19:54:00+00:00 [queued]>
[2020-07-30 19:55:13,489] {taskinstance.py:866} INFO - 
--------------------------------------------------------------------------------
[2020-07-30 19:55:13,489] {taskinstance.py:867} INFO - Starting attempt 1 of 2
[2020-07-30 19:55:13,489] {taskinstance.py:868} INFO - 
--------------------------------------------------------------------------------
[2020-07-30 19:55:13,529] {taskinstance.py:887} INFO - Executing <Task(BashOperator): templated> on 2020-07-30T19:54:00+00:00
[2020-07-30 19:55:13,537] {standard_task_runner.py:53} INFO - Started process 23478 to run task
[2020-07-30 19:55:13,685] {logging_mixin.py:112} INFO - Running %s on host %s <TaskInstance: tutorial.templated 2020-07-30T19:54:00+00:00 [running]> 02f6ef7ded4c
[2020-07-30 19:55:13,757] {bash_operator.py:82} INFO - Tmp dir root location: 
 /tmp
[2020-07-30 19:55:13,759] {bash_operator.py:105} INFO - Temporary script location: /tmp/airflowtmpk83lebf1/templated2tmuuyvz
[2020-07-30 19:55:13,759] {bash_operator.py:115} INFO - Running command: 

    echo "2020-07-30"
    echo "2020-08-06"
    echo "Parameter I passed in"

    echo "2020-07-30"
    echo "2020-08-06"
    echo "Parameter I passed in"

    echo "2020-07-30"
    echo "2020-08-06"
    echo "Parameter I passed in"

    echo "2020-07-30"
    echo "2020-08-06"
    echo "Parameter I passed in"

    echo "2020-07-30"
    echo "2020-08-06"
    echo "Parameter I passed in"

[2020-07-30 19:55:13,779] {bash_operator.py:122} INFO - Output:
[2020-07-30 19:55:13,782] {bash_operator.py:126} INFO - 2020-07-30
[2020-07-30 19:55:13,782] {bash_operator.py:126} INFO - 2020-08-06
[2020-07-30 19:55:13,782] {bash_operator.py:126} INFO - Parameter I passed in
[2020-07-30 19:55:13,782] {bash_operator.py:126} INFO - 2020-07-30
[2020-07-30 19:55:13,782] {bash_operator.py:126} INFO - 2020-08-06
[2020-07-30 19:55:13,782] {bash_operator.py:126} INFO - Parameter I passed in
[2020-07-30 19:55:13,782] {bash_operator.py:126} INFO - 2020-07-30
[2020-07-30 19:55:13,782] {bash_operator.py:126} INFO - 2020-08-06
[2020-07-30 19:55:13,783] {bash_operator.py:126} INFO - Parameter I passed in
[2020-07-30 19:55:13,783] {bash_operator.py:126} INFO - 2020-07-30
[2020-07-30 19:55:13,783] {bash_operator.py:126} INFO - 2020-08-06
[2020-07-30 19:55:13,783] {bash_operator.py:126} INFO - Parameter I passed in
[2020-07-30 19:55:13,783] {bash_operator.py:126} INFO - 2020-07-30
[2020-07-30 19:55:13,783] {bash_operator.py:126} INFO - 2020-08-06
[2020-07-30 19:55:13,783] {bash_operator.py:126} INFO - Parameter I passed in
[2020-07-30 19:55:13,783] {bash_operator.py:130} INFO - Command exited with return code 0
[2020-07-30 19:55:13,813] {taskinstance.py:1048} INFO - Marking task as SUCCESS.dag_id=tutorial, task_id=templated, execution_date=20200730T195400, start_date=20200730T195513, end_date=20200730T195513
[2020-07-30 19:55:23,403] {logging_mixin.py:112} INFO - [2020-07-30 19:55:23,403] {local_task_job.py:103} INFO - Task exited with return code 0
