[2020-07-30 18:17:16,495] {taskinstance.py:655} INFO - Dependencies all met for <TaskInstance: tutorial.templated 2020-07-30T18:16:00+00:00 [queued]>
[2020-07-30 18:17:16,538] {taskinstance.py:655} INFO - Dependencies all met for <TaskInstance: tutorial.templated 2020-07-30T18:16:00+00:00 [queued]>
[2020-07-30 18:17:16,539] {taskinstance.py:866} INFO - 
--------------------------------------------------------------------------------
[2020-07-30 18:17:16,539] {taskinstance.py:867} INFO - Starting attempt 1 of 2
[2020-07-30 18:17:16,539] {taskinstance.py:868} INFO - 
--------------------------------------------------------------------------------
[2020-07-30 18:17:16,567] {taskinstance.py:887} INFO - Executing <Task(BashOperator): templated> on 2020-07-30T18:16:00+00:00
[2020-07-30 18:17:16,574] {standard_task_runner.py:53} INFO - Started process 21343 to run task
[2020-07-30 18:17:16,717] {logging_mixin.py:112} INFO - Running %s on host %s <TaskInstance: tutorial.templated 2020-07-30T18:16:00+00:00 [running]> 02f6ef7ded4c
[2020-07-30 18:17:16,780] {bash_operator.py:82} INFO - Tmp dir root location: 
 /tmp
[2020-07-30 18:17:16,782] {bash_operator.py:105} INFO - Temporary script location: /tmp/airflowtmp2sxu3vep/templatedkjjhdmtq
[2020-07-30 18:17:16,782] {bash_operator.py:115} INFO - Running command: 

    echo "2020-07-30"
    echo "2020-08-06"
    echo "Parameter I passed in"

    echo "2020-07-30"
    echo "2020-08-06"
    echo "Parameter I passed in"

    echo "2020-07-30"
    echo "2020-08-06"
    echo "Parameter I passed in"

    echo "2020-07-30"
    echo "2020-08-06"
    echo "Parameter I passed in"

    echo "2020-07-30"
    echo "2020-08-06"
    echo "Parameter I passed in"

[2020-07-30 18:17:16,798] {bash_operator.py:122} INFO - Output:
[2020-07-30 18:17:16,799] {bash_operator.py:126} INFO - 2020-07-30
[2020-07-30 18:17:16,800] {bash_operator.py:126} INFO - 2020-08-06
[2020-07-30 18:17:16,800] {bash_operator.py:126} INFO - Parameter I passed in
[2020-07-30 18:17:16,801] {bash_operator.py:126} INFO - 2020-07-30
[2020-07-30 18:17:16,801] {bash_operator.py:126} INFO - 2020-08-06
[2020-07-30 18:17:16,801] {bash_operator.py:126} INFO - Parameter I passed in
[2020-07-30 18:17:16,801] {bash_operator.py:126} INFO - 2020-07-30
[2020-07-30 18:17:16,802] {bash_operator.py:126} INFO - 2020-08-06
[2020-07-30 18:17:16,802] {bash_operator.py:126} INFO - Parameter I passed in
[2020-07-30 18:17:16,802] {bash_operator.py:126} INFO - 2020-07-30
[2020-07-30 18:17:16,802] {bash_operator.py:126} INFO - 2020-08-06
[2020-07-30 18:17:16,803] {bash_operator.py:126} INFO - Parameter I passed in
[2020-07-30 18:17:16,803] {bash_operator.py:126} INFO - 2020-07-30
[2020-07-30 18:17:16,803] {bash_operator.py:126} INFO - 2020-08-06
[2020-07-30 18:17:16,803] {bash_operator.py:126} INFO - Parameter I passed in
[2020-07-30 18:17:16,804] {bash_operator.py:130} INFO - Command exited with return code 0
[2020-07-30 18:17:16,839] {taskinstance.py:1048} INFO - Marking task as SUCCESS.dag_id=tutorial, task_id=templated, execution_date=20200730T181600, start_date=20200730T181716, end_date=20200730T181716
[2020-07-30 18:17:26,447] {logging_mixin.py:112} INFO - [2020-07-30 18:17:26,446] {local_task_job.py:103} INFO - Task exited with return code 0
