[2020-07-31 00:25:14,370] {taskinstance.py:655} INFO - Dependencies all met for <TaskInstance: tutorial.templated 2020-07-31T00:24:00+00:00 [queued]>
[2020-07-31 00:25:14,416] {taskinstance.py:655} INFO - Dependencies all met for <TaskInstance: tutorial.templated 2020-07-31T00:24:00+00:00 [queued]>
[2020-07-31 00:25:14,416] {taskinstance.py:866} INFO - 
--------------------------------------------------------------------------------
[2020-07-31 00:25:14,416] {taskinstance.py:867} INFO - Starting attempt 1 of 2
[2020-07-31 00:25:14,417] {taskinstance.py:868} INFO - 
--------------------------------------------------------------------------------
[2020-07-31 00:25:14,445] {taskinstance.py:887} INFO - Executing <Task(BashOperator): templated> on 2020-07-31T00:24:00+00:00
[2020-07-31 00:25:14,452] {standard_task_runner.py:53} INFO - Started process 13506 to run task
[2020-07-31 00:25:14,573] {logging_mixin.py:112} INFO - Running %s on host %s <TaskInstance: tutorial.templated 2020-07-31T00:24:00+00:00 [running]> 02f6ef7ded4c
[2020-07-31 00:25:14,638] {bash_operator.py:82} INFO - Tmp dir root location: 
 /tmp
[2020-07-31 00:25:14,640] {bash_operator.py:105} INFO - Temporary script location: /tmp/airflowtmp9dr44z4j/templatedk1xzjj2d
[2020-07-31 00:25:14,640] {bash_operator.py:115} INFO - Running command: 

    echo "2020-07-31"
    echo "2020-08-07"
    echo "Parameter I passed in"

    echo "2020-07-31"
    echo "2020-08-07"
    echo "Parameter I passed in"

    echo "2020-07-31"
    echo "2020-08-07"
    echo "Parameter I passed in"

    echo "2020-07-31"
    echo "2020-08-07"
    echo "Parameter I passed in"

    echo "2020-07-31"
    echo "2020-08-07"
    echo "Parameter I passed in"

[2020-07-31 00:25:14,661] {bash_operator.py:122} INFO - Output:
[2020-07-31 00:25:14,664] {bash_operator.py:126} INFO - 2020-07-31
[2020-07-31 00:25:14,664] {bash_operator.py:126} INFO - 2020-08-07
[2020-07-31 00:25:14,664] {bash_operator.py:126} INFO - Parameter I passed in
[2020-07-31 00:25:14,664] {bash_operator.py:126} INFO - 2020-07-31
[2020-07-31 00:25:14,664] {bash_operator.py:126} INFO - 2020-08-07
[2020-07-31 00:25:14,664] {bash_operator.py:126} INFO - Parameter I passed in
[2020-07-31 00:25:14,664] {bash_operator.py:126} INFO - 2020-07-31
[2020-07-31 00:25:14,664] {bash_operator.py:126} INFO - 2020-08-07
[2020-07-31 00:25:14,665] {bash_operator.py:126} INFO - Parameter I passed in
[2020-07-31 00:25:14,665] {bash_operator.py:126} INFO - 2020-07-31
[2020-07-31 00:25:14,665] {bash_operator.py:126} INFO - 2020-08-07
[2020-07-31 00:25:14,665] {bash_operator.py:126} INFO - Parameter I passed in
[2020-07-31 00:25:14,665] {bash_operator.py:126} INFO - 2020-07-31
[2020-07-31 00:25:14,665] {bash_operator.py:126} INFO - 2020-08-07
[2020-07-31 00:25:14,665] {bash_operator.py:126} INFO - Parameter I passed in
[2020-07-31 00:25:14,665] {bash_operator.py:130} INFO - Command exited with return code 0
[2020-07-31 00:25:14,693] {taskinstance.py:1048} INFO - Marking task as SUCCESS.dag_id=tutorial, task_id=templated, execution_date=20200731T002400, start_date=20200731T002514, end_date=20200731T002514
[2020-07-31 00:25:24,331] {logging_mixin.py:112} INFO - [2020-07-31 00:25:24,330] {local_task_job.py:103} INFO - Task exited with return code 0
