[2020-07-31 01:53:16,547] {taskinstance.py:655} INFO - Dependencies all met for <TaskInstance: tutorial.templated 2020-07-31T01:52:00+00:00 [queued]>
[2020-07-31 01:53:16,600] {taskinstance.py:655} INFO - Dependencies all met for <TaskInstance: tutorial.templated 2020-07-31T01:52:00+00:00 [queued]>
[2020-07-31 01:53:16,600] {taskinstance.py:866} INFO - 
--------------------------------------------------------------------------------
[2020-07-31 01:53:16,600] {taskinstance.py:867} INFO - Starting attempt 1 of 2
[2020-07-31 01:53:16,601] {taskinstance.py:868} INFO - 
--------------------------------------------------------------------------------
[2020-07-31 01:53:16,629] {taskinstance.py:887} INFO - Executing <Task(BashOperator): templated> on 2020-07-31T01:52:00+00:00
[2020-07-31 01:53:16,642] {standard_task_runner.py:53} INFO - Started process 8835 to run task
[2020-07-31 01:53:16,777] {logging_mixin.py:112} INFO - Running %s on host %s <TaskInstance: tutorial.templated 2020-07-31T01:52:00+00:00 [running]> 02f6ef7ded4c
[2020-07-31 01:53:16,838] {bash_operator.py:82} INFO - Tmp dir root location: 
 /tmp
[2020-07-31 01:53:16,839] {bash_operator.py:105} INFO - Temporary script location: /tmp/airflowtmpuszh8ryj/templated0pkyhvph
[2020-07-31 01:53:16,839] {bash_operator.py:115} INFO - Running command: 

    echo "2020-07-31"
    echo "2020-08-07"
    echo "Parameter I passed in"

    echo "2020-07-31"
    echo "2020-08-07"
    echo "Parameter I passed in"

    echo "2020-07-31"
    echo "2020-08-07"
    echo "Parameter I passed in"

    echo "2020-07-31"
    echo "2020-08-07"
    echo "Parameter I passed in"

    echo "2020-07-31"
    echo "2020-08-07"
    echo "Parameter I passed in"

[2020-07-31 01:53:16,857] {bash_operator.py:122} INFO - Output:
[2020-07-31 01:53:16,860] {bash_operator.py:126} INFO - 2020-07-31
[2020-07-31 01:53:16,860] {bash_operator.py:126} INFO - 2020-08-07
[2020-07-31 01:53:16,861] {bash_operator.py:126} INFO - Parameter I passed in
[2020-07-31 01:53:16,861] {bash_operator.py:126} INFO - 2020-07-31
[2020-07-31 01:53:16,861] {bash_operator.py:126} INFO - 2020-08-07
[2020-07-31 01:53:16,861] {bash_operator.py:126} INFO - Parameter I passed in
[2020-07-31 01:53:16,861] {bash_operator.py:126} INFO - 2020-07-31
[2020-07-31 01:53:16,861] {bash_operator.py:126} INFO - 2020-08-07
[2020-07-31 01:53:16,861] {bash_operator.py:126} INFO - Parameter I passed in
[2020-07-31 01:53:16,862] {bash_operator.py:126} INFO - 2020-07-31
[2020-07-31 01:53:16,862] {bash_operator.py:126} INFO - 2020-08-07
[2020-07-31 01:53:16,862] {bash_operator.py:126} INFO - Parameter I passed in
[2020-07-31 01:53:16,862] {bash_operator.py:126} INFO - 2020-07-31
[2020-07-31 01:53:16,862] {bash_operator.py:126} INFO - 2020-08-07
[2020-07-31 01:53:16,862] {bash_operator.py:126} INFO - Parameter I passed in
[2020-07-31 01:53:16,863] {bash_operator.py:130} INFO - Command exited with return code 0
[2020-07-31 01:53:16,903] {taskinstance.py:1048} INFO - Marking task as SUCCESS.dag_id=tutorial, task_id=templated, execution_date=20200731T015200, start_date=20200731T015316, end_date=20200731T015316
[2020-07-31 01:53:26,483] {logging_mixin.py:112} INFO - [2020-07-31 01:53:26,482] {local_task_job.py:103} INFO - Task exited with return code 0
