[2020-07-30 23:12:17,141] {taskinstance.py:655} INFO - Dependencies all met for <TaskInstance: tutorial.templated 2020-07-30T23:11:00+00:00 [queued]>
[2020-07-30 23:12:17,181] {taskinstance.py:655} INFO - Dependencies all met for <TaskInstance: tutorial.templated 2020-07-30T23:11:00+00:00 [queued]>
[2020-07-30 23:12:17,181] {taskinstance.py:866} INFO - 
--------------------------------------------------------------------------------
[2020-07-30 23:12:17,181] {taskinstance.py:867} INFO - Starting attempt 1 of 2
[2020-07-30 23:12:17,181] {taskinstance.py:868} INFO - 
--------------------------------------------------------------------------------
[2020-07-30 23:12:17,211] {taskinstance.py:887} INFO - Executing <Task(BashOperator): templated> on 2020-07-30T23:11:00+00:00
[2020-07-30 23:12:17,219] {standard_task_runner.py:53} INFO - Started process 28501 to run task
[2020-07-30 23:12:17,339] {logging_mixin.py:112} INFO - Running %s on host %s <TaskInstance: tutorial.templated 2020-07-30T23:11:00+00:00 [running]> 02f6ef7ded4c
[2020-07-30 23:12:17,403] {bash_operator.py:82} INFO - Tmp dir root location: 
 /tmp
[2020-07-30 23:12:17,404] {bash_operator.py:105} INFO - Temporary script location: /tmp/airflowtmpcrzslv7a/templatedz1pwhi8k
[2020-07-30 23:12:17,405] {bash_operator.py:115} INFO - Running command: 

    echo "2020-07-30"
    echo "2020-08-06"
    echo "Parameter I passed in"

    echo "2020-07-30"
    echo "2020-08-06"
    echo "Parameter I passed in"

    echo "2020-07-30"
    echo "2020-08-06"
    echo "Parameter I passed in"

    echo "2020-07-30"
    echo "2020-08-06"
    echo "Parameter I passed in"

    echo "2020-07-30"
    echo "2020-08-06"
    echo "Parameter I passed in"

[2020-07-30 23:12:17,419] {bash_operator.py:122} INFO - Output:
[2020-07-30 23:12:17,421] {bash_operator.py:126} INFO - 2020-07-30
[2020-07-30 23:12:17,421] {bash_operator.py:126} INFO - 2020-08-06
[2020-07-30 23:12:17,421] {bash_operator.py:126} INFO - Parameter I passed in
[2020-07-30 23:12:17,421] {bash_operator.py:126} INFO - 2020-07-30
[2020-07-30 23:12:17,421] {bash_operator.py:126} INFO - 2020-08-06
[2020-07-30 23:12:17,422] {bash_operator.py:126} INFO - Parameter I passed in
[2020-07-30 23:12:17,422] {bash_operator.py:126} INFO - 2020-07-30
[2020-07-30 23:12:17,422] {bash_operator.py:126} INFO - 2020-08-06
[2020-07-30 23:12:17,422] {bash_operator.py:126} INFO - Parameter I passed in
[2020-07-30 23:12:17,422] {bash_operator.py:126} INFO - 2020-07-30
[2020-07-30 23:12:17,422] {bash_operator.py:126} INFO - 2020-08-06
[2020-07-30 23:12:17,422] {bash_operator.py:126} INFO - Parameter I passed in
[2020-07-30 23:12:17,422] {bash_operator.py:126} INFO - 2020-07-30
[2020-07-30 23:12:17,422] {bash_operator.py:126} INFO - 2020-08-06
[2020-07-30 23:12:17,422] {bash_operator.py:126} INFO - Parameter I passed in
[2020-07-30 23:12:17,423] {bash_operator.py:130} INFO - Command exited with return code 0
[2020-07-30 23:12:17,446] {taskinstance.py:1048} INFO - Marking task as SUCCESS.dag_id=tutorial, task_id=templated, execution_date=20200730T231100, start_date=20200730T231217, end_date=20200730T231217
[2020-07-30 23:12:27,095] {logging_mixin.py:112} INFO - [2020-07-30 23:12:27,094] {local_task_job.py:103} INFO - Task exited with return code 0
