[2020-07-30 21:32:07,994] {taskinstance.py:655} INFO - Dependencies all met for <TaskInstance: tutorial.templated 2020-07-30T21:31:00+00:00 [queued]>
[2020-07-30 21:32:08,040] {taskinstance.py:655} INFO - Dependencies all met for <TaskInstance: tutorial.templated 2020-07-30T21:31:00+00:00 [queued]>
[2020-07-30 21:32:08,041] {taskinstance.py:866} INFO - 
--------------------------------------------------------------------------------
[2020-07-30 21:32:08,041] {taskinstance.py:867} INFO - Starting attempt 1 of 2
[2020-07-30 21:32:08,041] {taskinstance.py:868} INFO - 
--------------------------------------------------------------------------------
[2020-07-30 21:32:08,080] {taskinstance.py:887} INFO - Executing <Task(BashOperator): templated> on 2020-07-30T21:31:00+00:00
[2020-07-30 21:32:08,090] {standard_task_runner.py:53} INFO - Started process 24869 to run task
[2020-07-30 21:32:08,217] {logging_mixin.py:112} INFO - Running %s on host %s <TaskInstance: tutorial.templated 2020-07-30T21:31:00+00:00 [running]> 02f6ef7ded4c
[2020-07-30 21:32:08,281] {bash_operator.py:82} INFO - Tmp dir root location: 
 /tmp
[2020-07-30 21:32:08,282] {bash_operator.py:105} INFO - Temporary script location: /tmp/airflowtmp7i242hv0/templatedjf7qt0nv
[2020-07-30 21:32:08,283] {bash_operator.py:115} INFO - Running command: 

    echo "2020-07-30"
    echo "2020-08-06"
    echo "Parameter I passed in"

    echo "2020-07-30"
    echo "2020-08-06"
    echo "Parameter I passed in"

    echo "2020-07-30"
    echo "2020-08-06"
    echo "Parameter I passed in"

    echo "2020-07-30"
    echo "2020-08-06"
    echo "Parameter I passed in"

    echo "2020-07-30"
    echo "2020-08-06"
    echo "Parameter I passed in"

[2020-07-30 21:32:08,297] {bash_operator.py:122} INFO - Output:
[2020-07-30 21:32:08,299] {bash_operator.py:126} INFO - 2020-07-30
[2020-07-30 21:32:08,299] {bash_operator.py:126} INFO - 2020-08-06
[2020-07-30 21:32:08,299] {bash_operator.py:126} INFO - Parameter I passed in
[2020-07-30 21:32:08,299] {bash_operator.py:126} INFO - 2020-07-30
[2020-07-30 21:32:08,299] {bash_operator.py:126} INFO - 2020-08-06
[2020-07-30 21:32:08,299] {bash_operator.py:126} INFO - Parameter I passed in
[2020-07-30 21:32:08,300] {bash_operator.py:126} INFO - 2020-07-30
[2020-07-30 21:32:08,300] {bash_operator.py:126} INFO - 2020-08-06
[2020-07-30 21:32:08,300] {bash_operator.py:126} INFO - Parameter I passed in
[2020-07-30 21:32:08,300] {bash_operator.py:126} INFO - 2020-07-30
[2020-07-30 21:32:08,300] {bash_operator.py:126} INFO - 2020-08-06
[2020-07-30 21:32:08,300] {bash_operator.py:126} INFO - Parameter I passed in
[2020-07-30 21:32:08,300] {bash_operator.py:126} INFO - 2020-07-30
[2020-07-30 21:32:08,300] {bash_operator.py:126} INFO - 2020-08-06
[2020-07-30 21:32:08,300] {bash_operator.py:126} INFO - Parameter I passed in
[2020-07-30 21:32:08,301] {bash_operator.py:130} INFO - Command exited with return code 0
[2020-07-30 21:32:08,328] {taskinstance.py:1048} INFO - Marking task as SUCCESS.dag_id=tutorial, task_id=templated, execution_date=20200730T213100, start_date=20200730T213207, end_date=20200730T213208
[2020-07-30 21:32:17,956] {logging_mixin.py:112} INFO - [2020-07-30 21:32:17,955] {local_task_job.py:103} INFO - Task exited with return code 0
