[2020-07-30 20:51:09,288] {taskinstance.py:655} INFO - Dependencies all met for <TaskInstance: tutorial.templated 2020-07-30T20:50:00+00:00 [queued]>
[2020-07-30 20:51:09,333] {taskinstance.py:655} INFO - Dependencies all met for <TaskInstance: tutorial.templated 2020-07-30T20:50:00+00:00 [queued]>
[2020-07-30 20:51:09,334] {taskinstance.py:866} INFO - 
--------------------------------------------------------------------------------
[2020-07-30 20:51:09,334] {taskinstance.py:867} INFO - Starting attempt 1 of 2
[2020-07-30 20:51:09,334] {taskinstance.py:868} INFO - 
--------------------------------------------------------------------------------
[2020-07-30 20:51:09,372] {taskinstance.py:887} INFO - Executing <Task(BashOperator): templated> on 2020-07-30T20:50:00+00:00
[2020-07-30 20:51:09,379] {standard_task_runner.py:53} INFO - Started process 29282 to run task
[2020-07-30 20:51:09,518] {logging_mixin.py:112} INFO - Running %s on host %s <TaskInstance: tutorial.templated 2020-07-30T20:50:00+00:00 [running]> 02f6ef7ded4c
[2020-07-30 20:51:09,581] {bash_operator.py:82} INFO - Tmp dir root location: 
 /tmp
[2020-07-30 20:51:09,583] {bash_operator.py:105} INFO - Temporary script location: /tmp/airflowtmphr9hf9wn/templated9za9xffg
[2020-07-30 20:51:09,583] {bash_operator.py:115} INFO - Running command: 

    echo "2020-07-30"
    echo "2020-08-06"
    echo "Parameter I passed in"

    echo "2020-07-30"
    echo "2020-08-06"
    echo "Parameter I passed in"

    echo "2020-07-30"
    echo "2020-08-06"
    echo "Parameter I passed in"

    echo "2020-07-30"
    echo "2020-08-06"
    echo "Parameter I passed in"

    echo "2020-07-30"
    echo "2020-08-06"
    echo "Parameter I passed in"

[2020-07-30 20:51:09,598] {bash_operator.py:122} INFO - Output:
[2020-07-30 20:51:09,599] {bash_operator.py:126} INFO - 2020-07-30
[2020-07-30 20:51:09,600] {bash_operator.py:126} INFO - 2020-08-06
[2020-07-30 20:51:09,600] {bash_operator.py:126} INFO - Parameter I passed in
[2020-07-30 20:51:09,600] {bash_operator.py:126} INFO - 2020-07-30
[2020-07-30 20:51:09,600] {bash_operator.py:126} INFO - 2020-08-06
[2020-07-30 20:51:09,600] {bash_operator.py:126} INFO - Parameter I passed in
[2020-07-30 20:51:09,600] {bash_operator.py:126} INFO - 2020-07-30
[2020-07-30 20:51:09,600] {bash_operator.py:126} INFO - 2020-08-06
[2020-07-30 20:51:09,600] {bash_operator.py:126} INFO - Parameter I passed in
[2020-07-30 20:51:09,601] {bash_operator.py:126} INFO - 2020-07-30
[2020-07-30 20:51:09,601] {bash_operator.py:126} INFO - 2020-08-06
[2020-07-30 20:51:09,601] {bash_operator.py:126} INFO - Parameter I passed in
[2020-07-30 20:51:09,601] {bash_operator.py:126} INFO - 2020-07-30
[2020-07-30 20:51:09,601] {bash_operator.py:126} INFO - 2020-08-06
[2020-07-30 20:51:09,601] {bash_operator.py:126} INFO - Parameter I passed in
[2020-07-30 20:51:09,601] {bash_operator.py:130} INFO - Command exited with return code 0
[2020-07-30 20:51:09,626] {taskinstance.py:1048} INFO - Marking task as SUCCESS.dag_id=tutorial, task_id=templated, execution_date=20200730T205000, start_date=20200730T205109, end_date=20200730T205109
[2020-07-30 20:51:19,246] {logging_mixin.py:112} INFO - [2020-07-30 20:51:19,245] {local_task_job.py:103} INFO - Task exited with return code 0
