[2020-07-30 15:32:14,499] {taskinstance.py:655} INFO - Dependencies all met for <TaskInstance: tutorial.templated 2020-07-30T15:31:00+00:00 [queued]>
[2020-07-30 15:32:14,562] {taskinstance.py:655} INFO - Dependencies all met for <TaskInstance: tutorial.templated 2020-07-30T15:31:00+00:00 [queued]>
[2020-07-30 15:32:14,563] {taskinstance.py:866} INFO - 
--------------------------------------------------------------------------------
[2020-07-30 15:32:14,563] {taskinstance.py:867} INFO - Starting attempt 1 of 2
[2020-07-30 15:32:14,563] {taskinstance.py:868} INFO - 
--------------------------------------------------------------------------------
[2020-07-30 15:32:14,595] {taskinstance.py:887} INFO - Executing <Task(BashOperator): templated> on 2020-07-30T15:31:00+00:00
[2020-07-30 15:32:14,603] {standard_task_runner.py:53} INFO - Started process 5756 to run task
[2020-07-30 15:32:14,736] {logging_mixin.py:112} INFO - Running %s on host %s <TaskInstance: tutorial.templated 2020-07-30T15:31:00+00:00 [running]> 02f6ef7ded4c
[2020-07-30 15:32:14,804] {bash_operator.py:82} INFO - Tmp dir root location: 
 /tmp
[2020-07-30 15:32:14,806] {bash_operator.py:105} INFO - Temporary script location: /tmp/airflowtmp0wl5hmko/templated1au4mll_
[2020-07-30 15:32:14,806] {bash_operator.py:115} INFO - Running command: 

    echo "2020-07-30"
    echo "2020-08-06"
    echo "Parameter I passed in"

    echo "2020-07-30"
    echo "2020-08-06"
    echo "Parameter I passed in"

    echo "2020-07-30"
    echo "2020-08-06"
    echo "Parameter I passed in"

    echo "2020-07-30"
    echo "2020-08-06"
    echo "Parameter I passed in"

    echo "2020-07-30"
    echo "2020-08-06"
    echo "Parameter I passed in"

[2020-07-30 15:32:14,822] {bash_operator.py:122} INFO - Output:
[2020-07-30 15:32:14,825] {bash_operator.py:126} INFO - 2020-07-30
[2020-07-30 15:32:14,825] {bash_operator.py:126} INFO - 2020-08-06
[2020-07-30 15:32:14,825] {bash_operator.py:126} INFO - Parameter I passed in
[2020-07-30 15:32:14,825] {bash_operator.py:126} INFO - 2020-07-30
[2020-07-30 15:32:14,825] {bash_operator.py:126} INFO - 2020-08-06
[2020-07-30 15:32:14,826] {bash_operator.py:126} INFO - Parameter I passed in
[2020-07-30 15:32:14,826] {bash_operator.py:126} INFO - 2020-07-30
[2020-07-30 15:32:14,826] {bash_operator.py:126} INFO - 2020-08-06
[2020-07-30 15:32:14,826] {bash_operator.py:126} INFO - Parameter I passed in
[2020-07-30 15:32:14,826] {bash_operator.py:126} INFO - 2020-07-30
[2020-07-30 15:32:14,826] {bash_operator.py:126} INFO - 2020-08-06
[2020-07-30 15:32:14,826] {bash_operator.py:126} INFO - Parameter I passed in
[2020-07-30 15:32:14,826] {bash_operator.py:126} INFO - 2020-07-30
[2020-07-30 15:32:14,826] {bash_operator.py:126} INFO - 2020-08-06
[2020-07-30 15:32:14,826] {bash_operator.py:126} INFO - Parameter I passed in
[2020-07-30 15:32:14,827] {bash_operator.py:130} INFO - Command exited with return code 0
[2020-07-30 15:32:14,850] {taskinstance.py:1048} INFO - Marking task as SUCCESS.dag_id=tutorial, task_id=templated, execution_date=20200730T153100, start_date=20200730T153214, end_date=20200730T153214
[2020-07-30 15:32:24,455] {logging_mixin.py:112} INFO - [2020-07-30 15:32:24,454] {local_task_job.py:103} INFO - Task exited with return code 0
