[2020-07-30 14:57:15,962] {taskinstance.py:655} INFO - Dependencies all met for <TaskInstance: tutorial.templated 2020-07-30T14:56:00+00:00 [queued]>
[2020-07-30 14:57:16,004] {taskinstance.py:655} INFO - Dependencies all met for <TaskInstance: tutorial.templated 2020-07-30T14:56:00+00:00 [queued]>
[2020-07-30 14:57:16,005] {taskinstance.py:866} INFO - 
--------------------------------------------------------------------------------
[2020-07-30 14:57:16,005] {taskinstance.py:867} INFO - Starting attempt 1 of 2
[2020-07-30 14:57:16,005] {taskinstance.py:868} INFO - 
--------------------------------------------------------------------------------
[2020-07-30 14:57:16,036] {taskinstance.py:887} INFO - Executing <Task(BashOperator): templated> on 2020-07-30T14:56:00+00:00
[2020-07-30 14:57:16,046] {standard_task_runner.py:53} INFO - Started process 14277 to run task
[2020-07-30 14:57:16,178] {logging_mixin.py:112} INFO - Running %s on host %s <TaskInstance: tutorial.templated 2020-07-30T14:56:00+00:00 [running]> 02f6ef7ded4c
[2020-07-30 14:57:16,250] {bash_operator.py:82} INFO - Tmp dir root location: 
 /tmp
[2020-07-30 14:57:16,252] {bash_operator.py:105} INFO - Temporary script location: /tmp/airflowtmpzv93m9ye/templated6pcrsv74
[2020-07-30 14:57:16,253] {bash_operator.py:115} INFO - Running command: 

    echo "2020-07-30"
    echo "2020-08-06"
    echo "Parameter I passed in"

    echo "2020-07-30"
    echo "2020-08-06"
    echo "Parameter I passed in"

    echo "2020-07-30"
    echo "2020-08-06"
    echo "Parameter I passed in"

    echo "2020-07-30"
    echo "2020-08-06"
    echo "Parameter I passed in"

    echo "2020-07-30"
    echo "2020-08-06"
    echo "Parameter I passed in"

[2020-07-30 14:57:16,273] {bash_operator.py:122} INFO - Output:
[2020-07-30 14:57:16,276] {bash_operator.py:126} INFO - 2020-07-30
[2020-07-30 14:57:16,276] {bash_operator.py:126} INFO - 2020-08-06
[2020-07-30 14:57:16,276] {bash_operator.py:126} INFO - Parameter I passed in
[2020-07-30 14:57:16,277] {bash_operator.py:126} INFO - 2020-07-30
[2020-07-30 14:57:16,277] {bash_operator.py:126} INFO - 2020-08-06
[2020-07-30 14:57:16,277] {bash_operator.py:126} INFO - Parameter I passed in
[2020-07-30 14:57:16,277] {bash_operator.py:126} INFO - 2020-07-30
[2020-07-30 14:57:16,277] {bash_operator.py:126} INFO - 2020-08-06
[2020-07-30 14:57:16,277] {bash_operator.py:126} INFO - Parameter I passed in
[2020-07-30 14:57:16,277] {bash_operator.py:126} INFO - 2020-07-30
[2020-07-30 14:57:16,277] {bash_operator.py:126} INFO - 2020-08-06
[2020-07-30 14:57:16,278] {bash_operator.py:126} INFO - Parameter I passed in
[2020-07-30 14:57:16,278] {bash_operator.py:126} INFO - 2020-07-30
[2020-07-30 14:57:16,278] {bash_operator.py:126} INFO - 2020-08-06
[2020-07-30 14:57:16,278] {bash_operator.py:126} INFO - Parameter I passed in
[2020-07-30 14:57:16,278] {bash_operator.py:130} INFO - Command exited with return code 0
[2020-07-30 14:57:16,309] {taskinstance.py:1048} INFO - Marking task as SUCCESS.dag_id=tutorial, task_id=templated, execution_date=20200730T145600, start_date=20200730T145715, end_date=20200730T145716
[2020-07-30 14:57:25,897] {logging_mixin.py:112} INFO - [2020-07-30 14:57:25,896] {local_task_job.py:103} INFO - Task exited with return code 0
