[2020-07-30 15:17:15,415] {taskinstance.py:655} INFO - Dependencies all met for <TaskInstance: tutorial.templated 2020-07-30T15:16:00+00:00 [queued]>
[2020-07-30 15:17:15,459] {taskinstance.py:655} INFO - Dependencies all met for <TaskInstance: tutorial.templated 2020-07-30T15:16:00+00:00 [queued]>
[2020-07-30 15:17:15,459] {taskinstance.py:866} INFO - 
--------------------------------------------------------------------------------
[2020-07-30 15:17:15,459] {taskinstance.py:867} INFO - Starting attempt 1 of 2
[2020-07-30 15:17:15,460] {taskinstance.py:868} INFO - 
--------------------------------------------------------------------------------
[2020-07-30 15:17:15,483] {taskinstance.py:887} INFO - Executing <Task(BashOperator): templated> on 2020-07-30T15:16:00+00:00
[2020-07-30 15:17:15,489] {standard_task_runner.py:53} INFO - Started process 27957 to run task
[2020-07-30 15:17:15,593] {logging_mixin.py:112} INFO - Running %s on host %s <TaskInstance: tutorial.templated 2020-07-30T15:16:00+00:00 [running]> 02f6ef7ded4c
[2020-07-30 15:17:15,649] {bash_operator.py:82} INFO - Tmp dir root location: 
 /tmp
[2020-07-30 15:17:15,650] {bash_operator.py:105} INFO - Temporary script location: /tmp/airflowtmpcte_4y4_/templatedeh90e7mn
[2020-07-30 15:17:15,650] {bash_operator.py:115} INFO - Running command: 

    echo "2020-07-30"
    echo "2020-08-06"
    echo "Parameter I passed in"

    echo "2020-07-30"
    echo "2020-08-06"
    echo "Parameter I passed in"

    echo "2020-07-30"
    echo "2020-08-06"
    echo "Parameter I passed in"

    echo "2020-07-30"
    echo "2020-08-06"
    echo "Parameter I passed in"

    echo "2020-07-30"
    echo "2020-08-06"
    echo "Parameter I passed in"

[2020-07-30 15:17:15,666] {bash_operator.py:122} INFO - Output:
[2020-07-30 15:17:15,669] {bash_operator.py:126} INFO - 2020-07-30
[2020-07-30 15:17:15,669] {bash_operator.py:126} INFO - 2020-08-06
[2020-07-30 15:17:15,669] {bash_operator.py:126} INFO - Parameter I passed in
[2020-07-30 15:17:15,669] {bash_operator.py:126} INFO - 2020-07-30
[2020-07-30 15:17:15,669] {bash_operator.py:126} INFO - 2020-08-06
[2020-07-30 15:17:15,669] {bash_operator.py:126} INFO - Parameter I passed in
[2020-07-30 15:17:15,669] {bash_operator.py:126} INFO - 2020-07-30
[2020-07-30 15:17:15,670] {bash_operator.py:126} INFO - 2020-08-06
[2020-07-30 15:17:15,670] {bash_operator.py:126} INFO - Parameter I passed in
[2020-07-30 15:17:15,670] {bash_operator.py:126} INFO - 2020-07-30
[2020-07-30 15:17:15,670] {bash_operator.py:126} INFO - 2020-08-06
[2020-07-30 15:17:15,670] {bash_operator.py:126} INFO - Parameter I passed in
[2020-07-30 15:17:15,670] {bash_operator.py:126} INFO - 2020-07-30
[2020-07-30 15:17:15,671] {bash_operator.py:126} INFO - 2020-08-06
[2020-07-30 15:17:15,671] {bash_operator.py:126} INFO - Parameter I passed in
[2020-07-30 15:17:15,671] {bash_operator.py:130} INFO - Command exited with return code 0
[2020-07-30 15:17:15,695] {taskinstance.py:1048} INFO - Marking task as SUCCESS.dag_id=tutorial, task_id=templated, execution_date=20200730T151600, start_date=20200730T151715, end_date=20200730T151715
[2020-07-30 15:17:25,369] {logging_mixin.py:112} INFO - [2020-07-30 15:17:25,368] {local_task_job.py:103} INFO - Task exited with return code 0
