[2020-07-31 00:52:16,328] {taskinstance.py:655} INFO - Dependencies all met for <TaskInstance: tutorial.templated 2020-07-31T00:51:00+00:00 [queued]>
[2020-07-31 00:52:16,386] {taskinstance.py:655} INFO - Dependencies all met for <TaskInstance: tutorial.templated 2020-07-31T00:51:00+00:00 [queued]>
[2020-07-31 00:52:16,386] {taskinstance.py:866} INFO - 
--------------------------------------------------------------------------------
[2020-07-31 00:52:16,386] {taskinstance.py:867} INFO - Starting attempt 1 of 2
[2020-07-31 00:52:16,387] {taskinstance.py:868} INFO - 
--------------------------------------------------------------------------------
[2020-07-31 00:52:16,410] {taskinstance.py:887} INFO - Executing <Task(BashOperator): templated> on 2020-07-31T00:51:00+00:00
[2020-07-31 00:52:16,419] {standard_task_runner.py:53} INFO - Started process 32019 to run task
[2020-07-31 00:52:16,572] {logging_mixin.py:112} INFO - Running %s on host %s <TaskInstance: tutorial.templated 2020-07-31T00:51:00+00:00 [running]> 02f6ef7ded4c
[2020-07-31 00:52:16,630] {bash_operator.py:82} INFO - Tmp dir root location: 
 /tmp
[2020-07-31 00:52:16,631] {bash_operator.py:105} INFO - Temporary script location: /tmp/airflowtmpu595fx26/templatedei6j06l3
[2020-07-31 00:52:16,632] {bash_operator.py:115} INFO - Running command: 

    echo "2020-07-31"
    echo "2020-08-07"
    echo "Parameter I passed in"

    echo "2020-07-31"
    echo "2020-08-07"
    echo "Parameter I passed in"

    echo "2020-07-31"
    echo "2020-08-07"
    echo "Parameter I passed in"

    echo "2020-07-31"
    echo "2020-08-07"
    echo "Parameter I passed in"

    echo "2020-07-31"
    echo "2020-08-07"
    echo "Parameter I passed in"

[2020-07-31 00:52:16,650] {bash_operator.py:122} INFO - Output:
[2020-07-31 00:52:16,652] {bash_operator.py:126} INFO - 2020-07-31
[2020-07-31 00:52:16,653] {bash_operator.py:126} INFO - 2020-08-07
[2020-07-31 00:52:16,653] {bash_operator.py:126} INFO - Parameter I passed in
[2020-07-31 00:52:16,653] {bash_operator.py:126} INFO - 2020-07-31
[2020-07-31 00:52:16,653] {bash_operator.py:126} INFO - 2020-08-07
[2020-07-31 00:52:16,653] {bash_operator.py:126} INFO - Parameter I passed in
[2020-07-31 00:52:16,653] {bash_operator.py:126} INFO - 2020-07-31
[2020-07-31 00:52:16,653] {bash_operator.py:126} INFO - 2020-08-07
[2020-07-31 00:52:16,653] {bash_operator.py:126} INFO - Parameter I passed in
[2020-07-31 00:52:16,653] {bash_operator.py:126} INFO - 2020-07-31
[2020-07-31 00:52:16,653] {bash_operator.py:126} INFO - 2020-08-07
[2020-07-31 00:52:16,653] {bash_operator.py:126} INFO - Parameter I passed in
[2020-07-31 00:52:16,653] {bash_operator.py:126} INFO - 2020-07-31
[2020-07-31 00:52:16,653] {bash_operator.py:126} INFO - 2020-08-07
[2020-07-31 00:52:16,653] {bash_operator.py:126} INFO - Parameter I passed in
[2020-07-31 00:52:16,654] {bash_operator.py:130} INFO - Command exited with return code 0
[2020-07-31 00:52:16,680] {taskinstance.py:1048} INFO - Marking task as SUCCESS.dag_id=tutorial, task_id=templated, execution_date=20200731T005100, start_date=20200731T005216, end_date=20200731T005216
[2020-07-31 00:52:26,284] {logging_mixin.py:112} INFO - [2020-07-31 00:52:26,283] {local_task_job.py:103} INFO - Task exited with return code 0
