[2020-07-31 01:32:13,021] {taskinstance.py:655} INFO - Dependencies all met for <TaskInstance: tutorial.templated 2020-07-31T01:31:00+00:00 [queued]>
[2020-07-31 01:32:13,066] {taskinstance.py:655} INFO - Dependencies all met for <TaskInstance: tutorial.templated 2020-07-31T01:31:00+00:00 [queued]>
[2020-07-31 01:32:13,067] {taskinstance.py:866} INFO - 
--------------------------------------------------------------------------------
[2020-07-31 01:32:13,067] {taskinstance.py:867} INFO - Starting attempt 1 of 2
[2020-07-31 01:32:13,067] {taskinstance.py:868} INFO - 
--------------------------------------------------------------------------------
[2020-07-31 01:32:13,094] {taskinstance.py:887} INFO - Executing <Task(BashOperator): templated> on 2020-07-31T01:31:00+00:00
[2020-07-31 01:32:13,100] {standard_task_runner.py:53} INFO - Started process 26890 to run task
[2020-07-31 01:32:13,223] {logging_mixin.py:112} INFO - Running %s on host %s <TaskInstance: tutorial.templated 2020-07-31T01:31:00+00:00 [running]> 02f6ef7ded4c
[2020-07-31 01:32:13,298] {bash_operator.py:82} INFO - Tmp dir root location: 
 /tmp
[2020-07-31 01:32:13,300] {bash_operator.py:105} INFO - Temporary script location: /tmp/airflowtmpjzwb_m6w/templated7ic5id8h
[2020-07-31 01:32:13,300] {bash_operator.py:115} INFO - Running command: 

    echo "2020-07-31"
    echo "2020-08-07"
    echo "Parameter I passed in"

    echo "2020-07-31"
    echo "2020-08-07"
    echo "Parameter I passed in"

    echo "2020-07-31"
    echo "2020-08-07"
    echo "Parameter I passed in"

    echo "2020-07-31"
    echo "2020-08-07"
    echo "Parameter I passed in"

    echo "2020-07-31"
    echo "2020-08-07"
    echo "Parameter I passed in"

[2020-07-31 01:32:13,317] {bash_operator.py:122} INFO - Output:
[2020-07-31 01:32:13,319] {bash_operator.py:126} INFO - 2020-07-31
[2020-07-31 01:32:13,319] {bash_operator.py:126} INFO - 2020-08-07
[2020-07-31 01:32:13,319] {bash_operator.py:126} INFO - Parameter I passed in
[2020-07-31 01:32:13,320] {bash_operator.py:126} INFO - 2020-07-31
[2020-07-31 01:32:13,320] {bash_operator.py:126} INFO - 2020-08-07
[2020-07-31 01:32:13,320] {bash_operator.py:126} INFO - Parameter I passed in
[2020-07-31 01:32:13,320] {bash_operator.py:126} INFO - 2020-07-31
[2020-07-31 01:32:13,320] {bash_operator.py:126} INFO - 2020-08-07
[2020-07-31 01:32:13,320] {bash_operator.py:126} INFO - Parameter I passed in
[2020-07-31 01:32:13,320] {bash_operator.py:126} INFO - 2020-07-31
[2020-07-31 01:32:13,320] {bash_operator.py:126} INFO - 2020-08-07
[2020-07-31 01:32:13,320] {bash_operator.py:126} INFO - Parameter I passed in
[2020-07-31 01:32:13,320] {bash_operator.py:126} INFO - 2020-07-31
[2020-07-31 01:32:13,320] {bash_operator.py:126} INFO - 2020-08-07
[2020-07-31 01:32:13,320] {bash_operator.py:126} INFO - Parameter I passed in
[2020-07-31 01:32:13,321] {bash_operator.py:130} INFO - Command exited with return code 0
[2020-07-31 01:32:13,352] {taskinstance.py:1048} INFO - Marking task as SUCCESS.dag_id=tutorial, task_id=templated, execution_date=20200731T013100, start_date=20200731T013213, end_date=20200731T013213
[2020-07-31 01:32:22,979] {logging_mixin.py:112} INFO - [2020-07-31 01:32:22,979] {local_task_job.py:103} INFO - Task exited with return code 0
