[2020-07-30 18:19:14,831] {taskinstance.py:655} INFO - Dependencies all met for <TaskInstance: tutorial.templated 2020-07-30T18:18:00+00:00 [queued]>
[2020-07-30 18:19:14,883] {taskinstance.py:655} INFO - Dependencies all met for <TaskInstance: tutorial.templated 2020-07-30T18:18:00+00:00 [queued]>
[2020-07-30 18:19:14,884] {taskinstance.py:866} INFO - 
--------------------------------------------------------------------------------
[2020-07-30 18:19:14,884] {taskinstance.py:867} INFO - Starting attempt 1 of 2
[2020-07-30 18:19:14,884] {taskinstance.py:868} INFO - 
--------------------------------------------------------------------------------
[2020-07-30 18:19:14,921] {taskinstance.py:887} INFO - Executing <Task(BashOperator): templated> on 2020-07-30T18:18:00+00:00
[2020-07-30 18:19:14,928] {standard_task_runner.py:53} INFO - Started process 22701 to run task
[2020-07-30 18:19:15,092] {logging_mixin.py:112} INFO - Running %s on host %s <TaskInstance: tutorial.templated 2020-07-30T18:18:00+00:00 [running]> 02f6ef7ded4c
[2020-07-30 18:19:15,158] {bash_operator.py:82} INFO - Tmp dir root location: 
 /tmp
[2020-07-30 18:19:15,159] {bash_operator.py:105} INFO - Temporary script location: /tmp/airflowtmp6ex3rygv/templatedjukpothu
[2020-07-30 18:19:15,160] {bash_operator.py:115} INFO - Running command: 

    echo "2020-07-30"
    echo "2020-08-06"
    echo "Parameter I passed in"

    echo "2020-07-30"
    echo "2020-08-06"
    echo "Parameter I passed in"

    echo "2020-07-30"
    echo "2020-08-06"
    echo "Parameter I passed in"

    echo "2020-07-30"
    echo "2020-08-06"
    echo "Parameter I passed in"

    echo "2020-07-30"
    echo "2020-08-06"
    echo "Parameter I passed in"

[2020-07-30 18:19:15,172] {bash_operator.py:122} INFO - Output:
[2020-07-30 18:19:15,174] {bash_operator.py:126} INFO - 2020-07-30
[2020-07-30 18:19:15,174] {bash_operator.py:126} INFO - 2020-08-06
[2020-07-30 18:19:15,174] {bash_operator.py:126} INFO - Parameter I passed in
[2020-07-30 18:19:15,175] {bash_operator.py:126} INFO - 2020-07-30
[2020-07-30 18:19:15,175] {bash_operator.py:126} INFO - 2020-08-06
[2020-07-30 18:19:15,175] {bash_operator.py:126} INFO - Parameter I passed in
[2020-07-30 18:19:15,175] {bash_operator.py:126} INFO - 2020-07-30
[2020-07-30 18:19:15,175] {bash_operator.py:126} INFO - 2020-08-06
[2020-07-30 18:19:15,175] {bash_operator.py:126} INFO - Parameter I passed in
[2020-07-30 18:19:15,175] {bash_operator.py:126} INFO - 2020-07-30
[2020-07-30 18:19:15,175] {bash_operator.py:126} INFO - 2020-08-06
[2020-07-30 18:19:15,175] {bash_operator.py:126} INFO - Parameter I passed in
[2020-07-30 18:19:15,175] {bash_operator.py:126} INFO - 2020-07-30
[2020-07-30 18:19:15,175] {bash_operator.py:126} INFO - 2020-08-06
[2020-07-30 18:19:15,175] {bash_operator.py:126} INFO - Parameter I passed in
[2020-07-30 18:19:15,176] {bash_operator.py:130} INFO - Command exited with return code 0
[2020-07-30 18:19:15,201] {taskinstance.py:1048} INFO - Marking task as SUCCESS.dag_id=tutorial, task_id=templated, execution_date=20200730T181800, start_date=20200730T181914, end_date=20200730T181915
[2020-07-30 18:19:24,751] {logging_mixin.py:112} INFO - [2020-07-30 18:19:24,751] {local_task_job.py:103} INFO - Task exited with return code 0
