[2020-07-30 17:57:15,182] {taskinstance.py:655} INFO - Dependencies all met for <TaskInstance: tutorial.templated 2020-07-30T17:56:00+00:00 [queued]>
[2020-07-30 17:57:15,247] {taskinstance.py:655} INFO - Dependencies all met for <TaskInstance: tutorial.templated 2020-07-30T17:56:00+00:00 [queued]>
[2020-07-30 17:57:15,247] {taskinstance.py:866} INFO - 
--------------------------------------------------------------------------------
[2020-07-30 17:57:15,247] {taskinstance.py:867} INFO - Starting attempt 1 of 2
[2020-07-30 17:57:15,247] {taskinstance.py:868} INFO - 
--------------------------------------------------------------------------------
[2020-07-30 17:57:15,267] {taskinstance.py:887} INFO - Executing <Task(BashOperator): templated> on 2020-07-30T17:56:00+00:00
[2020-07-30 17:57:15,276] {standard_task_runner.py:53} INFO - Started process 7637 to run task
[2020-07-30 17:57:15,411] {logging_mixin.py:112} INFO - Running %s on host %s <TaskInstance: tutorial.templated 2020-07-30T17:56:00+00:00 [running]> 02f6ef7ded4c
[2020-07-30 17:57:15,491] {bash_operator.py:82} INFO - Tmp dir root location: 
 /tmp
[2020-07-30 17:57:15,493] {bash_operator.py:105} INFO - Temporary script location: /tmp/airflowtmpqxkhu_2y/templatedob4nkoic
[2020-07-30 17:57:15,494] {bash_operator.py:115} INFO - Running command: 

    echo "2020-07-30"
    echo "2020-08-06"
    echo "Parameter I passed in"

    echo "2020-07-30"
    echo "2020-08-06"
    echo "Parameter I passed in"

    echo "2020-07-30"
    echo "2020-08-06"
    echo "Parameter I passed in"

    echo "2020-07-30"
    echo "2020-08-06"
    echo "Parameter I passed in"

    echo "2020-07-30"
    echo "2020-08-06"
    echo "Parameter I passed in"

[2020-07-30 17:57:15,511] {bash_operator.py:122} INFO - Output:
[2020-07-30 17:57:15,513] {bash_operator.py:126} INFO - 2020-07-30
[2020-07-30 17:57:15,513] {bash_operator.py:126} INFO - 2020-08-06
[2020-07-30 17:57:15,513] {bash_operator.py:126} INFO - Parameter I passed in
[2020-07-30 17:57:15,513] {bash_operator.py:126} INFO - 2020-07-30
[2020-07-30 17:57:15,513] {bash_operator.py:126} INFO - 2020-08-06
[2020-07-30 17:57:15,513] {bash_operator.py:126} INFO - Parameter I passed in
[2020-07-30 17:57:15,513] {bash_operator.py:126} INFO - 2020-07-30
[2020-07-30 17:57:15,514] {bash_operator.py:126} INFO - 2020-08-06
[2020-07-30 17:57:15,514] {bash_operator.py:126} INFO - Parameter I passed in
[2020-07-30 17:57:15,514] {bash_operator.py:126} INFO - 2020-07-30
[2020-07-30 17:57:15,514] {bash_operator.py:126} INFO - 2020-08-06
[2020-07-30 17:57:15,514] {bash_operator.py:126} INFO - Parameter I passed in
[2020-07-30 17:57:15,514] {bash_operator.py:126} INFO - 2020-07-30
[2020-07-30 17:57:15,514] {bash_operator.py:126} INFO - 2020-08-06
[2020-07-30 17:57:15,514] {bash_operator.py:126} INFO - Parameter I passed in
[2020-07-30 17:57:15,515] {bash_operator.py:130} INFO - Command exited with return code 0
[2020-07-30 17:57:15,547] {taskinstance.py:1048} INFO - Marking task as SUCCESS.dag_id=tutorial, task_id=templated, execution_date=20200730T175600, start_date=20200730T175715, end_date=20200730T175715
[2020-07-30 17:57:25,139] {logging_mixin.py:112} INFO - [2020-07-30 17:57:25,138] {local_task_job.py:103} INFO - Task exited with return code 0
