[2020-07-31 01:57:12,706] {taskinstance.py:655} INFO - Dependencies all met for <TaskInstance: tutorial.templated 2020-07-31T01:56:00+00:00 [queued]>
[2020-07-31 01:57:12,755] {taskinstance.py:655} INFO - Dependencies all met for <TaskInstance: tutorial.templated 2020-07-31T01:56:00+00:00 [queued]>
[2020-07-31 01:57:12,756] {taskinstance.py:866} INFO - 
--------------------------------------------------------------------------------
[2020-07-31 01:57:12,756] {taskinstance.py:867} INFO - Starting attempt 1 of 2
[2020-07-31 01:57:12,756] {taskinstance.py:868} INFO - 
--------------------------------------------------------------------------------
[2020-07-31 01:57:12,793] {taskinstance.py:887} INFO - Executing <Task(BashOperator): templated> on 2020-07-31T01:56:00+00:00
[2020-07-31 01:57:12,802] {standard_task_runner.py:53} INFO - Started process 11533 to run task
[2020-07-31 01:57:12,950] {logging_mixin.py:112} INFO - Running %s on host %s <TaskInstance: tutorial.templated 2020-07-31T01:56:00+00:00 [running]> 02f6ef7ded4c
[2020-07-31 01:57:13,041] {bash_operator.py:82} INFO - Tmp dir root location: 
 /tmp
[2020-07-31 01:57:13,043] {bash_operator.py:105} INFO - Temporary script location: /tmp/airflowtmp5yrboq5_/templatedgm9kpg3v
[2020-07-31 01:57:13,043] {bash_operator.py:115} INFO - Running command: 

    echo "2020-07-31"
    echo "2020-08-07"
    echo "Parameter I passed in"

    echo "2020-07-31"
    echo "2020-08-07"
    echo "Parameter I passed in"

    echo "2020-07-31"
    echo "2020-08-07"
    echo "Parameter I passed in"

    echo "2020-07-31"
    echo "2020-08-07"
    echo "Parameter I passed in"

    echo "2020-07-31"
    echo "2020-08-07"
    echo "Parameter I passed in"

[2020-07-31 01:57:13,062] {bash_operator.py:122} INFO - Output:
[2020-07-31 01:57:13,065] {bash_operator.py:126} INFO - 2020-07-31
[2020-07-31 01:57:13,065] {bash_operator.py:126} INFO - 2020-08-07
[2020-07-31 01:57:13,066] {bash_operator.py:126} INFO - Parameter I passed in
[2020-07-31 01:57:13,066] {bash_operator.py:126} INFO - 2020-07-31
[2020-07-31 01:57:13,066] {bash_operator.py:126} INFO - 2020-08-07
[2020-07-31 01:57:13,066] {bash_operator.py:126} INFO - Parameter I passed in
[2020-07-31 01:57:13,066] {bash_operator.py:126} INFO - 2020-07-31
[2020-07-31 01:57:13,067] {bash_operator.py:126} INFO - 2020-08-07
[2020-07-31 01:57:13,067] {bash_operator.py:126} INFO - Parameter I passed in
[2020-07-31 01:57:13,067] {bash_operator.py:126} INFO - 2020-07-31
[2020-07-31 01:57:13,068] {bash_operator.py:126} INFO - 2020-08-07
[2020-07-31 01:57:13,068] {bash_operator.py:126} INFO - Parameter I passed in
[2020-07-31 01:57:13,068] {bash_operator.py:126} INFO - 2020-07-31
[2020-07-31 01:57:13,068] {bash_operator.py:126} INFO - 2020-08-07
[2020-07-31 01:57:13,068] {bash_operator.py:126} INFO - Parameter I passed in
[2020-07-31 01:57:13,068] {bash_operator.py:130} INFO - Command exited with return code 0
[2020-07-31 01:57:13,114] {taskinstance.py:1048} INFO - Marking task as SUCCESS.dag_id=tutorial, task_id=templated, execution_date=20200731T015600, start_date=20200731T015712, end_date=20200731T015713
[2020-07-31 01:57:22,650] {logging_mixin.py:112} INFO - [2020-07-31 01:57:22,649] {local_task_job.py:103} INFO - Task exited with return code 0
