[2020-07-30 15:25:13,795] {taskinstance.py:655} INFO - Dependencies all met for <TaskInstance: tutorial.templated 2020-07-30T15:24:00+00:00 [queued]>
[2020-07-30 15:25:13,832] {taskinstance.py:655} INFO - Dependencies all met for <TaskInstance: tutorial.templated 2020-07-30T15:24:00+00:00 [queued]>
[2020-07-30 15:25:13,833] {taskinstance.py:866} INFO - 
--------------------------------------------------------------------------------
[2020-07-30 15:25:13,833] {taskinstance.py:867} INFO - Starting attempt 1 of 2
[2020-07-30 15:25:13,833] {taskinstance.py:868} INFO - 
--------------------------------------------------------------------------------
[2020-07-30 15:25:13,860] {taskinstance.py:887} INFO - Executing <Task(BashOperator): templated> on 2020-07-30T15:24:00+00:00
[2020-07-30 15:25:13,868] {standard_task_runner.py:53} INFO - Started process 952 to run task
[2020-07-30 15:25:13,985] {logging_mixin.py:112} INFO - Running %s on host %s <TaskInstance: tutorial.templated 2020-07-30T15:24:00+00:00 [running]> 02f6ef7ded4c
[2020-07-30 15:25:14,047] {bash_operator.py:82} INFO - Tmp dir root location: 
 /tmp
[2020-07-30 15:25:14,048] {bash_operator.py:105} INFO - Temporary script location: /tmp/airflowtmpeh1xwaaw/templatedf_jyn5y9
[2020-07-30 15:25:14,049] {bash_operator.py:115} INFO - Running command: 

    echo "2020-07-30"
    echo "2020-08-06"
    echo "Parameter I passed in"

    echo "2020-07-30"
    echo "2020-08-06"
    echo "Parameter I passed in"

    echo "2020-07-30"
    echo "2020-08-06"
    echo "Parameter I passed in"

    echo "2020-07-30"
    echo "2020-08-06"
    echo "Parameter I passed in"

    echo "2020-07-30"
    echo "2020-08-06"
    echo "Parameter I passed in"

[2020-07-30 15:25:14,063] {bash_operator.py:122} INFO - Output:
[2020-07-30 15:25:14,066] {bash_operator.py:126} INFO - 2020-07-30
[2020-07-30 15:25:14,066] {bash_operator.py:126} INFO - 2020-08-06
[2020-07-30 15:25:14,067] {bash_operator.py:126} INFO - Parameter I passed in
[2020-07-30 15:25:14,067] {bash_operator.py:126} INFO - 2020-07-30
[2020-07-30 15:25:14,067] {bash_operator.py:126} INFO - 2020-08-06
[2020-07-30 15:25:14,067] {bash_operator.py:126} INFO - Parameter I passed in
[2020-07-30 15:25:14,067] {bash_operator.py:126} INFO - 2020-07-30
[2020-07-30 15:25:14,067] {bash_operator.py:126} INFO - 2020-08-06
[2020-07-30 15:25:14,067] {bash_operator.py:126} INFO - Parameter I passed in
[2020-07-30 15:25:14,067] {bash_operator.py:126} INFO - 2020-07-30
[2020-07-30 15:25:14,067] {bash_operator.py:126} INFO - 2020-08-06
[2020-07-30 15:25:14,067] {bash_operator.py:126} INFO - Parameter I passed in
[2020-07-30 15:25:14,067] {bash_operator.py:126} INFO - 2020-07-30
[2020-07-30 15:25:14,067] {bash_operator.py:126} INFO - 2020-08-06
[2020-07-30 15:25:14,068] {bash_operator.py:126} INFO - Parameter I passed in
[2020-07-30 15:25:14,068] {bash_operator.py:130} INFO - Command exited with return code 0
[2020-07-30 15:25:14,093] {taskinstance.py:1048} INFO - Marking task as SUCCESS.dag_id=tutorial, task_id=templated, execution_date=20200730T152400, start_date=20200730T152513, end_date=20200730T152514
[2020-07-30 15:25:23,739] {logging_mixin.py:112} INFO - [2020-07-30 15:25:23,738] {local_task_job.py:103} INFO - Task exited with return code 0
