[2020-07-30 14:37:04,728] {taskinstance.py:655} INFO - Dependencies all met for <TaskInstance: tutorial.templated 2020-07-30T14:35:00+00:00 [queued]>
[2020-07-30 14:37:04,775] {taskinstance.py:655} INFO - Dependencies all met for <TaskInstance: tutorial.templated 2020-07-30T14:35:00+00:00 [queued]>
[2020-07-30 14:37:04,775] {taskinstance.py:866} INFO - 
--------------------------------------------------------------------------------
[2020-07-30 14:37:04,775] {taskinstance.py:867} INFO - Starting attempt 1 of 2
[2020-07-30 14:37:04,776] {taskinstance.py:868} INFO - 
--------------------------------------------------------------------------------
[2020-07-30 14:37:04,805] {taskinstance.py:887} INFO - Executing <Task(BashOperator): templated> on 2020-07-30T14:35:00+00:00
[2020-07-30 14:37:04,812] {standard_task_runner.py:53} INFO - Started process 339 to run task
[2020-07-30 14:37:04,937] {logging_mixin.py:112} INFO - Running %s on host %s <TaskInstance: tutorial.templated 2020-07-30T14:35:00+00:00 [running]> 02f6ef7ded4c
[2020-07-30 14:37:04,998] {bash_operator.py:82} INFO - Tmp dir root location: 
 /tmp
[2020-07-30 14:37:05,000] {bash_operator.py:105} INFO - Temporary script location: /tmp/airflowtmpr5gy7l3m/templated4r0ul5h8
[2020-07-30 14:37:05,000] {bash_operator.py:115} INFO - Running command: 

    echo "2020-07-30"
    echo "2020-08-06"
    echo "Parameter I passed in"

    echo "2020-07-30"
    echo "2020-08-06"
    echo "Parameter I passed in"

    echo "2020-07-30"
    echo "2020-08-06"
    echo "Parameter I passed in"

    echo "2020-07-30"
    echo "2020-08-06"
    echo "Parameter I passed in"

    echo "2020-07-30"
    echo "2020-08-06"
    echo "Parameter I passed in"

[2020-07-30 14:37:05,016] {bash_operator.py:122} INFO - Output:
[2020-07-30 14:37:05,018] {bash_operator.py:126} INFO - 2020-07-30
[2020-07-30 14:37:05,018] {bash_operator.py:126} INFO - 2020-08-06
[2020-07-30 14:37:05,018] {bash_operator.py:126} INFO - Parameter I passed in
[2020-07-30 14:37:05,018] {bash_operator.py:126} INFO - 2020-07-30
[2020-07-30 14:37:05,018] {bash_operator.py:126} INFO - 2020-08-06
[2020-07-30 14:37:05,018] {bash_operator.py:126} INFO - Parameter I passed in
[2020-07-30 14:37:05,018] {bash_operator.py:126} INFO - 2020-07-30
[2020-07-30 14:37:05,019] {bash_operator.py:126} INFO - 2020-08-06
[2020-07-30 14:37:05,019] {bash_operator.py:126} INFO - Parameter I passed in
[2020-07-30 14:37:05,019] {bash_operator.py:126} INFO - 2020-07-30
[2020-07-30 14:37:05,019] {bash_operator.py:126} INFO - 2020-08-06
[2020-07-30 14:37:05,019] {bash_operator.py:126} INFO - Parameter I passed in
[2020-07-30 14:37:05,019] {bash_operator.py:126} INFO - 2020-07-30
[2020-07-30 14:37:05,019] {bash_operator.py:126} INFO - 2020-08-06
[2020-07-30 14:37:05,019] {bash_operator.py:126} INFO - Parameter I passed in
[2020-07-30 14:37:05,019] {bash_operator.py:130} INFO - Command exited with return code 0
[2020-07-30 14:37:05,041] {taskinstance.py:1048} INFO - Marking task as SUCCESS.dag_id=tutorial, task_id=templated, execution_date=20200730T143500, start_date=20200730T143704, end_date=20200730T143705
[2020-07-30 14:37:14,683] {logging_mixin.py:112} INFO - [2020-07-30 14:37:14,682] {local_task_job.py:103} INFO - Task exited with return code 0
