[2020-07-31 01:37:11,369] {taskinstance.py:655} INFO - Dependencies all met for <TaskInstance: tutorial.templated 2020-07-31T01:36:00+00:00 [queued]>
[2020-07-31 01:37:11,419] {taskinstance.py:655} INFO - Dependencies all met for <TaskInstance: tutorial.templated 2020-07-31T01:36:00+00:00 [queued]>
[2020-07-31 01:37:11,420] {taskinstance.py:866} INFO - 
--------------------------------------------------------------------------------
[2020-07-31 01:37:11,420] {taskinstance.py:867} INFO - Starting attempt 1 of 2
[2020-07-31 01:37:11,420] {taskinstance.py:868} INFO - 
--------------------------------------------------------------------------------
[2020-07-31 01:37:11,448] {taskinstance.py:887} INFO - Executing <Task(BashOperator): templated> on 2020-07-31T01:36:00+00:00
[2020-07-31 01:37:11,460] {standard_task_runner.py:53} INFO - Started process 30296 to run task
[2020-07-31 01:37:11,572] {logging_mixin.py:112} INFO - Running %s on host %s <TaskInstance: tutorial.templated 2020-07-31T01:36:00+00:00 [running]> 02f6ef7ded4c
[2020-07-31 01:37:11,654] {bash_operator.py:82} INFO - Tmp dir root location: 
 /tmp
[2020-07-31 01:37:11,655] {bash_operator.py:105} INFO - Temporary script location: /tmp/airflowtmp9z2m_ocm/templatedhbx04j26
[2020-07-31 01:37:11,656] {bash_operator.py:115} INFO - Running command: 

    echo "2020-07-31"
    echo "2020-08-07"
    echo "Parameter I passed in"

    echo "2020-07-31"
    echo "2020-08-07"
    echo "Parameter I passed in"

    echo "2020-07-31"
    echo "2020-08-07"
    echo "Parameter I passed in"

    echo "2020-07-31"
    echo "2020-08-07"
    echo "Parameter I passed in"

    echo "2020-07-31"
    echo "2020-08-07"
    echo "Parameter I passed in"

[2020-07-31 01:37:11,676] {bash_operator.py:122} INFO - Output:
[2020-07-31 01:37:11,680] {bash_operator.py:126} INFO - 2020-07-31
[2020-07-31 01:37:11,680] {bash_operator.py:126} INFO - 2020-08-07
[2020-07-31 01:37:11,680] {bash_operator.py:126} INFO - Parameter I passed in
[2020-07-31 01:37:11,680] {bash_operator.py:126} INFO - 2020-07-31
[2020-07-31 01:37:11,680] {bash_operator.py:126} INFO - 2020-08-07
[2020-07-31 01:37:11,680] {bash_operator.py:126} INFO - Parameter I passed in
[2020-07-31 01:37:11,680] {bash_operator.py:126} INFO - 2020-07-31
[2020-07-31 01:37:11,681] {bash_operator.py:126} INFO - 2020-08-07
[2020-07-31 01:37:11,681] {bash_operator.py:126} INFO - Parameter I passed in
[2020-07-31 01:37:11,681] {bash_operator.py:126} INFO - 2020-07-31
[2020-07-31 01:37:11,681] {bash_operator.py:126} INFO - 2020-08-07
[2020-07-31 01:37:11,681] {bash_operator.py:126} INFO - Parameter I passed in
[2020-07-31 01:37:11,681] {bash_operator.py:126} INFO - 2020-07-31
[2020-07-31 01:37:11,681] {bash_operator.py:126} INFO - 2020-08-07
[2020-07-31 01:37:11,681] {bash_operator.py:126} INFO - Parameter I passed in
[2020-07-31 01:37:11,682] {bash_operator.py:130} INFO - Command exited with return code 0
[2020-07-31 01:37:11,707] {taskinstance.py:1048} INFO - Marking task as SUCCESS.dag_id=tutorial, task_id=templated, execution_date=20200731T013600, start_date=20200731T013711, end_date=20200731T013711
[2020-07-31 01:37:21,324] {logging_mixin.py:112} INFO - [2020-07-31 01:37:21,323] {local_task_job.py:103} INFO - Task exited with return code 0
