[2020-07-31 03:53:12,719] {taskinstance.py:655} INFO - Dependencies all met for <TaskInstance: tutorial.templated 2020-07-31T03:52:00+00:00 [queued]>
[2020-07-31 03:53:12,767] {taskinstance.py:655} INFO - Dependencies all met for <TaskInstance: tutorial.templated 2020-07-31T03:52:00+00:00 [queued]>
[2020-07-31 03:53:12,767] {taskinstance.py:866} INFO - 
--------------------------------------------------------------------------------
[2020-07-31 03:53:12,767] {taskinstance.py:867} INFO - Starting attempt 1 of 2
[2020-07-31 03:53:12,768] {taskinstance.py:868} INFO - 
--------------------------------------------------------------------------------
[2020-07-31 03:53:12,798] {taskinstance.py:887} INFO - Executing <Task(BashOperator): templated> on 2020-07-31T03:52:00+00:00
[2020-07-31 03:53:12,804] {standard_task_runner.py:53} INFO - Started process 25986 to run task
[2020-07-31 03:53:12,944] {logging_mixin.py:112} INFO - Running %s on host %s <TaskInstance: tutorial.templated 2020-07-31T03:52:00+00:00 [running]> 02f6ef7ded4c
[2020-07-31 03:53:13,004] {bash_operator.py:82} INFO - Tmp dir root location: 
 /tmp
[2020-07-31 03:53:13,005] {bash_operator.py:105} INFO - Temporary script location: /tmp/airflowtmp2br_foyy/templatedfqtxkrgg
[2020-07-31 03:53:13,006] {bash_operator.py:115} INFO - Running command: 

    echo "2020-07-31"
    echo "2020-08-07"
    echo "Parameter I passed in"

    echo "2020-07-31"
    echo "2020-08-07"
    echo "Parameter I passed in"

    echo "2020-07-31"
    echo "2020-08-07"
    echo "Parameter I passed in"

    echo "2020-07-31"
    echo "2020-08-07"
    echo "Parameter I passed in"

    echo "2020-07-31"
    echo "2020-08-07"
    echo "Parameter I passed in"

[2020-07-31 03:53:13,021] {bash_operator.py:122} INFO - Output:
[2020-07-31 03:53:13,024] {bash_operator.py:126} INFO - 2020-07-31
[2020-07-31 03:53:13,024] {bash_operator.py:126} INFO - 2020-08-07
[2020-07-31 03:53:13,025] {bash_operator.py:126} INFO - Parameter I passed in
[2020-07-31 03:53:13,025] {bash_operator.py:126} INFO - 2020-07-31
[2020-07-31 03:53:13,025] {bash_operator.py:126} INFO - 2020-08-07
[2020-07-31 03:53:13,025] {bash_operator.py:126} INFO - Parameter I passed in
[2020-07-31 03:53:13,025] {bash_operator.py:126} INFO - 2020-07-31
[2020-07-31 03:53:13,025] {bash_operator.py:126} INFO - 2020-08-07
[2020-07-31 03:53:13,025] {bash_operator.py:126} INFO - Parameter I passed in
[2020-07-31 03:53:13,025] {bash_operator.py:126} INFO - 2020-07-31
[2020-07-31 03:53:13,025] {bash_operator.py:126} INFO - 2020-08-07
[2020-07-31 03:53:13,025] {bash_operator.py:126} INFO - Parameter I passed in
[2020-07-31 03:53:13,025] {bash_operator.py:126} INFO - 2020-07-31
[2020-07-31 03:53:13,025] {bash_operator.py:126} INFO - 2020-08-07
[2020-07-31 03:53:13,025] {bash_operator.py:126} INFO - Parameter I passed in
[2020-07-31 03:53:13,026] {bash_operator.py:130} INFO - Command exited with return code 0
[2020-07-31 03:53:13,056] {taskinstance.py:1048} INFO - Marking task as SUCCESS.dag_id=tutorial, task_id=templated, execution_date=20200731T035200, start_date=20200731T035312, end_date=20200731T035313
[2020-07-31 03:53:22,678] {logging_mixin.py:112} INFO - [2020-07-31 03:53:22,677] {local_task_job.py:103} INFO - Task exited with return code 0
