[2020-07-30 14:37:50,645] {taskinstance.py:655} INFO - Dependencies all met for <TaskInstance: tutorial.templated 2020-07-30T14:37:41.893507+00:00 [queued]>
[2020-07-30 14:37:50,689] {taskinstance.py:655} INFO - Dependencies all met for <TaskInstance: tutorial.templated 2020-07-30T14:37:41.893507+00:00 [queued]>
[2020-07-30 14:37:50,689] {taskinstance.py:866} INFO - 
--------------------------------------------------------------------------------
[2020-07-30 14:37:50,689] {taskinstance.py:867} INFO - Starting attempt 1 of 2
[2020-07-30 14:37:50,690] {taskinstance.py:868} INFO - 
--------------------------------------------------------------------------------
[2020-07-30 14:37:50,719] {taskinstance.py:887} INFO - Executing <Task(BashOperator): templated> on 2020-07-30T14:37:41.893507+00:00
[2020-07-30 14:37:50,726] {standard_task_runner.py:53} INFO - Started process 908 to run task
[2020-07-30 14:37:50,859] {logging_mixin.py:112} INFO - Running %s on host %s <TaskInstance: tutorial.templated 2020-07-30T14:37:41.893507+00:00 [running]> 02f6ef7ded4c
[2020-07-30 14:37:50,925] {bash_operator.py:82} INFO - Tmp dir root location: 
 /tmp
[2020-07-30 14:37:50,927] {bash_operator.py:105} INFO - Temporary script location: /tmp/airflowtmp89d2txto/templatedqh4oskix
[2020-07-30 14:37:50,927] {bash_operator.py:115} INFO - Running command: 

    echo "2020-07-30"
    echo "2020-08-06"
    echo "Parameter I passed in"

    echo "2020-07-30"
    echo "2020-08-06"
    echo "Parameter I passed in"

    echo "2020-07-30"
    echo "2020-08-06"
    echo "Parameter I passed in"

    echo "2020-07-30"
    echo "2020-08-06"
    echo "Parameter I passed in"

    echo "2020-07-30"
    echo "2020-08-06"
    echo "Parameter I passed in"

[2020-07-30 14:37:50,946] {bash_operator.py:122} INFO - Output:
[2020-07-30 14:37:50,949] {bash_operator.py:126} INFO - 2020-07-30
[2020-07-30 14:37:50,950] {bash_operator.py:126} INFO - 2020-08-06
[2020-07-30 14:37:50,950] {bash_operator.py:126} INFO - Parameter I passed in
[2020-07-30 14:37:50,950] {bash_operator.py:126} INFO - 2020-07-30
[2020-07-30 14:37:50,950] {bash_operator.py:126} INFO - 2020-08-06
[2020-07-30 14:37:50,950] {bash_operator.py:126} INFO - Parameter I passed in
[2020-07-30 14:37:50,950] {bash_operator.py:126} INFO - 2020-07-30
[2020-07-30 14:37:50,950] {bash_operator.py:126} INFO - 2020-08-06
[2020-07-30 14:37:50,950] {bash_operator.py:126} INFO - Parameter I passed in
[2020-07-30 14:37:50,951] {bash_operator.py:126} INFO - 2020-07-30
[2020-07-30 14:37:50,951] {bash_operator.py:126} INFO - 2020-08-06
[2020-07-30 14:37:50,951] {bash_operator.py:126} INFO - Parameter I passed in
[2020-07-30 14:37:50,951] {bash_operator.py:126} INFO - 2020-07-30
[2020-07-30 14:37:50,951] {bash_operator.py:126} INFO - 2020-08-06
[2020-07-30 14:37:50,951] {bash_operator.py:126} INFO - Parameter I passed in
[2020-07-30 14:37:50,951] {bash_operator.py:130} INFO - Command exited with return code 0
[2020-07-30 14:37:50,980] {taskinstance.py:1048} INFO - Marking task as SUCCESS.dag_id=tutorial, task_id=templated, execution_date=20200730T143741, start_date=20200730T143750, end_date=20200730T143750
[2020-07-30 14:38:00,591] {logging_mixin.py:112} INFO - [2020-07-30 14:38:00,590] {local_task_job.py:103} INFO - Task exited with return code 0
