[2020-07-30 23:18:15,579] {taskinstance.py:655} INFO - Dependencies all met for <TaskInstance: tutorial.templated 2020-07-30T23:17:00+00:00 [queued]>
[2020-07-30 23:18:15,638] {taskinstance.py:655} INFO - Dependencies all met for <TaskInstance: tutorial.templated 2020-07-30T23:17:00+00:00 [queued]>
[2020-07-30 23:18:15,638] {taskinstance.py:866} INFO - 
--------------------------------------------------------------------------------
[2020-07-30 23:18:15,638] {taskinstance.py:867} INFO - Starting attempt 1 of 2
[2020-07-30 23:18:15,638] {taskinstance.py:868} INFO - 
--------------------------------------------------------------------------------
[2020-07-30 23:18:15,660] {taskinstance.py:887} INFO - Executing <Task(BashOperator): templated> on 2020-07-30T23:17:00+00:00
[2020-07-30 23:18:15,668] {standard_task_runner.py:53} INFO - Started process 32592 to run task
[2020-07-30 23:18:15,802] {logging_mixin.py:112} INFO - Running %s on host %s <TaskInstance: tutorial.templated 2020-07-30T23:17:00+00:00 [running]> 02f6ef7ded4c
[2020-07-30 23:18:15,871] {bash_operator.py:82} INFO - Tmp dir root location: 
 /tmp
[2020-07-30 23:18:15,872] {bash_operator.py:105} INFO - Temporary script location: /tmp/airflowtmpybgjtm5w/templatedukqu0utz
[2020-07-30 23:18:15,872] {bash_operator.py:115} INFO - Running command: 

    echo "2020-07-30"
    echo "2020-08-06"
    echo "Parameter I passed in"

    echo "2020-07-30"
    echo "2020-08-06"
    echo "Parameter I passed in"

    echo "2020-07-30"
    echo "2020-08-06"
    echo "Parameter I passed in"

    echo "2020-07-30"
    echo "2020-08-06"
    echo "Parameter I passed in"

    echo "2020-07-30"
    echo "2020-08-06"
    echo "Parameter I passed in"

[2020-07-30 23:18:15,887] {bash_operator.py:122} INFO - Output:
[2020-07-30 23:18:15,889] {bash_operator.py:126} INFO - 2020-07-30
[2020-07-30 23:18:15,889] {bash_operator.py:126} INFO - 2020-08-06
[2020-07-30 23:18:15,889] {bash_operator.py:126} INFO - Parameter I passed in
[2020-07-30 23:18:15,890] {bash_operator.py:126} INFO - 2020-07-30
[2020-07-30 23:18:15,890] {bash_operator.py:126} INFO - 2020-08-06
[2020-07-30 23:18:15,890] {bash_operator.py:126} INFO - Parameter I passed in
[2020-07-30 23:18:15,890] {bash_operator.py:126} INFO - 2020-07-30
[2020-07-30 23:18:15,890] {bash_operator.py:126} INFO - 2020-08-06
[2020-07-30 23:18:15,890] {bash_operator.py:126} INFO - Parameter I passed in
[2020-07-30 23:18:15,890] {bash_operator.py:126} INFO - 2020-07-30
[2020-07-30 23:18:15,890] {bash_operator.py:126} INFO - 2020-08-06
[2020-07-30 23:18:15,890] {bash_operator.py:126} INFO - Parameter I passed in
[2020-07-30 23:18:15,890] {bash_operator.py:126} INFO - 2020-07-30
[2020-07-30 23:18:15,890] {bash_operator.py:126} INFO - 2020-08-06
[2020-07-30 23:18:15,890] {bash_operator.py:126} INFO - Parameter I passed in
[2020-07-30 23:18:15,891] {bash_operator.py:130} INFO - Command exited with return code 0
[2020-07-30 23:18:15,918] {taskinstance.py:1048} INFO - Marking task as SUCCESS.dag_id=tutorial, task_id=templated, execution_date=20200730T231700, start_date=20200730T231815, end_date=20200730T231815
[2020-07-30 23:18:25,535] {logging_mixin.py:112} INFO - [2020-07-30 23:18:25,534] {local_task_job.py:103} INFO - Task exited with return code 0
