[2020-07-30 22:54:13,943] {taskinstance.py:655} INFO - Dependencies all met for <TaskInstance: tutorial.templated 2020-07-30T22:53:00+00:00 [queued]>
[2020-07-30 22:54:13,988] {taskinstance.py:655} INFO - Dependencies all met for <TaskInstance: tutorial.templated 2020-07-30T22:53:00+00:00 [queued]>
[2020-07-30 22:54:13,988] {taskinstance.py:866} INFO - 
--------------------------------------------------------------------------------
[2020-07-30 22:54:13,988] {taskinstance.py:867} INFO - Starting attempt 1 of 2
[2020-07-30 22:54:13,989] {taskinstance.py:868} INFO - 
--------------------------------------------------------------------------------
[2020-07-30 22:54:14,015] {taskinstance.py:887} INFO - Executing <Task(BashOperator): templated> on 2020-07-30T22:53:00+00:00
[2020-07-30 22:54:14,021] {standard_task_runner.py:53} INFO - Started process 16152 to run task
[2020-07-30 22:54:14,153] {logging_mixin.py:112} INFO - Running %s on host %s <TaskInstance: tutorial.templated 2020-07-30T22:53:00+00:00 [running]> 02f6ef7ded4c
[2020-07-30 22:54:14,223] {bash_operator.py:82} INFO - Tmp dir root location: 
 /tmp
[2020-07-30 22:54:14,225] {bash_operator.py:105} INFO - Temporary script location: /tmp/airflowtmpy1dss0wg/templatedlwk82_1f
[2020-07-30 22:54:14,225] {bash_operator.py:115} INFO - Running command: 

    echo "2020-07-30"
    echo "2020-08-06"
    echo "Parameter I passed in"

    echo "2020-07-30"
    echo "2020-08-06"
    echo "Parameter I passed in"

    echo "2020-07-30"
    echo "2020-08-06"
    echo "Parameter I passed in"

    echo "2020-07-30"
    echo "2020-08-06"
    echo "Parameter I passed in"

    echo "2020-07-30"
    echo "2020-08-06"
    echo "Parameter I passed in"

[2020-07-30 22:54:14,241] {bash_operator.py:122} INFO - Output:
[2020-07-30 22:54:14,244] {bash_operator.py:126} INFO - 2020-07-30
[2020-07-30 22:54:14,244] {bash_operator.py:126} INFO - 2020-08-06
[2020-07-30 22:54:14,244] {bash_operator.py:126} INFO - Parameter I passed in
[2020-07-30 22:54:14,244] {bash_operator.py:126} INFO - 2020-07-30
[2020-07-30 22:54:14,244] {bash_operator.py:126} INFO - 2020-08-06
[2020-07-30 22:54:14,244] {bash_operator.py:126} INFO - Parameter I passed in
[2020-07-30 22:54:14,244] {bash_operator.py:126} INFO - 2020-07-30
[2020-07-30 22:54:14,244] {bash_operator.py:126} INFO - 2020-08-06
[2020-07-30 22:54:14,244] {bash_operator.py:126} INFO - Parameter I passed in
[2020-07-30 22:54:14,244] {bash_operator.py:126} INFO - 2020-07-30
[2020-07-30 22:54:14,244] {bash_operator.py:126} INFO - 2020-08-06
[2020-07-30 22:54:14,244] {bash_operator.py:126} INFO - Parameter I passed in
[2020-07-30 22:54:14,244] {bash_operator.py:126} INFO - 2020-07-30
[2020-07-30 22:54:14,244] {bash_operator.py:126} INFO - 2020-08-06
[2020-07-30 22:54:14,244] {bash_operator.py:126} INFO - Parameter I passed in
[2020-07-30 22:54:14,245] {bash_operator.py:130} INFO - Command exited with return code 0
[2020-07-30 22:54:14,270] {taskinstance.py:1048} INFO - Marking task as SUCCESS.dag_id=tutorial, task_id=templated, execution_date=20200730T225300, start_date=20200730T225413, end_date=20200730T225414
[2020-07-30 22:54:23,911] {logging_mixin.py:112} INFO - [2020-07-30 22:54:23,910] {local_task_job.py:103} INFO - Task exited with return code 0
