[2020-07-31 04:10:14,186] {taskinstance.py:655} INFO - Dependencies all met for <TaskInstance: tutorial.templated 2020-07-31T04:09:00+00:00 [queued]>
[2020-07-31 04:10:14,230] {taskinstance.py:655} INFO - Dependencies all met for <TaskInstance: tutorial.templated 2020-07-31T04:09:00+00:00 [queued]>
[2020-07-31 04:10:14,231] {taskinstance.py:866} INFO - 
--------------------------------------------------------------------------------
[2020-07-31 04:10:14,231] {taskinstance.py:867} INFO - Starting attempt 1 of 2
[2020-07-31 04:10:14,231] {taskinstance.py:868} INFO - 
--------------------------------------------------------------------------------
[2020-07-31 04:10:14,261] {taskinstance.py:887} INFO - Executing <Task(BashOperator): templated> on 2020-07-31T04:09:00+00:00
[2020-07-31 04:10:14,272] {standard_task_runner.py:53} INFO - Started process 5165 to run task
[2020-07-31 04:10:14,406] {logging_mixin.py:112} INFO - Running %s on host %s <TaskInstance: tutorial.templated 2020-07-31T04:09:00+00:00 [running]> 02f6ef7ded4c
[2020-07-31 04:10:14,470] {bash_operator.py:82} INFO - Tmp dir root location: 
 /tmp
[2020-07-31 04:10:14,472] {bash_operator.py:105} INFO - Temporary script location: /tmp/airflowtmpqh2bx8es/templatedxbwtperg
[2020-07-31 04:10:14,472] {bash_operator.py:115} INFO - Running command: 

    echo "2020-07-31"
    echo "2020-08-07"
    echo "Parameter I passed in"

    echo "2020-07-31"
    echo "2020-08-07"
    echo "Parameter I passed in"

    echo "2020-07-31"
    echo "2020-08-07"
    echo "Parameter I passed in"

    echo "2020-07-31"
    echo "2020-08-07"
    echo "Parameter I passed in"

    echo "2020-07-31"
    echo "2020-08-07"
    echo "Parameter I passed in"

[2020-07-31 04:10:14,489] {bash_operator.py:122} INFO - Output:
[2020-07-31 04:10:14,491] {bash_operator.py:126} INFO - 2020-07-31
[2020-07-31 04:10:14,491] {bash_operator.py:126} INFO - 2020-08-07
[2020-07-31 04:10:14,492] {bash_operator.py:126} INFO - Parameter I passed in
[2020-07-31 04:10:14,492] {bash_operator.py:126} INFO - 2020-07-31
[2020-07-31 04:10:14,492] {bash_operator.py:126} INFO - 2020-08-07
[2020-07-31 04:10:14,492] {bash_operator.py:126} INFO - Parameter I passed in
[2020-07-31 04:10:14,492] {bash_operator.py:126} INFO - 2020-07-31
[2020-07-31 04:10:14,492] {bash_operator.py:126} INFO - 2020-08-07
[2020-07-31 04:10:14,492] {bash_operator.py:126} INFO - Parameter I passed in
[2020-07-31 04:10:14,492] {bash_operator.py:126} INFO - 2020-07-31
[2020-07-31 04:10:14,492] {bash_operator.py:126} INFO - 2020-08-07
[2020-07-31 04:10:14,492] {bash_operator.py:126} INFO - Parameter I passed in
[2020-07-31 04:10:14,493] {bash_operator.py:126} INFO - 2020-07-31
[2020-07-31 04:10:14,493] {bash_operator.py:126} INFO - 2020-08-07
[2020-07-31 04:10:14,493] {bash_operator.py:126} INFO - Parameter I passed in
[2020-07-31 04:10:14,493] {bash_operator.py:130} INFO - Command exited with return code 0
[2020-07-31 04:10:14,520] {taskinstance.py:1048} INFO - Marking task as SUCCESS.dag_id=tutorial, task_id=templated, execution_date=20200731T040900, start_date=20200731T041014, end_date=20200731T041014
[2020-07-31 04:10:24,137] {logging_mixin.py:112} INFO - [2020-07-31 04:10:24,137] {local_task_job.py:103} INFO - Task exited with return code 0
