[2020-07-31 01:27:10,672] {taskinstance.py:655} INFO - Dependencies all met for <TaskInstance: tutorial.templated 2020-07-31T01:26:00+00:00 [queued]>
[2020-07-31 01:27:10,732] {taskinstance.py:655} INFO - Dependencies all met for <TaskInstance: tutorial.templated 2020-07-31T01:26:00+00:00 [queued]>
[2020-07-31 01:27:10,733] {taskinstance.py:866} INFO - 
--------------------------------------------------------------------------------
[2020-07-31 01:27:10,733] {taskinstance.py:867} INFO - Starting attempt 1 of 2
[2020-07-31 01:27:10,733] {taskinstance.py:868} INFO - 
--------------------------------------------------------------------------------
[2020-07-31 01:27:10,757] {taskinstance.py:887} INFO - Executing <Task(BashOperator): templated> on 2020-07-31T01:26:00+00:00
[2020-07-31 01:27:10,764] {standard_task_runner.py:53} INFO - Started process 23451 to run task
[2020-07-31 01:27:10,904] {logging_mixin.py:112} INFO - Running %s on host %s <TaskInstance: tutorial.templated 2020-07-31T01:26:00+00:00 [running]> 02f6ef7ded4c
[2020-07-31 01:27:10,961] {bash_operator.py:82} INFO - Tmp dir root location: 
 /tmp
[2020-07-31 01:27:10,962] {bash_operator.py:105} INFO - Temporary script location: /tmp/airflowtmpx3lhzmjp/templated5cttsmy7
[2020-07-31 01:27:10,963] {bash_operator.py:115} INFO - Running command: 

    echo "2020-07-31"
    echo "2020-08-07"
    echo "Parameter I passed in"

    echo "2020-07-31"
    echo "2020-08-07"
    echo "Parameter I passed in"

    echo "2020-07-31"
    echo "2020-08-07"
    echo "Parameter I passed in"

    echo "2020-07-31"
    echo "2020-08-07"
    echo "Parameter I passed in"

    echo "2020-07-31"
    echo "2020-08-07"
    echo "Parameter I passed in"

[2020-07-31 01:27:10,981] {bash_operator.py:122} INFO - Output:
[2020-07-31 01:27:10,986] {bash_operator.py:126} INFO - 2020-07-31
[2020-07-31 01:27:10,986] {bash_operator.py:126} INFO - 2020-08-07
[2020-07-31 01:27:10,987] {bash_operator.py:126} INFO - Parameter I passed in
[2020-07-31 01:27:10,987] {bash_operator.py:126} INFO - 2020-07-31
[2020-07-31 01:27:10,987] {bash_operator.py:126} INFO - 2020-08-07
[2020-07-31 01:27:10,987] {bash_operator.py:126} INFO - Parameter I passed in
[2020-07-31 01:27:10,987] {bash_operator.py:126} INFO - 2020-07-31
[2020-07-31 01:27:10,987] {bash_operator.py:126} INFO - 2020-08-07
[2020-07-31 01:27:10,987] {bash_operator.py:126} INFO - Parameter I passed in
[2020-07-31 01:27:10,987] {bash_operator.py:126} INFO - 2020-07-31
[2020-07-31 01:27:10,987] {bash_operator.py:126} INFO - 2020-08-07
[2020-07-31 01:27:10,987] {bash_operator.py:126} INFO - Parameter I passed in
[2020-07-31 01:27:10,987] {bash_operator.py:126} INFO - 2020-07-31
[2020-07-31 01:27:10,987] {bash_operator.py:126} INFO - 2020-08-07
[2020-07-31 01:27:10,987] {bash_operator.py:126} INFO - Parameter I passed in
[2020-07-31 01:27:10,988] {bash_operator.py:130} INFO - Command exited with return code 0
[2020-07-31 01:27:11,013] {taskinstance.py:1048} INFO - Marking task as SUCCESS.dag_id=tutorial, task_id=templated, execution_date=20200731T012600, start_date=20200731T012710, end_date=20200731T012711
[2020-07-31 01:27:20,615] {logging_mixin.py:112} INFO - [2020-07-31 01:27:20,614] {local_task_job.py:103} INFO - Task exited with return code 0
