[2020-07-30 16:04:12,684] {taskinstance.py:655} INFO - Dependencies all met for <TaskInstance: tutorial.templated 2020-07-30T16:03:00+00:00 [queued]>
[2020-07-30 16:04:12,743] {taskinstance.py:655} INFO - Dependencies all met for <TaskInstance: tutorial.templated 2020-07-30T16:03:00+00:00 [queued]>
[2020-07-30 16:04:12,743] {taskinstance.py:866} INFO - 
--------------------------------------------------------------------------------
[2020-07-30 16:04:12,744] {taskinstance.py:867} INFO - Starting attempt 1 of 2
[2020-07-30 16:04:12,744] {taskinstance.py:868} INFO - 
--------------------------------------------------------------------------------
[2020-07-30 16:04:12,767] {taskinstance.py:887} INFO - Executing <Task(BashOperator): templated> on 2020-07-30T16:03:00+00:00
[2020-07-30 16:04:12,775] {standard_task_runner.py:53} INFO - Started process 27650 to run task
[2020-07-30 16:04:12,900] {logging_mixin.py:112} INFO - Running %s on host %s <TaskInstance: tutorial.templated 2020-07-30T16:03:00+00:00 [running]> 02f6ef7ded4c
[2020-07-30 16:04:12,966] {bash_operator.py:82} INFO - Tmp dir root location: 
 /tmp
[2020-07-30 16:04:12,968] {bash_operator.py:105} INFO - Temporary script location: /tmp/airflowtmpwv05qvez/templated3qpgst8p
[2020-07-30 16:04:12,968] {bash_operator.py:115} INFO - Running command: 

    echo "2020-07-30"
    echo "2020-08-06"
    echo "Parameter I passed in"

    echo "2020-07-30"
    echo "2020-08-06"
    echo "Parameter I passed in"

    echo "2020-07-30"
    echo "2020-08-06"
    echo "Parameter I passed in"

    echo "2020-07-30"
    echo "2020-08-06"
    echo "Parameter I passed in"

    echo "2020-07-30"
    echo "2020-08-06"
    echo "Parameter I passed in"

[2020-07-30 16:04:12,984] {bash_operator.py:122} INFO - Output:
[2020-07-30 16:04:12,986] {bash_operator.py:126} INFO - 2020-07-30
[2020-07-30 16:04:12,986] {bash_operator.py:126} INFO - 2020-08-06
[2020-07-30 16:04:12,986] {bash_operator.py:126} INFO - Parameter I passed in
[2020-07-30 16:04:12,986] {bash_operator.py:126} INFO - 2020-07-30
[2020-07-30 16:04:12,986] {bash_operator.py:126} INFO - 2020-08-06
[2020-07-30 16:04:12,986] {bash_operator.py:126} INFO - Parameter I passed in
[2020-07-30 16:04:12,986] {bash_operator.py:126} INFO - 2020-07-30
[2020-07-30 16:04:12,986] {bash_operator.py:126} INFO - 2020-08-06
[2020-07-30 16:04:12,986] {bash_operator.py:126} INFO - Parameter I passed in
[2020-07-30 16:04:12,987] {bash_operator.py:126} INFO - 2020-07-30
[2020-07-30 16:04:12,987] {bash_operator.py:126} INFO - 2020-08-06
[2020-07-30 16:04:12,987] {bash_operator.py:126} INFO - Parameter I passed in
[2020-07-30 16:04:12,987] {bash_operator.py:126} INFO - 2020-07-30
[2020-07-30 16:04:12,987] {bash_operator.py:126} INFO - 2020-08-06
[2020-07-30 16:04:12,987] {bash_operator.py:126} INFO - Parameter I passed in
[2020-07-30 16:04:12,987] {bash_operator.py:130} INFO - Command exited with return code 0
[2020-07-30 16:04:13,008] {taskinstance.py:1048} INFO - Marking task as SUCCESS.dag_id=tutorial, task_id=templated, execution_date=20200730T160300, start_date=20200730T160412, end_date=20200730T160413
[2020-07-30 16:04:22,632] {logging_mixin.py:112} INFO - [2020-07-30 16:04:22,632] {local_task_job.py:103} INFO - Task exited with return code 0
