[2020-07-30 23:37:14,909] {taskinstance.py:655} INFO - Dependencies all met for <TaskInstance: tutorial.templated 2020-07-30T23:36:00+00:00 [queued]>
[2020-07-30 23:37:14,958] {taskinstance.py:655} INFO - Dependencies all met for <TaskInstance: tutorial.templated 2020-07-30T23:36:00+00:00 [queued]>
[2020-07-30 23:37:14,958] {taskinstance.py:866} INFO - 
--------------------------------------------------------------------------------
[2020-07-30 23:37:14,959] {taskinstance.py:867} INFO - Starting attempt 1 of 2
[2020-07-30 23:37:14,959] {taskinstance.py:868} INFO - 
--------------------------------------------------------------------------------
[2020-07-30 23:37:14,986] {taskinstance.py:887} INFO - Executing <Task(BashOperator): templated> on 2020-07-30T23:36:00+00:00
[2020-07-30 23:37:14,994] {standard_task_runner.py:53} INFO - Started process 13126 to run task
[2020-07-30 23:37:15,113] {logging_mixin.py:112} INFO - Running %s on host %s <TaskInstance: tutorial.templated 2020-07-30T23:36:00+00:00 [running]> 02f6ef7ded4c
[2020-07-30 23:37:15,169] {bash_operator.py:82} INFO - Tmp dir root location: 
 /tmp
[2020-07-30 23:37:15,171] {bash_operator.py:105} INFO - Temporary script location: /tmp/airflowtmpeokw8c4y/templatedq22xk92x
[2020-07-30 23:37:15,171] {bash_operator.py:115} INFO - Running command: 

    echo "2020-07-30"
    echo "2020-08-06"
    echo "Parameter I passed in"

    echo "2020-07-30"
    echo "2020-08-06"
    echo "Parameter I passed in"

    echo "2020-07-30"
    echo "2020-08-06"
    echo "Parameter I passed in"

    echo "2020-07-30"
    echo "2020-08-06"
    echo "Parameter I passed in"

    echo "2020-07-30"
    echo "2020-08-06"
    echo "Parameter I passed in"

[2020-07-30 23:37:15,185] {bash_operator.py:122} INFO - Output:
[2020-07-30 23:37:15,188] {bash_operator.py:126} INFO - 2020-07-30
[2020-07-30 23:37:15,188] {bash_operator.py:126} INFO - 2020-08-06
[2020-07-30 23:37:15,188] {bash_operator.py:126} INFO - Parameter I passed in
[2020-07-30 23:37:15,188] {bash_operator.py:126} INFO - 2020-07-30
[2020-07-30 23:37:15,188] {bash_operator.py:126} INFO - 2020-08-06
[2020-07-30 23:37:15,188] {bash_operator.py:126} INFO - Parameter I passed in
[2020-07-30 23:37:15,188] {bash_operator.py:126} INFO - 2020-07-30
[2020-07-30 23:37:15,188] {bash_operator.py:126} INFO - 2020-08-06
[2020-07-30 23:37:15,188] {bash_operator.py:126} INFO - Parameter I passed in
[2020-07-30 23:37:15,188] {bash_operator.py:126} INFO - 2020-07-30
[2020-07-30 23:37:15,188] {bash_operator.py:126} INFO - 2020-08-06
[2020-07-30 23:37:15,188] {bash_operator.py:126} INFO - Parameter I passed in
[2020-07-30 23:37:15,188] {bash_operator.py:126} INFO - 2020-07-30
[2020-07-30 23:37:15,189] {bash_operator.py:126} INFO - 2020-08-06
[2020-07-30 23:37:15,189] {bash_operator.py:126} INFO - Parameter I passed in
[2020-07-30 23:37:15,189] {bash_operator.py:130} INFO - Command exited with return code 0
[2020-07-30 23:37:15,213] {taskinstance.py:1048} INFO - Marking task as SUCCESS.dag_id=tutorial, task_id=templated, execution_date=20200730T233600, start_date=20200730T233714, end_date=20200730T233715
[2020-07-30 23:37:24,851] {logging_mixin.py:112} INFO - [2020-07-30 23:37:24,850] {local_task_job.py:103} INFO - Task exited with return code 0
