[2020-07-31 00:20:12,102] {taskinstance.py:655} INFO - Dependencies all met for <TaskInstance: tutorial.templated 2020-07-31T00:19:00+00:00 [queued]>
[2020-07-31 00:20:12,159] {taskinstance.py:655} INFO - Dependencies all met for <TaskInstance: tutorial.templated 2020-07-31T00:19:00+00:00 [queued]>
[2020-07-31 00:20:12,160] {taskinstance.py:866} INFO - 
--------------------------------------------------------------------------------
[2020-07-31 00:20:12,160] {taskinstance.py:867} INFO - Starting attempt 1 of 2
[2020-07-31 00:20:12,160] {taskinstance.py:868} INFO - 
--------------------------------------------------------------------------------
[2020-07-31 00:20:12,178] {taskinstance.py:887} INFO - Executing <Task(BashOperator): templated> on 2020-07-31T00:19:00+00:00
[2020-07-31 00:20:12,186] {standard_task_runner.py:53} INFO - Started process 10065 to run task
[2020-07-31 00:20:12,318] {logging_mixin.py:112} INFO - Running %s on host %s <TaskInstance: tutorial.templated 2020-07-31T00:19:00+00:00 [running]> 02f6ef7ded4c
[2020-07-31 00:20:12,376] {bash_operator.py:82} INFO - Tmp dir root location: 
 /tmp
[2020-07-31 00:20:12,377] {bash_operator.py:105} INFO - Temporary script location: /tmp/airflowtmp9_sfxrx_/templated2ediz0d9
[2020-07-31 00:20:12,378] {bash_operator.py:115} INFO - Running command: 

    echo "2020-07-31"
    echo "2020-08-07"
    echo "Parameter I passed in"

    echo "2020-07-31"
    echo "2020-08-07"
    echo "Parameter I passed in"

    echo "2020-07-31"
    echo "2020-08-07"
    echo "Parameter I passed in"

    echo "2020-07-31"
    echo "2020-08-07"
    echo "Parameter I passed in"

    echo "2020-07-31"
    echo "2020-08-07"
    echo "Parameter I passed in"

[2020-07-31 00:20:12,396] {bash_operator.py:122} INFO - Output:
[2020-07-31 00:20:12,399] {bash_operator.py:126} INFO - 2020-07-31
[2020-07-31 00:20:12,399] {bash_operator.py:126} INFO - 2020-08-07
[2020-07-31 00:20:12,399] {bash_operator.py:126} INFO - Parameter I passed in
[2020-07-31 00:20:12,399] {bash_operator.py:126} INFO - 2020-07-31
[2020-07-31 00:20:12,399] {bash_operator.py:126} INFO - 2020-08-07
[2020-07-31 00:20:12,399] {bash_operator.py:126} INFO - Parameter I passed in
[2020-07-31 00:20:12,399] {bash_operator.py:126} INFO - 2020-07-31
[2020-07-31 00:20:12,399] {bash_operator.py:126} INFO - 2020-08-07
[2020-07-31 00:20:12,399] {bash_operator.py:126} INFO - Parameter I passed in
[2020-07-31 00:20:12,399] {bash_operator.py:126} INFO - 2020-07-31
[2020-07-31 00:20:12,399] {bash_operator.py:126} INFO - 2020-08-07
[2020-07-31 00:20:12,400] {bash_operator.py:126} INFO - Parameter I passed in
[2020-07-31 00:20:12,400] {bash_operator.py:126} INFO - 2020-07-31
[2020-07-31 00:20:12,400] {bash_operator.py:126} INFO - 2020-08-07
[2020-07-31 00:20:12,400] {bash_operator.py:126} INFO - Parameter I passed in
[2020-07-31 00:20:12,400] {bash_operator.py:130} INFO - Command exited with return code 0
[2020-07-31 00:20:12,429] {taskinstance.py:1048} INFO - Marking task as SUCCESS.dag_id=tutorial, task_id=templated, execution_date=20200731T001900, start_date=20200731T002012, end_date=20200731T002012
[2020-07-31 00:20:22,063] {logging_mixin.py:112} INFO - [2020-07-31 00:20:22,062] {local_task_job.py:103} INFO - Task exited with return code 0
