[2020-07-30 15:29:14,533] {taskinstance.py:655} INFO - Dependencies all met for <TaskInstance: tutorial.templated 2020-07-30T15:28:00+00:00 [queued]>
[2020-07-30 15:29:14,575] {taskinstance.py:655} INFO - Dependencies all met for <TaskInstance: tutorial.templated 2020-07-30T15:28:00+00:00 [queued]>
[2020-07-30 15:29:14,575] {taskinstance.py:866} INFO - 
--------------------------------------------------------------------------------
[2020-07-30 15:29:14,575] {taskinstance.py:867} INFO - Starting attempt 1 of 2
[2020-07-30 15:29:14,576] {taskinstance.py:868} INFO - 
--------------------------------------------------------------------------------
[2020-07-30 15:29:14,601] {taskinstance.py:887} INFO - Executing <Task(BashOperator): templated> on 2020-07-30T15:28:00+00:00
[2020-07-30 15:29:14,613] {standard_task_runner.py:53} INFO - Started process 3702 to run task
[2020-07-30 15:29:14,747] {logging_mixin.py:112} INFO - Running %s on host %s <TaskInstance: tutorial.templated 2020-07-30T15:28:00+00:00 [running]> 02f6ef7ded4c
[2020-07-30 15:29:14,825] {bash_operator.py:82} INFO - Tmp dir root location: 
 /tmp
[2020-07-30 15:29:14,827] {bash_operator.py:105} INFO - Temporary script location: /tmp/airflowtmpijg2eoek/templatedputwui0v
[2020-07-30 15:29:14,827] {bash_operator.py:115} INFO - Running command: 

    echo "2020-07-30"
    echo "2020-08-06"
    echo "Parameter I passed in"

    echo "2020-07-30"
    echo "2020-08-06"
    echo "Parameter I passed in"

    echo "2020-07-30"
    echo "2020-08-06"
    echo "Parameter I passed in"

    echo "2020-07-30"
    echo "2020-08-06"
    echo "Parameter I passed in"

    echo "2020-07-30"
    echo "2020-08-06"
    echo "Parameter I passed in"

[2020-07-30 15:29:14,845] {bash_operator.py:122} INFO - Output:
[2020-07-30 15:29:14,847] {bash_operator.py:126} INFO - 2020-07-30
[2020-07-30 15:29:14,847] {bash_operator.py:126} INFO - 2020-08-06
[2020-07-30 15:29:14,847] {bash_operator.py:126} INFO - Parameter I passed in
[2020-07-30 15:29:14,847] {bash_operator.py:126} INFO - 2020-07-30
[2020-07-30 15:29:14,847] {bash_operator.py:126} INFO - 2020-08-06
[2020-07-30 15:29:14,847] {bash_operator.py:126} INFO - Parameter I passed in
[2020-07-30 15:29:14,848] {bash_operator.py:126} INFO - 2020-07-30
[2020-07-30 15:29:14,848] {bash_operator.py:126} INFO - 2020-08-06
[2020-07-30 15:29:14,848] {bash_operator.py:126} INFO - Parameter I passed in
[2020-07-30 15:29:14,848] {bash_operator.py:126} INFO - 2020-07-30
[2020-07-30 15:29:14,848] {bash_operator.py:126} INFO - 2020-08-06
[2020-07-30 15:29:14,848] {bash_operator.py:126} INFO - Parameter I passed in
[2020-07-30 15:29:14,848] {bash_operator.py:126} INFO - 2020-07-30
[2020-07-30 15:29:14,848] {bash_operator.py:126} INFO - 2020-08-06
[2020-07-30 15:29:14,848] {bash_operator.py:126} INFO - Parameter I passed in
[2020-07-30 15:29:14,848] {bash_operator.py:130} INFO - Command exited with return code 0
[2020-07-30 15:29:14,869] {taskinstance.py:1048} INFO - Marking task as SUCCESS.dag_id=tutorial, task_id=templated, execution_date=20200730T152800, start_date=20200730T152914, end_date=20200730T152914
[2020-07-30 15:29:24,487] {logging_mixin.py:112} INFO - [2020-07-30 15:29:24,486] {local_task_job.py:103} INFO - Task exited with return code 0
