[2020-07-31 05:44:25,555] {taskinstance.py:655} INFO - Dependencies all met for <TaskInstance: tutorial.templated 2020-07-31T05:43:00+00:00 [queued]>
[2020-07-31 05:44:25,606] {taskinstance.py:655} INFO - Dependencies all met for <TaskInstance: tutorial.templated 2020-07-31T05:43:00+00:00 [queued]>
[2020-07-31 05:44:25,607] {taskinstance.py:866} INFO - 
--------------------------------------------------------------------------------
[2020-07-31 05:44:25,607] {taskinstance.py:867} INFO - Starting attempt 1 of 2
[2020-07-31 05:44:25,607] {taskinstance.py:868} INFO - 
--------------------------------------------------------------------------------
[2020-07-31 05:44:25,638] {taskinstance.py:887} INFO - Executing <Task(BashOperator): templated> on 2020-07-31T05:43:00+00:00
[2020-07-31 05:44:25,649] {standard_task_runner.py:53} INFO - Started process 734 to run task
[2020-07-31 05:44:25,779] {logging_mixin.py:112} INFO - Running %s on host %s <TaskInstance: tutorial.templated 2020-07-31T05:43:00+00:00 [running]> 02f6ef7ded4c
[2020-07-31 05:44:25,833] {bash_operator.py:82} INFO - Tmp dir root location: 
 /tmp
[2020-07-31 05:44:25,834] {bash_operator.py:105} INFO - Temporary script location: /tmp/airflowtmpzxi10myz/templatedtwdpvv6k
[2020-07-31 05:44:25,835] {bash_operator.py:115} INFO - Running command: 

    echo "2020-07-31"
    echo "2020-08-07"
    echo "Parameter I passed in"

    echo "2020-07-31"
    echo "2020-08-07"
    echo "Parameter I passed in"

    echo "2020-07-31"
    echo "2020-08-07"
    echo "Parameter I passed in"

    echo "2020-07-31"
    echo "2020-08-07"
    echo "Parameter I passed in"

    echo "2020-07-31"
    echo "2020-08-07"
    echo "Parameter I passed in"

[2020-07-31 05:44:25,850] {bash_operator.py:122} INFO - Output:
[2020-07-31 05:44:25,852] {bash_operator.py:126} INFO - 2020-07-31
[2020-07-31 05:44:25,853] {bash_operator.py:126} INFO - 2020-08-07
[2020-07-31 05:44:25,853] {bash_operator.py:126} INFO - Parameter I passed in
[2020-07-31 05:44:25,853] {bash_operator.py:126} INFO - 2020-07-31
[2020-07-31 05:44:25,853] {bash_operator.py:126} INFO - 2020-08-07
[2020-07-31 05:44:25,853] {bash_operator.py:126} INFO - Parameter I passed in
[2020-07-31 05:44:25,853] {bash_operator.py:126} INFO - 2020-07-31
[2020-07-31 05:44:25,854] {bash_operator.py:126} INFO - 2020-08-07
[2020-07-31 05:44:25,854] {bash_operator.py:126} INFO - Parameter I passed in
[2020-07-31 05:44:25,854] {bash_operator.py:126} INFO - 2020-07-31
[2020-07-31 05:44:25,854] {bash_operator.py:126} INFO - 2020-08-07
[2020-07-31 05:44:25,854] {bash_operator.py:126} INFO - Parameter I passed in
[2020-07-31 05:44:25,854] {bash_operator.py:126} INFO - 2020-07-31
[2020-07-31 05:44:25,854] {bash_operator.py:126} INFO - 2020-08-07
[2020-07-31 05:44:25,854] {bash_operator.py:126} INFO - Parameter I passed in
[2020-07-31 05:44:25,855] {bash_operator.py:130} INFO - Command exited with return code 0
[2020-07-31 05:44:25,882] {taskinstance.py:1048} INFO - Marking task as SUCCESS.dag_id=tutorial, task_id=templated, execution_date=20200731T054300, start_date=20200731T054425, end_date=20200731T054425
[2020-07-31 05:44:35,515] {logging_mixin.py:112} INFO - [2020-07-31 05:44:35,514] {local_task_job.py:103} INFO - Task exited with return code 0
