[2020-07-30 14:40:14,777] {taskinstance.py:655} INFO - Dependencies all met for <TaskInstance: tutorial.templated 2020-07-30T14:39:00+00:00 [queued]>
[2020-07-30 14:40:14,820] {taskinstance.py:655} INFO - Dependencies all met for <TaskInstance: tutorial.templated 2020-07-30T14:39:00+00:00 [queued]>
[2020-07-30 14:40:14,820] {taskinstance.py:866} INFO - 
--------------------------------------------------------------------------------
[2020-07-30 14:40:14,821] {taskinstance.py:867} INFO - Starting attempt 1 of 2
[2020-07-30 14:40:14,821] {taskinstance.py:868} INFO - 
--------------------------------------------------------------------------------
[2020-07-30 14:40:14,848] {taskinstance.py:887} INFO - Executing <Task(BashOperator): templated> on 2020-07-30T14:39:00+00:00
[2020-07-30 14:40:14,855] {standard_task_runner.py:53} INFO - Started process 2604 to run task
[2020-07-30 14:40:14,983] {logging_mixin.py:112} INFO - Running %s on host %s <TaskInstance: tutorial.templated 2020-07-30T14:39:00+00:00 [running]> 02f6ef7ded4c
[2020-07-30 14:40:15,042] {bash_operator.py:82} INFO - Tmp dir root location: 
 /tmp
[2020-07-30 14:40:15,044] {bash_operator.py:105} INFO - Temporary script location: /tmp/airflowtmp3twyppvr/templated6pwnqhvz
[2020-07-30 14:40:15,044] {bash_operator.py:115} INFO - Running command: 

    echo "2020-07-30"
    echo "2020-08-06"
    echo "Parameter I passed in"

    echo "2020-07-30"
    echo "2020-08-06"
    echo "Parameter I passed in"

    echo "2020-07-30"
    echo "2020-08-06"
    echo "Parameter I passed in"

    echo "2020-07-30"
    echo "2020-08-06"
    echo "Parameter I passed in"

    echo "2020-07-30"
    echo "2020-08-06"
    echo "Parameter I passed in"

[2020-07-30 14:40:15,059] {bash_operator.py:122} INFO - Output:
[2020-07-30 14:40:15,060] {bash_operator.py:126} INFO - 2020-07-30
[2020-07-30 14:40:15,060] {bash_operator.py:126} INFO - 2020-08-06
[2020-07-30 14:40:15,061] {bash_operator.py:126} INFO - Parameter I passed in
[2020-07-30 14:40:15,061] {bash_operator.py:126} INFO - 2020-07-30
[2020-07-30 14:40:15,061] {bash_operator.py:126} INFO - 2020-08-06
[2020-07-30 14:40:15,061] {bash_operator.py:126} INFO - Parameter I passed in
[2020-07-30 14:40:15,061] {bash_operator.py:126} INFO - 2020-07-30
[2020-07-30 14:40:15,061] {bash_operator.py:126} INFO - 2020-08-06
[2020-07-30 14:40:15,062] {bash_operator.py:126} INFO - Parameter I passed in
[2020-07-30 14:40:15,062] {bash_operator.py:126} INFO - 2020-07-30
[2020-07-30 14:40:15,062] {bash_operator.py:126} INFO - 2020-08-06
[2020-07-30 14:40:15,062] {bash_operator.py:126} INFO - Parameter I passed in
[2020-07-30 14:40:15,062] {bash_operator.py:126} INFO - 2020-07-30
[2020-07-30 14:40:15,062] {bash_operator.py:126} INFO - 2020-08-06
[2020-07-30 14:40:15,062] {bash_operator.py:126} INFO - Parameter I passed in
[2020-07-30 14:40:15,063] {bash_operator.py:130} INFO - Command exited with return code 0
[2020-07-30 14:40:15,093] {taskinstance.py:1048} INFO - Marking task as SUCCESS.dag_id=tutorial, task_id=templated, execution_date=20200730T143900, start_date=20200730T144014, end_date=20200730T144015
[2020-07-30 14:40:24,723] {logging_mixin.py:112} INFO - [2020-07-30 14:40:24,722] {local_task_job.py:103} INFO - Task exited with return code 0
