[2020-07-30 19:13:12,329] {taskinstance.py:655} INFO - Dependencies all met for <TaskInstance: tutorial.templated 2020-07-30T19:12:00+00:00 [queued]>
[2020-07-30 19:13:12,374] {taskinstance.py:655} INFO - Dependencies all met for <TaskInstance: tutorial.templated 2020-07-30T19:12:00+00:00 [queued]>
[2020-07-30 19:13:12,374] {taskinstance.py:866} INFO - 
--------------------------------------------------------------------------------
[2020-07-30 19:13:12,374] {taskinstance.py:867} INFO - Starting attempt 1 of 2
[2020-07-30 19:13:12,374] {taskinstance.py:868} INFO - 
--------------------------------------------------------------------------------
[2020-07-30 19:13:12,402] {taskinstance.py:887} INFO - Executing <Task(BashOperator): templated> on 2020-07-30T19:12:00+00:00
[2020-07-30 19:13:12,409] {standard_task_runner.py:53} INFO - Started process 27179 to run task
[2020-07-30 19:13:12,559] {logging_mixin.py:112} INFO - Running %s on host %s <TaskInstance: tutorial.templated 2020-07-30T19:12:00+00:00 [running]> 02f6ef7ded4c
[2020-07-30 19:13:12,616] {bash_operator.py:82} INFO - Tmp dir root location: 
 /tmp
[2020-07-30 19:13:12,617] {bash_operator.py:105} INFO - Temporary script location: /tmp/airflowtmp78z6dpc4/templated4nn8801f
[2020-07-30 19:13:12,618] {bash_operator.py:115} INFO - Running command: 

    echo "2020-07-30"
    echo "2020-08-06"
    echo "Parameter I passed in"

    echo "2020-07-30"
    echo "2020-08-06"
    echo "Parameter I passed in"

    echo "2020-07-30"
    echo "2020-08-06"
    echo "Parameter I passed in"

    echo "2020-07-30"
    echo "2020-08-06"
    echo "Parameter I passed in"

    echo "2020-07-30"
    echo "2020-08-06"
    echo "Parameter I passed in"

[2020-07-30 19:13:12,632] {bash_operator.py:122} INFO - Output:
[2020-07-30 19:13:12,633] {bash_operator.py:126} INFO - 2020-07-30
[2020-07-30 19:13:12,633] {bash_operator.py:126} INFO - 2020-08-06
[2020-07-30 19:13:12,633] {bash_operator.py:126} INFO - Parameter I passed in
[2020-07-30 19:13:12,633] {bash_operator.py:126} INFO - 2020-07-30
[2020-07-30 19:13:12,633] {bash_operator.py:126} INFO - 2020-08-06
[2020-07-30 19:13:12,633] {bash_operator.py:126} INFO - Parameter I passed in
[2020-07-30 19:13:12,633] {bash_operator.py:126} INFO - 2020-07-30
[2020-07-30 19:13:12,634] {bash_operator.py:126} INFO - 2020-08-06
[2020-07-30 19:13:12,634] {bash_operator.py:126} INFO - Parameter I passed in
[2020-07-30 19:13:12,634] {bash_operator.py:126} INFO - 2020-07-30
[2020-07-30 19:13:12,634] {bash_operator.py:126} INFO - 2020-08-06
[2020-07-30 19:13:12,634] {bash_operator.py:126} INFO - Parameter I passed in
[2020-07-30 19:13:12,634] {bash_operator.py:126} INFO - 2020-07-30
[2020-07-30 19:13:12,634] {bash_operator.py:126} INFO - 2020-08-06
[2020-07-30 19:13:12,634] {bash_operator.py:126} INFO - Parameter I passed in
[2020-07-30 19:13:12,634] {bash_operator.py:130} INFO - Command exited with return code 0
[2020-07-30 19:13:12,659] {taskinstance.py:1048} INFO - Marking task as SUCCESS.dag_id=tutorial, task_id=templated, execution_date=20200730T191200, start_date=20200730T191312, end_date=20200730T191312
[2020-07-30 19:13:22,283] {logging_mixin.py:112} INFO - [2020-07-30 19:13:22,282] {local_task_job.py:103} INFO - Task exited with return code 0
