[2020-07-31 00:53:14,247] {taskinstance.py:655} INFO - Dependencies all met for <TaskInstance: tutorial.templated 2020-07-31T00:52:00+00:00 [queued]>
[2020-07-31 00:53:14,302] {taskinstance.py:655} INFO - Dependencies all met for <TaskInstance: tutorial.templated 2020-07-31T00:52:00+00:00 [queued]>
[2020-07-31 00:53:14,302] {taskinstance.py:866} INFO - 
--------------------------------------------------------------------------------
[2020-07-31 00:53:14,303] {taskinstance.py:867} INFO - Starting attempt 1 of 2
[2020-07-31 00:53:14,303] {taskinstance.py:868} INFO - 
--------------------------------------------------------------------------------
[2020-07-31 00:53:14,337] {taskinstance.py:887} INFO - Executing <Task(BashOperator): templated> on 2020-07-31T00:52:00+00:00
[2020-07-31 00:53:14,345] {standard_task_runner.py:53} INFO - Started process 32687 to run task
[2020-07-31 00:53:14,482] {logging_mixin.py:112} INFO - Running %s on host %s <TaskInstance: tutorial.templated 2020-07-31T00:52:00+00:00 [running]> 02f6ef7ded4c
[2020-07-31 00:53:14,574] {bash_operator.py:82} INFO - Tmp dir root location: 
 /tmp
[2020-07-31 00:53:14,576] {bash_operator.py:105} INFO - Temporary script location: /tmp/airflowtmpaj5v0v78/templated22ka5_e1
[2020-07-31 00:53:14,576] {bash_operator.py:115} INFO - Running command: 

    echo "2020-07-31"
    echo "2020-08-07"
    echo "Parameter I passed in"

    echo "2020-07-31"
    echo "2020-08-07"
    echo "Parameter I passed in"

    echo "2020-07-31"
    echo "2020-08-07"
    echo "Parameter I passed in"

    echo "2020-07-31"
    echo "2020-08-07"
    echo "Parameter I passed in"

    echo "2020-07-31"
    echo "2020-08-07"
    echo "Parameter I passed in"

[2020-07-31 00:53:14,598] {bash_operator.py:122} INFO - Output:
[2020-07-31 00:53:14,602] {bash_operator.py:126} INFO - 2020-07-31
[2020-07-31 00:53:14,603] {bash_operator.py:126} INFO - 2020-08-07
[2020-07-31 00:53:14,603] {bash_operator.py:126} INFO - Parameter I passed in
[2020-07-31 00:53:14,603] {bash_operator.py:126} INFO - 2020-07-31
[2020-07-31 00:53:14,603] {bash_operator.py:126} INFO - 2020-08-07
[2020-07-31 00:53:14,604] {bash_operator.py:126} INFO - Parameter I passed in
[2020-07-31 00:53:14,604] {bash_operator.py:126} INFO - 2020-07-31
[2020-07-31 00:53:14,604] {bash_operator.py:126} INFO - 2020-08-07
[2020-07-31 00:53:14,604] {bash_operator.py:126} INFO - Parameter I passed in
[2020-07-31 00:53:14,604] {bash_operator.py:126} INFO - 2020-07-31
[2020-07-31 00:53:14,605] {bash_operator.py:126} INFO - 2020-08-07
[2020-07-31 00:53:14,605] {bash_operator.py:126} INFO - Parameter I passed in
[2020-07-31 00:53:14,605] {bash_operator.py:126} INFO - 2020-07-31
[2020-07-31 00:53:14,605] {bash_operator.py:126} INFO - 2020-08-07
[2020-07-31 00:53:14,605] {bash_operator.py:126} INFO - Parameter I passed in
[2020-07-31 00:53:14,605] {bash_operator.py:130} INFO - Command exited with return code 0
[2020-07-31 00:53:14,634] {taskinstance.py:1048} INFO - Marking task as SUCCESS.dag_id=tutorial, task_id=templated, execution_date=20200731T005200, start_date=20200731T005314, end_date=20200731T005314
[2020-07-31 00:53:24,187] {logging_mixin.py:112} INFO - [2020-07-31 00:53:24,186] {local_task_job.py:103} INFO - Task exited with return code 0
