[2020-07-31 04:20:14,922] {taskinstance.py:655} INFO - Dependencies all met for <TaskInstance: tutorial.templated 2020-07-31T04:19:00+00:00 [queued]>
[2020-07-31 04:20:14,985] {taskinstance.py:655} INFO - Dependencies all met for <TaskInstance: tutorial.templated 2020-07-31T04:19:00+00:00 [queued]>
[2020-07-31 04:20:14,985] {taskinstance.py:866} INFO - 
--------------------------------------------------------------------------------
[2020-07-31 04:20:14,985] {taskinstance.py:867} INFO - Starting attempt 1 of 2
[2020-07-31 04:20:14,985] {taskinstance.py:868} INFO - 
--------------------------------------------------------------------------------
[2020-07-31 04:20:15,006] {taskinstance.py:887} INFO - Executing <Task(BashOperator): templated> on 2020-07-31T04:19:00+00:00
[2020-07-31 04:20:15,013] {standard_task_runner.py:53} INFO - Started process 12026 to run task
[2020-07-31 04:20:15,151] {logging_mixin.py:112} INFO - Running %s on host %s <TaskInstance: tutorial.templated 2020-07-31T04:19:00+00:00 [running]> 02f6ef7ded4c
[2020-07-31 04:20:15,232] {bash_operator.py:82} INFO - Tmp dir root location: 
 /tmp
[2020-07-31 04:20:15,234] {bash_operator.py:105} INFO - Temporary script location: /tmp/airflowtmpdc7tfofg/templateduy3wbm4f
[2020-07-31 04:20:15,234] {bash_operator.py:115} INFO - Running command: 

    echo "2020-07-31"
    echo "2020-08-07"
    echo "Parameter I passed in"

    echo "2020-07-31"
    echo "2020-08-07"
    echo "Parameter I passed in"

    echo "2020-07-31"
    echo "2020-08-07"
    echo "Parameter I passed in"

    echo "2020-07-31"
    echo "2020-08-07"
    echo "Parameter I passed in"

    echo "2020-07-31"
    echo "2020-08-07"
    echo "Parameter I passed in"

[2020-07-31 04:20:15,249] {bash_operator.py:122} INFO - Output:
[2020-07-31 04:20:15,250] {bash_operator.py:126} INFO - 2020-07-31
[2020-07-31 04:20:15,251] {bash_operator.py:126} INFO - 2020-08-07
[2020-07-31 04:20:15,251] {bash_operator.py:126} INFO - Parameter I passed in
[2020-07-31 04:20:15,251] {bash_operator.py:126} INFO - 2020-07-31
[2020-07-31 04:20:15,251] {bash_operator.py:126} INFO - 2020-08-07
[2020-07-31 04:20:15,251] {bash_operator.py:126} INFO - Parameter I passed in
[2020-07-31 04:20:15,251] {bash_operator.py:126} INFO - 2020-07-31
[2020-07-31 04:20:15,251] {bash_operator.py:126} INFO - 2020-08-07
[2020-07-31 04:20:15,251] {bash_operator.py:126} INFO - Parameter I passed in
[2020-07-31 04:20:15,251] {bash_operator.py:126} INFO - 2020-07-31
[2020-07-31 04:20:15,251] {bash_operator.py:126} INFO - 2020-08-07
[2020-07-31 04:20:15,251] {bash_operator.py:126} INFO - Parameter I passed in
[2020-07-31 04:20:15,251] {bash_operator.py:126} INFO - 2020-07-31
[2020-07-31 04:20:15,251] {bash_operator.py:126} INFO - 2020-08-07
[2020-07-31 04:20:15,251] {bash_operator.py:126} INFO - Parameter I passed in
[2020-07-31 04:20:15,252] {bash_operator.py:130} INFO - Command exited with return code 0
[2020-07-31 04:20:15,287] {taskinstance.py:1048} INFO - Marking task as SUCCESS.dag_id=tutorial, task_id=templated, execution_date=20200731T041900, start_date=20200731T042014, end_date=20200731T042015
[2020-07-31 04:20:24,865] {logging_mixin.py:112} INFO - [2020-07-31 04:20:24,864] {local_task_job.py:103} INFO - Task exited with return code 0
