[2020-07-30 21:13:12,843] {taskinstance.py:655} INFO - Dependencies all met for <TaskInstance: tutorial.templated 2020-07-30T21:12:00+00:00 [queued]>
[2020-07-30 21:13:12,902] {taskinstance.py:655} INFO - Dependencies all met for <TaskInstance: tutorial.templated 2020-07-30T21:12:00+00:00 [queued]>
[2020-07-30 21:13:12,903] {taskinstance.py:866} INFO - 
--------------------------------------------------------------------------------
[2020-07-30 21:13:12,903] {taskinstance.py:867} INFO - Starting attempt 1 of 2
[2020-07-30 21:13:12,903] {taskinstance.py:868} INFO - 
--------------------------------------------------------------------------------
[2020-07-30 21:13:12,920] {taskinstance.py:887} INFO - Executing <Task(BashOperator): templated> on 2020-07-30T21:12:00+00:00
[2020-07-30 21:13:12,927] {standard_task_runner.py:53} INFO - Started process 11916 to run task
[2020-07-30 21:13:13,061] {logging_mixin.py:112} INFO - Running %s on host %s <TaskInstance: tutorial.templated 2020-07-30T21:12:00+00:00 [running]> 02f6ef7ded4c
[2020-07-30 21:13:13,134] {bash_operator.py:82} INFO - Tmp dir root location: 
 /tmp
[2020-07-30 21:13:13,135] {bash_operator.py:105} INFO - Temporary script location: /tmp/airflowtmp_hb8an01/templatedt48zkpyj
[2020-07-30 21:13:13,135] {bash_operator.py:115} INFO - Running command: 

    echo "2020-07-30"
    echo "2020-08-06"
    echo "Parameter I passed in"

    echo "2020-07-30"
    echo "2020-08-06"
    echo "Parameter I passed in"

    echo "2020-07-30"
    echo "2020-08-06"
    echo "Parameter I passed in"

    echo "2020-07-30"
    echo "2020-08-06"
    echo "Parameter I passed in"

    echo "2020-07-30"
    echo "2020-08-06"
    echo "Parameter I passed in"

[2020-07-30 21:13:13,155] {bash_operator.py:122} INFO - Output:
[2020-07-30 21:13:13,158] {bash_operator.py:126} INFO - 2020-07-30
[2020-07-30 21:13:13,159] {bash_operator.py:126} INFO - 2020-08-06
[2020-07-30 21:13:13,159] {bash_operator.py:126} INFO - Parameter I passed in
[2020-07-30 21:13:13,159] {bash_operator.py:126} INFO - 2020-07-30
[2020-07-30 21:13:13,159] {bash_operator.py:126} INFO - 2020-08-06
[2020-07-30 21:13:13,159] {bash_operator.py:126} INFO - Parameter I passed in
[2020-07-30 21:13:13,159] {bash_operator.py:126} INFO - 2020-07-30
[2020-07-30 21:13:13,159] {bash_operator.py:126} INFO - 2020-08-06
[2020-07-30 21:13:13,160] {bash_operator.py:126} INFO - Parameter I passed in
[2020-07-30 21:13:13,160] {bash_operator.py:126} INFO - 2020-07-30
[2020-07-30 21:13:13,160] {bash_operator.py:126} INFO - 2020-08-06
[2020-07-30 21:13:13,160] {bash_operator.py:126} INFO - Parameter I passed in
[2020-07-30 21:13:13,160] {bash_operator.py:126} INFO - 2020-07-30
[2020-07-30 21:13:13,160] {bash_operator.py:126} INFO - 2020-08-06
[2020-07-30 21:13:13,160] {bash_operator.py:126} INFO - Parameter I passed in
[2020-07-30 21:13:13,160] {bash_operator.py:130} INFO - Command exited with return code 0
[2020-07-30 21:13:13,193] {taskinstance.py:1048} INFO - Marking task as SUCCESS.dag_id=tutorial, task_id=templated, execution_date=20200730T211200, start_date=20200730T211312, end_date=20200730T211313
[2020-07-30 21:13:22,799] {logging_mixin.py:112} INFO - [2020-07-30 21:13:22,798] {local_task_job.py:103} INFO - Task exited with return code 0
