[2020-07-31 04:04:15,481] {taskinstance.py:655} INFO - Dependencies all met for <TaskInstance: tutorial.templated 2020-07-31T04:03:00+00:00 [queued]>
[2020-07-31 04:04:15,528] {taskinstance.py:655} INFO - Dependencies all met for <TaskInstance: tutorial.templated 2020-07-31T04:03:00+00:00 [queued]>
[2020-07-31 04:04:15,528] {taskinstance.py:866} INFO - 
--------------------------------------------------------------------------------
[2020-07-31 04:04:15,528] {taskinstance.py:867} INFO - Starting attempt 1 of 2
[2020-07-31 04:04:15,528] {taskinstance.py:868} INFO - 
--------------------------------------------------------------------------------
[2020-07-31 04:04:15,556] {taskinstance.py:887} INFO - Executing <Task(BashOperator): templated> on 2020-07-31T04:03:00+00:00
[2020-07-31 04:04:15,563] {standard_task_runner.py:53} INFO - Started process 1072 to run task
[2020-07-31 04:04:15,706] {logging_mixin.py:112} INFO - Running %s on host %s <TaskInstance: tutorial.templated 2020-07-31T04:03:00+00:00 [running]> 02f6ef7ded4c
[2020-07-31 04:04:15,765] {bash_operator.py:82} INFO - Tmp dir root location: 
 /tmp
[2020-07-31 04:04:15,767] {bash_operator.py:105} INFO - Temporary script location: /tmp/airflowtmppyl04bgf/templated6j5vpkzm
[2020-07-31 04:04:15,767] {bash_operator.py:115} INFO - Running command: 

    echo "2020-07-31"
    echo "2020-08-07"
    echo "Parameter I passed in"

    echo "2020-07-31"
    echo "2020-08-07"
    echo "Parameter I passed in"

    echo "2020-07-31"
    echo "2020-08-07"
    echo "Parameter I passed in"

    echo "2020-07-31"
    echo "2020-08-07"
    echo "Parameter I passed in"

    echo "2020-07-31"
    echo "2020-08-07"
    echo "Parameter I passed in"

[2020-07-31 04:04:15,781] {bash_operator.py:122} INFO - Output:
[2020-07-31 04:04:15,782] {bash_operator.py:126} INFO - 2020-07-31
[2020-07-31 04:04:15,783] {bash_operator.py:126} INFO - 2020-08-07
[2020-07-31 04:04:15,783] {bash_operator.py:126} INFO - Parameter I passed in
[2020-07-31 04:04:15,783] {bash_operator.py:126} INFO - 2020-07-31
[2020-07-31 04:04:15,783] {bash_operator.py:126} INFO - 2020-08-07
[2020-07-31 04:04:15,783] {bash_operator.py:126} INFO - Parameter I passed in
[2020-07-31 04:04:15,783] {bash_operator.py:126} INFO - 2020-07-31
[2020-07-31 04:04:15,783] {bash_operator.py:126} INFO - 2020-08-07
[2020-07-31 04:04:15,783] {bash_operator.py:126} INFO - Parameter I passed in
[2020-07-31 04:04:15,783] {bash_operator.py:126} INFO - 2020-07-31
[2020-07-31 04:04:15,783] {bash_operator.py:126} INFO - 2020-08-07
[2020-07-31 04:04:15,783] {bash_operator.py:126} INFO - Parameter I passed in
[2020-07-31 04:04:15,783] {bash_operator.py:126} INFO - 2020-07-31
[2020-07-31 04:04:15,783] {bash_operator.py:126} INFO - 2020-08-07
[2020-07-31 04:04:15,783] {bash_operator.py:126} INFO - Parameter I passed in
[2020-07-31 04:04:15,784] {bash_operator.py:130} INFO - Command exited with return code 0
[2020-07-31 04:04:15,811] {taskinstance.py:1048} INFO - Marking task as SUCCESS.dag_id=tutorial, task_id=templated, execution_date=20200731T040300, start_date=20200731T040415, end_date=20200731T040415
[2020-07-31 04:04:25,433] {logging_mixin.py:112} INFO - [2020-07-31 04:04:25,433] {local_task_job.py:103} INFO - Task exited with return code 0
