[2020-07-31 04:11:16,247] {taskinstance.py:655} INFO - Dependencies all met for <TaskInstance: tutorial.templated 2020-07-31T04:10:00+00:00 [queued]>
[2020-07-31 04:11:16,290] {taskinstance.py:655} INFO - Dependencies all met for <TaskInstance: tutorial.templated 2020-07-31T04:10:00+00:00 [queued]>
[2020-07-31 04:11:16,290] {taskinstance.py:866} INFO - 
--------------------------------------------------------------------------------
[2020-07-31 04:11:16,291] {taskinstance.py:867} INFO - Starting attempt 1 of 2
[2020-07-31 04:11:16,291] {taskinstance.py:868} INFO - 
--------------------------------------------------------------------------------
[2020-07-31 04:11:16,323] {taskinstance.py:887} INFO - Executing <Task(BashOperator): templated> on 2020-07-31T04:10:00+00:00
[2020-07-31 04:11:16,331] {standard_task_runner.py:53} INFO - Started process 5866 to run task
[2020-07-31 04:11:16,468] {logging_mixin.py:112} INFO - Running %s on host %s <TaskInstance: tutorial.templated 2020-07-31T04:10:00+00:00 [running]> 02f6ef7ded4c
[2020-07-31 04:11:16,539] {bash_operator.py:82} INFO - Tmp dir root location: 
 /tmp
[2020-07-31 04:11:16,540] {bash_operator.py:105} INFO - Temporary script location: /tmp/airflowtmpj2s04zau/templatedckcxhwzs
[2020-07-31 04:11:16,541] {bash_operator.py:115} INFO - Running command: 

    echo "2020-07-31"
    echo "2020-08-07"
    echo "Parameter I passed in"

    echo "2020-07-31"
    echo "2020-08-07"
    echo "Parameter I passed in"

    echo "2020-07-31"
    echo "2020-08-07"
    echo "Parameter I passed in"

    echo "2020-07-31"
    echo "2020-08-07"
    echo "Parameter I passed in"

    echo "2020-07-31"
    echo "2020-08-07"
    echo "Parameter I passed in"

[2020-07-31 04:11:16,556] {bash_operator.py:122} INFO - Output:
[2020-07-31 04:11:16,558] {bash_operator.py:126} INFO - 2020-07-31
[2020-07-31 04:11:16,559] {bash_operator.py:126} INFO - 2020-08-07
[2020-07-31 04:11:16,559] {bash_operator.py:126} INFO - Parameter I passed in
[2020-07-31 04:11:16,559] {bash_operator.py:126} INFO - 2020-07-31
[2020-07-31 04:11:16,559] {bash_operator.py:126} INFO - 2020-08-07
[2020-07-31 04:11:16,559] {bash_operator.py:126} INFO - Parameter I passed in
[2020-07-31 04:11:16,559] {bash_operator.py:126} INFO - 2020-07-31
[2020-07-31 04:11:16,559] {bash_operator.py:126} INFO - 2020-08-07
[2020-07-31 04:11:16,560] {bash_operator.py:126} INFO - Parameter I passed in
[2020-07-31 04:11:16,560] {bash_operator.py:126} INFO - 2020-07-31
[2020-07-31 04:11:16,560] {bash_operator.py:126} INFO - 2020-08-07
[2020-07-31 04:11:16,560] {bash_operator.py:126} INFO - Parameter I passed in
[2020-07-31 04:11:16,560] {bash_operator.py:126} INFO - 2020-07-31
[2020-07-31 04:11:16,560] {bash_operator.py:126} INFO - 2020-08-07
[2020-07-31 04:11:16,560] {bash_operator.py:126} INFO - Parameter I passed in
[2020-07-31 04:11:16,561] {bash_operator.py:130} INFO - Command exited with return code 0
[2020-07-31 04:11:16,585] {taskinstance.py:1048} INFO - Marking task as SUCCESS.dag_id=tutorial, task_id=templated, execution_date=20200731T041000, start_date=20200731T041116, end_date=20200731T041116
[2020-07-31 04:11:26,199] {logging_mixin.py:112} INFO - [2020-07-31 04:11:26,198] {local_task_job.py:103} INFO - Task exited with return code 0
