[2020-07-31 04:43:16,078] {taskinstance.py:655} INFO - Dependencies all met for <TaskInstance: tutorial.templated 2020-07-31T04:42:00+00:00 [queued]>
[2020-07-31 04:43:16,123] {taskinstance.py:655} INFO - Dependencies all met for <TaskInstance: tutorial.templated 2020-07-31T04:42:00+00:00 [queued]>
[2020-07-31 04:43:16,124] {taskinstance.py:866} INFO - 
--------------------------------------------------------------------------------
[2020-07-31 04:43:16,124] {taskinstance.py:867} INFO - Starting attempt 1 of 2
[2020-07-31 04:43:16,124] {taskinstance.py:868} INFO - 
--------------------------------------------------------------------------------
[2020-07-31 04:43:16,157] {taskinstance.py:887} INFO - Executing <Task(BashOperator): templated> on 2020-07-31T04:42:00+00:00
[2020-07-31 04:43:16,165] {standard_task_runner.py:53} INFO - Started process 27772 to run task
[2020-07-31 04:43:16,295] {logging_mixin.py:112} INFO - Running %s on host %s <TaskInstance: tutorial.templated 2020-07-31T04:42:00+00:00 [running]> 02f6ef7ded4c
[2020-07-31 04:43:16,357] {bash_operator.py:82} INFO - Tmp dir root location: 
 /tmp
[2020-07-31 04:43:16,359] {bash_operator.py:105} INFO - Temporary script location: /tmp/airflowtmpwayji89o/templatednriybhm2
[2020-07-31 04:43:16,359] {bash_operator.py:115} INFO - Running command: 

    echo "2020-07-31"
    echo "2020-08-07"
    echo "Parameter I passed in"

    echo "2020-07-31"
    echo "2020-08-07"
    echo "Parameter I passed in"

    echo "2020-07-31"
    echo "2020-08-07"
    echo "Parameter I passed in"

    echo "2020-07-31"
    echo "2020-08-07"
    echo "Parameter I passed in"

    echo "2020-07-31"
    echo "2020-08-07"
    echo "Parameter I passed in"

[2020-07-31 04:43:16,374] {bash_operator.py:122} INFO - Output:
[2020-07-31 04:43:16,376] {bash_operator.py:126} INFO - 2020-07-31
[2020-07-31 04:43:16,376] {bash_operator.py:126} INFO - 2020-08-07
[2020-07-31 04:43:16,376] {bash_operator.py:126} INFO - Parameter I passed in
[2020-07-31 04:43:16,377] {bash_operator.py:126} INFO - 2020-07-31
[2020-07-31 04:43:16,377] {bash_operator.py:126} INFO - 2020-08-07
[2020-07-31 04:43:16,377] {bash_operator.py:126} INFO - Parameter I passed in
[2020-07-31 04:43:16,377] {bash_operator.py:126} INFO - 2020-07-31
[2020-07-31 04:43:16,377] {bash_operator.py:126} INFO - 2020-08-07
[2020-07-31 04:43:16,377] {bash_operator.py:126} INFO - Parameter I passed in
[2020-07-31 04:43:16,377] {bash_operator.py:126} INFO - 2020-07-31
[2020-07-31 04:43:16,377] {bash_operator.py:126} INFO - 2020-08-07
[2020-07-31 04:43:16,377] {bash_operator.py:126} INFO - Parameter I passed in
[2020-07-31 04:43:16,377] {bash_operator.py:126} INFO - 2020-07-31
[2020-07-31 04:43:16,377] {bash_operator.py:126} INFO - 2020-08-07
[2020-07-31 04:43:16,377] {bash_operator.py:126} INFO - Parameter I passed in
[2020-07-31 04:43:16,378] {bash_operator.py:130} INFO - Command exited with return code 0
[2020-07-31 04:43:16,406] {taskinstance.py:1048} INFO - Marking task as SUCCESS.dag_id=tutorial, task_id=templated, execution_date=20200731T044200, start_date=20200731T044316, end_date=20200731T044316
[2020-07-31 04:43:26,025] {logging_mixin.py:112} INFO - [2020-07-31 04:43:26,024] {local_task_job.py:103} INFO - Task exited with return code 0
