[2020-07-30 15:05:12,607] {taskinstance.py:655} INFO - Dependencies all met for <TaskInstance: tutorial.templated 2020-07-30T15:04:00+00:00 [queued]>
[2020-07-30 15:05:12,654] {taskinstance.py:655} INFO - Dependencies all met for <TaskInstance: tutorial.templated 2020-07-30T15:04:00+00:00 [queued]>
[2020-07-30 15:05:12,654] {taskinstance.py:866} INFO - 
--------------------------------------------------------------------------------
[2020-07-30 15:05:12,655] {taskinstance.py:867} INFO - Starting attempt 1 of 2
[2020-07-30 15:05:12,655] {taskinstance.py:868} INFO - 
--------------------------------------------------------------------------------
[2020-07-30 15:05:12,683] {taskinstance.py:887} INFO - Executing <Task(BashOperator): templated> on 2020-07-30T15:04:00+00:00
[2020-07-30 15:05:12,691] {standard_task_runner.py:53} INFO - Started process 19711 to run task
[2020-07-30 15:05:12,829] {logging_mixin.py:112} INFO - Running %s on host %s <TaskInstance: tutorial.templated 2020-07-30T15:04:00+00:00 [running]> 02f6ef7ded4c
[2020-07-30 15:05:12,898] {bash_operator.py:82} INFO - Tmp dir root location: 
 /tmp
[2020-07-30 15:05:12,899] {bash_operator.py:105} INFO - Temporary script location: /tmp/airflowtmpzdffnzo3/templatedhtd_xajv
[2020-07-30 15:05:12,900] {bash_operator.py:115} INFO - Running command: 

    echo "2020-07-30"
    echo "2020-08-06"
    echo "Parameter I passed in"

    echo "2020-07-30"
    echo "2020-08-06"
    echo "Parameter I passed in"

    echo "2020-07-30"
    echo "2020-08-06"
    echo "Parameter I passed in"

    echo "2020-07-30"
    echo "2020-08-06"
    echo "Parameter I passed in"

    echo "2020-07-30"
    echo "2020-08-06"
    echo "Parameter I passed in"

[2020-07-30 15:05:12,919] {bash_operator.py:122} INFO - Output:
[2020-07-30 15:05:12,923] {bash_operator.py:126} INFO - 2020-07-30
[2020-07-30 15:05:12,923] {bash_operator.py:126} INFO - 2020-08-06
[2020-07-30 15:05:12,923] {bash_operator.py:126} INFO - Parameter I passed in
[2020-07-30 15:05:12,923] {bash_operator.py:126} INFO - 2020-07-30
[2020-07-30 15:05:12,923] {bash_operator.py:126} INFO - 2020-08-06
[2020-07-30 15:05:12,924] {bash_operator.py:126} INFO - Parameter I passed in
[2020-07-30 15:05:12,924] {bash_operator.py:126} INFO - 2020-07-30
[2020-07-30 15:05:12,924] {bash_operator.py:126} INFO - 2020-08-06
[2020-07-30 15:05:12,924] {bash_operator.py:126} INFO - Parameter I passed in
[2020-07-30 15:05:12,924] {bash_operator.py:126} INFO - 2020-07-30
[2020-07-30 15:05:12,924] {bash_operator.py:126} INFO - 2020-08-06
[2020-07-30 15:05:12,924] {bash_operator.py:126} INFO - Parameter I passed in
[2020-07-30 15:05:12,924] {bash_operator.py:126} INFO - 2020-07-30
[2020-07-30 15:05:12,924] {bash_operator.py:126} INFO - 2020-08-06
[2020-07-30 15:05:12,924] {bash_operator.py:126} INFO - Parameter I passed in
[2020-07-30 15:05:12,924] {bash_operator.py:130} INFO - Command exited with return code 0
[2020-07-30 15:05:12,962] {taskinstance.py:1048} INFO - Marking task as SUCCESS.dag_id=tutorial, task_id=templated, execution_date=20200730T150400, start_date=20200730T150512, end_date=20200730T150512
[2020-07-30 15:05:22,567] {logging_mixin.py:112} INFO - [2020-07-30 15:05:22,566] {local_task_job.py:103} INFO - Task exited with return code 0
