[2020-07-31 02:53:14,695] {taskinstance.py:655} INFO - Dependencies all met for <TaskInstance: tutorial.templated 2020-07-31T02:52:00+00:00 [queued]>
[2020-07-31 02:53:14,744] {taskinstance.py:655} INFO - Dependencies all met for <TaskInstance: tutorial.templated 2020-07-31T02:52:00+00:00 [queued]>
[2020-07-31 02:53:14,745] {taskinstance.py:866} INFO - 
--------------------------------------------------------------------------------
[2020-07-31 02:53:14,745] {taskinstance.py:867} INFO - Starting attempt 1 of 2
[2020-07-31 02:53:14,745] {taskinstance.py:868} INFO - 
--------------------------------------------------------------------------------
[2020-07-31 02:53:14,778] {taskinstance.py:887} INFO - Executing <Task(BashOperator): templated> on 2020-07-31T02:52:00+00:00
[2020-07-31 02:53:14,787] {standard_task_runner.py:53} INFO - Started process 17403 to run task
[2020-07-31 02:53:14,933] {logging_mixin.py:112} INFO - Running %s on host %s <TaskInstance: tutorial.templated 2020-07-31T02:52:00+00:00 [running]> 02f6ef7ded4c
[2020-07-31 02:53:15,008] {bash_operator.py:82} INFO - Tmp dir root location: 
 /tmp
[2020-07-31 02:53:15,009] {bash_operator.py:105} INFO - Temporary script location: /tmp/airflowtmpv0d4ua57/templated9bz2xajx
[2020-07-31 02:53:15,010] {bash_operator.py:115} INFO - Running command: 

    echo "2020-07-31"
    echo "2020-08-07"
    echo "Parameter I passed in"

    echo "2020-07-31"
    echo "2020-08-07"
    echo "Parameter I passed in"

    echo "2020-07-31"
    echo "2020-08-07"
    echo "Parameter I passed in"

    echo "2020-07-31"
    echo "2020-08-07"
    echo "Parameter I passed in"

    echo "2020-07-31"
    echo "2020-08-07"
    echo "Parameter I passed in"

[2020-07-31 02:53:15,027] {bash_operator.py:122} INFO - Output:
[2020-07-31 02:53:15,030] {bash_operator.py:126} INFO - 2020-07-31
[2020-07-31 02:53:15,030] {bash_operator.py:126} INFO - 2020-08-07
[2020-07-31 02:53:15,030] {bash_operator.py:126} INFO - Parameter I passed in
[2020-07-31 02:53:15,030] {bash_operator.py:126} INFO - 2020-07-31
[2020-07-31 02:53:15,030] {bash_operator.py:126} INFO - 2020-08-07
[2020-07-31 02:53:15,030] {bash_operator.py:126} INFO - Parameter I passed in
[2020-07-31 02:53:15,030] {bash_operator.py:126} INFO - 2020-07-31
[2020-07-31 02:53:15,030] {bash_operator.py:126} INFO - 2020-08-07
[2020-07-31 02:53:15,030] {bash_operator.py:126} INFO - Parameter I passed in
[2020-07-31 02:53:15,030] {bash_operator.py:126} INFO - 2020-07-31
[2020-07-31 02:53:15,030] {bash_operator.py:126} INFO - 2020-08-07
[2020-07-31 02:53:15,031] {bash_operator.py:126} INFO - Parameter I passed in
[2020-07-31 02:53:15,031] {bash_operator.py:126} INFO - 2020-07-31
[2020-07-31 02:53:15,031] {bash_operator.py:126} INFO - 2020-08-07
[2020-07-31 02:53:15,031] {bash_operator.py:126} INFO - Parameter I passed in
[2020-07-31 02:53:15,031] {bash_operator.py:130} INFO - Command exited with return code 0
[2020-07-31 02:53:15,057] {taskinstance.py:1048} INFO - Marking task as SUCCESS.dag_id=tutorial, task_id=templated, execution_date=20200731T025200, start_date=20200731T025314, end_date=20200731T025315
[2020-07-31 02:53:24,643] {logging_mixin.py:112} INFO - [2020-07-31 02:53:24,642] {local_task_job.py:103} INFO - Task exited with return code 0
