[2020-07-30 17:24:14,757] {taskinstance.py:655} INFO - Dependencies all met for <TaskInstance: tutorial.templated 2020-07-30T17:23:00+00:00 [queued]>
[2020-07-30 17:24:14,802] {taskinstance.py:655} INFO - Dependencies all met for <TaskInstance: tutorial.templated 2020-07-30T17:23:00+00:00 [queued]>
[2020-07-30 17:24:14,803] {taskinstance.py:866} INFO - 
--------------------------------------------------------------------------------
[2020-07-30 17:24:14,803] {taskinstance.py:867} INFO - Starting attempt 1 of 2
[2020-07-30 17:24:14,803] {taskinstance.py:868} INFO - 
--------------------------------------------------------------------------------
[2020-07-30 17:24:14,827] {taskinstance.py:887} INFO - Executing <Task(BashOperator): templated> on 2020-07-30T17:23:00+00:00
[2020-07-30 17:24:14,833] {standard_task_runner.py:53} INFO - Started process 17503 to run task
[2020-07-30 17:24:14,967] {logging_mixin.py:112} INFO - Running %s on host %s <TaskInstance: tutorial.templated 2020-07-30T17:23:00+00:00 [running]> 02f6ef7ded4c
[2020-07-30 17:24:15,034] {bash_operator.py:82} INFO - Tmp dir root location: 
 /tmp
[2020-07-30 17:24:15,036] {bash_operator.py:105} INFO - Temporary script location: /tmp/airflowtmp5mzk950n/templatedb6tzk8hq
[2020-07-30 17:24:15,036] {bash_operator.py:115} INFO - Running command: 

    echo "2020-07-30"
    echo "2020-08-06"
    echo "Parameter I passed in"

    echo "2020-07-30"
    echo "2020-08-06"
    echo "Parameter I passed in"

    echo "2020-07-30"
    echo "2020-08-06"
    echo "Parameter I passed in"

    echo "2020-07-30"
    echo "2020-08-06"
    echo "Parameter I passed in"

    echo "2020-07-30"
    echo "2020-08-06"
    echo "Parameter I passed in"

[2020-07-30 17:24:15,052] {bash_operator.py:122} INFO - Output:
[2020-07-30 17:24:15,053] {bash_operator.py:126} INFO - 2020-07-30
[2020-07-30 17:24:15,053] {bash_operator.py:126} INFO - 2020-08-06
[2020-07-30 17:24:15,053] {bash_operator.py:126} INFO - Parameter I passed in
[2020-07-30 17:24:15,054] {bash_operator.py:126} INFO - 2020-07-30
[2020-07-30 17:24:15,054] {bash_operator.py:126} INFO - 2020-08-06
[2020-07-30 17:24:15,054] {bash_operator.py:126} INFO - Parameter I passed in
[2020-07-30 17:24:15,054] {bash_operator.py:126} INFO - 2020-07-30
[2020-07-30 17:24:15,054] {bash_operator.py:126} INFO - 2020-08-06
[2020-07-30 17:24:15,054] {bash_operator.py:126} INFO - Parameter I passed in
[2020-07-30 17:24:15,054] {bash_operator.py:126} INFO - 2020-07-30
[2020-07-30 17:24:15,054] {bash_operator.py:126} INFO - 2020-08-06
[2020-07-30 17:24:15,054] {bash_operator.py:126} INFO - Parameter I passed in
[2020-07-30 17:24:15,054] {bash_operator.py:126} INFO - 2020-07-30
[2020-07-30 17:24:15,054] {bash_operator.py:126} INFO - 2020-08-06
[2020-07-30 17:24:15,054] {bash_operator.py:126} INFO - Parameter I passed in
[2020-07-30 17:24:15,055] {bash_operator.py:130} INFO - Command exited with return code 0
[2020-07-30 17:24:15,078] {taskinstance.py:1048} INFO - Marking task as SUCCESS.dag_id=tutorial, task_id=templated, execution_date=20200730T172300, start_date=20200730T172414, end_date=20200730T172415
[2020-07-30 17:24:24,720] {logging_mixin.py:112} INFO - [2020-07-30 17:24:24,719] {local_task_job.py:103} INFO - Task exited with return code 0
