[2020-07-30 15:53:16,033] {taskinstance.py:655} INFO - Dependencies all met for <TaskInstance: tutorial.templated 2020-07-30T15:52:00+00:00 [queued]>
[2020-07-30 15:53:16,081] {taskinstance.py:655} INFO - Dependencies all met for <TaskInstance: tutorial.templated 2020-07-30T15:52:00+00:00 [queued]>
[2020-07-30 15:53:16,082] {taskinstance.py:866} INFO - 
--------------------------------------------------------------------------------
[2020-07-30 15:53:16,082] {taskinstance.py:867} INFO - Starting attempt 1 of 2
[2020-07-30 15:53:16,082] {taskinstance.py:868} INFO - 
--------------------------------------------------------------------------------
[2020-07-30 15:53:16,118] {taskinstance.py:887} INFO - Executing <Task(BashOperator): templated> on 2020-07-30T15:52:00+00:00
[2020-07-30 15:53:16,148] {standard_task_runner.py:53} INFO - Started process 20153 to run task
[2020-07-30 15:53:16,368] {logging_mixin.py:112} INFO - Running %s on host %s <TaskInstance: tutorial.templated 2020-07-30T15:52:00+00:00 [running]> 02f6ef7ded4c
[2020-07-30 15:53:16,433] {bash_operator.py:82} INFO - Tmp dir root location: 
 /tmp
[2020-07-30 15:53:16,435] {bash_operator.py:105} INFO - Temporary script location: /tmp/airflowtmp9mkxi0y6/templatedthcdxbzm
[2020-07-30 15:53:16,435] {bash_operator.py:115} INFO - Running command: 

    echo "2020-07-30"
    echo "2020-08-06"
    echo "Parameter I passed in"

    echo "2020-07-30"
    echo "2020-08-06"
    echo "Parameter I passed in"

    echo "2020-07-30"
    echo "2020-08-06"
    echo "Parameter I passed in"

    echo "2020-07-30"
    echo "2020-08-06"
    echo "Parameter I passed in"

    echo "2020-07-30"
    echo "2020-08-06"
    echo "Parameter I passed in"

[2020-07-30 15:53:16,451] {bash_operator.py:122} INFO - Output:
[2020-07-30 15:53:16,453] {bash_operator.py:126} INFO - 2020-07-30
[2020-07-30 15:53:16,453] {bash_operator.py:126} INFO - 2020-08-06
[2020-07-30 15:53:16,453] {bash_operator.py:126} INFO - Parameter I passed in
[2020-07-30 15:53:16,453] {bash_operator.py:126} INFO - 2020-07-30
[2020-07-30 15:53:16,453] {bash_operator.py:126} INFO - 2020-08-06
[2020-07-30 15:53:16,453] {bash_operator.py:126} INFO - Parameter I passed in
[2020-07-30 15:53:16,453] {bash_operator.py:126} INFO - 2020-07-30
[2020-07-30 15:53:16,453] {bash_operator.py:126} INFO - 2020-08-06
[2020-07-30 15:53:16,454] {bash_operator.py:126} INFO - Parameter I passed in
[2020-07-30 15:53:16,454] {bash_operator.py:126} INFO - 2020-07-30
[2020-07-30 15:53:16,454] {bash_operator.py:126} INFO - 2020-08-06
[2020-07-30 15:53:16,454] {bash_operator.py:126} INFO - Parameter I passed in
[2020-07-30 15:53:16,454] {bash_operator.py:126} INFO - 2020-07-30
[2020-07-30 15:53:16,454] {bash_operator.py:126} INFO - 2020-08-06
[2020-07-30 15:53:16,454] {bash_operator.py:126} INFO - Parameter I passed in
[2020-07-30 15:53:16,454] {bash_operator.py:130} INFO - Command exited with return code 0
[2020-07-30 15:53:16,475] {taskinstance.py:1048} INFO - Marking task as SUCCESS.dag_id=tutorial, task_id=templated, execution_date=20200730T155200, start_date=20200730T155316, end_date=20200730T155316
[2020-07-30 15:53:25,984] {logging_mixin.py:112} INFO - [2020-07-30 15:53:25,983] {local_task_job.py:103} INFO - Task exited with return code 0
