[2020-07-31 05:05:15,853] {taskinstance.py:655} INFO - Dependencies all met for <TaskInstance: tutorial.templated 2020-07-31T05:04:00+00:00 [queued]>
[2020-07-31 05:05:15,893] {taskinstance.py:655} INFO - Dependencies all met for <TaskInstance: tutorial.templated 2020-07-31T05:04:00+00:00 [queued]>
[2020-07-31 05:05:15,893] {taskinstance.py:866} INFO - 
--------------------------------------------------------------------------------
[2020-07-31 05:05:15,893] {taskinstance.py:867} INFO - Starting attempt 1 of 2
[2020-07-31 05:05:15,893] {taskinstance.py:868} INFO - 
--------------------------------------------------------------------------------
[2020-07-31 05:05:15,919] {taskinstance.py:887} INFO - Executing <Task(BashOperator): templated> on 2020-07-31T05:04:00+00:00
[2020-07-31 05:05:15,928] {standard_task_runner.py:53} INFO - Started process 10369 to run task
[2020-07-31 05:05:16,047] {logging_mixin.py:112} INFO - Running %s on host %s <TaskInstance: tutorial.templated 2020-07-31T05:04:00+00:00 [running]> 02f6ef7ded4c
[2020-07-31 05:05:16,107] {bash_operator.py:82} INFO - Tmp dir root location: 
 /tmp
[2020-07-31 05:05:16,108] {bash_operator.py:105} INFO - Temporary script location: /tmp/airflowtmpvouv9v_w/templated76bti18d
[2020-07-31 05:05:16,108] {bash_operator.py:115} INFO - Running command: 

    echo "2020-07-31"
    echo "2020-08-07"
    echo "Parameter I passed in"

    echo "2020-07-31"
    echo "2020-08-07"
    echo "Parameter I passed in"

    echo "2020-07-31"
    echo "2020-08-07"
    echo "Parameter I passed in"

    echo "2020-07-31"
    echo "2020-08-07"
    echo "Parameter I passed in"

    echo "2020-07-31"
    echo "2020-08-07"
    echo "Parameter I passed in"

[2020-07-31 05:05:16,126] {bash_operator.py:122} INFO - Output:
[2020-07-31 05:05:16,129] {bash_operator.py:126} INFO - 2020-07-31
[2020-07-31 05:05:16,129] {bash_operator.py:126} INFO - 2020-08-07
[2020-07-31 05:05:16,130] {bash_operator.py:126} INFO - Parameter I passed in
[2020-07-31 05:05:16,130] {bash_operator.py:126} INFO - 2020-07-31
[2020-07-31 05:05:16,130] {bash_operator.py:126} INFO - 2020-08-07
[2020-07-31 05:05:16,130] {bash_operator.py:126} INFO - Parameter I passed in
[2020-07-31 05:05:16,131] {bash_operator.py:126} INFO - 2020-07-31
[2020-07-31 05:05:16,131] {bash_operator.py:126} INFO - 2020-08-07
[2020-07-31 05:05:16,131] {bash_operator.py:126} INFO - Parameter I passed in
[2020-07-31 05:05:16,131] {bash_operator.py:126} INFO - 2020-07-31
[2020-07-31 05:05:16,131] {bash_operator.py:126} INFO - 2020-08-07
[2020-07-31 05:05:16,131] {bash_operator.py:126} INFO - Parameter I passed in
[2020-07-31 05:05:16,132] {bash_operator.py:126} INFO - 2020-07-31
[2020-07-31 05:05:16,132] {bash_operator.py:126} INFO - 2020-08-07
[2020-07-31 05:05:16,132] {bash_operator.py:126} INFO - Parameter I passed in
[2020-07-31 05:05:16,133] {bash_operator.py:130} INFO - Command exited with return code 0
[2020-07-31 05:05:16,168] {taskinstance.py:1048} INFO - Marking task as SUCCESS.dag_id=tutorial, task_id=templated, execution_date=20200731T050400, start_date=20200731T050515, end_date=20200731T050516
[2020-07-31 05:05:25,823] {logging_mixin.py:112} INFO - [2020-07-31 05:05:25,822] {local_task_job.py:103} INFO - Task exited with return code 0
