[2020-07-31 01:20:10,105] {taskinstance.py:655} INFO - Dependencies all met for <TaskInstance: tutorial.templated 2020-07-31T01:19:00+00:00 [queued]>
[2020-07-31 01:20:10,149] {taskinstance.py:655} INFO - Dependencies all met for <TaskInstance: tutorial.templated 2020-07-31T01:19:00+00:00 [queued]>
[2020-07-31 01:20:10,149] {taskinstance.py:866} INFO - 
--------------------------------------------------------------------------------
[2020-07-31 01:20:10,149] {taskinstance.py:867} INFO - Starting attempt 1 of 2
[2020-07-31 01:20:10,149] {taskinstance.py:868} INFO - 
--------------------------------------------------------------------------------
[2020-07-31 01:20:10,178] {taskinstance.py:887} INFO - Executing <Task(BashOperator): templated> on 2020-07-31T01:19:00+00:00
[2020-07-31 01:20:10,185] {standard_task_runner.py:53} INFO - Started process 18649 to run task
[2020-07-31 01:20:10,308] {logging_mixin.py:112} INFO - Running %s on host %s <TaskInstance: tutorial.templated 2020-07-31T01:19:00+00:00 [running]> 02f6ef7ded4c
[2020-07-31 01:20:10,366] {bash_operator.py:82} INFO - Tmp dir root location: 
 /tmp
[2020-07-31 01:20:10,367] {bash_operator.py:105} INFO - Temporary script location: /tmp/airflowtmp8z_8nww2/templatedu4ok3edf
[2020-07-31 01:20:10,368] {bash_operator.py:115} INFO - Running command: 

    echo "2020-07-31"
    echo "2020-08-07"
    echo "Parameter I passed in"

    echo "2020-07-31"
    echo "2020-08-07"
    echo "Parameter I passed in"

    echo "2020-07-31"
    echo "2020-08-07"
    echo "Parameter I passed in"

    echo "2020-07-31"
    echo "2020-08-07"
    echo "Parameter I passed in"

    echo "2020-07-31"
    echo "2020-08-07"
    echo "Parameter I passed in"

[2020-07-31 01:20:10,383] {bash_operator.py:122} INFO - Output:
[2020-07-31 01:20:10,385] {bash_operator.py:126} INFO - 2020-07-31
[2020-07-31 01:20:10,386] {bash_operator.py:126} INFO - 2020-08-07
[2020-07-31 01:20:10,386] {bash_operator.py:126} INFO - Parameter I passed in
[2020-07-31 01:20:10,386] {bash_operator.py:126} INFO - 2020-07-31
[2020-07-31 01:20:10,386] {bash_operator.py:126} INFO - 2020-08-07
[2020-07-31 01:20:10,386] {bash_operator.py:126} INFO - Parameter I passed in
[2020-07-31 01:20:10,386] {bash_operator.py:126} INFO - 2020-07-31
[2020-07-31 01:20:10,386] {bash_operator.py:126} INFO - 2020-08-07
[2020-07-31 01:20:10,386] {bash_operator.py:126} INFO - Parameter I passed in
[2020-07-31 01:20:10,387] {bash_operator.py:126} INFO - 2020-07-31
[2020-07-31 01:20:10,387] {bash_operator.py:126} INFO - 2020-08-07
[2020-07-31 01:20:10,387] {bash_operator.py:126} INFO - Parameter I passed in
[2020-07-31 01:20:10,387] {bash_operator.py:126} INFO - 2020-07-31
[2020-07-31 01:20:10,387] {bash_operator.py:126} INFO - 2020-08-07
[2020-07-31 01:20:10,387] {bash_operator.py:126} INFO - Parameter I passed in
[2020-07-31 01:20:10,387] {bash_operator.py:130} INFO - Command exited with return code 0
[2020-07-31 01:20:10,421] {taskinstance.py:1048} INFO - Marking task as SUCCESS.dag_id=tutorial, task_id=templated, execution_date=20200731T011900, start_date=20200731T012010, end_date=20200731T012010
[2020-07-31 01:20:20,057] {logging_mixin.py:112} INFO - [2020-07-31 01:20:20,056] {local_task_job.py:103} INFO - Task exited with return code 0
