[2020-07-30 20:12:14,706] {taskinstance.py:655} INFO - Dependencies all met for <TaskInstance: tutorial.templated 2020-07-30T20:11:00+00:00 [queued]>
[2020-07-30 20:12:14,759] {taskinstance.py:655} INFO - Dependencies all met for <TaskInstance: tutorial.templated 2020-07-30T20:11:00+00:00 [queued]>
[2020-07-30 20:12:14,760] {taskinstance.py:866} INFO - 
--------------------------------------------------------------------------------
[2020-07-30 20:12:14,760] {taskinstance.py:867} INFO - Starting attempt 1 of 2
[2020-07-30 20:12:14,760] {taskinstance.py:868} INFO - 
--------------------------------------------------------------------------------
[2020-07-30 20:12:14,773] {taskinstance.py:887} INFO - Executing <Task(BashOperator): templated> on 2020-07-30T20:11:00+00:00
[2020-07-30 20:12:14,780] {standard_task_runner.py:53} INFO - Started process 2654 to run task
[2020-07-30 20:12:14,927] {logging_mixin.py:112} INFO - Running %s on host %s <TaskInstance: tutorial.templated 2020-07-30T20:11:00+00:00 [running]> 02f6ef7ded4c
[2020-07-30 20:12:14,995] {bash_operator.py:82} INFO - Tmp dir root location: 
 /tmp
[2020-07-30 20:12:14,997] {bash_operator.py:105} INFO - Temporary script location: /tmp/airflowtmprihoumhu/templatedii6gnzva
[2020-07-30 20:12:14,997] {bash_operator.py:115} INFO - Running command: 

    echo "2020-07-30"
    echo "2020-08-06"
    echo "Parameter I passed in"

    echo "2020-07-30"
    echo "2020-08-06"
    echo "Parameter I passed in"

    echo "2020-07-30"
    echo "2020-08-06"
    echo "Parameter I passed in"

    echo "2020-07-30"
    echo "2020-08-06"
    echo "Parameter I passed in"

    echo "2020-07-30"
    echo "2020-08-06"
    echo "Parameter I passed in"

[2020-07-30 20:12:15,013] {bash_operator.py:122} INFO - Output:
[2020-07-30 20:12:15,015] {bash_operator.py:126} INFO - 2020-07-30
[2020-07-30 20:12:15,015] {bash_operator.py:126} INFO - 2020-08-06
[2020-07-30 20:12:15,015] {bash_operator.py:126} INFO - Parameter I passed in
[2020-07-30 20:12:15,015] {bash_operator.py:126} INFO - 2020-07-30
[2020-07-30 20:12:15,016] {bash_operator.py:126} INFO - 2020-08-06
[2020-07-30 20:12:15,016] {bash_operator.py:126} INFO - Parameter I passed in
[2020-07-30 20:12:15,016] {bash_operator.py:126} INFO - 2020-07-30
[2020-07-30 20:12:15,016] {bash_operator.py:126} INFO - 2020-08-06
[2020-07-30 20:12:15,016] {bash_operator.py:126} INFO - Parameter I passed in
[2020-07-30 20:12:15,016] {bash_operator.py:126} INFO - 2020-07-30
[2020-07-30 20:12:15,016] {bash_operator.py:126} INFO - 2020-08-06
[2020-07-30 20:12:15,016] {bash_operator.py:126} INFO - Parameter I passed in
[2020-07-30 20:12:15,016] {bash_operator.py:126} INFO - 2020-07-30
[2020-07-30 20:12:15,016] {bash_operator.py:126} INFO - 2020-08-06
[2020-07-30 20:12:15,016] {bash_operator.py:126} INFO - Parameter I passed in
[2020-07-30 20:12:15,016] {bash_operator.py:130} INFO - Command exited with return code 0
[2020-07-30 20:12:15,042] {taskinstance.py:1048} INFO - Marking task as SUCCESS.dag_id=tutorial, task_id=templated, execution_date=20200730T201100, start_date=20200730T201214, end_date=20200730T201215
[2020-07-30 20:12:24,660] {logging_mixin.py:112} INFO - [2020-07-30 20:12:24,660] {local_task_job.py:103} INFO - Task exited with return code 0
