[2020-07-31 04:18:12,649] {taskinstance.py:655} INFO - Dependencies all met for <TaskInstance: tutorial.templated 2020-07-31T04:17:00+00:00 [queued]>
[2020-07-31 04:18:12,708] {taskinstance.py:655} INFO - Dependencies all met for <TaskInstance: tutorial.templated 2020-07-31T04:17:00+00:00 [queued]>
[2020-07-31 04:18:12,709] {taskinstance.py:866} INFO - 
--------------------------------------------------------------------------------
[2020-07-31 04:18:12,709] {taskinstance.py:867} INFO - Starting attempt 1 of 2
[2020-07-31 04:18:12,709] {taskinstance.py:868} INFO - 
--------------------------------------------------------------------------------
[2020-07-31 04:18:12,725] {taskinstance.py:887} INFO - Executing <Task(BashOperator): templated> on 2020-07-31T04:17:00+00:00
[2020-07-31 04:18:12,747] {standard_task_runner.py:53} INFO - Started process 10629 to run task
[2020-07-31 04:18:12,873] {logging_mixin.py:112} INFO - Running %s on host %s <TaskInstance: tutorial.templated 2020-07-31T04:17:00+00:00 [running]> 02f6ef7ded4c
[2020-07-31 04:18:12,940] {bash_operator.py:82} INFO - Tmp dir root location: 
 /tmp
[2020-07-31 04:18:12,941] {bash_operator.py:105} INFO - Temporary script location: /tmp/airflowtmpt4c85v38/templated4408gxzf
[2020-07-31 04:18:12,941] {bash_operator.py:115} INFO - Running command: 

    echo "2020-07-31"
    echo "2020-08-07"
    echo "Parameter I passed in"

    echo "2020-07-31"
    echo "2020-08-07"
    echo "Parameter I passed in"

    echo "2020-07-31"
    echo "2020-08-07"
    echo "Parameter I passed in"

    echo "2020-07-31"
    echo "2020-08-07"
    echo "Parameter I passed in"

    echo "2020-07-31"
    echo "2020-08-07"
    echo "Parameter I passed in"

[2020-07-31 04:18:12,958] {bash_operator.py:122} INFO - Output:
[2020-07-31 04:18:12,962] {bash_operator.py:126} INFO - 2020-07-31
[2020-07-31 04:18:12,962] {bash_operator.py:126} INFO - 2020-08-07
[2020-07-31 04:18:12,962] {bash_operator.py:126} INFO - Parameter I passed in
[2020-07-31 04:18:12,962] {bash_operator.py:126} INFO - 2020-07-31
[2020-07-31 04:18:12,963] {bash_operator.py:126} INFO - 2020-08-07
[2020-07-31 04:18:12,963] {bash_operator.py:126} INFO - Parameter I passed in
[2020-07-31 04:18:12,963] {bash_operator.py:126} INFO - 2020-07-31
[2020-07-31 04:18:12,963] {bash_operator.py:126} INFO - 2020-08-07
[2020-07-31 04:18:12,963] {bash_operator.py:126} INFO - Parameter I passed in
[2020-07-31 04:18:12,964] {bash_operator.py:126} INFO - 2020-07-31
[2020-07-31 04:18:12,964] {bash_operator.py:126} INFO - 2020-08-07
[2020-07-31 04:18:12,964] {bash_operator.py:126} INFO - Parameter I passed in
[2020-07-31 04:18:12,964] {bash_operator.py:126} INFO - 2020-07-31
[2020-07-31 04:18:12,964] {bash_operator.py:126} INFO - 2020-08-07
[2020-07-31 04:18:12,964] {bash_operator.py:126} INFO - Parameter I passed in
[2020-07-31 04:18:12,965] {bash_operator.py:130} INFO - Command exited with return code 0
[2020-07-31 04:18:12,991] {taskinstance.py:1048} INFO - Marking task as SUCCESS.dag_id=tutorial, task_id=templated, execution_date=20200731T041700, start_date=20200731T041812, end_date=20200731T041812
[2020-07-31 04:18:22,611] {logging_mixin.py:112} INFO - [2020-07-31 04:18:22,610] {local_task_job.py:103} INFO - Task exited with return code 0
