[2020-07-31 05:10:08,244] {taskinstance.py:655} INFO - Dependencies all met for <TaskInstance: tutorial.templated 2020-07-31T05:09:00+00:00 [queued]>
[2020-07-31 05:10:08,288] {taskinstance.py:655} INFO - Dependencies all met for <TaskInstance: tutorial.templated 2020-07-31T05:09:00+00:00 [queued]>
[2020-07-31 05:10:08,288] {taskinstance.py:866} INFO - 
--------------------------------------------------------------------------------
[2020-07-31 05:10:08,289] {taskinstance.py:867} INFO - Starting attempt 1 of 2
[2020-07-31 05:10:08,289] {taskinstance.py:868} INFO - 
--------------------------------------------------------------------------------
[2020-07-31 05:10:08,317] {taskinstance.py:887} INFO - Executing <Task(BashOperator): templated> on 2020-07-31T05:09:00+00:00
[2020-07-31 05:10:08,324] {standard_task_runner.py:53} INFO - Started process 13710 to run task
[2020-07-31 05:10:08,457] {logging_mixin.py:112} INFO - Running %s on host %s <TaskInstance: tutorial.templated 2020-07-31T05:09:00+00:00 [running]> 02f6ef7ded4c
[2020-07-31 05:10:08,509] {bash_operator.py:82} INFO - Tmp dir root location: 
 /tmp
[2020-07-31 05:10:08,511] {bash_operator.py:105} INFO - Temporary script location: /tmp/airflowtmpnyiazum4/templatedu34wivt3
[2020-07-31 05:10:08,511] {bash_operator.py:115} INFO - Running command: 

    echo "2020-07-31"
    echo "2020-08-07"
    echo "Parameter I passed in"

    echo "2020-07-31"
    echo "2020-08-07"
    echo "Parameter I passed in"

    echo "2020-07-31"
    echo "2020-08-07"
    echo "Parameter I passed in"

    echo "2020-07-31"
    echo "2020-08-07"
    echo "Parameter I passed in"

    echo "2020-07-31"
    echo "2020-08-07"
    echo "Parameter I passed in"

[2020-07-31 05:10:08,528] {bash_operator.py:122} INFO - Output:
[2020-07-31 05:10:08,530] {bash_operator.py:126} INFO - 2020-07-31
[2020-07-31 05:10:08,531] {bash_operator.py:126} INFO - 2020-08-07
[2020-07-31 05:10:08,531] {bash_operator.py:126} INFO - Parameter I passed in
[2020-07-31 05:10:08,532] {bash_operator.py:126} INFO - 2020-07-31
[2020-07-31 05:10:08,532] {bash_operator.py:126} INFO - 2020-08-07
[2020-07-31 05:10:08,532] {bash_operator.py:126} INFO - Parameter I passed in
[2020-07-31 05:10:08,532] {bash_operator.py:126} INFO - 2020-07-31
[2020-07-31 05:10:08,532] {bash_operator.py:126} INFO - 2020-08-07
[2020-07-31 05:10:08,532] {bash_operator.py:126} INFO - Parameter I passed in
[2020-07-31 05:10:08,532] {bash_operator.py:126} INFO - 2020-07-31
[2020-07-31 05:10:08,533] {bash_operator.py:126} INFO - 2020-08-07
[2020-07-31 05:10:08,533] {bash_operator.py:126} INFO - Parameter I passed in
[2020-07-31 05:10:08,533] {bash_operator.py:126} INFO - 2020-07-31
[2020-07-31 05:10:08,533] {bash_operator.py:126} INFO - 2020-08-07
[2020-07-31 05:10:08,533] {bash_operator.py:126} INFO - Parameter I passed in
[2020-07-31 05:10:08,534] {bash_operator.py:130} INFO - Command exited with return code 0
[2020-07-31 05:10:08,563] {taskinstance.py:1048} INFO - Marking task as SUCCESS.dag_id=tutorial, task_id=templated, execution_date=20200731T050900, start_date=20200731T051008, end_date=20200731T051008
[2020-07-31 05:10:18,194] {logging_mixin.py:112} INFO - [2020-07-31 05:10:18,193] {local_task_job.py:103} INFO - Task exited with return code 0
