[2020-07-30 23:00:14,272] {taskinstance.py:655} INFO - Dependencies all met for <TaskInstance: tutorial.templated 2020-07-30T22:59:00+00:00 [queued]>
[2020-07-30 23:00:14,313] {taskinstance.py:655} INFO - Dependencies all met for <TaskInstance: tutorial.templated 2020-07-30T22:59:00+00:00 [queued]>
[2020-07-30 23:00:14,314] {taskinstance.py:866} INFO - 
--------------------------------------------------------------------------------
[2020-07-30 23:00:14,314] {taskinstance.py:867} INFO - Starting attempt 1 of 2
[2020-07-30 23:00:14,314] {taskinstance.py:868} INFO - 
--------------------------------------------------------------------------------
[2020-07-30 23:00:14,344] {taskinstance.py:887} INFO - Executing <Task(BashOperator): templated> on 2020-07-30T22:59:00+00:00
[2020-07-30 23:00:14,354] {standard_task_runner.py:53} INFO - Started process 20262 to run task
[2020-07-30 23:00:14,474] {logging_mixin.py:112} INFO - Running %s on host %s <TaskInstance: tutorial.templated 2020-07-30T22:59:00+00:00 [running]> 02f6ef7ded4c
[2020-07-30 23:00:14,536] {bash_operator.py:82} INFO - Tmp dir root location: 
 /tmp
[2020-07-30 23:00:14,538] {bash_operator.py:105} INFO - Temporary script location: /tmp/airflowtmpmblb5668/templatedn0wuaudn
[2020-07-30 23:00:14,538] {bash_operator.py:115} INFO - Running command: 

    echo "2020-07-30"
    echo "2020-08-06"
    echo "Parameter I passed in"

    echo "2020-07-30"
    echo "2020-08-06"
    echo "Parameter I passed in"

    echo "2020-07-30"
    echo "2020-08-06"
    echo "Parameter I passed in"

    echo "2020-07-30"
    echo "2020-08-06"
    echo "Parameter I passed in"

    echo "2020-07-30"
    echo "2020-08-06"
    echo "Parameter I passed in"

[2020-07-30 23:00:14,554] {bash_operator.py:122} INFO - Output:
[2020-07-30 23:00:14,557] {bash_operator.py:126} INFO - 2020-07-30
[2020-07-30 23:00:14,558] {bash_operator.py:126} INFO - 2020-08-06
[2020-07-30 23:00:14,558] {bash_operator.py:126} INFO - Parameter I passed in
[2020-07-30 23:00:14,558] {bash_operator.py:126} INFO - 2020-07-30
[2020-07-30 23:00:14,558] {bash_operator.py:126} INFO - 2020-08-06
[2020-07-30 23:00:14,558] {bash_operator.py:126} INFO - Parameter I passed in
[2020-07-30 23:00:14,558] {bash_operator.py:126} INFO - 2020-07-30
[2020-07-30 23:00:14,558] {bash_operator.py:126} INFO - 2020-08-06
[2020-07-30 23:00:14,558] {bash_operator.py:126} INFO - Parameter I passed in
[2020-07-30 23:00:14,558] {bash_operator.py:126} INFO - 2020-07-30
[2020-07-30 23:00:14,558] {bash_operator.py:126} INFO - 2020-08-06
[2020-07-30 23:00:14,558] {bash_operator.py:126} INFO - Parameter I passed in
[2020-07-30 23:00:14,558] {bash_operator.py:126} INFO - 2020-07-30
[2020-07-30 23:00:14,558] {bash_operator.py:126} INFO - 2020-08-06
[2020-07-30 23:00:14,558] {bash_operator.py:126} INFO - Parameter I passed in
[2020-07-30 23:00:14,559] {bash_operator.py:130} INFO - Command exited with return code 0
[2020-07-30 23:00:14,585] {taskinstance.py:1048} INFO - Marking task as SUCCESS.dag_id=tutorial, task_id=templated, execution_date=20200730T225900, start_date=20200730T230014, end_date=20200730T230014
[2020-07-30 23:00:24,229] {logging_mixin.py:112} INFO - [2020-07-30 23:00:24,228] {local_task_job.py:103} INFO - Task exited with return code 0
