[2020-07-30 22:09:14,798] {taskinstance.py:655} INFO - Dependencies all met for <TaskInstance: tutorial.templated 2020-07-30T22:08:00+00:00 [queued]>
[2020-07-30 22:09:14,852] {taskinstance.py:655} INFO - Dependencies all met for <TaskInstance: tutorial.templated 2020-07-30T22:08:00+00:00 [queued]>
[2020-07-30 22:09:14,853] {taskinstance.py:866} INFO - 
--------------------------------------------------------------------------------
[2020-07-30 22:09:14,853] {taskinstance.py:867} INFO - Starting attempt 1 of 2
[2020-07-30 22:09:14,853] {taskinstance.py:868} INFO - 
--------------------------------------------------------------------------------
[2020-07-30 22:09:14,884] {taskinstance.py:887} INFO - Executing <Task(BashOperator): templated> on 2020-07-30T22:08:00+00:00
[2020-07-30 22:09:14,891] {standard_task_runner.py:53} INFO - Started process 17820 to run task
[2020-07-30 22:09:15,006] {logging_mixin.py:112} INFO - Running %s on host %s <TaskInstance: tutorial.templated 2020-07-30T22:08:00+00:00 [running]> 02f6ef7ded4c
[2020-07-30 22:09:15,063] {bash_operator.py:82} INFO - Tmp dir root location: 
 /tmp
[2020-07-30 22:09:15,064] {bash_operator.py:105} INFO - Temporary script location: /tmp/airflowtmpal_kbic0/templated8soet5wa
[2020-07-30 22:09:15,065] {bash_operator.py:115} INFO - Running command: 

    echo "2020-07-30"
    echo "2020-08-06"
    echo "Parameter I passed in"

    echo "2020-07-30"
    echo "2020-08-06"
    echo "Parameter I passed in"

    echo "2020-07-30"
    echo "2020-08-06"
    echo "Parameter I passed in"

    echo "2020-07-30"
    echo "2020-08-06"
    echo "Parameter I passed in"

    echo "2020-07-30"
    echo "2020-08-06"
    echo "Parameter I passed in"

[2020-07-30 22:09:15,083] {bash_operator.py:122} INFO - Output:
[2020-07-30 22:09:15,085] {bash_operator.py:126} INFO - 2020-07-30
[2020-07-30 22:09:15,086] {bash_operator.py:126} INFO - 2020-08-06
[2020-07-30 22:09:15,086] {bash_operator.py:126} INFO - Parameter I passed in
[2020-07-30 22:09:15,086] {bash_operator.py:126} INFO - 2020-07-30
[2020-07-30 22:09:15,086] {bash_operator.py:126} INFO - 2020-08-06
[2020-07-30 22:09:15,086] {bash_operator.py:126} INFO - Parameter I passed in
[2020-07-30 22:09:15,086] {bash_operator.py:126} INFO - 2020-07-30
[2020-07-30 22:09:15,086] {bash_operator.py:126} INFO - 2020-08-06
[2020-07-30 22:09:15,086] {bash_operator.py:126} INFO - Parameter I passed in
[2020-07-30 22:09:15,086] {bash_operator.py:126} INFO - 2020-07-30
[2020-07-30 22:09:15,086] {bash_operator.py:126} INFO - 2020-08-06
[2020-07-30 22:09:15,087] {bash_operator.py:126} INFO - Parameter I passed in
[2020-07-30 22:09:15,087] {bash_operator.py:126} INFO - 2020-07-30
[2020-07-30 22:09:15,087] {bash_operator.py:126} INFO - 2020-08-06
[2020-07-30 22:09:15,087] {bash_operator.py:126} INFO - Parameter I passed in
[2020-07-30 22:09:15,087] {bash_operator.py:130} INFO - Command exited with return code 0
[2020-07-30 22:09:15,111] {taskinstance.py:1048} INFO - Marking task as SUCCESS.dag_id=tutorial, task_id=templated, execution_date=20200730T220800, start_date=20200730T220914, end_date=20200730T220915
[2020-07-30 22:09:24,755] {logging_mixin.py:112} INFO - [2020-07-30 22:09:24,754] {local_task_job.py:103} INFO - Task exited with return code 0
