[2020-07-31 04:13:14,341] {taskinstance.py:655} INFO - Dependencies all met for <TaskInstance: tutorial.templated 2020-07-31T04:12:00+00:00 [queued]>
[2020-07-31 04:13:14,394] {taskinstance.py:655} INFO - Dependencies all met for <TaskInstance: tutorial.templated 2020-07-31T04:12:00+00:00 [queued]>
[2020-07-31 04:13:14,394] {taskinstance.py:866} INFO - 
--------------------------------------------------------------------------------
[2020-07-31 04:13:14,394] {taskinstance.py:867} INFO - Starting attempt 1 of 2
[2020-07-31 04:13:14,394] {taskinstance.py:868} INFO - 
--------------------------------------------------------------------------------
[2020-07-31 04:13:14,414] {taskinstance.py:887} INFO - Executing <Task(BashOperator): templated> on 2020-07-31T04:12:00+00:00
[2020-07-31 04:13:14,420] {standard_task_runner.py:53} INFO - Started process 7224 to run task
[2020-07-31 04:13:14,519] {logging_mixin.py:112} INFO - Running %s on host %s <TaskInstance: tutorial.templated 2020-07-31T04:12:00+00:00 [running]> 02f6ef7ded4c
[2020-07-31 04:13:14,594] {bash_operator.py:82} INFO - Tmp dir root location: 
 /tmp
[2020-07-31 04:13:14,596] {bash_operator.py:105} INFO - Temporary script location: /tmp/airflowtmpzfq29cxi/templatedjudr0bpe
[2020-07-31 04:13:14,596] {bash_operator.py:115} INFO - Running command: 

    echo "2020-07-31"
    echo "2020-08-07"
    echo "Parameter I passed in"

    echo "2020-07-31"
    echo "2020-08-07"
    echo "Parameter I passed in"

    echo "2020-07-31"
    echo "2020-08-07"
    echo "Parameter I passed in"

    echo "2020-07-31"
    echo "2020-08-07"
    echo "Parameter I passed in"

    echo "2020-07-31"
    echo "2020-08-07"
    echo "Parameter I passed in"

[2020-07-31 04:13:14,614] {bash_operator.py:122} INFO - Output:
[2020-07-31 04:13:14,617] {bash_operator.py:126} INFO - 2020-07-31
[2020-07-31 04:13:14,617] {bash_operator.py:126} INFO - 2020-08-07
[2020-07-31 04:13:14,617] {bash_operator.py:126} INFO - Parameter I passed in
[2020-07-31 04:13:14,617] {bash_operator.py:126} INFO - 2020-07-31
[2020-07-31 04:13:14,618] {bash_operator.py:126} INFO - 2020-08-07
[2020-07-31 04:13:14,618] {bash_operator.py:126} INFO - Parameter I passed in
[2020-07-31 04:13:14,618] {bash_operator.py:126} INFO - 2020-07-31
[2020-07-31 04:13:14,618] {bash_operator.py:126} INFO - 2020-08-07
[2020-07-31 04:13:14,618] {bash_operator.py:126} INFO - Parameter I passed in
[2020-07-31 04:13:14,618] {bash_operator.py:126} INFO - 2020-07-31
[2020-07-31 04:13:14,618] {bash_operator.py:126} INFO - 2020-08-07
[2020-07-31 04:13:14,618] {bash_operator.py:126} INFO - Parameter I passed in
[2020-07-31 04:13:14,618] {bash_operator.py:126} INFO - 2020-07-31
[2020-07-31 04:13:14,618] {bash_operator.py:126} INFO - 2020-08-07
[2020-07-31 04:13:14,618] {bash_operator.py:126} INFO - Parameter I passed in
[2020-07-31 04:13:14,619] {bash_operator.py:130} INFO - Command exited with return code 0
[2020-07-31 04:13:14,647] {taskinstance.py:1048} INFO - Marking task as SUCCESS.dag_id=tutorial, task_id=templated, execution_date=20200731T041200, start_date=20200731T041314, end_date=20200731T041314
[2020-07-31 04:13:24,292] {logging_mixin.py:112} INFO - [2020-07-31 04:13:24,291] {local_task_job.py:103} INFO - Task exited with return code 0
