[2020-07-31 02:29:12,682] {taskinstance.py:655} INFO - Dependencies all met for <TaskInstance: tutorial.templated 2020-07-31T02:28:00+00:00 [queued]>
[2020-07-31 02:29:12,747] {taskinstance.py:655} INFO - Dependencies all met for <TaskInstance: tutorial.templated 2020-07-31T02:28:00+00:00 [queued]>
[2020-07-31 02:29:12,748] {taskinstance.py:866} INFO - 
--------------------------------------------------------------------------------
[2020-07-31 02:29:12,748] {taskinstance.py:867} INFO - Starting attempt 1 of 2
[2020-07-31 02:29:12,748] {taskinstance.py:868} INFO - 
--------------------------------------------------------------------------------
[2020-07-31 02:29:12,774] {taskinstance.py:887} INFO - Executing <Task(BashOperator): templated> on 2020-07-31T02:28:00+00:00
[2020-07-31 02:29:12,782] {standard_task_runner.py:53} INFO - Started process 963 to run task
[2020-07-31 02:29:12,894] {logging_mixin.py:112} INFO - Running %s on host %s <TaskInstance: tutorial.templated 2020-07-31T02:28:00+00:00 [running]> 02f6ef7ded4c
[2020-07-31 02:29:12,969] {bash_operator.py:82} INFO - Tmp dir root location: 
 /tmp
[2020-07-31 02:29:12,971] {bash_operator.py:105} INFO - Temporary script location: /tmp/airflowtmp3hgkj1_z/templated8ro06ym1
[2020-07-31 02:29:12,971] {bash_operator.py:115} INFO - Running command: 

    echo "2020-07-31"
    echo "2020-08-07"
    echo "Parameter I passed in"

    echo "2020-07-31"
    echo "2020-08-07"
    echo "Parameter I passed in"

    echo "2020-07-31"
    echo "2020-08-07"
    echo "Parameter I passed in"

    echo "2020-07-31"
    echo "2020-08-07"
    echo "Parameter I passed in"

    echo "2020-07-31"
    echo "2020-08-07"
    echo "Parameter I passed in"

[2020-07-31 02:29:12,993] {bash_operator.py:122} INFO - Output:
[2020-07-31 02:29:12,996] {bash_operator.py:126} INFO - 2020-07-31
[2020-07-31 02:29:12,997] {bash_operator.py:126} INFO - 2020-08-07
[2020-07-31 02:29:12,997] {bash_operator.py:126} INFO - Parameter I passed in
[2020-07-31 02:29:12,997] {bash_operator.py:126} INFO - 2020-07-31
[2020-07-31 02:29:12,997] {bash_operator.py:126} INFO - 2020-08-07
[2020-07-31 02:29:12,997] {bash_operator.py:126} INFO - Parameter I passed in
[2020-07-31 02:29:12,997] {bash_operator.py:126} INFO - 2020-07-31
[2020-07-31 02:29:12,997] {bash_operator.py:126} INFO - 2020-08-07
[2020-07-31 02:29:12,997] {bash_operator.py:126} INFO - Parameter I passed in
[2020-07-31 02:29:12,998] {bash_operator.py:126} INFO - 2020-07-31
[2020-07-31 02:29:12,998] {bash_operator.py:126} INFO - 2020-08-07
[2020-07-31 02:29:12,998] {bash_operator.py:126} INFO - Parameter I passed in
[2020-07-31 02:29:12,998] {bash_operator.py:126} INFO - 2020-07-31
[2020-07-31 02:29:12,998] {bash_operator.py:126} INFO - 2020-08-07
[2020-07-31 02:29:12,998] {bash_operator.py:126} INFO - Parameter I passed in
[2020-07-31 02:29:12,999] {bash_operator.py:130} INFO - Command exited with return code 0
[2020-07-31 02:29:13,030] {taskinstance.py:1048} INFO - Marking task as SUCCESS.dag_id=tutorial, task_id=templated, execution_date=20200731T022800, start_date=20200731T022912, end_date=20200731T022913
[2020-07-31 02:29:22,603] {logging_mixin.py:112} INFO - [2020-07-31 02:29:22,602] {local_task_job.py:103} INFO - Task exited with return code 0
