[2020-07-31 04:49:14,612] {taskinstance.py:655} INFO - Dependencies all met for <TaskInstance: tutorial.templated 2020-07-31T04:48:00+00:00 [queued]>
[2020-07-31 04:49:14,668] {taskinstance.py:655} INFO - Dependencies all met for <TaskInstance: tutorial.templated 2020-07-31T04:48:00+00:00 [queued]>
[2020-07-31 04:49:14,669] {taskinstance.py:866} INFO - 
--------------------------------------------------------------------------------
[2020-07-31 04:49:14,669] {taskinstance.py:867} INFO - Starting attempt 1 of 2
[2020-07-31 04:49:14,669] {taskinstance.py:868} INFO - 
--------------------------------------------------------------------------------
[2020-07-31 04:49:14,686] {taskinstance.py:887} INFO - Executing <Task(BashOperator): templated> on 2020-07-31T04:48:00+00:00
[2020-07-31 04:49:14,694] {standard_task_runner.py:53} INFO - Started process 31863 to run task
[2020-07-31 04:49:14,828] {logging_mixin.py:112} INFO - Running %s on host %s <TaskInstance: tutorial.templated 2020-07-31T04:48:00+00:00 [running]> 02f6ef7ded4c
[2020-07-31 04:49:14,890] {bash_operator.py:82} INFO - Tmp dir root location: 
 /tmp
[2020-07-31 04:49:14,892] {bash_operator.py:105} INFO - Temporary script location: /tmp/airflowtmp5ijpm6vs/templated6y7wt9s9
[2020-07-31 04:49:14,892] {bash_operator.py:115} INFO - Running command: 

    echo "2020-07-31"
    echo "2020-08-07"
    echo "Parameter I passed in"

    echo "2020-07-31"
    echo "2020-08-07"
    echo "Parameter I passed in"

    echo "2020-07-31"
    echo "2020-08-07"
    echo "Parameter I passed in"

    echo "2020-07-31"
    echo "2020-08-07"
    echo "Parameter I passed in"

    echo "2020-07-31"
    echo "2020-08-07"
    echo "Parameter I passed in"

[2020-07-31 04:49:14,905] {bash_operator.py:122} INFO - Output:
[2020-07-31 04:49:14,907] {bash_operator.py:126} INFO - 2020-07-31
[2020-07-31 04:49:14,908] {bash_operator.py:126} INFO - 2020-08-07
[2020-07-31 04:49:14,908] {bash_operator.py:126} INFO - Parameter I passed in
[2020-07-31 04:49:14,908] {bash_operator.py:126} INFO - 2020-07-31
[2020-07-31 04:49:14,908] {bash_operator.py:126} INFO - 2020-08-07
[2020-07-31 04:49:14,908] {bash_operator.py:126} INFO - Parameter I passed in
[2020-07-31 04:49:14,908] {bash_operator.py:126} INFO - 2020-07-31
[2020-07-31 04:49:14,908] {bash_operator.py:126} INFO - 2020-08-07
[2020-07-31 04:49:14,908] {bash_operator.py:126} INFO - Parameter I passed in
[2020-07-31 04:49:14,908] {bash_operator.py:126} INFO - 2020-07-31
[2020-07-31 04:49:14,908] {bash_operator.py:126} INFO - 2020-08-07
[2020-07-31 04:49:14,908] {bash_operator.py:126} INFO - Parameter I passed in
[2020-07-31 04:49:14,909] {bash_operator.py:126} INFO - 2020-07-31
[2020-07-31 04:49:14,909] {bash_operator.py:126} INFO - 2020-08-07
[2020-07-31 04:49:14,909] {bash_operator.py:126} INFO - Parameter I passed in
[2020-07-31 04:49:14,909] {bash_operator.py:130} INFO - Command exited with return code 0
[2020-07-31 04:49:14,941] {taskinstance.py:1048} INFO - Marking task as SUCCESS.dag_id=tutorial, task_id=templated, execution_date=20200731T044800, start_date=20200731T044914, end_date=20200731T044914
[2020-07-31 04:49:24,563] {logging_mixin.py:112} INFO - [2020-07-31 04:49:24,562] {local_task_job.py:103} INFO - Task exited with return code 0
