[2020-07-30 16:22:10,248] {taskinstance.py:655} INFO - Dependencies all met for <TaskInstance: tutorial.templated 2020-07-30T16:21:00+00:00 [queued]>
[2020-07-30 16:22:10,288] {taskinstance.py:655} INFO - Dependencies all met for <TaskInstance: tutorial.templated 2020-07-30T16:21:00+00:00 [queued]>
[2020-07-30 16:22:10,288] {taskinstance.py:866} INFO - 
--------------------------------------------------------------------------------
[2020-07-30 16:22:10,288] {taskinstance.py:867} INFO - Starting attempt 1 of 2
[2020-07-30 16:22:10,288] {taskinstance.py:868} INFO - 
--------------------------------------------------------------------------------
[2020-07-30 16:22:10,315] {taskinstance.py:887} INFO - Executing <Task(BashOperator): templated> on 2020-07-30T16:21:00+00:00
[2020-07-30 16:22:10,324] {standard_task_runner.py:53} INFO - Started process 7479 to run task
[2020-07-30 16:22:10,472] {logging_mixin.py:112} INFO - Running %s on host %s <TaskInstance: tutorial.templated 2020-07-30T16:21:00+00:00 [running]> 02f6ef7ded4c
[2020-07-30 16:22:10,537] {bash_operator.py:82} INFO - Tmp dir root location: 
 /tmp
[2020-07-30 16:22:10,539] {bash_operator.py:105} INFO - Temporary script location: /tmp/airflowtmp2l9w_fjk/templated3s26wsm_
[2020-07-30 16:22:10,539] {bash_operator.py:115} INFO - Running command: 

    echo "2020-07-30"
    echo "2020-08-06"
    echo "Parameter I passed in"

    echo "2020-07-30"
    echo "2020-08-06"
    echo "Parameter I passed in"

    echo "2020-07-30"
    echo "2020-08-06"
    echo "Parameter I passed in"

    echo "2020-07-30"
    echo "2020-08-06"
    echo "Parameter I passed in"

    echo "2020-07-30"
    echo "2020-08-06"
    echo "Parameter I passed in"

[2020-07-30 16:22:10,556] {bash_operator.py:122} INFO - Output:
[2020-07-30 16:22:10,558] {bash_operator.py:126} INFO - 2020-07-30
[2020-07-30 16:22:10,558] {bash_operator.py:126} INFO - 2020-08-06
[2020-07-30 16:22:10,558] {bash_operator.py:126} INFO - Parameter I passed in
[2020-07-30 16:22:10,558] {bash_operator.py:126} INFO - 2020-07-30
[2020-07-30 16:22:10,558] {bash_operator.py:126} INFO - 2020-08-06
[2020-07-30 16:22:10,558] {bash_operator.py:126} INFO - Parameter I passed in
[2020-07-30 16:22:10,558] {bash_operator.py:126} INFO - 2020-07-30
[2020-07-30 16:22:10,559] {bash_operator.py:126} INFO - 2020-08-06
[2020-07-30 16:22:10,559] {bash_operator.py:126} INFO - Parameter I passed in
[2020-07-30 16:22:10,559] {bash_operator.py:126} INFO - 2020-07-30
[2020-07-30 16:22:10,559] {bash_operator.py:126} INFO - 2020-08-06
[2020-07-30 16:22:10,559] {bash_operator.py:126} INFO - Parameter I passed in
[2020-07-30 16:22:10,559] {bash_operator.py:126} INFO - 2020-07-30
[2020-07-30 16:22:10,559] {bash_operator.py:126} INFO - 2020-08-06
[2020-07-30 16:22:10,559] {bash_operator.py:126} INFO - Parameter I passed in
[2020-07-30 16:22:10,559] {bash_operator.py:130} INFO - Command exited with return code 0
[2020-07-30 16:22:10,588] {taskinstance.py:1048} INFO - Marking task as SUCCESS.dag_id=tutorial, task_id=templated, execution_date=20200730T162100, start_date=20200730T162210, end_date=20200730T162210
[2020-07-30 16:22:20,195] {logging_mixin.py:112} INFO - [2020-07-30 16:22:20,195] {local_task_job.py:103} INFO - Task exited with return code 0
