[2020-07-30 17:30:14,931] {taskinstance.py:655} INFO - Dependencies all met for <TaskInstance: tutorial.templated 2020-07-30T17:29:00+00:00 [queued]>
[2020-07-30 17:30:14,981] {taskinstance.py:655} INFO - Dependencies all met for <TaskInstance: tutorial.templated 2020-07-30T17:29:00+00:00 [queued]>
[2020-07-30 17:30:14,981] {taskinstance.py:866} INFO - 
--------------------------------------------------------------------------------
[2020-07-30 17:30:14,981] {taskinstance.py:867} INFO - Starting attempt 1 of 2
[2020-07-30 17:30:14,981] {taskinstance.py:868} INFO - 
--------------------------------------------------------------------------------
[2020-07-30 17:30:15,014] {taskinstance.py:887} INFO - Executing <Task(BashOperator): templated> on 2020-07-30T17:29:00+00:00
[2020-07-30 17:30:15,023] {standard_task_runner.py:53} INFO - Started process 21616 to run task
[2020-07-30 17:30:15,154] {logging_mixin.py:112} INFO - Running %s on host %s <TaskInstance: tutorial.templated 2020-07-30T17:29:00+00:00 [running]> 02f6ef7ded4c
[2020-07-30 17:30:15,235] {bash_operator.py:82} INFO - Tmp dir root location: 
 /tmp
[2020-07-30 17:30:15,238] {bash_operator.py:105} INFO - Temporary script location: /tmp/airflowtmps2g5bwy8/templatedtdvd4p5n
[2020-07-30 17:30:15,238] {bash_operator.py:115} INFO - Running command: 

    echo "2020-07-30"
    echo "2020-08-06"
    echo "Parameter I passed in"

    echo "2020-07-30"
    echo "2020-08-06"
    echo "Parameter I passed in"

    echo "2020-07-30"
    echo "2020-08-06"
    echo "Parameter I passed in"

    echo "2020-07-30"
    echo "2020-08-06"
    echo "Parameter I passed in"

    echo "2020-07-30"
    echo "2020-08-06"
    echo "Parameter I passed in"

[2020-07-30 17:30:15,274] {bash_operator.py:122} INFO - Output:
[2020-07-30 17:30:15,283] {bash_operator.py:126} INFO - 2020-07-30
[2020-07-30 17:30:15,285] {bash_operator.py:126} INFO - 2020-08-06
[2020-07-30 17:30:15,286] {bash_operator.py:126} INFO - Parameter I passed in
[2020-07-30 17:30:15,286] {bash_operator.py:126} INFO - 2020-07-30
[2020-07-30 17:30:15,286] {bash_operator.py:126} INFO - 2020-08-06
[2020-07-30 17:30:15,286] {bash_operator.py:126} INFO - Parameter I passed in
[2020-07-30 17:30:15,286] {bash_operator.py:126} INFO - 2020-07-30
[2020-07-30 17:30:15,286] {bash_operator.py:126} INFO - 2020-08-06
[2020-07-30 17:30:15,286] {bash_operator.py:126} INFO - Parameter I passed in
[2020-07-30 17:30:15,286] {bash_operator.py:126} INFO - 2020-07-30
[2020-07-30 17:30:15,286] {bash_operator.py:126} INFO - 2020-08-06
[2020-07-30 17:30:15,286] {bash_operator.py:126} INFO - Parameter I passed in
[2020-07-30 17:30:15,286] {bash_operator.py:126} INFO - 2020-07-30
[2020-07-30 17:30:15,286] {bash_operator.py:126} INFO - 2020-08-06
[2020-07-30 17:30:15,286] {bash_operator.py:126} INFO - Parameter I passed in
[2020-07-30 17:30:15,287] {bash_operator.py:130} INFO - Command exited with return code 0
[2020-07-30 17:30:15,343] {taskinstance.py:1048} INFO - Marking task as SUCCESS.dag_id=tutorial, task_id=templated, execution_date=20200730T172900, start_date=20200730T173014, end_date=20200730T173015
[2020-07-30 17:30:24,891] {logging_mixin.py:112} INFO - [2020-07-30 17:30:24,890] {local_task_job.py:103} INFO - Task exited with return code 0
