[2020-07-30 21:14:14,743] {taskinstance.py:655} INFO - Dependencies all met for <TaskInstance: tutorial.templated 2020-07-30T21:13:00+00:00 [queued]>
[2020-07-30 21:14:14,787] {taskinstance.py:655} INFO - Dependencies all met for <TaskInstance: tutorial.templated 2020-07-30T21:13:00+00:00 [queued]>
[2020-07-30 21:14:14,787] {taskinstance.py:866} INFO - 
--------------------------------------------------------------------------------
[2020-07-30 21:14:14,787] {taskinstance.py:867} INFO - Starting attempt 1 of 2
[2020-07-30 21:14:14,788] {taskinstance.py:868} INFO - 
--------------------------------------------------------------------------------
[2020-07-30 21:14:14,821] {taskinstance.py:887} INFO - Executing <Task(BashOperator): templated> on 2020-07-30T21:13:00+00:00
[2020-07-30 21:14:14,832] {standard_task_runner.py:53} INFO - Started process 12624 to run task
[2020-07-30 21:14:14,972] {logging_mixin.py:112} INFO - Running %s on host %s <TaskInstance: tutorial.templated 2020-07-30T21:13:00+00:00 [running]> 02f6ef7ded4c
[2020-07-30 21:14:15,027] {bash_operator.py:82} INFO - Tmp dir root location: 
 /tmp
[2020-07-30 21:14:15,028] {bash_operator.py:105} INFO - Temporary script location: /tmp/airflowtmp7jc5wka5/templated322qpoyu
[2020-07-30 21:14:15,029] {bash_operator.py:115} INFO - Running command: 

    echo "2020-07-30"
    echo "2020-08-06"
    echo "Parameter I passed in"

    echo "2020-07-30"
    echo "2020-08-06"
    echo "Parameter I passed in"

    echo "2020-07-30"
    echo "2020-08-06"
    echo "Parameter I passed in"

    echo "2020-07-30"
    echo "2020-08-06"
    echo "Parameter I passed in"

    echo "2020-07-30"
    echo "2020-08-06"
    echo "Parameter I passed in"

[2020-07-30 21:14:15,043] {bash_operator.py:122} INFO - Output:
[2020-07-30 21:14:15,045] {bash_operator.py:126} INFO - 2020-07-30
[2020-07-30 21:14:15,045] {bash_operator.py:126} INFO - 2020-08-06
[2020-07-30 21:14:15,045] {bash_operator.py:126} INFO - Parameter I passed in
[2020-07-30 21:14:15,045] {bash_operator.py:126} INFO - 2020-07-30
[2020-07-30 21:14:15,046] {bash_operator.py:126} INFO - 2020-08-06
[2020-07-30 21:14:15,046] {bash_operator.py:126} INFO - Parameter I passed in
[2020-07-30 21:14:15,046] {bash_operator.py:126} INFO - 2020-07-30
[2020-07-30 21:14:15,046] {bash_operator.py:126} INFO - 2020-08-06
[2020-07-30 21:14:15,046] {bash_operator.py:126} INFO - Parameter I passed in
[2020-07-30 21:14:15,046] {bash_operator.py:126} INFO - 2020-07-30
[2020-07-30 21:14:15,046] {bash_operator.py:126} INFO - 2020-08-06
[2020-07-30 21:14:15,046] {bash_operator.py:126} INFO - Parameter I passed in
[2020-07-30 21:14:15,046] {bash_operator.py:126} INFO - 2020-07-30
[2020-07-30 21:14:15,046] {bash_operator.py:126} INFO - 2020-08-06
[2020-07-30 21:14:15,046] {bash_operator.py:126} INFO - Parameter I passed in
[2020-07-30 21:14:15,046] {bash_operator.py:130} INFO - Command exited with return code 0
[2020-07-30 21:14:15,069] {taskinstance.py:1048} INFO - Marking task as SUCCESS.dag_id=tutorial, task_id=templated, execution_date=20200730T211300, start_date=20200730T211414, end_date=20200730T211415
[2020-07-30 21:14:24,698] {logging_mixin.py:112} INFO - [2020-07-30 21:14:24,697] {local_task_job.py:103} INFO - Task exited with return code 0
