[2020-07-30 23:49:13,797] {taskinstance.py:655} INFO - Dependencies all met for <TaskInstance: tutorial.templated 2020-07-30T23:48:00+00:00 [queued]>
[2020-07-30 23:49:13,845] {taskinstance.py:655} INFO - Dependencies all met for <TaskInstance: tutorial.templated 2020-07-30T23:48:00+00:00 [queued]>
[2020-07-30 23:49:13,846] {taskinstance.py:866} INFO - 
--------------------------------------------------------------------------------
[2020-07-30 23:49:13,846] {taskinstance.py:867} INFO - Starting attempt 1 of 2
[2020-07-30 23:49:13,846] {taskinstance.py:868} INFO - 
--------------------------------------------------------------------------------
[2020-07-30 23:49:13,876] {taskinstance.py:887} INFO - Executing <Task(BashOperator): templated> on 2020-07-30T23:48:00+00:00
[2020-07-30 23:49:13,883] {standard_task_runner.py:53} INFO - Started process 21322 to run task
[2020-07-30 23:49:14,095] {logging_mixin.py:112} INFO - Running %s on host %s <TaskInstance: tutorial.templated 2020-07-30T23:48:00+00:00 [running]> 02f6ef7ded4c
[2020-07-30 23:49:14,178] {bash_operator.py:82} INFO - Tmp dir root location: 
 /tmp
[2020-07-30 23:49:14,180] {bash_operator.py:105} INFO - Temporary script location: /tmp/airflowtmpln760r_u/templatedku0k3o23
[2020-07-30 23:49:14,180] {bash_operator.py:115} INFO - Running command: 

    echo "2020-07-30"
    echo "2020-08-06"
    echo "Parameter I passed in"

    echo "2020-07-30"
    echo "2020-08-06"
    echo "Parameter I passed in"

    echo "2020-07-30"
    echo "2020-08-06"
    echo "Parameter I passed in"

    echo "2020-07-30"
    echo "2020-08-06"
    echo "Parameter I passed in"

    echo "2020-07-30"
    echo "2020-08-06"
    echo "Parameter I passed in"

[2020-07-30 23:49:14,196] {bash_operator.py:122} INFO - Output:
[2020-07-30 23:49:14,199] {bash_operator.py:126} INFO - 2020-07-30
[2020-07-30 23:49:14,199] {bash_operator.py:126} INFO - 2020-08-06
[2020-07-30 23:49:14,199] {bash_operator.py:126} INFO - Parameter I passed in
[2020-07-30 23:49:14,199] {bash_operator.py:126} INFO - 2020-07-30
[2020-07-30 23:49:14,199] {bash_operator.py:126} INFO - 2020-08-06
[2020-07-30 23:49:14,199] {bash_operator.py:126} INFO - Parameter I passed in
[2020-07-30 23:49:14,199] {bash_operator.py:126} INFO - 2020-07-30
[2020-07-30 23:49:14,199] {bash_operator.py:126} INFO - 2020-08-06
[2020-07-30 23:49:14,199] {bash_operator.py:126} INFO - Parameter I passed in
[2020-07-30 23:49:14,199] {bash_operator.py:126} INFO - 2020-07-30
[2020-07-30 23:49:14,199] {bash_operator.py:126} INFO - 2020-08-06
[2020-07-30 23:49:14,200] {bash_operator.py:126} INFO - Parameter I passed in
[2020-07-30 23:49:14,200] {bash_operator.py:126} INFO - 2020-07-30
[2020-07-30 23:49:14,200] {bash_operator.py:126} INFO - 2020-08-06
[2020-07-30 23:49:14,200] {bash_operator.py:126} INFO - Parameter I passed in
[2020-07-30 23:49:14,200] {bash_operator.py:130} INFO - Command exited with return code 0
[2020-07-30 23:49:14,225] {taskinstance.py:1048} INFO - Marking task as SUCCESS.dag_id=tutorial, task_id=templated, execution_date=20200730T234800, start_date=20200730T234913, end_date=20200730T234914
[2020-07-30 23:49:23,751] {logging_mixin.py:112} INFO - [2020-07-30 23:49:23,750] {local_task_job.py:103} INFO - Task exited with return code 0
