[2020-07-30 21:46:15,026] {taskinstance.py:655} INFO - Dependencies all met for <TaskInstance: tutorial.templated 2020-07-30T21:45:00+00:00 [queued]>
[2020-07-30 21:46:15,085] {taskinstance.py:655} INFO - Dependencies all met for <TaskInstance: tutorial.templated 2020-07-30T21:45:00+00:00 [queued]>
[2020-07-30 21:46:15,085] {taskinstance.py:866} INFO - 
--------------------------------------------------------------------------------
[2020-07-30 21:46:15,086] {taskinstance.py:867} INFO - Starting attempt 1 of 2
[2020-07-30 21:46:15,086] {taskinstance.py:868} INFO - 
--------------------------------------------------------------------------------
[2020-07-30 21:46:15,104] {taskinstance.py:887} INFO - Executing <Task(BashOperator): templated> on 2020-07-30T21:45:00+00:00
[2020-07-30 21:46:15,111] {standard_task_runner.py:53} INFO - Started process 2060 to run task
[2020-07-30 21:46:15,282] {logging_mixin.py:112} INFO - Running %s on host %s <TaskInstance: tutorial.templated 2020-07-30T21:45:00+00:00 [running]> 02f6ef7ded4c
[2020-07-30 21:46:15,338] {bash_operator.py:82} INFO - Tmp dir root location: 
 /tmp
[2020-07-30 21:46:15,340] {bash_operator.py:105} INFO - Temporary script location: /tmp/airflowtmpk3mov76b/templatedt0vvzwwq
[2020-07-30 21:46:15,340] {bash_operator.py:115} INFO - Running command: 

    echo "2020-07-30"
    echo "2020-08-06"
    echo "Parameter I passed in"

    echo "2020-07-30"
    echo "2020-08-06"
    echo "Parameter I passed in"

    echo "2020-07-30"
    echo "2020-08-06"
    echo "Parameter I passed in"

    echo "2020-07-30"
    echo "2020-08-06"
    echo "Parameter I passed in"

    echo "2020-07-30"
    echo "2020-08-06"
    echo "Parameter I passed in"

[2020-07-30 21:46:15,357] {bash_operator.py:122} INFO - Output:
[2020-07-30 21:46:15,359] {bash_operator.py:126} INFO - 2020-07-30
[2020-07-30 21:46:15,359] {bash_operator.py:126} INFO - 2020-08-06
[2020-07-30 21:46:15,359] {bash_operator.py:126} INFO - Parameter I passed in
[2020-07-30 21:46:15,359] {bash_operator.py:126} INFO - 2020-07-30
[2020-07-30 21:46:15,359] {bash_operator.py:126} INFO - 2020-08-06
[2020-07-30 21:46:15,359] {bash_operator.py:126} INFO - Parameter I passed in
[2020-07-30 21:46:15,359] {bash_operator.py:126} INFO - 2020-07-30
[2020-07-30 21:46:15,359] {bash_operator.py:126} INFO - 2020-08-06
[2020-07-30 21:46:15,359] {bash_operator.py:126} INFO - Parameter I passed in
[2020-07-30 21:46:15,360] {bash_operator.py:126} INFO - 2020-07-30
[2020-07-30 21:46:15,360] {bash_operator.py:126} INFO - 2020-08-06
[2020-07-30 21:46:15,360] {bash_operator.py:126} INFO - Parameter I passed in
[2020-07-30 21:46:15,360] {bash_operator.py:126} INFO - 2020-07-30
[2020-07-30 21:46:15,360] {bash_operator.py:126} INFO - 2020-08-06
[2020-07-30 21:46:15,360] {bash_operator.py:126} INFO - Parameter I passed in
[2020-07-30 21:46:15,360] {bash_operator.py:130} INFO - Command exited with return code 0
[2020-07-30 21:46:15,383] {taskinstance.py:1048} INFO - Marking task as SUCCESS.dag_id=tutorial, task_id=templated, execution_date=20200730T214500, start_date=20200730T214615, end_date=20200730T214615
[2020-07-30 21:46:24,983] {logging_mixin.py:112} INFO - [2020-07-30 21:46:24,982] {local_task_job.py:103} INFO - Task exited with return code 0
