[2020-07-30 23:10:15,198] {taskinstance.py:655} INFO - Dependencies all met for <TaskInstance: tutorial.templated 2020-07-30T23:09:00+00:00 [queued]>
[2020-07-30 23:10:15,240] {taskinstance.py:655} INFO - Dependencies all met for <TaskInstance: tutorial.templated 2020-07-30T23:09:00+00:00 [queued]>
[2020-07-30 23:10:15,241] {taskinstance.py:866} INFO - 
--------------------------------------------------------------------------------
[2020-07-30 23:10:15,241] {taskinstance.py:867} INFO - Starting attempt 1 of 2
[2020-07-30 23:10:15,241] {taskinstance.py:868} INFO - 
--------------------------------------------------------------------------------
[2020-07-30 23:10:15,281] {taskinstance.py:887} INFO - Executing <Task(BashOperator): templated> on 2020-07-30T23:09:00+00:00
[2020-07-30 23:10:15,288] {standard_task_runner.py:53} INFO - Started process 27117 to run task
[2020-07-30 23:10:15,429] {logging_mixin.py:112} INFO - Running %s on host %s <TaskInstance: tutorial.templated 2020-07-30T23:09:00+00:00 [running]> 02f6ef7ded4c
[2020-07-30 23:10:15,488] {bash_operator.py:82} INFO - Tmp dir root location: 
 /tmp
[2020-07-30 23:10:15,489] {bash_operator.py:105} INFO - Temporary script location: /tmp/airflowtmpdpdd30h8/templatedwkh9clxp
[2020-07-30 23:10:15,490] {bash_operator.py:115} INFO - Running command: 

    echo "2020-07-30"
    echo "2020-08-06"
    echo "Parameter I passed in"

    echo "2020-07-30"
    echo "2020-08-06"
    echo "Parameter I passed in"

    echo "2020-07-30"
    echo "2020-08-06"
    echo "Parameter I passed in"

    echo "2020-07-30"
    echo "2020-08-06"
    echo "Parameter I passed in"

    echo "2020-07-30"
    echo "2020-08-06"
    echo "Parameter I passed in"

[2020-07-30 23:10:15,503] {bash_operator.py:122} INFO - Output:
[2020-07-30 23:10:15,505] {bash_operator.py:126} INFO - 2020-07-30
[2020-07-30 23:10:15,506] {bash_operator.py:126} INFO - 2020-08-06
[2020-07-30 23:10:15,506] {bash_operator.py:126} INFO - Parameter I passed in
[2020-07-30 23:10:15,506] {bash_operator.py:126} INFO - 2020-07-30
[2020-07-30 23:10:15,506] {bash_operator.py:126} INFO - 2020-08-06
[2020-07-30 23:10:15,506] {bash_operator.py:126} INFO - Parameter I passed in
[2020-07-30 23:10:15,506] {bash_operator.py:126} INFO - 2020-07-30
[2020-07-30 23:10:15,506] {bash_operator.py:126} INFO - 2020-08-06
[2020-07-30 23:10:15,506] {bash_operator.py:126} INFO - Parameter I passed in
[2020-07-30 23:10:15,506] {bash_operator.py:126} INFO - 2020-07-30
[2020-07-30 23:10:15,506] {bash_operator.py:126} INFO - 2020-08-06
[2020-07-30 23:10:15,506] {bash_operator.py:126} INFO - Parameter I passed in
[2020-07-30 23:10:15,506] {bash_operator.py:126} INFO - 2020-07-30
[2020-07-30 23:10:15,507] {bash_operator.py:126} INFO - 2020-08-06
[2020-07-30 23:10:15,507] {bash_operator.py:126} INFO - Parameter I passed in
[2020-07-30 23:10:15,507] {bash_operator.py:130} INFO - Command exited with return code 0
[2020-07-30 23:10:15,532] {taskinstance.py:1048} INFO - Marking task as SUCCESS.dag_id=tutorial, task_id=templated, execution_date=20200730T230900, start_date=20200730T231015, end_date=20200730T231015
[2020-07-30 23:10:25,155] {logging_mixin.py:112} INFO - [2020-07-30 23:10:25,154] {local_task_job.py:103} INFO - Task exited with return code 0
