[2020-07-30 19:34:10,097] {taskinstance.py:655} INFO - Dependencies all met for <TaskInstance: tutorial.templated 2020-07-30T19:33:00+00:00 [queued]>
[2020-07-30 19:34:10,159] {taskinstance.py:655} INFO - Dependencies all met for <TaskInstance: tutorial.templated 2020-07-30T19:33:00+00:00 [queued]>
[2020-07-30 19:34:10,159] {taskinstance.py:866} INFO - 
--------------------------------------------------------------------------------
[2020-07-30 19:34:10,160] {taskinstance.py:867} INFO - Starting attempt 1 of 2
[2020-07-30 19:34:10,160] {taskinstance.py:868} INFO - 
--------------------------------------------------------------------------------
[2020-07-30 19:34:10,191] {taskinstance.py:887} INFO - Executing <Task(BashOperator): templated> on 2020-07-30T19:33:00+00:00
[2020-07-30 19:34:10,198] {standard_task_runner.py:53} INFO - Started process 9057 to run task
[2020-07-30 19:34:10,348] {logging_mixin.py:112} INFO - Running %s on host %s <TaskInstance: tutorial.templated 2020-07-30T19:33:00+00:00 [running]> 02f6ef7ded4c
[2020-07-30 19:34:10,421] {bash_operator.py:82} INFO - Tmp dir root location: 
 /tmp
[2020-07-30 19:34:10,423] {bash_operator.py:105} INFO - Temporary script location: /tmp/airflowtmpwsiqe3ei/templated8zu2euez
[2020-07-30 19:34:10,423] {bash_operator.py:115} INFO - Running command: 

    echo "2020-07-30"
    echo "2020-08-06"
    echo "Parameter I passed in"

    echo "2020-07-30"
    echo "2020-08-06"
    echo "Parameter I passed in"

    echo "2020-07-30"
    echo "2020-08-06"
    echo "Parameter I passed in"

    echo "2020-07-30"
    echo "2020-08-06"
    echo "Parameter I passed in"

    echo "2020-07-30"
    echo "2020-08-06"
    echo "Parameter I passed in"

[2020-07-30 19:34:10,437] {bash_operator.py:122} INFO - Output:
[2020-07-30 19:34:10,440] {bash_operator.py:126} INFO - 2020-07-30
[2020-07-30 19:34:10,441] {bash_operator.py:126} INFO - 2020-08-06
[2020-07-30 19:34:10,441] {bash_operator.py:126} INFO - Parameter I passed in
[2020-07-30 19:34:10,441] {bash_operator.py:126} INFO - 2020-07-30
[2020-07-30 19:34:10,441] {bash_operator.py:126} INFO - 2020-08-06
[2020-07-30 19:34:10,441] {bash_operator.py:126} INFO - Parameter I passed in
[2020-07-30 19:34:10,441] {bash_operator.py:126} INFO - 2020-07-30
[2020-07-30 19:34:10,441] {bash_operator.py:126} INFO - 2020-08-06
[2020-07-30 19:34:10,441] {bash_operator.py:126} INFO - Parameter I passed in
[2020-07-30 19:34:10,441] {bash_operator.py:126} INFO - 2020-07-30
[2020-07-30 19:34:10,441] {bash_operator.py:126} INFO - 2020-08-06
[2020-07-30 19:34:10,442] {bash_operator.py:126} INFO - Parameter I passed in
[2020-07-30 19:34:10,442] {bash_operator.py:126} INFO - 2020-07-30
[2020-07-30 19:34:10,442] {bash_operator.py:126} INFO - 2020-08-06
[2020-07-30 19:34:10,442] {bash_operator.py:126} INFO - Parameter I passed in
[2020-07-30 19:34:10,442] {bash_operator.py:130} INFO - Command exited with return code 0
[2020-07-30 19:34:10,472] {taskinstance.py:1048} INFO - Marking task as SUCCESS.dag_id=tutorial, task_id=templated, execution_date=20200730T193300, start_date=20200730T193410, end_date=20200730T193410
[2020-07-30 19:34:20,046] {logging_mixin.py:112} INFO - [2020-07-30 19:34:20,046] {local_task_job.py:103} INFO - Task exited with return code 0
