[2020-07-30 23:08:10,833] {taskinstance.py:655} INFO - Dependencies all met for <TaskInstance: tutorial.templated 2020-07-30T23:07:00+00:00 [queued]>
[2020-07-30 23:08:10,887] {taskinstance.py:655} INFO - Dependencies all met for <TaskInstance: tutorial.templated 2020-07-30T23:07:00+00:00 [queued]>
[2020-07-30 23:08:10,888] {taskinstance.py:866} INFO - 
--------------------------------------------------------------------------------
[2020-07-30 23:08:10,888] {taskinstance.py:867} INFO - Starting attempt 1 of 2
[2020-07-30 23:08:10,888] {taskinstance.py:868} INFO - 
--------------------------------------------------------------------------------
[2020-07-30 23:08:10,917] {taskinstance.py:887} INFO - Executing <Task(BashOperator): templated> on 2020-07-30T23:07:00+00:00
[2020-07-30 23:08:10,924] {standard_task_runner.py:53} INFO - Started process 25700 to run task
[2020-07-30 23:08:11,066] {logging_mixin.py:112} INFO - Running %s on host %s <TaskInstance: tutorial.templated 2020-07-30T23:07:00+00:00 [running]> 02f6ef7ded4c
[2020-07-30 23:08:11,137] {bash_operator.py:82} INFO - Tmp dir root location: 
 /tmp
[2020-07-30 23:08:11,139] {bash_operator.py:105} INFO - Temporary script location: /tmp/airflowtmpdoqn9s6j/templated1c9niggr
[2020-07-30 23:08:11,139] {bash_operator.py:115} INFO - Running command: 

    echo "2020-07-30"
    echo "2020-08-06"
    echo "Parameter I passed in"

    echo "2020-07-30"
    echo "2020-08-06"
    echo "Parameter I passed in"

    echo "2020-07-30"
    echo "2020-08-06"
    echo "Parameter I passed in"

    echo "2020-07-30"
    echo "2020-08-06"
    echo "Parameter I passed in"

    echo "2020-07-30"
    echo "2020-08-06"
    echo "Parameter I passed in"

[2020-07-30 23:08:11,157] {bash_operator.py:122} INFO - Output:
[2020-07-30 23:08:11,161] {bash_operator.py:126} INFO - 2020-07-30
[2020-07-30 23:08:11,161] {bash_operator.py:126} INFO - 2020-08-06
[2020-07-30 23:08:11,162] {bash_operator.py:126} INFO - Parameter I passed in
[2020-07-30 23:08:11,162] {bash_operator.py:126} INFO - 2020-07-30
[2020-07-30 23:08:11,162] {bash_operator.py:126} INFO - 2020-08-06
[2020-07-30 23:08:11,162] {bash_operator.py:126} INFO - Parameter I passed in
[2020-07-30 23:08:11,162] {bash_operator.py:126} INFO - 2020-07-30
[2020-07-30 23:08:11,162] {bash_operator.py:126} INFO - 2020-08-06
[2020-07-30 23:08:11,162] {bash_operator.py:126} INFO - Parameter I passed in
[2020-07-30 23:08:11,162] {bash_operator.py:126} INFO - 2020-07-30
[2020-07-30 23:08:11,162] {bash_operator.py:126} INFO - 2020-08-06
[2020-07-30 23:08:11,162] {bash_operator.py:126} INFO - Parameter I passed in
[2020-07-30 23:08:11,162] {bash_operator.py:126} INFO - 2020-07-30
[2020-07-30 23:08:11,162] {bash_operator.py:126} INFO - 2020-08-06
[2020-07-30 23:08:11,162] {bash_operator.py:126} INFO - Parameter I passed in
[2020-07-30 23:08:11,163] {bash_operator.py:130} INFO - Command exited with return code 0
[2020-07-30 23:08:11,195] {taskinstance.py:1048} INFO - Marking task as SUCCESS.dag_id=tutorial, task_id=templated, execution_date=20200730T230700, start_date=20200730T230810, end_date=20200730T230811
[2020-07-30 23:08:20,772] {logging_mixin.py:112} INFO - [2020-07-30 23:08:20,771] {local_task_job.py:103} INFO - Task exited with return code 0
