[2020-07-31 01:01:10,866] {taskinstance.py:655} INFO - Dependencies all met for <TaskInstance: tutorial.templated 2020-07-31T01:00:00+00:00 [queued]>
[2020-07-31 01:01:10,915] {taskinstance.py:655} INFO - Dependencies all met for <TaskInstance: tutorial.templated 2020-07-31T01:00:00+00:00 [queued]>
[2020-07-31 01:01:10,915] {taskinstance.py:866} INFO - 
--------------------------------------------------------------------------------
[2020-07-31 01:01:10,915] {taskinstance.py:867} INFO - Starting attempt 1 of 2
[2020-07-31 01:01:10,916] {taskinstance.py:868} INFO - 
--------------------------------------------------------------------------------
[2020-07-31 01:01:10,942] {taskinstance.py:887} INFO - Executing <Task(BashOperator): templated> on 2020-07-31T01:00:00+00:00
[2020-07-31 01:01:10,950] {standard_task_runner.py:53} INFO - Started process 5647 to run task
[2020-07-31 01:01:11,075] {logging_mixin.py:112} INFO - Running %s on host %s <TaskInstance: tutorial.templated 2020-07-31T01:00:00+00:00 [running]> 02f6ef7ded4c
[2020-07-31 01:01:11,134] {bash_operator.py:82} INFO - Tmp dir root location: 
 /tmp
[2020-07-31 01:01:11,135] {bash_operator.py:105} INFO - Temporary script location: /tmp/airflowtmpgthed9j6/templatedjdun23yy
[2020-07-31 01:01:11,135] {bash_operator.py:115} INFO - Running command: 

    echo "2020-07-31"
    echo "2020-08-07"
    echo "Parameter I passed in"

    echo "2020-07-31"
    echo "2020-08-07"
    echo "Parameter I passed in"

    echo "2020-07-31"
    echo "2020-08-07"
    echo "Parameter I passed in"

    echo "2020-07-31"
    echo "2020-08-07"
    echo "Parameter I passed in"

    echo "2020-07-31"
    echo "2020-08-07"
    echo "Parameter I passed in"

[2020-07-31 01:01:11,151] {bash_operator.py:122} INFO - Output:
[2020-07-31 01:01:11,153] {bash_operator.py:126} INFO - 2020-07-31
[2020-07-31 01:01:11,153] {bash_operator.py:126} INFO - 2020-08-07
[2020-07-31 01:01:11,153] {bash_operator.py:126} INFO - Parameter I passed in
[2020-07-31 01:01:11,153] {bash_operator.py:126} INFO - 2020-07-31
[2020-07-31 01:01:11,153] {bash_operator.py:126} INFO - 2020-08-07
[2020-07-31 01:01:11,154] {bash_operator.py:126} INFO - Parameter I passed in
[2020-07-31 01:01:11,154] {bash_operator.py:126} INFO - 2020-07-31
[2020-07-31 01:01:11,154] {bash_operator.py:126} INFO - 2020-08-07
[2020-07-31 01:01:11,154] {bash_operator.py:126} INFO - Parameter I passed in
[2020-07-31 01:01:11,154] {bash_operator.py:126} INFO - 2020-07-31
[2020-07-31 01:01:11,154] {bash_operator.py:126} INFO - 2020-08-07
[2020-07-31 01:01:11,154] {bash_operator.py:126} INFO - Parameter I passed in
[2020-07-31 01:01:11,155] {bash_operator.py:126} INFO - 2020-07-31
[2020-07-31 01:01:11,155] {bash_operator.py:126} INFO - 2020-08-07
[2020-07-31 01:01:11,155] {bash_operator.py:126} INFO - Parameter I passed in
[2020-07-31 01:01:11,155] {bash_operator.py:130} INFO - Command exited with return code 0
[2020-07-31 01:01:11,186] {taskinstance.py:1048} INFO - Marking task as SUCCESS.dag_id=tutorial, task_id=templated, execution_date=20200731T010000, start_date=20200731T010110, end_date=20200731T010111
[2020-07-31 01:01:20,804] {logging_mixin.py:112} INFO - [2020-07-31 01:01:20,803] {local_task_job.py:103} INFO - Task exited with return code 0
