[2020-07-30 18:54:13,046] {taskinstance.py:655} INFO - Dependencies all met for <TaskInstance: tutorial.templated 2020-07-30T18:53:00+00:00 [queued]>
[2020-07-30 18:54:13,093] {taskinstance.py:655} INFO - Dependencies all met for <TaskInstance: tutorial.templated 2020-07-30T18:53:00+00:00 [queued]>
[2020-07-30 18:54:13,093] {taskinstance.py:866} INFO - 
--------------------------------------------------------------------------------
[2020-07-30 18:54:13,093] {taskinstance.py:867} INFO - Starting attempt 1 of 2
[2020-07-30 18:54:13,093] {taskinstance.py:868} INFO - 
--------------------------------------------------------------------------------
[2020-07-30 18:54:13,120] {taskinstance.py:887} INFO - Executing <Task(BashOperator): templated> on 2020-07-30T18:53:00+00:00
[2020-07-30 18:54:13,127] {standard_task_runner.py:53} INFO - Started process 14181 to run task
[2020-07-30 18:54:13,266] {logging_mixin.py:112} INFO - Running %s on host %s <TaskInstance: tutorial.templated 2020-07-30T18:53:00+00:00 [running]> 02f6ef7ded4c
[2020-07-30 18:54:13,343] {bash_operator.py:82} INFO - Tmp dir root location: 
 /tmp
[2020-07-30 18:54:13,345] {bash_operator.py:105} INFO - Temporary script location: /tmp/airflowtmp7sqf_an5/templatedcq_lz_fw
[2020-07-30 18:54:13,346] {bash_operator.py:115} INFO - Running command: 

    echo "2020-07-30"
    echo "2020-08-06"
    echo "Parameter I passed in"

    echo "2020-07-30"
    echo "2020-08-06"
    echo "Parameter I passed in"

    echo "2020-07-30"
    echo "2020-08-06"
    echo "Parameter I passed in"

    echo "2020-07-30"
    echo "2020-08-06"
    echo "Parameter I passed in"

    echo "2020-07-30"
    echo "2020-08-06"
    echo "Parameter I passed in"

[2020-07-30 18:54:13,364] {bash_operator.py:122} INFO - Output:
[2020-07-30 18:54:13,368] {bash_operator.py:126} INFO - 2020-07-30
[2020-07-30 18:54:13,368] {bash_operator.py:126} INFO - 2020-08-06
[2020-07-30 18:54:13,368] {bash_operator.py:126} INFO - Parameter I passed in
[2020-07-30 18:54:13,369] {bash_operator.py:126} INFO - 2020-07-30
[2020-07-30 18:54:13,369] {bash_operator.py:126} INFO - 2020-08-06
[2020-07-30 18:54:13,369] {bash_operator.py:126} INFO - Parameter I passed in
[2020-07-30 18:54:13,369] {bash_operator.py:126} INFO - 2020-07-30
[2020-07-30 18:54:13,369] {bash_operator.py:126} INFO - 2020-08-06
[2020-07-30 18:54:13,369] {bash_operator.py:126} INFO - Parameter I passed in
[2020-07-30 18:54:13,369] {bash_operator.py:126} INFO - 2020-07-30
[2020-07-30 18:54:13,369] {bash_operator.py:126} INFO - 2020-08-06
[2020-07-30 18:54:13,369] {bash_operator.py:126} INFO - Parameter I passed in
[2020-07-30 18:54:13,369] {bash_operator.py:126} INFO - 2020-07-30
[2020-07-30 18:54:13,369] {bash_operator.py:126} INFO - 2020-08-06
[2020-07-30 18:54:13,369] {bash_operator.py:126} INFO - Parameter I passed in
[2020-07-30 18:54:13,369] {bash_operator.py:130} INFO - Command exited with return code 0
[2020-07-30 18:54:13,395] {taskinstance.py:1048} INFO - Marking task as SUCCESS.dag_id=tutorial, task_id=templated, execution_date=20200730T185300, start_date=20200730T185413, end_date=20200730T185413
[2020-07-30 18:54:23,007] {logging_mixin.py:112} INFO - [2020-07-30 18:54:23,006] {local_task_job.py:103} INFO - Task exited with return code 0
