[2020-07-30 20:04:16,309] {taskinstance.py:655} INFO - Dependencies all met for <TaskInstance: tutorial.templated 2020-07-30T20:03:00+00:00 [queued]>
[2020-07-30 20:04:16,365] {taskinstance.py:655} INFO - Dependencies all met for <TaskInstance: tutorial.templated 2020-07-30T20:03:00+00:00 [queued]>
[2020-07-30 20:04:16,365] {taskinstance.py:866} INFO - 
--------------------------------------------------------------------------------
[2020-07-30 20:04:16,366] {taskinstance.py:867} INFO - Starting attempt 1 of 2
[2020-07-30 20:04:16,366] {taskinstance.py:868} INFO - 
--------------------------------------------------------------------------------
[2020-07-30 20:04:16,382] {taskinstance.py:887} INFO - Executing <Task(BashOperator): templated> on 2020-07-30T20:03:00+00:00
[2020-07-30 20:04:16,389] {standard_task_runner.py:53} INFO - Started process 29652 to run task
[2020-07-30 20:04:16,499] {logging_mixin.py:112} INFO - Running %s on host %s <TaskInstance: tutorial.templated 2020-07-30T20:03:00+00:00 [running]> 02f6ef7ded4c
[2020-07-30 20:04:16,563] {bash_operator.py:82} INFO - Tmp dir root location: 
 /tmp
[2020-07-30 20:04:16,565] {bash_operator.py:105} INFO - Temporary script location: /tmp/airflowtmphunkw7wx/templatedwavccybz
[2020-07-30 20:04:16,565] {bash_operator.py:115} INFO - Running command: 

    echo "2020-07-30"
    echo "2020-08-06"
    echo "Parameter I passed in"

    echo "2020-07-30"
    echo "2020-08-06"
    echo "Parameter I passed in"

    echo "2020-07-30"
    echo "2020-08-06"
    echo "Parameter I passed in"

    echo "2020-07-30"
    echo "2020-08-06"
    echo "Parameter I passed in"

    echo "2020-07-30"
    echo "2020-08-06"
    echo "Parameter I passed in"

[2020-07-30 20:04:16,582] {bash_operator.py:122} INFO - Output:
[2020-07-30 20:04:16,585] {bash_operator.py:126} INFO - 2020-07-30
[2020-07-30 20:04:16,585] {bash_operator.py:126} INFO - 2020-08-06
[2020-07-30 20:04:16,585] {bash_operator.py:126} INFO - Parameter I passed in
[2020-07-30 20:04:16,585] {bash_operator.py:126} INFO - 2020-07-30
[2020-07-30 20:04:16,586] {bash_operator.py:126} INFO - 2020-08-06
[2020-07-30 20:04:16,586] {bash_operator.py:126} INFO - Parameter I passed in
[2020-07-30 20:04:16,586] {bash_operator.py:126} INFO - 2020-07-30
[2020-07-30 20:04:16,586] {bash_operator.py:126} INFO - 2020-08-06
[2020-07-30 20:04:16,586] {bash_operator.py:126} INFO - Parameter I passed in
[2020-07-30 20:04:16,586] {bash_operator.py:126} INFO - 2020-07-30
[2020-07-30 20:04:16,586] {bash_operator.py:126} INFO - 2020-08-06
[2020-07-30 20:04:16,586] {bash_operator.py:126} INFO - Parameter I passed in
[2020-07-30 20:04:16,586] {bash_operator.py:126} INFO - 2020-07-30
[2020-07-30 20:04:16,586] {bash_operator.py:126} INFO - 2020-08-06
[2020-07-30 20:04:16,586] {bash_operator.py:126} INFO - Parameter I passed in
[2020-07-30 20:04:16,587] {bash_operator.py:130} INFO - Command exited with return code 0
[2020-07-30 20:04:16,609] {taskinstance.py:1048} INFO - Marking task as SUCCESS.dag_id=tutorial, task_id=templated, execution_date=20200730T200300, start_date=20200730T200416, end_date=20200730T200416
[2020-07-30 20:04:26,260] {logging_mixin.py:112} INFO - [2020-07-30 20:04:26,259] {local_task_job.py:103} INFO - Task exited with return code 0
