[2020-07-30 16:47:13,714] {taskinstance.py:655} INFO - Dependencies all met for <TaskInstance: tutorial.templated 2020-07-30T16:46:00+00:00 [queued]>
[2020-07-30 16:47:13,762] {taskinstance.py:655} INFO - Dependencies all met for <TaskInstance: tutorial.templated 2020-07-30T16:46:00+00:00 [queued]>
[2020-07-30 16:47:13,763] {taskinstance.py:866} INFO - 
--------------------------------------------------------------------------------
[2020-07-30 16:47:13,763] {taskinstance.py:867} INFO - Starting attempt 1 of 2
[2020-07-30 16:47:13,763] {taskinstance.py:868} INFO - 
--------------------------------------------------------------------------------
[2020-07-30 16:47:13,791] {taskinstance.py:887} INFO - Executing <Task(BashOperator): templated> on 2020-07-30T16:46:00+00:00
[2020-07-30 16:47:13,800] {standard_task_runner.py:53} INFO - Started process 24626 to run task
[2020-07-30 16:47:13,923] {logging_mixin.py:112} INFO - Running %s on host %s <TaskInstance: tutorial.templated 2020-07-30T16:46:00+00:00 [running]> 02f6ef7ded4c
[2020-07-30 16:47:13,995] {bash_operator.py:82} INFO - Tmp dir root location: 
 /tmp
[2020-07-30 16:47:13,997] {bash_operator.py:105} INFO - Temporary script location: /tmp/airflowtmpy57mzy9a/templatedq88jlj7q
[2020-07-30 16:47:13,998] {bash_operator.py:115} INFO - Running command: 

    echo "2020-07-30"
    echo "2020-08-06"
    echo "Parameter I passed in"

    echo "2020-07-30"
    echo "2020-08-06"
    echo "Parameter I passed in"

    echo "2020-07-30"
    echo "2020-08-06"
    echo "Parameter I passed in"

    echo "2020-07-30"
    echo "2020-08-06"
    echo "Parameter I passed in"

    echo "2020-07-30"
    echo "2020-08-06"
    echo "Parameter I passed in"

[2020-07-30 16:47:14,014] {bash_operator.py:122} INFO - Output:
[2020-07-30 16:47:14,016] {bash_operator.py:126} INFO - 2020-07-30
[2020-07-30 16:47:14,016] {bash_operator.py:126} INFO - 2020-08-06
[2020-07-30 16:47:14,017] {bash_operator.py:126} INFO - Parameter I passed in
[2020-07-30 16:47:14,017] {bash_operator.py:126} INFO - 2020-07-30
[2020-07-30 16:47:14,017] {bash_operator.py:126} INFO - 2020-08-06
[2020-07-30 16:47:14,017] {bash_operator.py:126} INFO - Parameter I passed in
[2020-07-30 16:47:14,017] {bash_operator.py:126} INFO - 2020-07-30
[2020-07-30 16:47:14,017] {bash_operator.py:126} INFO - 2020-08-06
[2020-07-30 16:47:14,017] {bash_operator.py:126} INFO - Parameter I passed in
[2020-07-30 16:47:14,017] {bash_operator.py:126} INFO - 2020-07-30
[2020-07-30 16:47:14,017] {bash_operator.py:126} INFO - 2020-08-06
[2020-07-30 16:47:14,018] {bash_operator.py:126} INFO - Parameter I passed in
[2020-07-30 16:47:14,018] {bash_operator.py:126} INFO - 2020-07-30
[2020-07-30 16:47:14,018] {bash_operator.py:126} INFO - 2020-08-06
[2020-07-30 16:47:14,018] {bash_operator.py:126} INFO - Parameter I passed in
[2020-07-30 16:47:14,018] {bash_operator.py:130} INFO - Command exited with return code 0
[2020-07-30 16:47:14,041] {taskinstance.py:1048} INFO - Marking task as SUCCESS.dag_id=tutorial, task_id=templated, execution_date=20200730T164600, start_date=20200730T164713, end_date=20200730T164714
[2020-07-30 16:47:23,655] {logging_mixin.py:112} INFO - [2020-07-30 16:47:23,654] {local_task_job.py:103} INFO - Task exited with return code 0
