[2020-07-31 04:25:12,986] {taskinstance.py:655} INFO - Dependencies all met for <TaskInstance: tutorial.templated 2020-07-31T04:24:00+00:00 [queued]>
[2020-07-31 04:25:13,057] {taskinstance.py:655} INFO - Dependencies all met for <TaskInstance: tutorial.templated 2020-07-31T04:24:00+00:00 [queued]>
[2020-07-31 04:25:13,058] {taskinstance.py:866} INFO - 
--------------------------------------------------------------------------------
[2020-07-31 04:25:13,058] {taskinstance.py:867} INFO - Starting attempt 1 of 2
[2020-07-31 04:25:13,058] {taskinstance.py:868} INFO - 
--------------------------------------------------------------------------------
[2020-07-31 04:25:13,073] {taskinstance.py:887} INFO - Executing <Task(BashOperator): templated> on 2020-07-31T04:24:00+00:00
[2020-07-31 04:25:13,081] {standard_task_runner.py:53} INFO - Started process 15430 to run task
[2020-07-31 04:25:13,211] {logging_mixin.py:112} INFO - Running %s on host %s <TaskInstance: tutorial.templated 2020-07-31T04:24:00+00:00 [running]> 02f6ef7ded4c
[2020-07-31 04:25:13,276] {bash_operator.py:82} INFO - Tmp dir root location: 
 /tmp
[2020-07-31 04:25:13,277] {bash_operator.py:105} INFO - Temporary script location: /tmp/airflowtmp76x7ideu/templated0yz3y_9k
[2020-07-31 04:25:13,277] {bash_operator.py:115} INFO - Running command: 

    echo "2020-07-31"
    echo "2020-08-07"
    echo "Parameter I passed in"

    echo "2020-07-31"
    echo "2020-08-07"
    echo "Parameter I passed in"

    echo "2020-07-31"
    echo "2020-08-07"
    echo "Parameter I passed in"

    echo "2020-07-31"
    echo "2020-08-07"
    echo "Parameter I passed in"

    echo "2020-07-31"
    echo "2020-08-07"
    echo "Parameter I passed in"

[2020-07-31 04:25:13,291] {bash_operator.py:122} INFO - Output:
[2020-07-31 04:25:13,293] {bash_operator.py:126} INFO - 2020-07-31
[2020-07-31 04:25:13,293] {bash_operator.py:126} INFO - 2020-08-07
[2020-07-31 04:25:13,293] {bash_operator.py:126} INFO - Parameter I passed in
[2020-07-31 04:25:13,293] {bash_operator.py:126} INFO - 2020-07-31
[2020-07-31 04:25:13,293] {bash_operator.py:126} INFO - 2020-08-07
[2020-07-31 04:25:13,294] {bash_operator.py:126} INFO - Parameter I passed in
[2020-07-31 04:25:13,294] {bash_operator.py:126} INFO - 2020-07-31
[2020-07-31 04:25:13,294] {bash_operator.py:126} INFO - 2020-08-07
[2020-07-31 04:25:13,294] {bash_operator.py:126} INFO - Parameter I passed in
[2020-07-31 04:25:13,294] {bash_operator.py:126} INFO - 2020-07-31
[2020-07-31 04:25:13,294] {bash_operator.py:126} INFO - 2020-08-07
[2020-07-31 04:25:13,295] {bash_operator.py:126} INFO - Parameter I passed in
[2020-07-31 04:25:13,295] {bash_operator.py:126} INFO - 2020-07-31
[2020-07-31 04:25:13,295] {bash_operator.py:126} INFO - 2020-08-07
[2020-07-31 04:25:13,295] {bash_operator.py:126} INFO - Parameter I passed in
[2020-07-31 04:25:13,295] {bash_operator.py:130} INFO - Command exited with return code 0
[2020-07-31 04:25:13,318] {taskinstance.py:1048} INFO - Marking task as SUCCESS.dag_id=tutorial, task_id=templated, execution_date=20200731T042400, start_date=20200731T042512, end_date=20200731T042513
[2020-07-31 04:25:22,942] {logging_mixin.py:112} INFO - [2020-07-31 04:25:22,941] {local_task_job.py:103} INFO - Task exited with return code 0
