[2020-07-30 20:06:14,228] {taskinstance.py:655} INFO - Dependencies all met for <TaskInstance: tutorial.templated 2020-07-30T20:05:00+00:00 [queued]>
[2020-07-30 20:06:14,269] {taskinstance.py:655} INFO - Dependencies all met for <TaskInstance: tutorial.templated 2020-07-30T20:05:00+00:00 [queued]>
[2020-07-30 20:06:14,270] {taskinstance.py:866} INFO - 
--------------------------------------------------------------------------------
[2020-07-30 20:06:14,270] {taskinstance.py:867} INFO - Starting attempt 1 of 2
[2020-07-30 20:06:14,270] {taskinstance.py:868} INFO - 
--------------------------------------------------------------------------------
[2020-07-30 20:06:14,297] {taskinstance.py:887} INFO - Executing <Task(BashOperator): templated> on 2020-07-30T20:05:00+00:00
[2020-07-30 20:06:14,304] {standard_task_runner.py:53} INFO - Started process 31008 to run task
[2020-07-30 20:06:14,456] {logging_mixin.py:112} INFO - Running %s on host %s <TaskInstance: tutorial.templated 2020-07-30T20:05:00+00:00 [running]> 02f6ef7ded4c
[2020-07-30 20:06:14,524] {bash_operator.py:82} INFO - Tmp dir root location: 
 /tmp
[2020-07-30 20:06:14,525] {bash_operator.py:105} INFO - Temporary script location: /tmp/airflowtmptg_vc572/templateda661vbuk
[2020-07-30 20:06:14,525] {bash_operator.py:115} INFO - Running command: 

    echo "2020-07-30"
    echo "2020-08-06"
    echo "Parameter I passed in"

    echo "2020-07-30"
    echo "2020-08-06"
    echo "Parameter I passed in"

    echo "2020-07-30"
    echo "2020-08-06"
    echo "Parameter I passed in"

    echo "2020-07-30"
    echo "2020-08-06"
    echo "Parameter I passed in"

    echo "2020-07-30"
    echo "2020-08-06"
    echo "Parameter I passed in"

[2020-07-30 20:06:14,540] {bash_operator.py:122} INFO - Output:
[2020-07-30 20:06:14,542] {bash_operator.py:126} INFO - 2020-07-30
[2020-07-30 20:06:14,542] {bash_operator.py:126} INFO - 2020-08-06
[2020-07-30 20:06:14,542] {bash_operator.py:126} INFO - Parameter I passed in
[2020-07-30 20:06:14,542] {bash_operator.py:126} INFO - 2020-07-30
[2020-07-30 20:06:14,543] {bash_operator.py:126} INFO - 2020-08-06
[2020-07-30 20:06:14,543] {bash_operator.py:126} INFO - Parameter I passed in
[2020-07-30 20:06:14,543] {bash_operator.py:126} INFO - 2020-07-30
[2020-07-30 20:06:14,543] {bash_operator.py:126} INFO - 2020-08-06
[2020-07-30 20:06:14,543] {bash_operator.py:126} INFO - Parameter I passed in
[2020-07-30 20:06:14,543] {bash_operator.py:126} INFO - 2020-07-30
[2020-07-30 20:06:14,543] {bash_operator.py:126} INFO - 2020-08-06
[2020-07-30 20:06:14,543] {bash_operator.py:126} INFO - Parameter I passed in
[2020-07-30 20:06:14,543] {bash_operator.py:126} INFO - 2020-07-30
[2020-07-30 20:06:14,543] {bash_operator.py:126} INFO - 2020-08-06
[2020-07-30 20:06:14,544] {bash_operator.py:126} INFO - Parameter I passed in
[2020-07-30 20:06:14,544] {bash_operator.py:130} INFO - Command exited with return code 0
[2020-07-30 20:06:14,570] {taskinstance.py:1048} INFO - Marking task as SUCCESS.dag_id=tutorial, task_id=templated, execution_date=20200730T200500, start_date=20200730T200614, end_date=20200730T200614
[2020-07-30 20:06:24,175] {logging_mixin.py:112} INFO - [2020-07-30 20:06:24,174] {local_task_job.py:103} INFO - Task exited with return code 0
