[2020-07-31 02:11:13,491] {taskinstance.py:655} INFO - Dependencies all met for <TaskInstance: tutorial.templated 2020-07-31T02:10:00+00:00 [queued]>
[2020-07-31 02:11:13,542] {taskinstance.py:655} INFO - Dependencies all met for <TaskInstance: tutorial.templated 2020-07-31T02:10:00+00:00 [queued]>
[2020-07-31 02:11:13,542] {taskinstance.py:866} INFO - 
--------------------------------------------------------------------------------
[2020-07-31 02:11:13,542] {taskinstance.py:867} INFO - Starting attempt 1 of 2
[2020-07-31 02:11:13,543] {taskinstance.py:868} INFO - 
--------------------------------------------------------------------------------
[2020-07-31 02:11:13,582] {taskinstance.py:887} INFO - Executing <Task(BashOperator): templated> on 2020-07-31T02:10:00+00:00
[2020-07-31 02:11:13,591] {standard_task_runner.py:53} INFO - Started process 21118 to run task
[2020-07-31 02:11:13,733] {logging_mixin.py:112} INFO - Running %s on host %s <TaskInstance: tutorial.templated 2020-07-31T02:10:00+00:00 [running]> 02f6ef7ded4c
[2020-07-31 02:11:13,816] {bash_operator.py:82} INFO - Tmp dir root location: 
 /tmp
[2020-07-31 02:11:13,818] {bash_operator.py:105} INFO - Temporary script location: /tmp/airflowtmpgkhh29yq/templatedc5a3szfd
[2020-07-31 02:11:13,818] {bash_operator.py:115} INFO - Running command: 

    echo "2020-07-31"
    echo "2020-08-07"
    echo "Parameter I passed in"

    echo "2020-07-31"
    echo "2020-08-07"
    echo "Parameter I passed in"

    echo "2020-07-31"
    echo "2020-08-07"
    echo "Parameter I passed in"

    echo "2020-07-31"
    echo "2020-08-07"
    echo "Parameter I passed in"

    echo "2020-07-31"
    echo "2020-08-07"
    echo "Parameter I passed in"

[2020-07-31 02:11:13,837] {bash_operator.py:122} INFO - Output:
[2020-07-31 02:11:13,839] {bash_operator.py:126} INFO - 2020-07-31
[2020-07-31 02:11:13,839] {bash_operator.py:126} INFO - 2020-08-07
[2020-07-31 02:11:13,839] {bash_operator.py:126} INFO - Parameter I passed in
[2020-07-31 02:11:13,839] {bash_operator.py:126} INFO - 2020-07-31
[2020-07-31 02:11:13,839] {bash_operator.py:126} INFO - 2020-08-07
[2020-07-31 02:11:13,839] {bash_operator.py:126} INFO - Parameter I passed in
[2020-07-31 02:11:13,839] {bash_operator.py:126} INFO - 2020-07-31
[2020-07-31 02:11:13,839] {bash_operator.py:126} INFO - 2020-08-07
[2020-07-31 02:11:13,839] {bash_operator.py:126} INFO - Parameter I passed in
[2020-07-31 02:11:13,839] {bash_operator.py:126} INFO - 2020-07-31
[2020-07-31 02:11:13,839] {bash_operator.py:126} INFO - 2020-08-07
[2020-07-31 02:11:13,840] {bash_operator.py:126} INFO - Parameter I passed in
[2020-07-31 02:11:13,840] {bash_operator.py:126} INFO - 2020-07-31
[2020-07-31 02:11:13,840] {bash_operator.py:126} INFO - 2020-08-07
[2020-07-31 02:11:13,840] {bash_operator.py:126} INFO - Parameter I passed in
[2020-07-31 02:11:13,840] {bash_operator.py:130} INFO - Command exited with return code 0
[2020-07-31 02:11:13,867] {taskinstance.py:1048} INFO - Marking task as SUCCESS.dag_id=tutorial, task_id=templated, execution_date=20200731T021000, start_date=20200731T021113, end_date=20200731T021113
[2020-07-31 02:11:23,446] {logging_mixin.py:112} INFO - [2020-07-31 02:11:23,446] {local_task_job.py:103} INFO - Task exited with return code 0
