[2020-07-31 00:56:08,535] {taskinstance.py:655} INFO - Dependencies all met for <TaskInstance: tutorial.templated 2020-07-31T00:55:00+00:00 [queued]>
[2020-07-31 00:56:08,578] {taskinstance.py:655} INFO - Dependencies all met for <TaskInstance: tutorial.templated 2020-07-31T00:55:00+00:00 [queued]>
[2020-07-31 00:56:08,578] {taskinstance.py:866} INFO - 
--------------------------------------------------------------------------------
[2020-07-31 00:56:08,578] {taskinstance.py:867} INFO - Starting attempt 1 of 2
[2020-07-31 00:56:08,578] {taskinstance.py:868} INFO - 
--------------------------------------------------------------------------------
[2020-07-31 00:56:08,608] {taskinstance.py:887} INFO - Executing <Task(BashOperator): templated> on 2020-07-31T00:55:00+00:00
[2020-07-31 00:56:08,614] {standard_task_runner.py:53} INFO - Started process 2203 to run task
[2020-07-31 00:56:08,752] {logging_mixin.py:112} INFO - Running %s on host %s <TaskInstance: tutorial.templated 2020-07-31T00:55:00+00:00 [running]> 02f6ef7ded4c
[2020-07-31 00:56:08,823] {bash_operator.py:82} INFO - Tmp dir root location: 
 /tmp
[2020-07-31 00:56:08,825] {bash_operator.py:105} INFO - Temporary script location: /tmp/airflowtmpvl2579hk/templatedpez2gcj5
[2020-07-31 00:56:08,825] {bash_operator.py:115} INFO - Running command: 

    echo "2020-07-31"
    echo "2020-08-07"
    echo "Parameter I passed in"

    echo "2020-07-31"
    echo "2020-08-07"
    echo "Parameter I passed in"

    echo "2020-07-31"
    echo "2020-08-07"
    echo "Parameter I passed in"

    echo "2020-07-31"
    echo "2020-08-07"
    echo "Parameter I passed in"

    echo "2020-07-31"
    echo "2020-08-07"
    echo "Parameter I passed in"

[2020-07-31 00:56:08,845] {bash_operator.py:122} INFO - Output:
[2020-07-31 00:56:08,848] {bash_operator.py:126} INFO - 2020-07-31
[2020-07-31 00:56:08,849] {bash_operator.py:126} INFO - 2020-08-07
[2020-07-31 00:56:08,849] {bash_operator.py:126} INFO - Parameter I passed in
[2020-07-31 00:56:08,849] {bash_operator.py:126} INFO - 2020-07-31
[2020-07-31 00:56:08,849] {bash_operator.py:126} INFO - 2020-08-07
[2020-07-31 00:56:08,849] {bash_operator.py:126} INFO - Parameter I passed in
[2020-07-31 00:56:08,849] {bash_operator.py:126} INFO - 2020-07-31
[2020-07-31 00:56:08,849] {bash_operator.py:126} INFO - 2020-08-07
[2020-07-31 00:56:08,849] {bash_operator.py:126} INFO - Parameter I passed in
[2020-07-31 00:56:08,849] {bash_operator.py:126} INFO - 2020-07-31
[2020-07-31 00:56:08,850] {bash_operator.py:126} INFO - 2020-08-07
[2020-07-31 00:56:08,850] {bash_operator.py:126} INFO - Parameter I passed in
[2020-07-31 00:56:08,850] {bash_operator.py:126} INFO - 2020-07-31
[2020-07-31 00:56:08,850] {bash_operator.py:126} INFO - 2020-08-07
[2020-07-31 00:56:08,850] {bash_operator.py:126} INFO - Parameter I passed in
[2020-07-31 00:56:08,850] {bash_operator.py:130} INFO - Command exited with return code 0
[2020-07-31 00:56:08,878] {taskinstance.py:1048} INFO - Marking task as SUCCESS.dag_id=tutorial, task_id=templated, execution_date=20200731T005500, start_date=20200731T005608, end_date=20200731T005608
[2020-07-31 00:56:18,493] {logging_mixin.py:112} INFO - [2020-07-31 00:56:18,492] {local_task_job.py:103} INFO - Task exited with return code 0
