[2020-07-30 15:35:12,497] {taskinstance.py:655} INFO - Dependencies all met for <TaskInstance: tutorial.templated 2020-07-30T15:34:00+00:00 [queued]>
[2020-07-30 15:35:12,544] {taskinstance.py:655} INFO - Dependencies all met for <TaskInstance: tutorial.templated 2020-07-30T15:34:00+00:00 [queued]>
[2020-07-30 15:35:12,544] {taskinstance.py:866} INFO - 
--------------------------------------------------------------------------------
[2020-07-30 15:35:12,544] {taskinstance.py:867} INFO - Starting attempt 1 of 2
[2020-07-30 15:35:12,544] {taskinstance.py:868} INFO - 
--------------------------------------------------------------------------------
[2020-07-30 15:35:12,579] {taskinstance.py:887} INFO - Executing <Task(BashOperator): templated> on 2020-07-30T15:34:00+00:00
[2020-07-30 15:35:12,598] {standard_task_runner.py:53} INFO - Started process 7786 to run task
[2020-07-30 15:35:12,747] {logging_mixin.py:112} INFO - Running %s on host %s <TaskInstance: tutorial.templated 2020-07-30T15:34:00+00:00 [running]> 02f6ef7ded4c
[2020-07-30 15:35:12,802] {bash_operator.py:82} INFO - Tmp dir root location: 
 /tmp
[2020-07-30 15:35:12,804] {bash_operator.py:105} INFO - Temporary script location: /tmp/airflowtmp0yjyoyzm/templatedz48j910l
[2020-07-30 15:35:12,804] {bash_operator.py:115} INFO - Running command: 

    echo "2020-07-30"
    echo "2020-08-06"
    echo "Parameter I passed in"

    echo "2020-07-30"
    echo "2020-08-06"
    echo "Parameter I passed in"

    echo "2020-07-30"
    echo "2020-08-06"
    echo "Parameter I passed in"

    echo "2020-07-30"
    echo "2020-08-06"
    echo "Parameter I passed in"

    echo "2020-07-30"
    echo "2020-08-06"
    echo "Parameter I passed in"

[2020-07-30 15:35:12,818] {bash_operator.py:122} INFO - Output:
[2020-07-30 15:35:12,820] {bash_operator.py:126} INFO - 2020-07-30
[2020-07-30 15:35:12,820] {bash_operator.py:126} INFO - 2020-08-06
[2020-07-30 15:35:12,821] {bash_operator.py:126} INFO - Parameter I passed in
[2020-07-30 15:35:12,821] {bash_operator.py:126} INFO - 2020-07-30
[2020-07-30 15:35:12,821] {bash_operator.py:126} INFO - 2020-08-06
[2020-07-30 15:35:12,821] {bash_operator.py:126} INFO - Parameter I passed in
[2020-07-30 15:35:12,821] {bash_operator.py:126} INFO - 2020-07-30
[2020-07-30 15:35:12,821] {bash_operator.py:126} INFO - 2020-08-06
[2020-07-30 15:35:12,821] {bash_operator.py:126} INFO - Parameter I passed in
[2020-07-30 15:35:12,821] {bash_operator.py:126} INFO - 2020-07-30
[2020-07-30 15:35:12,822] {bash_operator.py:126} INFO - 2020-08-06
[2020-07-30 15:35:12,822] {bash_operator.py:126} INFO - Parameter I passed in
[2020-07-30 15:35:12,822] {bash_operator.py:126} INFO - 2020-07-30
[2020-07-30 15:35:12,822] {bash_operator.py:126} INFO - 2020-08-06
[2020-07-30 15:35:12,822] {bash_operator.py:126} INFO - Parameter I passed in
[2020-07-30 15:35:12,822] {bash_operator.py:130} INFO - Command exited with return code 0
[2020-07-30 15:35:12,847] {taskinstance.py:1048} INFO - Marking task as SUCCESS.dag_id=tutorial, task_id=templated, execution_date=20200730T153400, start_date=20200730T153512, end_date=20200730T153512
[2020-07-30 15:35:22,438] {logging_mixin.py:112} INFO - [2020-07-30 15:35:22,437] {local_task_job.py:103} INFO - Task exited with return code 0
