[2020-07-31 00:32:14,962] {taskinstance.py:655} INFO - Dependencies all met for <TaskInstance: tutorial.templated 2020-07-31T00:31:00+00:00 [queued]>
[2020-07-31 00:32:15,008] {taskinstance.py:655} INFO - Dependencies all met for <TaskInstance: tutorial.templated 2020-07-31T00:31:00+00:00 [queued]>
[2020-07-31 00:32:15,008] {taskinstance.py:866} INFO - 
--------------------------------------------------------------------------------
[2020-07-31 00:32:15,008] {taskinstance.py:867} INFO - Starting attempt 1 of 2
[2020-07-31 00:32:15,008] {taskinstance.py:868} INFO - 
--------------------------------------------------------------------------------
[2020-07-31 00:32:15,035] {taskinstance.py:887} INFO - Executing <Task(BashOperator): templated> on 2020-07-31T00:31:00+00:00
[2020-07-31 00:32:15,043] {standard_task_runner.py:53} INFO - Started process 18304 to run task
[2020-07-31 00:32:15,175] {logging_mixin.py:112} INFO - Running %s on host %s <TaskInstance: tutorial.templated 2020-07-31T00:31:00+00:00 [running]> 02f6ef7ded4c
[2020-07-31 00:32:15,248] {bash_operator.py:82} INFO - Tmp dir root location: 
 /tmp
[2020-07-31 00:32:15,249] {bash_operator.py:105} INFO - Temporary script location: /tmp/airflowtmphdzs13q2/templateddqtc9zcf
[2020-07-31 00:32:15,249] {bash_operator.py:115} INFO - Running command: 

    echo "2020-07-31"
    echo "2020-08-07"
    echo "Parameter I passed in"

    echo "2020-07-31"
    echo "2020-08-07"
    echo "Parameter I passed in"

    echo "2020-07-31"
    echo "2020-08-07"
    echo "Parameter I passed in"

    echo "2020-07-31"
    echo "2020-08-07"
    echo "Parameter I passed in"

    echo "2020-07-31"
    echo "2020-08-07"
    echo "Parameter I passed in"

[2020-07-31 00:32:15,264] {bash_operator.py:122} INFO - Output:
[2020-07-31 00:32:15,265] {bash_operator.py:126} INFO - 2020-07-31
[2020-07-31 00:32:15,266] {bash_operator.py:126} INFO - 2020-08-07
[2020-07-31 00:32:15,266] {bash_operator.py:126} INFO - Parameter I passed in
[2020-07-31 00:32:15,266] {bash_operator.py:126} INFO - 2020-07-31
[2020-07-31 00:32:15,266] {bash_operator.py:126} INFO - 2020-08-07
[2020-07-31 00:32:15,266] {bash_operator.py:126} INFO - Parameter I passed in
[2020-07-31 00:32:15,266] {bash_operator.py:126} INFO - 2020-07-31
[2020-07-31 00:32:15,266] {bash_operator.py:126} INFO - 2020-08-07
[2020-07-31 00:32:15,266] {bash_operator.py:126} INFO - Parameter I passed in
[2020-07-31 00:32:15,266] {bash_operator.py:126} INFO - 2020-07-31
[2020-07-31 00:32:15,267] {bash_operator.py:126} INFO - 2020-08-07
[2020-07-31 00:32:15,267] {bash_operator.py:126} INFO - Parameter I passed in
[2020-07-31 00:32:15,267] {bash_operator.py:126} INFO - 2020-07-31
[2020-07-31 00:32:15,267] {bash_operator.py:126} INFO - 2020-08-07
[2020-07-31 00:32:15,267] {bash_operator.py:126} INFO - Parameter I passed in
[2020-07-31 00:32:15,267] {bash_operator.py:130} INFO - Command exited with return code 0
[2020-07-31 00:32:15,294] {taskinstance.py:1048} INFO - Marking task as SUCCESS.dag_id=tutorial, task_id=templated, execution_date=20200731T003100, start_date=20200731T003214, end_date=20200731T003215
[2020-07-31 00:32:24,912] {logging_mixin.py:112} INFO - [2020-07-31 00:32:24,911] {local_task_job.py:103} INFO - Task exited with return code 0
