[2020-07-31 04:05:11,522] {taskinstance.py:655} INFO - Dependencies all met for <TaskInstance: tutorial.templated 2020-07-31T04:04:00+00:00 [queued]>
[2020-07-31 04:05:11,575] {taskinstance.py:655} INFO - Dependencies all met for <TaskInstance: tutorial.templated 2020-07-31T04:04:00+00:00 [queued]>
[2020-07-31 04:05:11,576] {taskinstance.py:866} INFO - 
--------------------------------------------------------------------------------
[2020-07-31 04:05:11,576] {taskinstance.py:867} INFO - Starting attempt 1 of 2
[2020-07-31 04:05:11,576] {taskinstance.py:868} INFO - 
--------------------------------------------------------------------------------
[2020-07-31 04:05:11,605] {taskinstance.py:887} INFO - Executing <Task(BashOperator): templated> on 2020-07-31T04:04:00+00:00
[2020-07-31 04:05:11,612] {standard_task_runner.py:53} INFO - Started process 1714 to run task
[2020-07-31 04:05:11,742] {logging_mixin.py:112} INFO - Running %s on host %s <TaskInstance: tutorial.templated 2020-07-31T04:04:00+00:00 [running]> 02f6ef7ded4c
[2020-07-31 04:05:11,808] {bash_operator.py:82} INFO - Tmp dir root location: 
 /tmp
[2020-07-31 04:05:11,810] {bash_operator.py:105} INFO - Temporary script location: /tmp/airflowtmprl5uvrt_/templatedlo1al0y0
[2020-07-31 04:05:11,810] {bash_operator.py:115} INFO - Running command: 

    echo "2020-07-31"
    echo "2020-08-07"
    echo "Parameter I passed in"

    echo "2020-07-31"
    echo "2020-08-07"
    echo "Parameter I passed in"

    echo "2020-07-31"
    echo "2020-08-07"
    echo "Parameter I passed in"

    echo "2020-07-31"
    echo "2020-08-07"
    echo "Parameter I passed in"

    echo "2020-07-31"
    echo "2020-08-07"
    echo "Parameter I passed in"

[2020-07-31 04:05:11,828] {bash_operator.py:122} INFO - Output:
[2020-07-31 04:05:11,832] {bash_operator.py:126} INFO - 2020-07-31
[2020-07-31 04:05:11,832] {bash_operator.py:126} INFO - 2020-08-07
[2020-07-31 04:05:11,832] {bash_operator.py:126} INFO - Parameter I passed in
[2020-07-31 04:05:11,832] {bash_operator.py:126} INFO - 2020-07-31
[2020-07-31 04:05:11,833] {bash_operator.py:126} INFO - 2020-08-07
[2020-07-31 04:05:11,833] {bash_operator.py:126} INFO - Parameter I passed in
[2020-07-31 04:05:11,833] {bash_operator.py:126} INFO - 2020-07-31
[2020-07-31 04:05:11,833] {bash_operator.py:126} INFO - 2020-08-07
[2020-07-31 04:05:11,833] {bash_operator.py:126} INFO - Parameter I passed in
[2020-07-31 04:05:11,833] {bash_operator.py:126} INFO - 2020-07-31
[2020-07-31 04:05:11,833] {bash_operator.py:126} INFO - 2020-08-07
[2020-07-31 04:05:11,833] {bash_operator.py:126} INFO - Parameter I passed in
[2020-07-31 04:05:11,833] {bash_operator.py:126} INFO - 2020-07-31
[2020-07-31 04:05:11,833] {bash_operator.py:126} INFO - 2020-08-07
[2020-07-31 04:05:11,833] {bash_operator.py:126} INFO - Parameter I passed in
[2020-07-31 04:05:11,833] {bash_operator.py:130} INFO - Command exited with return code 0
[2020-07-31 04:05:11,863] {taskinstance.py:1048} INFO - Marking task as SUCCESS.dag_id=tutorial, task_id=templated, execution_date=20200731T040400, start_date=20200731T040511, end_date=20200731T040511
[2020-07-31 04:05:21,475] {logging_mixin.py:112} INFO - [2020-07-31 04:05:21,473] {local_task_job.py:103} INFO - Task exited with return code 0
