[2020-07-30 18:07:15,870] {taskinstance.py:655} INFO - Dependencies all met for <TaskInstance: tutorial.templated 2020-07-30T18:06:00+00:00 [queued]>
[2020-07-30 18:07:15,924] {taskinstance.py:655} INFO - Dependencies all met for <TaskInstance: tutorial.templated 2020-07-30T18:06:00+00:00 [queued]>
[2020-07-30 18:07:15,925] {taskinstance.py:866} INFO - 
--------------------------------------------------------------------------------
[2020-07-30 18:07:15,925] {taskinstance.py:867} INFO - Starting attempt 1 of 2
[2020-07-30 18:07:15,925] {taskinstance.py:868} INFO - 
--------------------------------------------------------------------------------
[2020-07-30 18:07:15,951] {taskinstance.py:887} INFO - Executing <Task(BashOperator): templated> on 2020-07-30T18:06:00+00:00
[2020-07-30 18:07:15,957] {standard_task_runner.py:53} INFO - Started process 14489 to run task
[2020-07-30 18:07:16,085] {logging_mixin.py:112} INFO - Running %s on host %s <TaskInstance: tutorial.templated 2020-07-30T18:06:00+00:00 [running]> 02f6ef7ded4c
[2020-07-30 18:07:16,154] {bash_operator.py:82} INFO - Tmp dir root location: 
 /tmp
[2020-07-30 18:07:16,155] {bash_operator.py:105} INFO - Temporary script location: /tmp/airflowtmp5y0mde4g/templatedpfp0_0ax
[2020-07-30 18:07:16,155] {bash_operator.py:115} INFO - Running command: 

    echo "2020-07-30"
    echo "2020-08-06"
    echo "Parameter I passed in"

    echo "2020-07-30"
    echo "2020-08-06"
    echo "Parameter I passed in"

    echo "2020-07-30"
    echo "2020-08-06"
    echo "Parameter I passed in"

    echo "2020-07-30"
    echo "2020-08-06"
    echo "Parameter I passed in"

    echo "2020-07-30"
    echo "2020-08-06"
    echo "Parameter I passed in"

[2020-07-30 18:07:16,171] {bash_operator.py:122} INFO - Output:
[2020-07-30 18:07:16,173] {bash_operator.py:126} INFO - 2020-07-30
[2020-07-30 18:07:16,174] {bash_operator.py:126} INFO - 2020-08-06
[2020-07-30 18:07:16,174] {bash_operator.py:126} INFO - Parameter I passed in
[2020-07-30 18:07:16,174] {bash_operator.py:126} INFO - 2020-07-30
[2020-07-30 18:07:16,174] {bash_operator.py:126} INFO - 2020-08-06
[2020-07-30 18:07:16,174] {bash_operator.py:126} INFO - Parameter I passed in
[2020-07-30 18:07:16,174] {bash_operator.py:126} INFO - 2020-07-30
[2020-07-30 18:07:16,174] {bash_operator.py:126} INFO - 2020-08-06
[2020-07-30 18:07:16,174] {bash_operator.py:126} INFO - Parameter I passed in
[2020-07-30 18:07:16,175] {bash_operator.py:126} INFO - 2020-07-30
[2020-07-30 18:07:16,175] {bash_operator.py:126} INFO - 2020-08-06
[2020-07-30 18:07:16,175] {bash_operator.py:126} INFO - Parameter I passed in
[2020-07-30 18:07:16,175] {bash_operator.py:126} INFO - 2020-07-30
[2020-07-30 18:07:16,175] {bash_operator.py:126} INFO - 2020-08-06
[2020-07-30 18:07:16,175] {bash_operator.py:126} INFO - Parameter I passed in
[2020-07-30 18:07:16,175] {bash_operator.py:130} INFO - Command exited with return code 0
[2020-07-30 18:07:16,207] {taskinstance.py:1048} INFO - Marking task as SUCCESS.dag_id=tutorial, task_id=templated, execution_date=20200730T180600, start_date=20200730T180715, end_date=20200730T180716
[2020-07-30 18:07:25,838] {logging_mixin.py:112} INFO - [2020-07-30 18:07:25,837] {local_task_job.py:103} INFO - Task exited with return code 0
