[2020-07-31 02:52:12,519] {taskinstance.py:655} INFO - Dependencies all met for <TaskInstance: tutorial.templated 2020-07-31T02:51:00+00:00 [queued]>
[2020-07-31 02:52:12,563] {taskinstance.py:655} INFO - Dependencies all met for <TaskInstance: tutorial.templated 2020-07-31T02:51:00+00:00 [queued]>
[2020-07-31 02:52:12,563] {taskinstance.py:866} INFO - 
--------------------------------------------------------------------------------
[2020-07-31 02:52:12,564] {taskinstance.py:867} INFO - Starting attempt 1 of 2
[2020-07-31 02:52:12,564] {taskinstance.py:868} INFO - 
--------------------------------------------------------------------------------
[2020-07-31 02:52:12,592] {taskinstance.py:887} INFO - Executing <Task(BashOperator): templated> on 2020-07-31T02:51:00+00:00
[2020-07-31 02:52:12,600] {standard_task_runner.py:53} INFO - Started process 16694 to run task
[2020-07-31 02:52:12,755] {logging_mixin.py:112} INFO - Running %s on host %s <TaskInstance: tutorial.templated 2020-07-31T02:51:00+00:00 [running]> 02f6ef7ded4c
[2020-07-31 02:52:12,819] {bash_operator.py:82} INFO - Tmp dir root location: 
 /tmp
[2020-07-31 02:52:12,821] {bash_operator.py:105} INFO - Temporary script location: /tmp/airflowtmpd31e35sj/templatedgd94j9tc
[2020-07-31 02:52:12,821] {bash_operator.py:115} INFO - Running command: 

    echo "2020-07-31"
    echo "2020-08-07"
    echo "Parameter I passed in"

    echo "2020-07-31"
    echo "2020-08-07"
    echo "Parameter I passed in"

    echo "2020-07-31"
    echo "2020-08-07"
    echo "Parameter I passed in"

    echo "2020-07-31"
    echo "2020-08-07"
    echo "Parameter I passed in"

    echo "2020-07-31"
    echo "2020-08-07"
    echo "Parameter I passed in"

[2020-07-31 02:52:12,839] {bash_operator.py:122} INFO - Output:
[2020-07-31 02:52:12,841] {bash_operator.py:126} INFO - 2020-07-31
[2020-07-31 02:52:12,841] {bash_operator.py:126} INFO - 2020-08-07
[2020-07-31 02:52:12,842] {bash_operator.py:126} INFO - Parameter I passed in
[2020-07-31 02:52:12,842] {bash_operator.py:126} INFO - 2020-07-31
[2020-07-31 02:52:12,842] {bash_operator.py:126} INFO - 2020-08-07
[2020-07-31 02:52:12,842] {bash_operator.py:126} INFO - Parameter I passed in
[2020-07-31 02:52:12,842] {bash_operator.py:126} INFO - 2020-07-31
[2020-07-31 02:52:12,842] {bash_operator.py:126} INFO - 2020-08-07
[2020-07-31 02:52:12,842] {bash_operator.py:126} INFO - Parameter I passed in
[2020-07-31 02:52:12,842] {bash_operator.py:126} INFO - 2020-07-31
[2020-07-31 02:52:12,842] {bash_operator.py:126} INFO - 2020-08-07
[2020-07-31 02:52:12,842] {bash_operator.py:126} INFO - Parameter I passed in
[2020-07-31 02:52:12,842] {bash_operator.py:126} INFO - 2020-07-31
[2020-07-31 02:52:12,842] {bash_operator.py:126} INFO - 2020-08-07
[2020-07-31 02:52:12,842] {bash_operator.py:126} INFO - Parameter I passed in
[2020-07-31 02:52:12,842] {bash_operator.py:130} INFO - Command exited with return code 0
[2020-07-31 02:52:12,870] {taskinstance.py:1048} INFO - Marking task as SUCCESS.dag_id=tutorial, task_id=templated, execution_date=20200731T025100, start_date=20200731T025212, end_date=20200731T025212
[2020-07-31 02:52:22,479] {logging_mixin.py:112} INFO - [2020-07-31 02:52:22,478] {local_task_job.py:103} INFO - Task exited with return code 0
