[2020-07-30 17:39:14,048] {taskinstance.py:655} INFO - Dependencies all met for <TaskInstance: tutorial.templated 2020-07-30T17:38:00+00:00 [queued]>
[2020-07-30 17:39:14,114] {taskinstance.py:655} INFO - Dependencies all met for <TaskInstance: tutorial.templated 2020-07-30T17:38:00+00:00 [queued]>
[2020-07-30 17:39:14,114] {taskinstance.py:866} INFO - 
--------------------------------------------------------------------------------
[2020-07-30 17:39:14,115] {taskinstance.py:867} INFO - Starting attempt 1 of 2
[2020-07-30 17:39:14,115] {taskinstance.py:868} INFO - 
--------------------------------------------------------------------------------
[2020-07-30 17:39:14,131] {taskinstance.py:887} INFO - Executing <Task(BashOperator): templated> on 2020-07-30T17:38:00+00:00
[2020-07-30 17:39:14,141] {standard_task_runner.py:53} INFO - Started process 27768 to run task
[2020-07-30 17:39:14,285] {logging_mixin.py:112} INFO - Running %s on host %s <TaskInstance: tutorial.templated 2020-07-30T17:38:00+00:00 [running]> 02f6ef7ded4c
[2020-07-30 17:39:14,340] {bash_operator.py:82} INFO - Tmp dir root location: 
 /tmp
[2020-07-30 17:39:14,342] {bash_operator.py:105} INFO - Temporary script location: /tmp/airflowtmpuw9d0_q6/templated5rbto_ar
[2020-07-30 17:39:14,342] {bash_operator.py:115} INFO - Running command: 

    echo "2020-07-30"
    echo "2020-08-06"
    echo "Parameter I passed in"

    echo "2020-07-30"
    echo "2020-08-06"
    echo "Parameter I passed in"

    echo "2020-07-30"
    echo "2020-08-06"
    echo "Parameter I passed in"

    echo "2020-07-30"
    echo "2020-08-06"
    echo "Parameter I passed in"

    echo "2020-07-30"
    echo "2020-08-06"
    echo "Parameter I passed in"

[2020-07-30 17:39:14,355] {bash_operator.py:122} INFO - Output:
[2020-07-30 17:39:14,356] {bash_operator.py:126} INFO - 2020-07-30
[2020-07-30 17:39:14,357] {bash_operator.py:126} INFO - 2020-08-06
[2020-07-30 17:39:14,357] {bash_operator.py:126} INFO - Parameter I passed in
[2020-07-30 17:39:14,357] {bash_operator.py:126} INFO - 2020-07-30
[2020-07-30 17:39:14,357] {bash_operator.py:126} INFO - 2020-08-06
[2020-07-30 17:39:14,357] {bash_operator.py:126} INFO - Parameter I passed in
[2020-07-30 17:39:14,357] {bash_operator.py:126} INFO - 2020-07-30
[2020-07-30 17:39:14,357] {bash_operator.py:126} INFO - 2020-08-06
[2020-07-30 17:39:14,357] {bash_operator.py:126} INFO - Parameter I passed in
[2020-07-30 17:39:14,357] {bash_operator.py:126} INFO - 2020-07-30
[2020-07-30 17:39:14,357] {bash_operator.py:126} INFO - 2020-08-06
[2020-07-30 17:39:14,357] {bash_operator.py:126} INFO - Parameter I passed in
[2020-07-30 17:39:14,357] {bash_operator.py:126} INFO - 2020-07-30
[2020-07-30 17:39:14,357] {bash_operator.py:126} INFO - 2020-08-06
[2020-07-30 17:39:14,357] {bash_operator.py:126} INFO - Parameter I passed in
[2020-07-30 17:39:14,357] {bash_operator.py:130} INFO - Command exited with return code 0
[2020-07-30 17:39:14,384] {taskinstance.py:1048} INFO - Marking task as SUCCESS.dag_id=tutorial, task_id=templated, execution_date=20200730T173800, start_date=20200730T173914, end_date=20200730T173914
[2020-07-30 17:39:23,991] {logging_mixin.py:112} INFO - [2020-07-30 17:39:23,990] {local_task_job.py:103} INFO - Task exited with return code 0
