[2020-07-31 02:31:15,019] {taskinstance.py:655} INFO - Dependencies all met for <TaskInstance: tutorial.templated 2020-07-31T02:30:00+00:00 [queued]>
[2020-07-31 02:31:15,106] {taskinstance.py:655} INFO - Dependencies all met for <TaskInstance: tutorial.templated 2020-07-31T02:30:00+00:00 [queued]>
[2020-07-31 02:31:15,106] {taskinstance.py:866} INFO - 
--------------------------------------------------------------------------------
[2020-07-31 02:31:15,106] {taskinstance.py:867} INFO - Starting attempt 1 of 2
[2020-07-31 02:31:15,106] {taskinstance.py:868} INFO - 
--------------------------------------------------------------------------------
[2020-07-31 02:31:15,125] {taskinstance.py:887} INFO - Executing <Task(BashOperator): templated> on 2020-07-31T02:30:00+00:00
[2020-07-31 02:31:15,133] {standard_task_runner.py:53} INFO - Started process 2360 to run task
[2020-07-31 02:31:15,253] {logging_mixin.py:112} INFO - Running %s on host %s <TaskInstance: tutorial.templated 2020-07-31T02:30:00+00:00 [running]> 02f6ef7ded4c
[2020-07-31 02:31:15,325] {bash_operator.py:82} INFO - Tmp dir root location: 
 /tmp
[2020-07-31 02:31:15,327] {bash_operator.py:105} INFO - Temporary script location: /tmp/airflowtmp3x4792qw/templated53f51t7h
[2020-07-31 02:31:15,327] {bash_operator.py:115} INFO - Running command: 

    echo "2020-07-31"
    echo "2020-08-07"
    echo "Parameter I passed in"

    echo "2020-07-31"
    echo "2020-08-07"
    echo "Parameter I passed in"

    echo "2020-07-31"
    echo "2020-08-07"
    echo "Parameter I passed in"

    echo "2020-07-31"
    echo "2020-08-07"
    echo "Parameter I passed in"

    echo "2020-07-31"
    echo "2020-08-07"
    echo "Parameter I passed in"

[2020-07-31 02:31:15,347] {bash_operator.py:122} INFO - Output:
[2020-07-31 02:31:15,349] {bash_operator.py:126} INFO - 2020-07-31
[2020-07-31 02:31:15,349] {bash_operator.py:126} INFO - 2020-08-07
[2020-07-31 02:31:15,350] {bash_operator.py:126} INFO - Parameter I passed in
[2020-07-31 02:31:15,350] {bash_operator.py:126} INFO - 2020-07-31
[2020-07-31 02:31:15,350] {bash_operator.py:126} INFO - 2020-08-07
[2020-07-31 02:31:15,350] {bash_operator.py:126} INFO - Parameter I passed in
[2020-07-31 02:31:15,350] {bash_operator.py:126} INFO - 2020-07-31
[2020-07-31 02:31:15,350] {bash_operator.py:126} INFO - 2020-08-07
[2020-07-31 02:31:15,350] {bash_operator.py:126} INFO - Parameter I passed in
[2020-07-31 02:31:15,350] {bash_operator.py:126} INFO - 2020-07-31
[2020-07-31 02:31:15,350] {bash_operator.py:126} INFO - 2020-08-07
[2020-07-31 02:31:15,350] {bash_operator.py:126} INFO - Parameter I passed in
[2020-07-31 02:31:15,351] {bash_operator.py:126} INFO - 2020-07-31
[2020-07-31 02:31:15,351] {bash_operator.py:126} INFO - 2020-08-07
[2020-07-31 02:31:15,351] {bash_operator.py:126} INFO - Parameter I passed in
[2020-07-31 02:31:15,351] {bash_operator.py:130} INFO - Command exited with return code 0
[2020-07-31 02:31:15,380] {taskinstance.py:1048} INFO - Marking task as SUCCESS.dag_id=tutorial, task_id=templated, execution_date=20200731T023000, start_date=20200731T023115, end_date=20200731T023115
[2020-07-31 02:31:24,975] {logging_mixin.py:112} INFO - [2020-07-31 02:31:24,974] {local_task_job.py:103} INFO - Task exited with return code 0
