[2020-07-31 03:35:15,670] {taskinstance.py:655} INFO - Dependencies all met for <TaskInstance: tutorial.templated 2020-07-31T03:34:00+00:00 [queued]>
[2020-07-31 03:35:15,714] {taskinstance.py:655} INFO - Dependencies all met for <TaskInstance: tutorial.templated 2020-07-31T03:34:00+00:00 [queued]>
[2020-07-31 03:35:15,714] {taskinstance.py:866} INFO - 
--------------------------------------------------------------------------------
[2020-07-31 03:35:15,714] {taskinstance.py:867} INFO - Starting attempt 1 of 2
[2020-07-31 03:35:15,715] {taskinstance.py:868} INFO - 
--------------------------------------------------------------------------------
[2020-07-31 03:35:15,742] {taskinstance.py:887} INFO - Executing <Task(BashOperator): templated> on 2020-07-31T03:34:00+00:00
[2020-07-31 03:35:15,748] {standard_task_runner.py:53} INFO - Started process 13695 to run task
[2020-07-31 03:35:15,877] {logging_mixin.py:112} INFO - Running %s on host %s <TaskInstance: tutorial.templated 2020-07-31T03:34:00+00:00 [running]> 02f6ef7ded4c
[2020-07-31 03:35:15,949] {bash_operator.py:82} INFO - Tmp dir root location: 
 /tmp
[2020-07-31 03:35:15,951] {bash_operator.py:105} INFO - Temporary script location: /tmp/airflowtmpwx7cbfne/templated5bw4rwb1
[2020-07-31 03:35:15,951] {bash_operator.py:115} INFO - Running command: 

    echo "2020-07-31"
    echo "2020-08-07"
    echo "Parameter I passed in"

    echo "2020-07-31"
    echo "2020-08-07"
    echo "Parameter I passed in"

    echo "2020-07-31"
    echo "2020-08-07"
    echo "Parameter I passed in"

    echo "2020-07-31"
    echo "2020-08-07"
    echo "Parameter I passed in"

    echo "2020-07-31"
    echo "2020-08-07"
    echo "Parameter I passed in"

[2020-07-31 03:35:15,965] {bash_operator.py:122} INFO - Output:
[2020-07-31 03:35:15,967] {bash_operator.py:126} INFO - 2020-07-31
[2020-07-31 03:35:15,967] {bash_operator.py:126} INFO - 2020-08-07
[2020-07-31 03:35:15,967] {bash_operator.py:126} INFO - Parameter I passed in
[2020-07-31 03:35:15,967] {bash_operator.py:126} INFO - 2020-07-31
[2020-07-31 03:35:15,967] {bash_operator.py:126} INFO - 2020-08-07
[2020-07-31 03:35:15,967] {bash_operator.py:126} INFO - Parameter I passed in
[2020-07-31 03:35:15,967] {bash_operator.py:126} INFO - 2020-07-31
[2020-07-31 03:35:15,968] {bash_operator.py:126} INFO - 2020-08-07
[2020-07-31 03:35:15,968] {bash_operator.py:126} INFO - Parameter I passed in
[2020-07-31 03:35:15,968] {bash_operator.py:126} INFO - 2020-07-31
[2020-07-31 03:35:15,968] {bash_operator.py:126} INFO - 2020-08-07
[2020-07-31 03:35:15,968] {bash_operator.py:126} INFO - Parameter I passed in
[2020-07-31 03:35:15,968] {bash_operator.py:126} INFO - 2020-07-31
[2020-07-31 03:35:15,968] {bash_operator.py:126} INFO - 2020-08-07
[2020-07-31 03:35:15,968] {bash_operator.py:126} INFO - Parameter I passed in
[2020-07-31 03:35:15,969] {bash_operator.py:130} INFO - Command exited with return code 0
[2020-07-31 03:35:15,995] {taskinstance.py:1048} INFO - Marking task as SUCCESS.dag_id=tutorial, task_id=templated, execution_date=20200731T033400, start_date=20200731T033515, end_date=20200731T033515
[2020-07-31 03:35:25,623] {logging_mixin.py:112} INFO - [2020-07-31 03:35:25,622] {local_task_job.py:103} INFO - Task exited with return code 0
