[2020-07-30 19:57:15,484] {taskinstance.py:655} INFO - Dependencies all met for <TaskInstance: tutorial.templated 2020-07-30T19:56:00+00:00 [queued]>
[2020-07-30 19:57:15,529] {taskinstance.py:655} INFO - Dependencies all met for <TaskInstance: tutorial.templated 2020-07-30T19:56:00+00:00 [queued]>
[2020-07-30 19:57:15,530] {taskinstance.py:866} INFO - 
--------------------------------------------------------------------------------
[2020-07-30 19:57:15,530] {taskinstance.py:867} INFO - Starting attempt 1 of 2
[2020-07-30 19:57:15,530] {taskinstance.py:868} INFO - 
--------------------------------------------------------------------------------
[2020-07-30 19:57:15,563] {taskinstance.py:887} INFO - Executing <Task(BashOperator): templated> on 2020-07-30T19:56:00+00:00
[2020-07-30 19:57:15,568] {standard_task_runner.py:53} INFO - Started process 24855 to run task
[2020-07-30 19:57:15,692] {logging_mixin.py:112} INFO - Running %s on host %s <TaskInstance: tutorial.templated 2020-07-30T19:56:00+00:00 [running]> 02f6ef7ded4c
[2020-07-30 19:57:15,745] {bash_operator.py:82} INFO - Tmp dir root location: 
 /tmp
[2020-07-30 19:57:15,746] {bash_operator.py:105} INFO - Temporary script location: /tmp/airflowtmpxjrgrt3y/templated1r84fbgg
[2020-07-30 19:57:15,746] {bash_operator.py:115} INFO - Running command: 

    echo "2020-07-30"
    echo "2020-08-06"
    echo "Parameter I passed in"

    echo "2020-07-30"
    echo "2020-08-06"
    echo "Parameter I passed in"

    echo "2020-07-30"
    echo "2020-08-06"
    echo "Parameter I passed in"

    echo "2020-07-30"
    echo "2020-08-06"
    echo "Parameter I passed in"

    echo "2020-07-30"
    echo "2020-08-06"
    echo "Parameter I passed in"

[2020-07-30 19:57:15,759] {bash_operator.py:122} INFO - Output:
[2020-07-30 19:57:15,761] {bash_operator.py:126} INFO - 2020-07-30
[2020-07-30 19:57:15,762] {bash_operator.py:126} INFO - 2020-08-06
[2020-07-30 19:57:15,762] {bash_operator.py:126} INFO - Parameter I passed in
[2020-07-30 19:57:15,762] {bash_operator.py:126} INFO - 2020-07-30
[2020-07-30 19:57:15,762] {bash_operator.py:126} INFO - 2020-08-06
[2020-07-30 19:57:15,762] {bash_operator.py:126} INFO - Parameter I passed in
[2020-07-30 19:57:15,762] {bash_operator.py:126} INFO - 2020-07-30
[2020-07-30 19:57:15,762] {bash_operator.py:126} INFO - 2020-08-06
[2020-07-30 19:57:15,763] {bash_operator.py:126} INFO - Parameter I passed in
[2020-07-30 19:57:15,763] {bash_operator.py:126} INFO - 2020-07-30
[2020-07-30 19:57:15,763] {bash_operator.py:126} INFO - 2020-08-06
[2020-07-30 19:57:15,763] {bash_operator.py:126} INFO - Parameter I passed in
[2020-07-30 19:57:15,763] {bash_operator.py:126} INFO - 2020-07-30
[2020-07-30 19:57:15,763] {bash_operator.py:126} INFO - 2020-08-06
[2020-07-30 19:57:15,763] {bash_operator.py:126} INFO - Parameter I passed in
[2020-07-30 19:57:15,764] {bash_operator.py:130} INFO - Command exited with return code 0
[2020-07-30 19:57:15,795] {taskinstance.py:1048} INFO - Marking task as SUCCESS.dag_id=tutorial, task_id=templated, execution_date=20200730T195600, start_date=20200730T195715, end_date=20200730T195715
[2020-07-30 19:57:25,443] {logging_mixin.py:112} INFO - [2020-07-30 19:57:25,442] {local_task_job.py:103} INFO - Task exited with return code 0
