[2020-07-31 05:28:13,512] {taskinstance.py:655} INFO - Dependencies all met for <TaskInstance: tutorial.templated 2020-07-31T05:27:00+00:00 [queued]>
[2020-07-31 05:28:13,555] {taskinstance.py:655} INFO - Dependencies all met for <TaskInstance: tutorial.templated 2020-07-31T05:27:00+00:00 [queued]>
[2020-07-31 05:28:13,555] {taskinstance.py:866} INFO - 
--------------------------------------------------------------------------------
[2020-07-31 05:28:13,556] {taskinstance.py:867} INFO - Starting attempt 1 of 2
[2020-07-31 05:28:13,556] {taskinstance.py:868} INFO - 
--------------------------------------------------------------------------------
[2020-07-31 05:28:13,581] {taskinstance.py:887} INFO - Executing <Task(BashOperator): templated> on 2020-07-31T05:27:00+00:00
[2020-07-31 05:28:13,589] {standard_task_runner.py:53} INFO - Started process 27579 to run task
[2020-07-31 05:28:13,703] {logging_mixin.py:112} INFO - Running %s on host %s <TaskInstance: tutorial.templated 2020-07-31T05:27:00+00:00 [running]> 02f6ef7ded4c
[2020-07-31 05:28:13,765] {bash_operator.py:82} INFO - Tmp dir root location: 
 /tmp
[2020-07-31 05:28:13,766] {bash_operator.py:105} INFO - Temporary script location: /tmp/airflowtmp60kuq1zb/templatedclf8yme1
[2020-07-31 05:28:13,767] {bash_operator.py:115} INFO - Running command: 

    echo "2020-07-31"
    echo "2020-08-07"
    echo "Parameter I passed in"

    echo "2020-07-31"
    echo "2020-08-07"
    echo "Parameter I passed in"

    echo "2020-07-31"
    echo "2020-08-07"
    echo "Parameter I passed in"

    echo "2020-07-31"
    echo "2020-08-07"
    echo "Parameter I passed in"

    echo "2020-07-31"
    echo "2020-08-07"
    echo "Parameter I passed in"

[2020-07-31 05:28:13,785] {bash_operator.py:122} INFO - Output:
[2020-07-31 05:28:13,788] {bash_operator.py:126} INFO - 2020-07-31
[2020-07-31 05:28:13,788] {bash_operator.py:126} INFO - 2020-08-07
[2020-07-31 05:28:13,788] {bash_operator.py:126} INFO - Parameter I passed in
[2020-07-31 05:28:13,788] {bash_operator.py:126} INFO - 2020-07-31
[2020-07-31 05:28:13,789] {bash_operator.py:126} INFO - 2020-08-07
[2020-07-31 05:28:13,789] {bash_operator.py:126} INFO - Parameter I passed in
[2020-07-31 05:28:13,789] {bash_operator.py:126} INFO - 2020-07-31
[2020-07-31 05:28:13,789] {bash_operator.py:126} INFO - 2020-08-07
[2020-07-31 05:28:13,789] {bash_operator.py:126} INFO - Parameter I passed in
[2020-07-31 05:28:13,789] {bash_operator.py:126} INFO - 2020-07-31
[2020-07-31 05:28:13,789] {bash_operator.py:126} INFO - 2020-08-07
[2020-07-31 05:28:13,789] {bash_operator.py:126} INFO - Parameter I passed in
[2020-07-31 05:28:13,789] {bash_operator.py:126} INFO - 2020-07-31
[2020-07-31 05:28:13,790] {bash_operator.py:126} INFO - 2020-08-07
[2020-07-31 05:28:13,790] {bash_operator.py:126} INFO - Parameter I passed in
[2020-07-31 05:28:13,790] {bash_operator.py:130} INFO - Command exited with return code 0
[2020-07-31 05:28:13,814] {taskinstance.py:1048} INFO - Marking task as SUCCESS.dag_id=tutorial, task_id=templated, execution_date=20200731T052700, start_date=20200731T052813, end_date=20200731T052813
[2020-07-31 05:28:23,471] {logging_mixin.py:112} INFO - [2020-07-31 05:28:23,470] {local_task_job.py:103} INFO - Task exited with return code 0
