[2020-07-31 02:18:09,996] {taskinstance.py:655} INFO - Dependencies all met for <TaskInstance: tutorial.templated 2020-07-31T02:17:00+00:00 [queued]>
[2020-07-31 02:18:10,054] {taskinstance.py:655} INFO - Dependencies all met for <TaskInstance: tutorial.templated 2020-07-31T02:17:00+00:00 [queued]>
[2020-07-31 02:18:10,054] {taskinstance.py:866} INFO - 
--------------------------------------------------------------------------------
[2020-07-31 02:18:10,055] {taskinstance.py:867} INFO - Starting attempt 1 of 2
[2020-07-31 02:18:10,055] {taskinstance.py:868} INFO - 
--------------------------------------------------------------------------------
[2020-07-31 02:18:10,088] {taskinstance.py:887} INFO - Executing <Task(BashOperator): templated> on 2020-07-31T02:17:00+00:00
[2020-07-31 02:18:10,097] {standard_task_runner.py:53} INFO - Started process 25876 to run task
[2020-07-31 02:18:10,239] {logging_mixin.py:112} INFO - Running %s on host %s <TaskInstance: tutorial.templated 2020-07-31T02:17:00+00:00 [running]> 02f6ef7ded4c
[2020-07-31 02:18:10,311] {bash_operator.py:82} INFO - Tmp dir root location: 
 /tmp
[2020-07-31 02:18:10,313] {bash_operator.py:105} INFO - Temporary script location: /tmp/airflowtmp30nf_dlf/templatedz2smu3z4
[2020-07-31 02:18:10,313] {bash_operator.py:115} INFO - Running command: 

    echo "2020-07-31"
    echo "2020-08-07"
    echo "Parameter I passed in"

    echo "2020-07-31"
    echo "2020-08-07"
    echo "Parameter I passed in"

    echo "2020-07-31"
    echo "2020-08-07"
    echo "Parameter I passed in"

    echo "2020-07-31"
    echo "2020-08-07"
    echo "Parameter I passed in"

    echo "2020-07-31"
    echo "2020-08-07"
    echo "Parameter I passed in"

[2020-07-31 02:18:10,332] {bash_operator.py:122} INFO - Output:
[2020-07-31 02:18:10,334] {bash_operator.py:126} INFO - 2020-07-31
[2020-07-31 02:18:10,335] {bash_operator.py:126} INFO - 2020-08-07
[2020-07-31 02:18:10,335] {bash_operator.py:126} INFO - Parameter I passed in
[2020-07-31 02:18:10,335] {bash_operator.py:126} INFO - 2020-07-31
[2020-07-31 02:18:10,335] {bash_operator.py:126} INFO - 2020-08-07
[2020-07-31 02:18:10,336] {bash_operator.py:126} INFO - Parameter I passed in
[2020-07-31 02:18:10,336] {bash_operator.py:126} INFO - 2020-07-31
[2020-07-31 02:18:10,336] {bash_operator.py:126} INFO - 2020-08-07
[2020-07-31 02:18:10,336] {bash_operator.py:126} INFO - Parameter I passed in
[2020-07-31 02:18:10,336] {bash_operator.py:126} INFO - 2020-07-31
[2020-07-31 02:18:10,336] {bash_operator.py:126} INFO - 2020-08-07
[2020-07-31 02:18:10,336] {bash_operator.py:126} INFO - Parameter I passed in
[2020-07-31 02:18:10,336] {bash_operator.py:126} INFO - 2020-07-31
[2020-07-31 02:18:10,337] {bash_operator.py:126} INFO - 2020-08-07
[2020-07-31 02:18:10,337] {bash_operator.py:126} INFO - Parameter I passed in
[2020-07-31 02:18:10,337] {bash_operator.py:130} INFO - Command exited with return code 0
[2020-07-31 02:18:10,371] {taskinstance.py:1048} INFO - Marking task as SUCCESS.dag_id=tutorial, task_id=templated, execution_date=20200731T021700, start_date=20200731T021809, end_date=20200731T021810
[2020-07-31 02:18:19,951] {logging_mixin.py:112} INFO - [2020-07-31 02:18:19,950] {local_task_job.py:103} INFO - Task exited with return code 0
