[2020-07-30 19:16:16,419] {taskinstance.py:655} INFO - Dependencies all met for <TaskInstance: tutorial.templated 2020-07-30T19:15:00+00:00 [queued]>
[2020-07-30 19:16:16,464] {taskinstance.py:655} INFO - Dependencies all met for <TaskInstance: tutorial.templated 2020-07-30T19:15:00+00:00 [queued]>
[2020-07-30 19:16:16,465] {taskinstance.py:866} INFO - 
--------------------------------------------------------------------------------
[2020-07-30 19:16:16,465] {taskinstance.py:867} INFO - Starting attempt 1 of 2
[2020-07-30 19:16:16,465] {taskinstance.py:868} INFO - 
--------------------------------------------------------------------------------
[2020-07-30 19:16:16,496] {taskinstance.py:887} INFO - Executing <Task(BashOperator): templated> on 2020-07-30T19:15:00+00:00
[2020-07-30 19:16:16,503] {standard_task_runner.py:53} INFO - Started process 29267 to run task
[2020-07-30 19:16:16,639] {logging_mixin.py:112} INFO - Running %s on host %s <TaskInstance: tutorial.templated 2020-07-30T19:15:00+00:00 [running]> 02f6ef7ded4c
[2020-07-30 19:16:16,709] {bash_operator.py:82} INFO - Tmp dir root location: 
 /tmp
[2020-07-30 19:16:16,711] {bash_operator.py:105} INFO - Temporary script location: /tmp/airflowtmp7b5arfaa/templatedpxuz38p8
[2020-07-30 19:16:16,711] {bash_operator.py:115} INFO - Running command: 

    echo "2020-07-30"
    echo "2020-08-06"
    echo "Parameter I passed in"

    echo "2020-07-30"
    echo "2020-08-06"
    echo "Parameter I passed in"

    echo "2020-07-30"
    echo "2020-08-06"
    echo "Parameter I passed in"

    echo "2020-07-30"
    echo "2020-08-06"
    echo "Parameter I passed in"

    echo "2020-07-30"
    echo "2020-08-06"
    echo "Parameter I passed in"

[2020-07-30 19:16:16,731] {bash_operator.py:122} INFO - Output:
[2020-07-30 19:16:16,735] {bash_operator.py:126} INFO - 2020-07-30
[2020-07-30 19:16:16,735] {bash_operator.py:126} INFO - 2020-08-06
[2020-07-30 19:16:16,736] {bash_operator.py:126} INFO - Parameter I passed in
[2020-07-30 19:16:16,736] {bash_operator.py:126} INFO - 2020-07-30
[2020-07-30 19:16:16,736] {bash_operator.py:126} INFO - 2020-08-06
[2020-07-30 19:16:16,736] {bash_operator.py:126} INFO - Parameter I passed in
[2020-07-30 19:16:16,736] {bash_operator.py:126} INFO - 2020-07-30
[2020-07-30 19:16:16,736] {bash_operator.py:126} INFO - 2020-08-06
[2020-07-30 19:16:16,736] {bash_operator.py:126} INFO - Parameter I passed in
[2020-07-30 19:16:16,737] {bash_operator.py:126} INFO - 2020-07-30
[2020-07-30 19:16:16,737] {bash_operator.py:126} INFO - 2020-08-06
[2020-07-30 19:16:16,737] {bash_operator.py:126} INFO - Parameter I passed in
[2020-07-30 19:16:16,737] {bash_operator.py:126} INFO - 2020-07-30
[2020-07-30 19:16:16,737] {bash_operator.py:126} INFO - 2020-08-06
[2020-07-30 19:16:16,737] {bash_operator.py:126} INFO - Parameter I passed in
[2020-07-30 19:16:16,737] {bash_operator.py:130} INFO - Command exited with return code 0
[2020-07-30 19:16:16,765] {taskinstance.py:1048} INFO - Marking task as SUCCESS.dag_id=tutorial, task_id=templated, execution_date=20200730T191500, start_date=20200730T191616, end_date=20200730T191616
[2020-07-30 19:16:26,369] {logging_mixin.py:112} INFO - [2020-07-30 19:16:26,368] {local_task_job.py:103} INFO - Task exited with return code 0
