[2020-07-31 02:19:16,205] {taskinstance.py:655} INFO - Dependencies all met for <TaskInstance: tutorial.templated 2020-07-31T02:18:00+00:00 [queued]>
[2020-07-31 02:19:16,248] {taskinstance.py:655} INFO - Dependencies all met for <TaskInstance: tutorial.templated 2020-07-31T02:18:00+00:00 [queued]>
[2020-07-31 02:19:16,248] {taskinstance.py:866} INFO - 
--------------------------------------------------------------------------------
[2020-07-31 02:19:16,248] {taskinstance.py:867} INFO - Starting attempt 1 of 2
[2020-07-31 02:19:16,248] {taskinstance.py:868} INFO - 
--------------------------------------------------------------------------------
[2020-07-31 02:19:16,281] {taskinstance.py:887} INFO - Executing <Task(BashOperator): templated> on 2020-07-31T02:18:00+00:00
[2020-07-31 02:19:16,291] {standard_task_runner.py:53} INFO - Started process 26625 to run task
[2020-07-31 02:19:16,433] {logging_mixin.py:112} INFO - Running %s on host %s <TaskInstance: tutorial.templated 2020-07-31T02:18:00+00:00 [running]> 02f6ef7ded4c
[2020-07-31 02:19:16,493] {bash_operator.py:82} INFO - Tmp dir root location: 
 /tmp
[2020-07-31 02:19:16,494] {bash_operator.py:105} INFO - Temporary script location: /tmp/airflowtmp4uvj5qq3/templatedyy3q6xf1
[2020-07-31 02:19:16,495] {bash_operator.py:115} INFO - Running command: 

    echo "2020-07-31"
    echo "2020-08-07"
    echo "Parameter I passed in"

    echo "2020-07-31"
    echo "2020-08-07"
    echo "Parameter I passed in"

    echo "2020-07-31"
    echo "2020-08-07"
    echo "Parameter I passed in"

    echo "2020-07-31"
    echo "2020-08-07"
    echo "Parameter I passed in"

    echo "2020-07-31"
    echo "2020-08-07"
    echo "Parameter I passed in"

[2020-07-31 02:19:16,511] {bash_operator.py:122} INFO - Output:
[2020-07-31 02:19:16,513] {bash_operator.py:126} INFO - 2020-07-31
[2020-07-31 02:19:16,513] {bash_operator.py:126} INFO - 2020-08-07
[2020-07-31 02:19:16,513] {bash_operator.py:126} INFO - Parameter I passed in
[2020-07-31 02:19:16,513] {bash_operator.py:126} INFO - 2020-07-31
[2020-07-31 02:19:16,514] {bash_operator.py:126} INFO - 2020-08-07
[2020-07-31 02:19:16,514] {bash_operator.py:126} INFO - Parameter I passed in
[2020-07-31 02:19:16,514] {bash_operator.py:126} INFO - 2020-07-31
[2020-07-31 02:19:16,514] {bash_operator.py:126} INFO - 2020-08-07
[2020-07-31 02:19:16,514] {bash_operator.py:126} INFO - Parameter I passed in
[2020-07-31 02:19:16,515] {bash_operator.py:126} INFO - 2020-07-31
[2020-07-31 02:19:16,515] {bash_operator.py:126} INFO - 2020-08-07
[2020-07-31 02:19:16,515] {bash_operator.py:126} INFO - Parameter I passed in
[2020-07-31 02:19:16,515] {bash_operator.py:126} INFO - 2020-07-31
[2020-07-31 02:19:16,515] {bash_operator.py:126} INFO - 2020-08-07
[2020-07-31 02:19:16,515] {bash_operator.py:126} INFO - Parameter I passed in
[2020-07-31 02:19:16,516] {bash_operator.py:130} INFO - Command exited with return code 0
[2020-07-31 02:19:16,546] {taskinstance.py:1048} INFO - Marking task as SUCCESS.dag_id=tutorial, task_id=templated, execution_date=20200731T021800, start_date=20200731T021916, end_date=20200731T021916
[2020-07-31 02:19:26,156] {logging_mixin.py:112} INFO - [2020-07-31 02:19:26,155] {local_task_job.py:103} INFO - Task exited with return code 0
