[2020-07-31 01:48:14,233] {taskinstance.py:655} INFO - Dependencies all met for <TaskInstance: tutorial.templated 2020-07-31T01:47:00+00:00 [queued]>
[2020-07-31 01:48:14,278] {taskinstance.py:655} INFO - Dependencies all met for <TaskInstance: tutorial.templated 2020-07-31T01:47:00+00:00 [queued]>
[2020-07-31 01:48:14,278] {taskinstance.py:866} INFO - 
--------------------------------------------------------------------------------
[2020-07-31 01:48:14,278] {taskinstance.py:867} INFO - Starting attempt 1 of 2
[2020-07-31 01:48:14,279] {taskinstance.py:868} INFO - 
--------------------------------------------------------------------------------
[2020-07-31 01:48:14,316] {taskinstance.py:887} INFO - Executing <Task(BashOperator): templated> on 2020-07-31T01:47:00+00:00
[2020-07-31 01:48:14,329] {standard_task_runner.py:53} INFO - Started process 5395 to run task
[2020-07-31 01:48:14,459] {logging_mixin.py:112} INFO - Running %s on host %s <TaskInstance: tutorial.templated 2020-07-31T01:47:00+00:00 [running]> 02f6ef7ded4c
[2020-07-31 01:48:14,523] {bash_operator.py:82} INFO - Tmp dir root location: 
 /tmp
[2020-07-31 01:48:14,525] {bash_operator.py:105} INFO - Temporary script location: /tmp/airflowtmpx5ukc71w/templatedbny1vruk
[2020-07-31 01:48:14,525] {bash_operator.py:115} INFO - Running command: 

    echo "2020-07-31"
    echo "2020-08-07"
    echo "Parameter I passed in"

    echo "2020-07-31"
    echo "2020-08-07"
    echo "Parameter I passed in"

    echo "2020-07-31"
    echo "2020-08-07"
    echo "Parameter I passed in"

    echo "2020-07-31"
    echo "2020-08-07"
    echo "Parameter I passed in"

    echo "2020-07-31"
    echo "2020-08-07"
    echo "Parameter I passed in"

[2020-07-31 01:48:14,543] {bash_operator.py:122} INFO - Output:
[2020-07-31 01:48:14,546] {bash_operator.py:126} INFO - 2020-07-31
[2020-07-31 01:48:14,547] {bash_operator.py:126} INFO - 2020-08-07
[2020-07-31 01:48:14,547] {bash_operator.py:126} INFO - Parameter I passed in
[2020-07-31 01:48:14,547] {bash_operator.py:126} INFO - 2020-07-31
[2020-07-31 01:48:14,547] {bash_operator.py:126} INFO - 2020-08-07
[2020-07-31 01:48:14,547] {bash_operator.py:126} INFO - Parameter I passed in
[2020-07-31 01:48:14,547] {bash_operator.py:126} INFO - 2020-07-31
[2020-07-31 01:48:14,547] {bash_operator.py:126} INFO - 2020-08-07
[2020-07-31 01:48:14,548] {bash_operator.py:126} INFO - Parameter I passed in
[2020-07-31 01:48:14,548] {bash_operator.py:126} INFO - 2020-07-31
[2020-07-31 01:48:14,548] {bash_operator.py:126} INFO - 2020-08-07
[2020-07-31 01:48:14,548] {bash_operator.py:126} INFO - Parameter I passed in
[2020-07-31 01:48:14,548] {bash_operator.py:126} INFO - 2020-07-31
[2020-07-31 01:48:14,548] {bash_operator.py:126} INFO - 2020-08-07
[2020-07-31 01:48:14,548] {bash_operator.py:126} INFO - Parameter I passed in
[2020-07-31 01:48:14,549] {bash_operator.py:130} INFO - Command exited with return code 0
[2020-07-31 01:48:14,581] {taskinstance.py:1048} INFO - Marking task as SUCCESS.dag_id=tutorial, task_id=templated, execution_date=20200731T014700, start_date=20200731T014814, end_date=20200731T014814
[2020-07-31 01:48:24,181] {logging_mixin.py:112} INFO - [2020-07-31 01:48:24,180] {local_task_job.py:103} INFO - Task exited with return code 0
