[2020-07-31 04:56:15,247] {taskinstance.py:655} INFO - Dependencies all met for <TaskInstance: tutorial.templated 2020-07-31T04:55:00+00:00 [queued]>
[2020-07-31 04:56:15,301] {taskinstance.py:655} INFO - Dependencies all met for <TaskInstance: tutorial.templated 2020-07-31T04:55:00+00:00 [queued]>
[2020-07-31 04:56:15,301] {taskinstance.py:866} INFO - 
--------------------------------------------------------------------------------
[2020-07-31 04:56:15,301] {taskinstance.py:867} INFO - Starting attempt 1 of 2
[2020-07-31 04:56:15,301] {taskinstance.py:868} INFO - 
--------------------------------------------------------------------------------
[2020-07-31 04:56:15,334] {taskinstance.py:887} INFO - Executing <Task(BashOperator): templated> on 2020-07-31T04:55:00+00:00
[2020-07-31 04:56:15,343] {standard_task_runner.py:53} INFO - Started process 4198 to run task
[2020-07-31 04:56:15,477] {logging_mixin.py:112} INFO - Running %s on host %s <TaskInstance: tutorial.templated 2020-07-31T04:55:00+00:00 [running]> 02f6ef7ded4c
[2020-07-31 04:56:15,544] {bash_operator.py:82} INFO - Tmp dir root location: 
 /tmp
[2020-07-31 04:56:15,545] {bash_operator.py:105} INFO - Temporary script location: /tmp/airflowtmpfwmysl_z/templatedpgatczj9
[2020-07-31 04:56:15,545] {bash_operator.py:115} INFO - Running command: 

    echo "2020-07-31"
    echo "2020-08-07"
    echo "Parameter I passed in"

    echo "2020-07-31"
    echo "2020-08-07"
    echo "Parameter I passed in"

    echo "2020-07-31"
    echo "2020-08-07"
    echo "Parameter I passed in"

    echo "2020-07-31"
    echo "2020-08-07"
    echo "Parameter I passed in"

    echo "2020-07-31"
    echo "2020-08-07"
    echo "Parameter I passed in"

[2020-07-31 04:56:15,561] {bash_operator.py:122} INFO - Output:
[2020-07-31 04:56:15,562] {bash_operator.py:126} INFO - 2020-07-31
[2020-07-31 04:56:15,563] {bash_operator.py:126} INFO - 2020-08-07
[2020-07-31 04:56:15,563] {bash_operator.py:126} INFO - Parameter I passed in
[2020-07-31 04:56:15,563] {bash_operator.py:126} INFO - 2020-07-31
[2020-07-31 04:56:15,563] {bash_operator.py:126} INFO - 2020-08-07
[2020-07-31 04:56:15,563] {bash_operator.py:126} INFO - Parameter I passed in
[2020-07-31 04:56:15,563] {bash_operator.py:126} INFO - 2020-07-31
[2020-07-31 04:56:15,563] {bash_operator.py:126} INFO - 2020-08-07
[2020-07-31 04:56:15,563] {bash_operator.py:126} INFO - Parameter I passed in
[2020-07-31 04:56:15,563] {bash_operator.py:126} INFO - 2020-07-31
[2020-07-31 04:56:15,563] {bash_operator.py:126} INFO - 2020-08-07
[2020-07-31 04:56:15,563] {bash_operator.py:126} INFO - Parameter I passed in
[2020-07-31 04:56:15,564] {bash_operator.py:126} INFO - 2020-07-31
[2020-07-31 04:56:15,564] {bash_operator.py:126} INFO - 2020-08-07
[2020-07-31 04:56:15,564] {bash_operator.py:126} INFO - Parameter I passed in
[2020-07-31 04:56:15,564] {bash_operator.py:130} INFO - Command exited with return code 0
[2020-07-31 04:56:15,592] {taskinstance.py:1048} INFO - Marking task as SUCCESS.dag_id=tutorial, task_id=templated, execution_date=20200731T045500, start_date=20200731T045615, end_date=20200731T045615
[2020-07-31 04:56:25,191] {logging_mixin.py:112} INFO - [2020-07-31 04:56:25,190] {local_task_job.py:103} INFO - Task exited with return code 0
