[2020-07-31 01:47:16,144] {taskinstance.py:655} INFO - Dependencies all met for <TaskInstance: tutorial.templated 2020-07-31T01:46:00+00:00 [queued]>
[2020-07-31 01:47:16,194] {taskinstance.py:655} INFO - Dependencies all met for <TaskInstance: tutorial.templated 2020-07-31T01:46:00+00:00 [queued]>
[2020-07-31 01:47:16,195] {taskinstance.py:866} INFO - 
--------------------------------------------------------------------------------
[2020-07-31 01:47:16,195] {taskinstance.py:867} INFO - Starting attempt 1 of 2
[2020-07-31 01:47:16,195] {taskinstance.py:868} INFO - 
--------------------------------------------------------------------------------
[2020-07-31 01:47:16,210] {taskinstance.py:887} INFO - Executing <Task(BashOperator): templated> on 2020-07-31T01:46:00+00:00
[2020-07-31 01:47:16,219] {standard_task_runner.py:53} INFO - Started process 4727 to run task
[2020-07-31 01:47:16,354] {logging_mixin.py:112} INFO - Running %s on host %s <TaskInstance: tutorial.templated 2020-07-31T01:46:00+00:00 [running]> 02f6ef7ded4c
[2020-07-31 01:47:16,415] {bash_operator.py:82} INFO - Tmp dir root location: 
 /tmp
[2020-07-31 01:47:16,417] {bash_operator.py:105} INFO - Temporary script location: /tmp/airflowtmpcnrjd3ki/templated5_zy_bfk
[2020-07-31 01:47:16,417] {bash_operator.py:115} INFO - Running command: 

    echo "2020-07-31"
    echo "2020-08-07"
    echo "Parameter I passed in"

    echo "2020-07-31"
    echo "2020-08-07"
    echo "Parameter I passed in"

    echo "2020-07-31"
    echo "2020-08-07"
    echo "Parameter I passed in"

    echo "2020-07-31"
    echo "2020-08-07"
    echo "Parameter I passed in"

    echo "2020-07-31"
    echo "2020-08-07"
    echo "Parameter I passed in"

[2020-07-31 01:47:16,434] {bash_operator.py:122} INFO - Output:
[2020-07-31 01:47:16,437] {bash_operator.py:126} INFO - 2020-07-31
[2020-07-31 01:47:16,437] {bash_operator.py:126} INFO - 2020-08-07
[2020-07-31 01:47:16,437] {bash_operator.py:126} INFO - Parameter I passed in
[2020-07-31 01:47:16,437] {bash_operator.py:126} INFO - 2020-07-31
[2020-07-31 01:47:16,437] {bash_operator.py:126} INFO - 2020-08-07
[2020-07-31 01:47:16,437] {bash_operator.py:126} INFO - Parameter I passed in
[2020-07-31 01:47:16,437] {bash_operator.py:126} INFO - 2020-07-31
[2020-07-31 01:47:16,438] {bash_operator.py:126} INFO - 2020-08-07
[2020-07-31 01:47:16,438] {bash_operator.py:126} INFO - Parameter I passed in
[2020-07-31 01:47:16,438] {bash_operator.py:126} INFO - 2020-07-31
[2020-07-31 01:47:16,438] {bash_operator.py:126} INFO - 2020-08-07
[2020-07-31 01:47:16,438] {bash_operator.py:126} INFO - Parameter I passed in
[2020-07-31 01:47:16,438] {bash_operator.py:126} INFO - 2020-07-31
[2020-07-31 01:47:16,438] {bash_operator.py:126} INFO - 2020-08-07
[2020-07-31 01:47:16,438] {bash_operator.py:126} INFO - Parameter I passed in
[2020-07-31 01:47:16,439] {bash_operator.py:130} INFO - Command exited with return code 0
[2020-07-31 01:47:16,470] {taskinstance.py:1048} INFO - Marking task as SUCCESS.dag_id=tutorial, task_id=templated, execution_date=20200731T014600, start_date=20200731T014716, end_date=20200731T014716
[2020-07-31 01:47:26,104] {logging_mixin.py:112} INFO - [2020-07-31 01:47:26,103] {local_task_job.py:103} INFO - Task exited with return code 0
