[2020-07-31 02:54:12,760] {taskinstance.py:655} INFO - Dependencies all met for <TaskInstance: tutorial.templated 2020-07-31T02:53:00+00:00 [queued]>
[2020-07-31 02:54:12,810] {taskinstance.py:655} INFO - Dependencies all met for <TaskInstance: tutorial.templated 2020-07-31T02:53:00+00:00 [queued]>
[2020-07-31 02:54:12,810] {taskinstance.py:866} INFO - 
--------------------------------------------------------------------------------
[2020-07-31 02:54:12,810] {taskinstance.py:867} INFO - Starting attempt 1 of 2
[2020-07-31 02:54:12,811] {taskinstance.py:868} INFO - 
--------------------------------------------------------------------------------
[2020-07-31 02:54:12,841] {taskinstance.py:887} INFO - Executing <Task(BashOperator): templated> on 2020-07-31T02:53:00+00:00
[2020-07-31 02:54:12,848] {standard_task_runner.py:53} INFO - Started process 18073 to run task
[2020-07-31 02:54:12,973] {logging_mixin.py:112} INFO - Running %s on host %s <TaskInstance: tutorial.templated 2020-07-31T02:53:00+00:00 [running]> 02f6ef7ded4c
[2020-07-31 02:54:13,041] {bash_operator.py:82} INFO - Tmp dir root location: 
 /tmp
[2020-07-31 02:54:13,042] {bash_operator.py:105} INFO - Temporary script location: /tmp/airflowtmpzfmm0f73/templated0d7xu4g1
[2020-07-31 02:54:13,042] {bash_operator.py:115} INFO - Running command: 

    echo "2020-07-31"
    echo "2020-08-07"
    echo "Parameter I passed in"

    echo "2020-07-31"
    echo "2020-08-07"
    echo "Parameter I passed in"

    echo "2020-07-31"
    echo "2020-08-07"
    echo "Parameter I passed in"

    echo "2020-07-31"
    echo "2020-08-07"
    echo "Parameter I passed in"

    echo "2020-07-31"
    echo "2020-08-07"
    echo "Parameter I passed in"

[2020-07-31 02:54:13,057] {bash_operator.py:122} INFO - Output:
[2020-07-31 02:54:13,059] {bash_operator.py:126} INFO - 2020-07-31
[2020-07-31 02:54:13,060] {bash_operator.py:126} INFO - 2020-08-07
[2020-07-31 02:54:13,060] {bash_operator.py:126} INFO - Parameter I passed in
[2020-07-31 02:54:13,060] {bash_operator.py:126} INFO - 2020-07-31
[2020-07-31 02:54:13,060] {bash_operator.py:126} INFO - 2020-08-07
[2020-07-31 02:54:13,060] {bash_operator.py:126} INFO - Parameter I passed in
[2020-07-31 02:54:13,060] {bash_operator.py:126} INFO - 2020-07-31
[2020-07-31 02:54:13,060] {bash_operator.py:126} INFO - 2020-08-07
[2020-07-31 02:54:13,060] {bash_operator.py:126} INFO - Parameter I passed in
[2020-07-31 02:54:13,061] {bash_operator.py:126} INFO - 2020-07-31
[2020-07-31 02:54:13,061] {bash_operator.py:126} INFO - 2020-08-07
[2020-07-31 02:54:13,061] {bash_operator.py:126} INFO - Parameter I passed in
[2020-07-31 02:54:13,061] {bash_operator.py:126} INFO - 2020-07-31
[2020-07-31 02:54:13,061] {bash_operator.py:126} INFO - 2020-08-07
[2020-07-31 02:54:13,061] {bash_operator.py:126} INFO - Parameter I passed in
[2020-07-31 02:54:13,061] {bash_operator.py:130} INFO - Command exited with return code 0
[2020-07-31 02:54:13,088] {taskinstance.py:1048} INFO - Marking task as SUCCESS.dag_id=tutorial, task_id=templated, execution_date=20200731T025300, start_date=20200731T025412, end_date=20200731T025413
[2020-07-31 02:54:22,710] {logging_mixin.py:112} INFO - [2020-07-31 02:54:22,709] {local_task_job.py:103} INFO - Task exited with return code 0
