[2020-07-31 00:41:15,414] {taskinstance.py:655} INFO - Dependencies all met for <TaskInstance: tutorial.templated 2020-07-31T00:40:00+00:00 [queued]>
[2020-07-31 00:41:15,464] {taskinstance.py:655} INFO - Dependencies all met for <TaskInstance: tutorial.templated 2020-07-31T00:40:00+00:00 [queued]>
[2020-07-31 00:41:15,465] {taskinstance.py:866} INFO - 
--------------------------------------------------------------------------------
[2020-07-31 00:41:15,465] {taskinstance.py:867} INFO - Starting attempt 1 of 2
[2020-07-31 00:41:15,465] {taskinstance.py:868} INFO - 
--------------------------------------------------------------------------------
[2020-07-31 00:41:15,492] {taskinstance.py:887} INFO - Executing <Task(BashOperator): templated> on 2020-07-31T00:40:00+00:00
[2020-07-31 00:41:15,499] {standard_task_runner.py:53} INFO - Started process 24481 to run task
[2020-07-31 00:41:15,626] {logging_mixin.py:112} INFO - Running %s on host %s <TaskInstance: tutorial.templated 2020-07-31T00:40:00+00:00 [running]> 02f6ef7ded4c
[2020-07-31 00:41:15,692] {bash_operator.py:82} INFO - Tmp dir root location: 
 /tmp
[2020-07-31 00:41:15,693] {bash_operator.py:105} INFO - Temporary script location: /tmp/airflowtmpi0_bmc7l/templatedjm8vwun_
[2020-07-31 00:41:15,694] {bash_operator.py:115} INFO - Running command: 

    echo "2020-07-31"
    echo "2020-08-07"
    echo "Parameter I passed in"

    echo "2020-07-31"
    echo "2020-08-07"
    echo "Parameter I passed in"

    echo "2020-07-31"
    echo "2020-08-07"
    echo "Parameter I passed in"

    echo "2020-07-31"
    echo "2020-08-07"
    echo "Parameter I passed in"

    echo "2020-07-31"
    echo "2020-08-07"
    echo "Parameter I passed in"

[2020-07-31 00:41:15,707] {bash_operator.py:122} INFO - Output:
[2020-07-31 00:41:15,709] {bash_operator.py:126} INFO - 2020-07-31
[2020-07-31 00:41:15,709] {bash_operator.py:126} INFO - 2020-08-07
[2020-07-31 00:41:15,709] {bash_operator.py:126} INFO - Parameter I passed in
[2020-07-31 00:41:15,710] {bash_operator.py:126} INFO - 2020-07-31
[2020-07-31 00:41:15,710] {bash_operator.py:126} INFO - 2020-08-07
[2020-07-31 00:41:15,710] {bash_operator.py:126} INFO - Parameter I passed in
[2020-07-31 00:41:15,710] {bash_operator.py:126} INFO - 2020-07-31
[2020-07-31 00:41:15,710] {bash_operator.py:126} INFO - 2020-08-07
[2020-07-31 00:41:15,710] {bash_operator.py:126} INFO - Parameter I passed in
[2020-07-31 00:41:15,710] {bash_operator.py:126} INFO - 2020-07-31
[2020-07-31 00:41:15,710] {bash_operator.py:126} INFO - 2020-08-07
[2020-07-31 00:41:15,710] {bash_operator.py:126} INFO - Parameter I passed in
[2020-07-31 00:41:15,710] {bash_operator.py:126} INFO - 2020-07-31
[2020-07-31 00:41:15,710] {bash_operator.py:126} INFO - 2020-08-07
[2020-07-31 00:41:15,710] {bash_operator.py:126} INFO - Parameter I passed in
[2020-07-31 00:41:15,711] {bash_operator.py:130} INFO - Command exited with return code 0
[2020-07-31 00:41:15,734] {taskinstance.py:1048} INFO - Marking task as SUCCESS.dag_id=tutorial, task_id=templated, execution_date=20200731T004000, start_date=20200731T004115, end_date=20200731T004115
[2020-07-31 00:41:25,367] {logging_mixin.py:112} INFO - [2020-07-31 00:41:25,366] {local_task_job.py:103} INFO - Task exited with return code 0
