[2020-07-30 22:55:16,083] {taskinstance.py:655} INFO - Dependencies all met for <TaskInstance: tutorial.templated 2020-07-30T22:54:00+00:00 [queued]>
[2020-07-30 22:55:16,129] {taskinstance.py:655} INFO - Dependencies all met for <TaskInstance: tutorial.templated 2020-07-30T22:54:00+00:00 [queued]>
[2020-07-30 22:55:16,129] {taskinstance.py:866} INFO - 
--------------------------------------------------------------------------------
[2020-07-30 22:55:16,129] {taskinstance.py:867} INFO - Starting attempt 1 of 2
[2020-07-30 22:55:16,130] {taskinstance.py:868} INFO - 
--------------------------------------------------------------------------------
[2020-07-30 22:55:16,158] {taskinstance.py:887} INFO - Executing <Task(BashOperator): templated> on 2020-07-30T22:54:00+00:00
[2020-07-30 22:55:16,164] {standard_task_runner.py:53} INFO - Started process 16857 to run task
[2020-07-30 22:55:16,293] {logging_mixin.py:112} INFO - Running %s on host %s <TaskInstance: tutorial.templated 2020-07-30T22:54:00+00:00 [running]> 02f6ef7ded4c
[2020-07-30 22:55:16,345] {bash_operator.py:82} INFO - Tmp dir root location: 
 /tmp
[2020-07-30 22:55:16,346] {bash_operator.py:105} INFO - Temporary script location: /tmp/airflowtmp8jtwhxe_/templatedwo_kwwiw
[2020-07-30 22:55:16,346] {bash_operator.py:115} INFO - Running command: 

    echo "2020-07-30"
    echo "2020-08-06"
    echo "Parameter I passed in"

    echo "2020-07-30"
    echo "2020-08-06"
    echo "Parameter I passed in"

    echo "2020-07-30"
    echo "2020-08-06"
    echo "Parameter I passed in"

    echo "2020-07-30"
    echo "2020-08-06"
    echo "Parameter I passed in"

    echo "2020-07-30"
    echo "2020-08-06"
    echo "Parameter I passed in"

[2020-07-30 22:55:16,363] {bash_operator.py:122} INFO - Output:
[2020-07-30 22:55:16,367] {bash_operator.py:126} INFO - 2020-07-30
[2020-07-30 22:55:16,367] {bash_operator.py:126} INFO - 2020-08-06
[2020-07-30 22:55:16,367] {bash_operator.py:126} INFO - Parameter I passed in
[2020-07-30 22:55:16,367] {bash_operator.py:126} INFO - 2020-07-30
[2020-07-30 22:55:16,367] {bash_operator.py:126} INFO - 2020-08-06
[2020-07-30 22:55:16,368] {bash_operator.py:126} INFO - Parameter I passed in
[2020-07-30 22:55:16,368] {bash_operator.py:126} INFO - 2020-07-30
[2020-07-30 22:55:16,368] {bash_operator.py:126} INFO - 2020-08-06
[2020-07-30 22:55:16,368] {bash_operator.py:126} INFO - Parameter I passed in
[2020-07-30 22:55:16,368] {bash_operator.py:126} INFO - 2020-07-30
[2020-07-30 22:55:16,368] {bash_operator.py:126} INFO - 2020-08-06
[2020-07-30 22:55:16,368] {bash_operator.py:126} INFO - Parameter I passed in
[2020-07-30 22:55:16,368] {bash_operator.py:126} INFO - 2020-07-30
[2020-07-30 22:55:16,369] {bash_operator.py:126} INFO - 2020-08-06
[2020-07-30 22:55:16,369] {bash_operator.py:126} INFO - Parameter I passed in
[2020-07-30 22:55:16,369] {bash_operator.py:130} INFO - Command exited with return code 0
[2020-07-30 22:55:16,398] {taskinstance.py:1048} INFO - Marking task as SUCCESS.dag_id=tutorial, task_id=templated, execution_date=20200730T225400, start_date=20200730T225516, end_date=20200730T225516
[2020-07-30 22:55:26,044] {logging_mixin.py:112} INFO - [2020-07-30 22:55:26,042] {local_task_job.py:103} INFO - Task exited with return code 0
