[2020-07-31 04:32:13,656] {taskinstance.py:655} INFO - Dependencies all met for <TaskInstance: tutorial.templated 2020-07-31T04:31:00+00:00 [queued]>
[2020-07-31 04:32:13,700] {taskinstance.py:655} INFO - Dependencies all met for <TaskInstance: tutorial.templated 2020-07-31T04:31:00+00:00 [queued]>
[2020-07-31 04:32:13,700] {taskinstance.py:866} INFO - 
--------------------------------------------------------------------------------
[2020-07-31 04:32:13,700] {taskinstance.py:867} INFO - Starting attempt 1 of 2
[2020-07-31 04:32:13,700] {taskinstance.py:868} INFO - 
--------------------------------------------------------------------------------
[2020-07-31 04:32:13,732] {taskinstance.py:887} INFO - Executing <Task(BashOperator): templated> on 2020-07-31T04:31:00+00:00
[2020-07-31 04:32:13,738] {standard_task_runner.py:53} INFO - Started process 20223 to run task
[2020-07-31 04:32:13,873] {logging_mixin.py:112} INFO - Running %s on host %s <TaskInstance: tutorial.templated 2020-07-31T04:31:00+00:00 [running]> 02f6ef7ded4c
[2020-07-31 04:32:13,936] {bash_operator.py:82} INFO - Tmp dir root location: 
 /tmp
[2020-07-31 04:32:13,938] {bash_operator.py:105} INFO - Temporary script location: /tmp/airflowtmp3luiknr6/templatedi8ym4a8q
[2020-07-31 04:32:13,938] {bash_operator.py:115} INFO - Running command: 

    echo "2020-07-31"
    echo "2020-08-07"
    echo "Parameter I passed in"

    echo "2020-07-31"
    echo "2020-08-07"
    echo "Parameter I passed in"

    echo "2020-07-31"
    echo "2020-08-07"
    echo "Parameter I passed in"

    echo "2020-07-31"
    echo "2020-08-07"
    echo "Parameter I passed in"

    echo "2020-07-31"
    echo "2020-08-07"
    echo "Parameter I passed in"

[2020-07-31 04:32:13,955] {bash_operator.py:122} INFO - Output:
[2020-07-31 04:32:13,958] {bash_operator.py:126} INFO - 2020-07-31
[2020-07-31 04:32:13,959] {bash_operator.py:126} INFO - 2020-08-07
[2020-07-31 04:32:13,959] {bash_operator.py:126} INFO - Parameter I passed in
[2020-07-31 04:32:13,959] {bash_operator.py:126} INFO - 2020-07-31
[2020-07-31 04:32:13,959] {bash_operator.py:126} INFO - 2020-08-07
[2020-07-31 04:32:13,959] {bash_operator.py:126} INFO - Parameter I passed in
[2020-07-31 04:32:13,959] {bash_operator.py:126} INFO - 2020-07-31
[2020-07-31 04:32:13,959] {bash_operator.py:126} INFO - 2020-08-07
[2020-07-31 04:32:13,959] {bash_operator.py:126} INFO - Parameter I passed in
[2020-07-31 04:32:13,959] {bash_operator.py:126} INFO - 2020-07-31
[2020-07-31 04:32:13,959] {bash_operator.py:126} INFO - 2020-08-07
[2020-07-31 04:32:13,959] {bash_operator.py:126} INFO - Parameter I passed in
[2020-07-31 04:32:13,959] {bash_operator.py:126} INFO - 2020-07-31
[2020-07-31 04:32:13,959] {bash_operator.py:126} INFO - 2020-08-07
[2020-07-31 04:32:13,959] {bash_operator.py:126} INFO - Parameter I passed in
[2020-07-31 04:32:13,959] {bash_operator.py:130} INFO - Command exited with return code 0
[2020-07-31 04:32:13,986] {taskinstance.py:1048} INFO - Marking task as SUCCESS.dag_id=tutorial, task_id=templated, execution_date=20200731T043100, start_date=20200731T043213, end_date=20200731T043213
[2020-07-31 04:32:23,607] {logging_mixin.py:112} INFO - [2020-07-31 04:32:23,606] {local_task_job.py:103} INFO - Task exited with return code 0
