[2020-07-31 05:34:14,206] {taskinstance.py:655} INFO - Dependencies all met for <TaskInstance: tutorial.templated 2020-07-31T05:33:00+00:00 [queued]>
[2020-07-31 05:34:14,277] {taskinstance.py:655} INFO - Dependencies all met for <TaskInstance: tutorial.templated 2020-07-31T05:33:00+00:00 [queued]>
[2020-07-31 05:34:14,277] {taskinstance.py:866} INFO - 
--------------------------------------------------------------------------------
[2020-07-31 05:34:14,277] {taskinstance.py:867} INFO - Starting attempt 1 of 2
[2020-07-31 05:34:14,278] {taskinstance.py:868} INFO - 
--------------------------------------------------------------------------------
[2020-07-31 05:34:14,308] {taskinstance.py:887} INFO - Executing <Task(BashOperator): templated> on 2020-07-31T05:33:00+00:00
[2020-07-31 05:34:14,316] {standard_task_runner.py:53} INFO - Started process 952 to run task
[2020-07-31 05:34:14,463] {logging_mixin.py:112} INFO - Running %s on host %s <TaskInstance: tutorial.templated 2020-07-31T05:33:00+00:00 [running]> 02f6ef7ded4c
[2020-07-31 05:34:14,524] {bash_operator.py:82} INFO - Tmp dir root location: 
 /tmp
[2020-07-31 05:34:14,526] {bash_operator.py:105} INFO - Temporary script location: /tmp/airflowtmpeh0gvhdx/templatedlom9m60j
[2020-07-31 05:34:14,526] {bash_operator.py:115} INFO - Running command: 

    echo "2020-07-31"
    echo "2020-08-07"
    echo "Parameter I passed in"

    echo "2020-07-31"
    echo "2020-08-07"
    echo "Parameter I passed in"

    echo "2020-07-31"
    echo "2020-08-07"
    echo "Parameter I passed in"

    echo "2020-07-31"
    echo "2020-08-07"
    echo "Parameter I passed in"

    echo "2020-07-31"
    echo "2020-08-07"
    echo "Parameter I passed in"

[2020-07-31 05:34:14,542] {bash_operator.py:122} INFO - Output:
[2020-07-31 05:34:14,544] {bash_operator.py:126} INFO - 2020-07-31
[2020-07-31 05:34:14,545] {bash_operator.py:126} INFO - 2020-08-07
[2020-07-31 05:34:14,545] {bash_operator.py:126} INFO - Parameter I passed in
[2020-07-31 05:34:14,545] {bash_operator.py:126} INFO - 2020-07-31
[2020-07-31 05:34:14,545] {bash_operator.py:126} INFO - 2020-08-07
[2020-07-31 05:34:14,546] {bash_operator.py:126} INFO - Parameter I passed in
[2020-07-31 05:34:14,546] {bash_operator.py:126} INFO - 2020-07-31
[2020-07-31 05:34:14,546] {bash_operator.py:126} INFO - 2020-08-07
[2020-07-31 05:34:14,546] {bash_operator.py:126} INFO - Parameter I passed in
[2020-07-31 05:34:14,546] {bash_operator.py:126} INFO - 2020-07-31
[2020-07-31 05:34:14,546] {bash_operator.py:126} INFO - 2020-08-07
[2020-07-31 05:34:14,546] {bash_operator.py:126} INFO - Parameter I passed in
[2020-07-31 05:34:14,547] {bash_operator.py:126} INFO - 2020-07-31
[2020-07-31 05:34:14,547] {bash_operator.py:126} INFO - 2020-08-07
[2020-07-31 05:34:14,547] {bash_operator.py:126} INFO - Parameter I passed in
[2020-07-31 05:34:14,547] {bash_operator.py:130} INFO - Command exited with return code 0
[2020-07-31 05:34:14,575] {taskinstance.py:1048} INFO - Marking task as SUCCESS.dag_id=tutorial, task_id=templated, execution_date=20200731T053300, start_date=20200731T053414, end_date=20200731T053414
[2020-07-31 05:34:24,149] {logging_mixin.py:112} INFO - [2020-07-31 05:34:24,148] {local_task_job.py:103} INFO - Task exited with return code 0
