[2020-07-30 16:42:15,476] {taskinstance.py:655} INFO - Dependencies all met for <TaskInstance: tutorial.templated 2020-07-30T16:41:00+00:00 [queued]>
[2020-07-30 16:42:15,532] {taskinstance.py:655} INFO - Dependencies all met for <TaskInstance: tutorial.templated 2020-07-30T16:41:00+00:00 [queued]>
[2020-07-30 16:42:15,533] {taskinstance.py:866} INFO - 
--------------------------------------------------------------------------------
[2020-07-30 16:42:15,533] {taskinstance.py:867} INFO - Starting attempt 1 of 2
[2020-07-30 16:42:15,533] {taskinstance.py:868} INFO - 
--------------------------------------------------------------------------------
[2020-07-30 16:42:15,549] {taskinstance.py:887} INFO - Executing <Task(BashOperator): templated> on 2020-07-30T16:41:00+00:00
[2020-07-30 16:42:15,555] {standard_task_runner.py:53} INFO - Started process 21218 to run task
[2020-07-30 16:42:15,662] {logging_mixin.py:112} INFO - Running %s on host %s <TaskInstance: tutorial.templated 2020-07-30T16:41:00+00:00 [running]> 02f6ef7ded4c
[2020-07-30 16:42:15,724] {bash_operator.py:82} INFO - Tmp dir root location: 
 /tmp
[2020-07-30 16:42:15,725] {bash_operator.py:105} INFO - Temporary script location: /tmp/airflowtmp4o6t_jdf/templated0ooxfiwn
[2020-07-30 16:42:15,725] {bash_operator.py:115} INFO - Running command: 

    echo "2020-07-30"
    echo "2020-08-06"
    echo "Parameter I passed in"

    echo "2020-07-30"
    echo "2020-08-06"
    echo "Parameter I passed in"

    echo "2020-07-30"
    echo "2020-08-06"
    echo "Parameter I passed in"

    echo "2020-07-30"
    echo "2020-08-06"
    echo "Parameter I passed in"

    echo "2020-07-30"
    echo "2020-08-06"
    echo "Parameter I passed in"

[2020-07-30 16:42:15,738] {bash_operator.py:122} INFO - Output:
[2020-07-30 16:42:15,740] {bash_operator.py:126} INFO - 2020-07-30
[2020-07-30 16:42:15,740] {bash_operator.py:126} INFO - 2020-08-06
[2020-07-30 16:42:15,740] {bash_operator.py:126} INFO - Parameter I passed in
[2020-07-30 16:42:15,740] {bash_operator.py:126} INFO - 2020-07-30
[2020-07-30 16:42:15,740] {bash_operator.py:126} INFO - 2020-08-06
[2020-07-30 16:42:15,741] {bash_operator.py:126} INFO - Parameter I passed in
[2020-07-30 16:42:15,741] {bash_operator.py:126} INFO - 2020-07-30
[2020-07-30 16:42:15,741] {bash_operator.py:126} INFO - 2020-08-06
[2020-07-30 16:42:15,741] {bash_operator.py:126} INFO - Parameter I passed in
[2020-07-30 16:42:15,741] {bash_operator.py:126} INFO - 2020-07-30
[2020-07-30 16:42:15,741] {bash_operator.py:126} INFO - 2020-08-06
[2020-07-30 16:42:15,741] {bash_operator.py:126} INFO - Parameter I passed in
[2020-07-30 16:42:15,741] {bash_operator.py:126} INFO - 2020-07-30
[2020-07-30 16:42:15,741] {bash_operator.py:126} INFO - 2020-08-06
[2020-07-30 16:42:15,742] {bash_operator.py:126} INFO - Parameter I passed in
[2020-07-30 16:42:15,742] {bash_operator.py:130} INFO - Command exited with return code 0
[2020-07-30 16:42:15,769] {taskinstance.py:1048} INFO - Marking task as SUCCESS.dag_id=tutorial, task_id=templated, execution_date=20200730T164100, start_date=20200730T164215, end_date=20200730T164215
[2020-07-30 16:42:25,443] {logging_mixin.py:112} INFO - [2020-07-30 16:42:25,442] {local_task_job.py:103} INFO - Task exited with return code 0
