[2020-07-30 17:52:12,806] {taskinstance.py:655} INFO - Dependencies all met for <TaskInstance: tutorial.templated 2020-07-30T17:51:00+00:00 [queued]>
[2020-07-30 17:52:12,853] {taskinstance.py:655} INFO - Dependencies all met for <TaskInstance: tutorial.templated 2020-07-30T17:51:00+00:00 [queued]>
[2020-07-30 17:52:12,854] {taskinstance.py:866} INFO - 
--------------------------------------------------------------------------------
[2020-07-30 17:52:12,854] {taskinstance.py:867} INFO - Starting attempt 1 of 2
[2020-07-30 17:52:12,854] {taskinstance.py:868} INFO - 
--------------------------------------------------------------------------------
[2020-07-30 17:52:12,881] {taskinstance.py:887} INFO - Executing <Task(BashOperator): templated> on 2020-07-30T17:51:00+00:00
[2020-07-30 17:52:12,887] {standard_task_runner.py:53} INFO - Started process 4194 to run task
[2020-07-30 17:52:13,013] {logging_mixin.py:112} INFO - Running %s on host %s <TaskInstance: tutorial.templated 2020-07-30T17:51:00+00:00 [running]> 02f6ef7ded4c
[2020-07-30 17:52:13,089] {bash_operator.py:82} INFO - Tmp dir root location: 
 /tmp
[2020-07-30 17:52:13,090] {bash_operator.py:105} INFO - Temporary script location: /tmp/airflowtmpjc0u82m3/templated7d7r3zz4
[2020-07-30 17:52:13,091] {bash_operator.py:115} INFO - Running command: 

    echo "2020-07-30"
    echo "2020-08-06"
    echo "Parameter I passed in"

    echo "2020-07-30"
    echo "2020-08-06"
    echo "Parameter I passed in"

    echo "2020-07-30"
    echo "2020-08-06"
    echo "Parameter I passed in"

    echo "2020-07-30"
    echo "2020-08-06"
    echo "Parameter I passed in"

    echo "2020-07-30"
    echo "2020-08-06"
    echo "Parameter I passed in"

[2020-07-30 17:52:13,106] {bash_operator.py:122} INFO - Output:
[2020-07-30 17:52:13,108] {bash_operator.py:126} INFO - 2020-07-30
[2020-07-30 17:52:13,108] {bash_operator.py:126} INFO - 2020-08-06
[2020-07-30 17:52:13,109] {bash_operator.py:126} INFO - Parameter I passed in
[2020-07-30 17:52:13,109] {bash_operator.py:126} INFO - 2020-07-30
[2020-07-30 17:52:13,109] {bash_operator.py:126} INFO - 2020-08-06
[2020-07-30 17:52:13,109] {bash_operator.py:126} INFO - Parameter I passed in
[2020-07-30 17:52:13,109] {bash_operator.py:126} INFO - 2020-07-30
[2020-07-30 17:52:13,109] {bash_operator.py:126} INFO - 2020-08-06
[2020-07-30 17:52:13,109] {bash_operator.py:126} INFO - Parameter I passed in
[2020-07-30 17:52:13,109] {bash_operator.py:126} INFO - 2020-07-30
[2020-07-30 17:52:13,109] {bash_operator.py:126} INFO - 2020-08-06
[2020-07-30 17:52:13,109] {bash_operator.py:126} INFO - Parameter I passed in
[2020-07-30 17:52:13,109] {bash_operator.py:126} INFO - 2020-07-30
[2020-07-30 17:52:13,109] {bash_operator.py:126} INFO - 2020-08-06
[2020-07-30 17:52:13,110] {bash_operator.py:126} INFO - Parameter I passed in
[2020-07-30 17:52:13,110] {bash_operator.py:130} INFO - Command exited with return code 0
[2020-07-30 17:52:13,135] {taskinstance.py:1048} INFO - Marking task as SUCCESS.dag_id=tutorial, task_id=templated, execution_date=20200730T175100, start_date=20200730T175212, end_date=20200730T175213
[2020-07-30 17:52:22,747] {logging_mixin.py:112} INFO - [2020-07-30 17:52:22,746] {local_task_job.py:103} INFO - Task exited with return code 0
