[2020-07-30 18:24:17,064] {taskinstance.py:655} INFO - Dependencies all met for <TaskInstance: tutorial.templated 2020-07-30T18:23:00+00:00 [queued]>
[2020-07-30 18:24:17,124] {taskinstance.py:655} INFO - Dependencies all met for <TaskInstance: tutorial.templated 2020-07-30T18:23:00+00:00 [queued]>
[2020-07-30 18:24:17,125] {taskinstance.py:866} INFO - 
--------------------------------------------------------------------------------
[2020-07-30 18:24:17,125] {taskinstance.py:867} INFO - Starting attempt 1 of 2
[2020-07-30 18:24:17,125] {taskinstance.py:868} INFO - 
--------------------------------------------------------------------------------
[2020-07-30 18:24:17,143] {taskinstance.py:887} INFO - Executing <Task(BashOperator): templated> on 2020-07-30T18:23:00+00:00
[2020-07-30 18:24:17,152] {standard_task_runner.py:53} INFO - Started process 26146 to run task
[2020-07-30 18:24:17,282] {logging_mixin.py:112} INFO - Running %s on host %s <TaskInstance: tutorial.templated 2020-07-30T18:23:00+00:00 [running]> 02f6ef7ded4c
[2020-07-30 18:24:17,354] {bash_operator.py:82} INFO - Tmp dir root location: 
 /tmp
[2020-07-30 18:24:17,355] {bash_operator.py:105} INFO - Temporary script location: /tmp/airflowtmpvctzao4k/templated7ftork4h
[2020-07-30 18:24:17,356] {bash_operator.py:115} INFO - Running command: 

    echo "2020-07-30"
    echo "2020-08-06"
    echo "Parameter I passed in"

    echo "2020-07-30"
    echo "2020-08-06"
    echo "Parameter I passed in"

    echo "2020-07-30"
    echo "2020-08-06"
    echo "Parameter I passed in"

    echo "2020-07-30"
    echo "2020-08-06"
    echo "Parameter I passed in"

    echo "2020-07-30"
    echo "2020-08-06"
    echo "Parameter I passed in"

[2020-07-30 18:24:17,372] {bash_operator.py:122} INFO - Output:
[2020-07-30 18:24:17,373] {bash_operator.py:126} INFO - 2020-07-30
[2020-07-30 18:24:17,374] {bash_operator.py:126} INFO - 2020-08-06
[2020-07-30 18:24:17,374] {bash_operator.py:126} INFO - Parameter I passed in
[2020-07-30 18:24:17,374] {bash_operator.py:126} INFO - 2020-07-30
[2020-07-30 18:24:17,374] {bash_operator.py:126} INFO - 2020-08-06
[2020-07-30 18:24:17,374] {bash_operator.py:126} INFO - Parameter I passed in
[2020-07-30 18:24:17,374] {bash_operator.py:126} INFO - 2020-07-30
[2020-07-30 18:24:17,374] {bash_operator.py:126} INFO - 2020-08-06
[2020-07-30 18:24:17,375] {bash_operator.py:126} INFO - Parameter I passed in
[2020-07-30 18:24:17,375] {bash_operator.py:126} INFO - 2020-07-30
[2020-07-30 18:24:17,375] {bash_operator.py:126} INFO - 2020-08-06
[2020-07-30 18:24:17,375] {bash_operator.py:126} INFO - Parameter I passed in
[2020-07-30 18:24:17,375] {bash_operator.py:126} INFO - 2020-07-30
[2020-07-30 18:24:17,375] {bash_operator.py:126} INFO - 2020-08-06
[2020-07-30 18:24:17,375] {bash_operator.py:126} INFO - Parameter I passed in
[2020-07-30 18:24:17,376] {bash_operator.py:130} INFO - Command exited with return code 0
[2020-07-30 18:24:17,405] {taskinstance.py:1048} INFO - Marking task as SUCCESS.dag_id=tutorial, task_id=templated, execution_date=20200730T182300, start_date=20200730T182417, end_date=20200730T182417
[2020-07-30 18:24:27,023] {logging_mixin.py:112} INFO - [2020-07-30 18:24:27,022] {local_task_job.py:103} INFO - Task exited with return code 0
