[2020-07-31 02:58:12,881] {taskinstance.py:655} INFO - Dependencies all met for <TaskInstance: tutorial.templated 2020-07-31T02:57:00+00:00 [queued]>
[2020-07-31 02:58:12,933] {taskinstance.py:655} INFO - Dependencies all met for <TaskInstance: tutorial.templated 2020-07-31T02:57:00+00:00 [queued]>
[2020-07-31 02:58:12,934] {taskinstance.py:866} INFO - 
--------------------------------------------------------------------------------
[2020-07-31 02:58:12,934] {taskinstance.py:867} INFO - Starting attempt 1 of 2
[2020-07-31 02:58:12,934] {taskinstance.py:868} INFO - 
--------------------------------------------------------------------------------
[2020-07-31 02:58:12,965] {taskinstance.py:887} INFO - Executing <Task(BashOperator): templated> on 2020-07-31T02:57:00+00:00
[2020-07-31 02:58:12,975] {standard_task_runner.py:53} INFO - Started process 20808 to run task
[2020-07-31 02:58:13,104] {logging_mixin.py:112} INFO - Running %s on host %s <TaskInstance: tutorial.templated 2020-07-31T02:57:00+00:00 [running]> 02f6ef7ded4c
[2020-07-31 02:58:13,163] {bash_operator.py:82} INFO - Tmp dir root location: 
 /tmp
[2020-07-31 02:58:13,165] {bash_operator.py:105} INFO - Temporary script location: /tmp/airflowtmpk7xmpxj6/templatedw79ui9sy
[2020-07-31 02:58:13,165] {bash_operator.py:115} INFO - Running command: 

    echo "2020-07-31"
    echo "2020-08-07"
    echo "Parameter I passed in"

    echo "2020-07-31"
    echo "2020-08-07"
    echo "Parameter I passed in"

    echo "2020-07-31"
    echo "2020-08-07"
    echo "Parameter I passed in"

    echo "2020-07-31"
    echo "2020-08-07"
    echo "Parameter I passed in"

    echo "2020-07-31"
    echo "2020-08-07"
    echo "Parameter I passed in"

[2020-07-31 02:58:13,180] {bash_operator.py:122} INFO - Output:
[2020-07-31 02:58:13,182] {bash_operator.py:126} INFO - 2020-07-31
[2020-07-31 02:58:13,183] {bash_operator.py:126} INFO - 2020-08-07
[2020-07-31 02:58:13,183] {bash_operator.py:126} INFO - Parameter I passed in
[2020-07-31 02:58:13,183] {bash_operator.py:126} INFO - 2020-07-31
[2020-07-31 02:58:13,183] {bash_operator.py:126} INFO - 2020-08-07
[2020-07-31 02:58:13,183] {bash_operator.py:126} INFO - Parameter I passed in
[2020-07-31 02:58:13,183] {bash_operator.py:126} INFO - 2020-07-31
[2020-07-31 02:58:13,183] {bash_operator.py:126} INFO - 2020-08-07
[2020-07-31 02:58:13,183] {bash_operator.py:126} INFO - Parameter I passed in
[2020-07-31 02:58:13,183] {bash_operator.py:126} INFO - 2020-07-31
[2020-07-31 02:58:13,183] {bash_operator.py:126} INFO - 2020-08-07
[2020-07-31 02:58:13,183] {bash_operator.py:126} INFO - Parameter I passed in
[2020-07-31 02:58:13,183] {bash_operator.py:126} INFO - 2020-07-31
[2020-07-31 02:58:13,184] {bash_operator.py:126} INFO - 2020-08-07
[2020-07-31 02:58:13,184] {bash_operator.py:126} INFO - Parameter I passed in
[2020-07-31 02:58:13,184] {bash_operator.py:130} INFO - Command exited with return code 0
[2020-07-31 02:58:13,219] {taskinstance.py:1048} INFO - Marking task as SUCCESS.dag_id=tutorial, task_id=templated, execution_date=20200731T025700, start_date=20200731T025812, end_date=20200731T025813
[2020-07-31 02:58:22,826] {logging_mixin.py:112} INFO - [2020-07-31 02:58:22,826] {local_task_job.py:103} INFO - Task exited with return code 0
