[2020-07-31 02:41:15,970] {taskinstance.py:655} INFO - Dependencies all met for <TaskInstance: tutorial.templated 2020-07-31T02:40:00+00:00 [queued]>
[2020-07-31 02:41:16,017] {taskinstance.py:655} INFO - Dependencies all met for <TaskInstance: tutorial.templated 2020-07-31T02:40:00+00:00 [queued]>
[2020-07-31 02:41:16,018] {taskinstance.py:866} INFO - 
--------------------------------------------------------------------------------
[2020-07-31 02:41:16,018] {taskinstance.py:867} INFO - Starting attempt 1 of 2
[2020-07-31 02:41:16,018] {taskinstance.py:868} INFO - 
--------------------------------------------------------------------------------
[2020-07-31 02:41:16,044] {taskinstance.py:887} INFO - Executing <Task(BashOperator): templated> on 2020-07-31T02:40:00+00:00
[2020-07-31 02:41:16,052] {standard_task_runner.py:53} INFO - Started process 9203 to run task
[2020-07-31 02:41:16,173] {logging_mixin.py:112} INFO - Running %s on host %s <TaskInstance: tutorial.templated 2020-07-31T02:40:00+00:00 [running]> 02f6ef7ded4c
[2020-07-31 02:41:16,242] {bash_operator.py:82} INFO - Tmp dir root location: 
 /tmp
[2020-07-31 02:41:16,244] {bash_operator.py:105} INFO - Temporary script location: /tmp/airflowtmpktvs1n3v/templateda3ye602q
[2020-07-31 02:41:16,244] {bash_operator.py:115} INFO - Running command: 

    echo "2020-07-31"
    echo "2020-08-07"
    echo "Parameter I passed in"

    echo "2020-07-31"
    echo "2020-08-07"
    echo "Parameter I passed in"

    echo "2020-07-31"
    echo "2020-08-07"
    echo "Parameter I passed in"

    echo "2020-07-31"
    echo "2020-08-07"
    echo "Parameter I passed in"

    echo "2020-07-31"
    echo "2020-08-07"
    echo "Parameter I passed in"

[2020-07-31 02:41:16,259] {bash_operator.py:122} INFO - Output:
[2020-07-31 02:41:16,261] {bash_operator.py:126} INFO - 2020-07-31
[2020-07-31 02:41:16,261] {bash_operator.py:126} INFO - 2020-08-07
[2020-07-31 02:41:16,261] {bash_operator.py:126} INFO - Parameter I passed in
[2020-07-31 02:41:16,261] {bash_operator.py:126} INFO - 2020-07-31
[2020-07-31 02:41:16,262] {bash_operator.py:126} INFO - 2020-08-07
[2020-07-31 02:41:16,262] {bash_operator.py:126} INFO - Parameter I passed in
[2020-07-31 02:41:16,262] {bash_operator.py:126} INFO - 2020-07-31
[2020-07-31 02:41:16,262] {bash_operator.py:126} INFO - 2020-08-07
[2020-07-31 02:41:16,262] {bash_operator.py:126} INFO - Parameter I passed in
[2020-07-31 02:41:16,262] {bash_operator.py:126} INFO - 2020-07-31
[2020-07-31 02:41:16,262] {bash_operator.py:126} INFO - 2020-08-07
[2020-07-31 02:41:16,262] {bash_operator.py:126} INFO - Parameter I passed in
[2020-07-31 02:41:16,262] {bash_operator.py:126} INFO - 2020-07-31
[2020-07-31 02:41:16,262] {bash_operator.py:126} INFO - 2020-08-07
[2020-07-31 02:41:16,262] {bash_operator.py:126} INFO - Parameter I passed in
[2020-07-31 02:41:16,262] {bash_operator.py:130} INFO - Command exited with return code 0
[2020-07-31 02:41:16,286] {taskinstance.py:1048} INFO - Marking task as SUCCESS.dag_id=tutorial, task_id=templated, execution_date=20200731T024000, start_date=20200731T024115, end_date=20200731T024116
[2020-07-31 02:41:25,913] {logging_mixin.py:112} INFO - [2020-07-31 02:41:25,912] {local_task_job.py:103} INFO - Task exited with return code 0
