[2020-07-31 00:17:13,743] {taskinstance.py:655} INFO - Dependencies all met for <TaskInstance: tutorial.templated 2020-07-31T00:16:00+00:00 [queued]>
[2020-07-31 00:17:13,790] {taskinstance.py:655} INFO - Dependencies all met for <TaskInstance: tutorial.templated 2020-07-31T00:16:00+00:00 [queued]>
[2020-07-31 00:17:13,791] {taskinstance.py:866} INFO - 
--------------------------------------------------------------------------------
[2020-07-31 00:17:13,791] {taskinstance.py:867} INFO - Starting attempt 1 of 2
[2020-07-31 00:17:13,791] {taskinstance.py:868} INFO - 
--------------------------------------------------------------------------------
[2020-07-31 00:17:13,823] {taskinstance.py:887} INFO - Executing <Task(BashOperator): templated> on 2020-07-31T00:16:00+00:00
[2020-07-31 00:17:13,830] {standard_task_runner.py:53} INFO - Started process 8031 to run task
[2020-07-31 00:17:13,973] {logging_mixin.py:112} INFO - Running %s on host %s <TaskInstance: tutorial.templated 2020-07-31T00:16:00+00:00 [running]> 02f6ef7ded4c
[2020-07-31 00:17:14,032] {bash_operator.py:82} INFO - Tmp dir root location: 
 /tmp
[2020-07-31 00:17:14,034] {bash_operator.py:105} INFO - Temporary script location: /tmp/airflowtmp7g1c52nk/templatedlagqt8jl
[2020-07-31 00:17:14,034] {bash_operator.py:115} INFO - Running command: 

    echo "2020-07-31"
    echo "2020-08-07"
    echo "Parameter I passed in"

    echo "2020-07-31"
    echo "2020-08-07"
    echo "Parameter I passed in"

    echo "2020-07-31"
    echo "2020-08-07"
    echo "Parameter I passed in"

    echo "2020-07-31"
    echo "2020-08-07"
    echo "Parameter I passed in"

    echo "2020-07-31"
    echo "2020-08-07"
    echo "Parameter I passed in"

[2020-07-31 00:17:14,053] {bash_operator.py:122} INFO - Output:
[2020-07-31 00:17:14,057] {bash_operator.py:126} INFO - 2020-07-31
[2020-07-31 00:17:14,058] {bash_operator.py:126} INFO - 2020-08-07
[2020-07-31 00:17:14,058] {bash_operator.py:126} INFO - Parameter I passed in
[2020-07-31 00:17:14,058] {bash_operator.py:126} INFO - 2020-07-31
[2020-07-31 00:17:14,058] {bash_operator.py:126} INFO - 2020-08-07
[2020-07-31 00:17:14,058] {bash_operator.py:126} INFO - Parameter I passed in
[2020-07-31 00:17:14,058] {bash_operator.py:126} INFO - 2020-07-31
[2020-07-31 00:17:14,058] {bash_operator.py:126} INFO - 2020-08-07
[2020-07-31 00:17:14,058] {bash_operator.py:126} INFO - Parameter I passed in
[2020-07-31 00:17:14,058] {bash_operator.py:126} INFO - 2020-07-31
[2020-07-31 00:17:14,058] {bash_operator.py:126} INFO - 2020-08-07
[2020-07-31 00:17:14,058] {bash_operator.py:126} INFO - Parameter I passed in
[2020-07-31 00:17:14,058] {bash_operator.py:126} INFO - 2020-07-31
[2020-07-31 00:17:14,058] {bash_operator.py:126} INFO - 2020-08-07
[2020-07-31 00:17:14,058] {bash_operator.py:126} INFO - Parameter I passed in
[2020-07-31 00:17:14,059] {bash_operator.py:130} INFO - Command exited with return code 0
[2020-07-31 00:17:14,087] {taskinstance.py:1048} INFO - Marking task as SUCCESS.dag_id=tutorial, task_id=templated, execution_date=20200731T001600, start_date=20200731T001713, end_date=20200731T001714
[2020-07-31 00:17:23,709] {logging_mixin.py:112} INFO - [2020-07-31 00:17:23,708] {local_task_job.py:103} INFO - Task exited with return code 0
