[2020-07-31 01:05:17,141] {taskinstance.py:655} INFO - Dependencies all met for <TaskInstance: tutorial.templated 2020-07-31T01:04:00+00:00 [queued]>
[2020-07-31 01:05:17,192] {taskinstance.py:655} INFO - Dependencies all met for <TaskInstance: tutorial.templated 2020-07-31T01:04:00+00:00 [queued]>
[2020-07-31 01:05:17,193] {taskinstance.py:866} INFO - 
--------------------------------------------------------------------------------
[2020-07-31 01:05:17,193] {taskinstance.py:867} INFO - Starting attempt 1 of 2
[2020-07-31 01:05:17,193] {taskinstance.py:868} INFO - 
--------------------------------------------------------------------------------
[2020-07-31 01:05:17,209] {taskinstance.py:887} INFO - Executing <Task(BashOperator): templated> on 2020-07-31T01:04:00+00:00
[2020-07-31 01:05:17,216] {standard_task_runner.py:53} INFO - Started process 8458 to run task
[2020-07-31 01:05:17,349] {logging_mixin.py:112} INFO - Running %s on host %s <TaskInstance: tutorial.templated 2020-07-31T01:04:00+00:00 [running]> 02f6ef7ded4c
[2020-07-31 01:05:17,426] {bash_operator.py:82} INFO - Tmp dir root location: 
 /tmp
[2020-07-31 01:05:17,429] {bash_operator.py:105} INFO - Temporary script location: /tmp/airflowtmpulxsr92k/templatedwjqds5he
[2020-07-31 01:05:17,429] {bash_operator.py:115} INFO - Running command: 

    echo "2020-07-31"
    echo "2020-08-07"
    echo "Parameter I passed in"

    echo "2020-07-31"
    echo "2020-08-07"
    echo "Parameter I passed in"

    echo "2020-07-31"
    echo "2020-08-07"
    echo "Parameter I passed in"

    echo "2020-07-31"
    echo "2020-08-07"
    echo "Parameter I passed in"

    echo "2020-07-31"
    echo "2020-08-07"
    echo "Parameter I passed in"

[2020-07-31 01:05:17,446] {bash_operator.py:122} INFO - Output:
[2020-07-31 01:05:17,449] {bash_operator.py:126} INFO - 2020-07-31
[2020-07-31 01:05:17,449] {bash_operator.py:126} INFO - 2020-08-07
[2020-07-31 01:05:17,449] {bash_operator.py:126} INFO - Parameter I passed in
[2020-07-31 01:05:17,449] {bash_operator.py:126} INFO - 2020-07-31
[2020-07-31 01:05:17,449] {bash_operator.py:126} INFO - 2020-08-07
[2020-07-31 01:05:17,450] {bash_operator.py:126} INFO - Parameter I passed in
[2020-07-31 01:05:17,450] {bash_operator.py:126} INFO - 2020-07-31
[2020-07-31 01:05:17,450] {bash_operator.py:126} INFO - 2020-08-07
[2020-07-31 01:05:17,450] {bash_operator.py:126} INFO - Parameter I passed in
[2020-07-31 01:05:17,450] {bash_operator.py:126} INFO - 2020-07-31
[2020-07-31 01:05:17,450] {bash_operator.py:126} INFO - 2020-08-07
[2020-07-31 01:05:17,450] {bash_operator.py:126} INFO - Parameter I passed in
[2020-07-31 01:05:17,450] {bash_operator.py:126} INFO - 2020-07-31
[2020-07-31 01:05:17,450] {bash_operator.py:126} INFO - 2020-08-07
[2020-07-31 01:05:17,450] {bash_operator.py:126} INFO - Parameter I passed in
[2020-07-31 01:05:17,451] {bash_operator.py:130} INFO - Command exited with return code 0
[2020-07-31 01:05:17,479] {taskinstance.py:1048} INFO - Marking task as SUCCESS.dag_id=tutorial, task_id=templated, execution_date=20200731T010400, start_date=20200731T010517, end_date=20200731T010517
[2020-07-31 01:05:27,108] {logging_mixin.py:112} INFO - [2020-07-31 01:05:27,107] {local_task_job.py:103} INFO - Task exited with return code 0
