[2020-07-30 16:30:12,907] {taskinstance.py:655} INFO - Dependencies all met for <TaskInstance: tutorial.templated 2020-07-30T16:29:00+00:00 [queued]>
[2020-07-30 16:30:12,953] {taskinstance.py:655} INFO - Dependencies all met for <TaskInstance: tutorial.templated 2020-07-30T16:29:00+00:00 [queued]>
[2020-07-30 16:30:12,953] {taskinstance.py:866} INFO - 
--------------------------------------------------------------------------------
[2020-07-30 16:30:12,954] {taskinstance.py:867} INFO - Starting attempt 1 of 2
[2020-07-30 16:30:12,954] {taskinstance.py:868} INFO - 
--------------------------------------------------------------------------------
[2020-07-30 16:30:12,982] {taskinstance.py:887} INFO - Executing <Task(BashOperator): templated> on 2020-07-30T16:29:00+00:00
[2020-07-30 16:30:12,990] {standard_task_runner.py:53} INFO - Started process 12980 to run task
[2020-07-30 16:30:13,115] {logging_mixin.py:112} INFO - Running %s on host %s <TaskInstance: tutorial.templated 2020-07-30T16:29:00+00:00 [running]> 02f6ef7ded4c
[2020-07-30 16:30:13,186] {bash_operator.py:82} INFO - Tmp dir root location: 
 /tmp
[2020-07-30 16:30:13,188] {bash_operator.py:105} INFO - Temporary script location: /tmp/airflowtmpzle5x4z2/templated22suzn2i
[2020-07-30 16:30:13,188] {bash_operator.py:115} INFO - Running command: 

    echo "2020-07-30"
    echo "2020-08-06"
    echo "Parameter I passed in"

    echo "2020-07-30"
    echo "2020-08-06"
    echo "Parameter I passed in"

    echo "2020-07-30"
    echo "2020-08-06"
    echo "Parameter I passed in"

    echo "2020-07-30"
    echo "2020-08-06"
    echo "Parameter I passed in"

    echo "2020-07-30"
    echo "2020-08-06"
    echo "Parameter I passed in"

[2020-07-30 16:30:13,202] {bash_operator.py:122} INFO - Output:
[2020-07-30 16:30:13,204] {bash_operator.py:126} INFO - 2020-07-30
[2020-07-30 16:30:13,204] {bash_operator.py:126} INFO - 2020-08-06
[2020-07-30 16:30:13,204] {bash_operator.py:126} INFO - Parameter I passed in
[2020-07-30 16:30:13,204] {bash_operator.py:126} INFO - 2020-07-30
[2020-07-30 16:30:13,204] {bash_operator.py:126} INFO - 2020-08-06
[2020-07-30 16:30:13,205] {bash_operator.py:126} INFO - Parameter I passed in
[2020-07-30 16:30:13,205] {bash_operator.py:126} INFO - 2020-07-30
[2020-07-30 16:30:13,205] {bash_operator.py:126} INFO - 2020-08-06
[2020-07-30 16:30:13,205] {bash_operator.py:126} INFO - Parameter I passed in
[2020-07-30 16:30:13,205] {bash_operator.py:126} INFO - 2020-07-30
[2020-07-30 16:30:13,205] {bash_operator.py:126} INFO - 2020-08-06
[2020-07-30 16:30:13,205] {bash_operator.py:126} INFO - Parameter I passed in
[2020-07-30 16:30:13,205] {bash_operator.py:126} INFO - 2020-07-30
[2020-07-30 16:30:13,206] {bash_operator.py:126} INFO - 2020-08-06
[2020-07-30 16:30:13,206] {bash_operator.py:126} INFO - Parameter I passed in
[2020-07-30 16:30:13,206] {bash_operator.py:130} INFO - Command exited with return code 0
[2020-07-30 16:30:13,236] {taskinstance.py:1048} INFO - Marking task as SUCCESS.dag_id=tutorial, task_id=templated, execution_date=20200730T162900, start_date=20200730T163012, end_date=20200730T163013
[2020-07-30 16:30:22,869] {logging_mixin.py:112} INFO - [2020-07-30 16:30:22,868] {local_task_job.py:103} INFO - Task exited with return code 0
