[2020-07-30 17:32:13,295] {taskinstance.py:655} INFO - Dependencies all met for <TaskInstance: tutorial.templated 2020-07-30T17:31:00+00:00 [queued]>
[2020-07-30 17:32:13,347] {taskinstance.py:655} INFO - Dependencies all met for <TaskInstance: tutorial.templated 2020-07-30T17:31:00+00:00 [queued]>
[2020-07-30 17:32:13,348] {taskinstance.py:866} INFO - 
--------------------------------------------------------------------------------
[2020-07-30 17:32:13,348] {taskinstance.py:867} INFO - Starting attempt 1 of 2
[2020-07-30 17:32:13,348] {taskinstance.py:868} INFO - 
--------------------------------------------------------------------------------
[2020-07-30 17:32:13,373] {taskinstance.py:887} INFO - Executing <Task(BashOperator): templated> on 2020-07-30T17:31:00+00:00
[2020-07-30 17:32:13,379] {standard_task_runner.py:53} INFO - Started process 22964 to run task
[2020-07-30 17:32:13,499] {logging_mixin.py:112} INFO - Running %s on host %s <TaskInstance: tutorial.templated 2020-07-30T17:31:00+00:00 [running]> 02f6ef7ded4c
[2020-07-30 17:32:13,560] {bash_operator.py:82} INFO - Tmp dir root location: 
 /tmp
[2020-07-30 17:32:13,562] {bash_operator.py:105} INFO - Temporary script location: /tmp/airflowtmpzd01iqow/templatedb61t3p_y
[2020-07-30 17:32:13,562] {bash_operator.py:115} INFO - Running command: 

    echo "2020-07-30"
    echo "2020-08-06"
    echo "Parameter I passed in"

    echo "2020-07-30"
    echo "2020-08-06"
    echo "Parameter I passed in"

    echo "2020-07-30"
    echo "2020-08-06"
    echo "Parameter I passed in"

    echo "2020-07-30"
    echo "2020-08-06"
    echo "Parameter I passed in"

    echo "2020-07-30"
    echo "2020-08-06"
    echo "Parameter I passed in"

[2020-07-30 17:32:13,577] {bash_operator.py:122} INFO - Output:
[2020-07-30 17:32:13,579] {bash_operator.py:126} INFO - 2020-07-30
[2020-07-30 17:32:13,579] {bash_operator.py:126} INFO - 2020-08-06
[2020-07-30 17:32:13,580] {bash_operator.py:126} INFO - Parameter I passed in
[2020-07-30 17:32:13,580] {bash_operator.py:126} INFO - 2020-07-30
[2020-07-30 17:32:13,580] {bash_operator.py:126} INFO - 2020-08-06
[2020-07-30 17:32:13,581] {bash_operator.py:126} INFO - Parameter I passed in
[2020-07-30 17:32:13,581] {bash_operator.py:126} INFO - 2020-07-30
[2020-07-30 17:32:13,581] {bash_operator.py:126} INFO - 2020-08-06
[2020-07-30 17:32:13,581] {bash_operator.py:126} INFO - Parameter I passed in
[2020-07-30 17:32:13,581] {bash_operator.py:126} INFO - 2020-07-30
[2020-07-30 17:32:13,581] {bash_operator.py:126} INFO - 2020-08-06
[2020-07-30 17:32:13,582] {bash_operator.py:126} INFO - Parameter I passed in
[2020-07-30 17:32:13,582] {bash_operator.py:126} INFO - 2020-07-30
[2020-07-30 17:32:13,582] {bash_operator.py:126} INFO - 2020-08-06
[2020-07-30 17:32:13,582] {bash_operator.py:126} INFO - Parameter I passed in
[2020-07-30 17:32:13,583] {bash_operator.py:130} INFO - Command exited with return code 0
[2020-07-30 17:32:13,610] {taskinstance.py:1048} INFO - Marking task as SUCCESS.dag_id=tutorial, task_id=templated, execution_date=20200730T173100, start_date=20200730T173213, end_date=20200730T173213
[2020-07-30 17:32:23,250] {logging_mixin.py:112} INFO - [2020-07-30 17:32:23,249] {local_task_job.py:103} INFO - Task exited with return code 0
