[2020-07-30 21:44:11,121] {taskinstance.py:655} INFO - Dependencies all met for <TaskInstance: tutorial.templated 2020-07-30T21:43:00+00:00 [queued]>
[2020-07-30 21:44:11,173] {taskinstance.py:655} INFO - Dependencies all met for <TaskInstance: tutorial.templated 2020-07-30T21:43:00+00:00 [queued]>
[2020-07-30 21:44:11,174] {taskinstance.py:866} INFO - 
--------------------------------------------------------------------------------
[2020-07-30 21:44:11,174] {taskinstance.py:867} INFO - Starting attempt 1 of 2
[2020-07-30 21:44:11,174] {taskinstance.py:868} INFO - 
--------------------------------------------------------------------------------
[2020-07-30 21:44:11,199] {taskinstance.py:887} INFO - Executing <Task(BashOperator): templated> on 2020-07-30T21:43:00+00:00
[2020-07-30 21:44:11,207] {standard_task_runner.py:53} INFO - Started process 656 to run task
[2020-07-30 21:44:11,353] {logging_mixin.py:112} INFO - Running %s on host %s <TaskInstance: tutorial.templated 2020-07-30T21:43:00+00:00 [running]> 02f6ef7ded4c
[2020-07-30 21:44:11,418] {bash_operator.py:82} INFO - Tmp dir root location: 
 /tmp
[2020-07-30 21:44:11,419] {bash_operator.py:105} INFO - Temporary script location: /tmp/airflowtmp0lj8hmbp/templatedyri7n784
[2020-07-30 21:44:11,420] {bash_operator.py:115} INFO - Running command: 

    echo "2020-07-30"
    echo "2020-08-06"
    echo "Parameter I passed in"

    echo "2020-07-30"
    echo "2020-08-06"
    echo "Parameter I passed in"

    echo "2020-07-30"
    echo "2020-08-06"
    echo "Parameter I passed in"

    echo "2020-07-30"
    echo "2020-08-06"
    echo "Parameter I passed in"

    echo "2020-07-30"
    echo "2020-08-06"
    echo "Parameter I passed in"

[2020-07-30 21:44:11,433] {bash_operator.py:122} INFO - Output:
[2020-07-30 21:44:11,435] {bash_operator.py:126} INFO - 2020-07-30
[2020-07-30 21:44:11,436] {bash_operator.py:126} INFO - 2020-08-06
[2020-07-30 21:44:11,436] {bash_operator.py:126} INFO - Parameter I passed in
[2020-07-30 21:44:11,436] {bash_operator.py:126} INFO - 2020-07-30
[2020-07-30 21:44:11,436] {bash_operator.py:126} INFO - 2020-08-06
[2020-07-30 21:44:11,436] {bash_operator.py:126} INFO - Parameter I passed in
[2020-07-30 21:44:11,436] {bash_operator.py:126} INFO - 2020-07-30
[2020-07-30 21:44:11,436] {bash_operator.py:126} INFO - 2020-08-06
[2020-07-30 21:44:11,436] {bash_operator.py:126} INFO - Parameter I passed in
[2020-07-30 21:44:11,436] {bash_operator.py:126} INFO - 2020-07-30
[2020-07-30 21:44:11,436] {bash_operator.py:126} INFO - 2020-08-06
[2020-07-30 21:44:11,436] {bash_operator.py:126} INFO - Parameter I passed in
[2020-07-30 21:44:11,437] {bash_operator.py:126} INFO - 2020-07-30
[2020-07-30 21:44:11,437] {bash_operator.py:126} INFO - 2020-08-06
[2020-07-30 21:44:11,437] {bash_operator.py:126} INFO - Parameter I passed in
[2020-07-30 21:44:11,437] {bash_operator.py:130} INFO - Command exited with return code 0
[2020-07-30 21:44:11,465] {taskinstance.py:1048} INFO - Marking task as SUCCESS.dag_id=tutorial, task_id=templated, execution_date=20200730T214300, start_date=20200730T214411, end_date=20200730T214411
[2020-07-30 21:44:21,070] {logging_mixin.py:112} INFO - [2020-07-30 21:44:21,069] {local_task_job.py:103} INFO - Task exited with return code 0
