[2020-07-31 01:06:13,231] {taskinstance.py:655} INFO - Dependencies all met for <TaskInstance: tutorial.templated 2020-07-31T01:05:00+00:00 [queued]>
[2020-07-31 01:06:13,285] {taskinstance.py:655} INFO - Dependencies all met for <TaskInstance: tutorial.templated 2020-07-31T01:05:00+00:00 [queued]>
[2020-07-31 01:06:13,285] {taskinstance.py:866} INFO - 
--------------------------------------------------------------------------------
[2020-07-31 01:06:13,285] {taskinstance.py:867} INFO - Starting attempt 1 of 2
[2020-07-31 01:06:13,285] {taskinstance.py:868} INFO - 
--------------------------------------------------------------------------------
[2020-07-31 01:06:13,325] {taskinstance.py:887} INFO - Executing <Task(BashOperator): templated> on 2020-07-31T01:05:00+00:00
[2020-07-31 01:06:13,332] {standard_task_runner.py:53} INFO - Started process 9099 to run task
[2020-07-31 01:06:13,474] {logging_mixin.py:112} INFO - Running %s on host %s <TaskInstance: tutorial.templated 2020-07-31T01:05:00+00:00 [running]> 02f6ef7ded4c
[2020-07-31 01:06:13,532] {bash_operator.py:82} INFO - Tmp dir root location: 
 /tmp
[2020-07-31 01:06:13,534] {bash_operator.py:105} INFO - Temporary script location: /tmp/airflowtmp5ao1b6i4/templated55zeigob
[2020-07-31 01:06:13,534] {bash_operator.py:115} INFO - Running command: 

    echo "2020-07-31"
    echo "2020-08-07"
    echo "Parameter I passed in"

    echo "2020-07-31"
    echo "2020-08-07"
    echo "Parameter I passed in"

    echo "2020-07-31"
    echo "2020-08-07"
    echo "Parameter I passed in"

    echo "2020-07-31"
    echo "2020-08-07"
    echo "Parameter I passed in"

    echo "2020-07-31"
    echo "2020-08-07"
    echo "Parameter I passed in"

[2020-07-31 01:06:13,551] {bash_operator.py:122} INFO - Output:
[2020-07-31 01:06:13,554] {bash_operator.py:126} INFO - 2020-07-31
[2020-07-31 01:06:13,555] {bash_operator.py:126} INFO - 2020-08-07
[2020-07-31 01:06:13,555] {bash_operator.py:126} INFO - Parameter I passed in
[2020-07-31 01:06:13,555] {bash_operator.py:126} INFO - 2020-07-31
[2020-07-31 01:06:13,555] {bash_operator.py:126} INFO - 2020-08-07
[2020-07-31 01:06:13,555] {bash_operator.py:126} INFO - Parameter I passed in
[2020-07-31 01:06:13,555] {bash_operator.py:126} INFO - 2020-07-31
[2020-07-31 01:06:13,556] {bash_operator.py:126} INFO - 2020-08-07
[2020-07-31 01:06:13,556] {bash_operator.py:126} INFO - Parameter I passed in
[2020-07-31 01:06:13,556] {bash_operator.py:126} INFO - 2020-07-31
[2020-07-31 01:06:13,556] {bash_operator.py:126} INFO - 2020-08-07
[2020-07-31 01:06:13,556] {bash_operator.py:126} INFO - Parameter I passed in
[2020-07-31 01:06:13,556] {bash_operator.py:126} INFO - 2020-07-31
[2020-07-31 01:06:13,556] {bash_operator.py:126} INFO - 2020-08-07
[2020-07-31 01:06:13,556] {bash_operator.py:126} INFO - Parameter I passed in
[2020-07-31 01:06:13,557] {bash_operator.py:130} INFO - Command exited with return code 0
[2020-07-31 01:06:13,589] {taskinstance.py:1048} INFO - Marking task as SUCCESS.dag_id=tutorial, task_id=templated, execution_date=20200731T010500, start_date=20200731T010613, end_date=20200731T010613
[2020-07-31 01:06:23,171] {logging_mixin.py:112} INFO - [2020-07-31 01:06:23,170] {local_task_job.py:103} INFO - Task exited with return code 0
