[2020-07-30 15:56:10,405] {taskinstance.py:655} INFO - Dependencies all met for <TaskInstance: tutorial.templated 2020-07-30T15:55:00+00:00 [queued]>
[2020-07-30 15:56:10,464] {taskinstance.py:655} INFO - Dependencies all met for <TaskInstance: tutorial.templated 2020-07-30T15:55:00+00:00 [queued]>
[2020-07-30 15:56:10,464] {taskinstance.py:866} INFO - 
--------------------------------------------------------------------------------
[2020-07-30 15:56:10,464] {taskinstance.py:867} INFO - Starting attempt 1 of 2
[2020-07-30 15:56:10,465] {taskinstance.py:868} INFO - 
--------------------------------------------------------------------------------
[2020-07-30 15:56:10,494] {taskinstance.py:887} INFO - Executing <Task(BashOperator): templated> on 2020-07-30T15:55:00+00:00
[2020-07-30 15:56:10,504] {standard_task_runner.py:53} INFO - Started process 22141 to run task
[2020-07-30 15:56:10,618] {logging_mixin.py:112} INFO - Running %s on host %s <TaskInstance: tutorial.templated 2020-07-30T15:55:00+00:00 [running]> 02f6ef7ded4c
[2020-07-30 15:56:10,676] {bash_operator.py:82} INFO - Tmp dir root location: 
 /tmp
[2020-07-30 15:56:10,678] {bash_operator.py:105} INFO - Temporary script location: /tmp/airflowtmpgbypw0gz/templatedfqcsc7ai
[2020-07-30 15:56:10,678] {bash_operator.py:115} INFO - Running command: 

    echo "2020-07-30"
    echo "2020-08-06"
    echo "Parameter I passed in"

    echo "2020-07-30"
    echo "2020-08-06"
    echo "Parameter I passed in"

    echo "2020-07-30"
    echo "2020-08-06"
    echo "Parameter I passed in"

    echo "2020-07-30"
    echo "2020-08-06"
    echo "Parameter I passed in"

    echo "2020-07-30"
    echo "2020-08-06"
    echo "Parameter I passed in"

[2020-07-30 15:56:10,694] {bash_operator.py:122} INFO - Output:
[2020-07-30 15:56:10,695] {bash_operator.py:126} INFO - 2020-07-30
[2020-07-30 15:56:10,696] {bash_operator.py:126} INFO - 2020-08-06
[2020-07-30 15:56:10,696] {bash_operator.py:126} INFO - Parameter I passed in
[2020-07-30 15:56:10,696] {bash_operator.py:126} INFO - 2020-07-30
[2020-07-30 15:56:10,696] {bash_operator.py:126} INFO - 2020-08-06
[2020-07-30 15:56:10,696] {bash_operator.py:126} INFO - Parameter I passed in
[2020-07-30 15:56:10,696] {bash_operator.py:126} INFO - 2020-07-30
[2020-07-30 15:56:10,696] {bash_operator.py:126} INFO - 2020-08-06
[2020-07-30 15:56:10,696] {bash_operator.py:126} INFO - Parameter I passed in
[2020-07-30 15:56:10,696] {bash_operator.py:126} INFO - 2020-07-30
[2020-07-30 15:56:10,696] {bash_operator.py:126} INFO - 2020-08-06
[2020-07-30 15:56:10,696] {bash_operator.py:126} INFO - Parameter I passed in
[2020-07-30 15:56:10,696] {bash_operator.py:126} INFO - 2020-07-30
[2020-07-30 15:56:10,696] {bash_operator.py:126} INFO - 2020-08-06
[2020-07-30 15:56:10,696] {bash_operator.py:126} INFO - Parameter I passed in
[2020-07-30 15:56:10,697] {bash_operator.py:130} INFO - Command exited with return code 0
[2020-07-30 15:56:10,724] {taskinstance.py:1048} INFO - Marking task as SUCCESS.dag_id=tutorial, task_id=templated, execution_date=20200730T155500, start_date=20200730T155610, end_date=20200730T155610
[2020-07-30 15:56:20,349] {logging_mixin.py:112} INFO - [2020-07-30 15:56:20,348] {local_task_job.py:103} INFO - Task exited with return code 0
