[2020-07-30 18:06:13,664] {taskinstance.py:655} INFO - Dependencies all met for <TaskInstance: tutorial.templated 2020-07-30T18:05:00+00:00 [queued]>
[2020-07-30 18:06:13,703] {taskinstance.py:655} INFO - Dependencies all met for <TaskInstance: tutorial.templated 2020-07-30T18:05:00+00:00 [queued]>
[2020-07-30 18:06:13,704] {taskinstance.py:866} INFO - 
--------------------------------------------------------------------------------
[2020-07-30 18:06:13,704] {taskinstance.py:867} INFO - Starting attempt 1 of 2
[2020-07-30 18:06:13,704] {taskinstance.py:868} INFO - 
--------------------------------------------------------------------------------
[2020-07-30 18:06:13,728] {taskinstance.py:887} INFO - Executing <Task(BashOperator): templated> on 2020-07-30T18:05:00+00:00
[2020-07-30 18:06:13,736] {standard_task_runner.py:53} INFO - Started process 13781 to run task
[2020-07-30 18:06:13,858] {logging_mixin.py:112} INFO - Running %s on host %s <TaskInstance: tutorial.templated 2020-07-30T18:05:00+00:00 [running]> 02f6ef7ded4c
[2020-07-30 18:06:13,916] {bash_operator.py:82} INFO - Tmp dir root location: 
 /tmp
[2020-07-30 18:06:13,918] {bash_operator.py:105} INFO - Temporary script location: /tmp/airflowtmpz4r6cw4f/templatedsge9279d
[2020-07-30 18:06:13,918] {bash_operator.py:115} INFO - Running command: 

    echo "2020-07-30"
    echo "2020-08-06"
    echo "Parameter I passed in"

    echo "2020-07-30"
    echo "2020-08-06"
    echo "Parameter I passed in"

    echo "2020-07-30"
    echo "2020-08-06"
    echo "Parameter I passed in"

    echo "2020-07-30"
    echo "2020-08-06"
    echo "Parameter I passed in"

    echo "2020-07-30"
    echo "2020-08-06"
    echo "Parameter I passed in"

[2020-07-30 18:06:13,934] {bash_operator.py:122} INFO - Output:
[2020-07-30 18:06:13,937] {bash_operator.py:126} INFO - 2020-07-30
[2020-07-30 18:06:13,937] {bash_operator.py:126} INFO - 2020-08-06
[2020-07-30 18:06:13,937] {bash_operator.py:126} INFO - Parameter I passed in
[2020-07-30 18:06:13,937] {bash_operator.py:126} INFO - 2020-07-30
[2020-07-30 18:06:13,937] {bash_operator.py:126} INFO - 2020-08-06
[2020-07-30 18:06:13,937] {bash_operator.py:126} INFO - Parameter I passed in
[2020-07-30 18:06:13,937] {bash_operator.py:126} INFO - 2020-07-30
[2020-07-30 18:06:13,937] {bash_operator.py:126} INFO - 2020-08-06
[2020-07-30 18:06:13,937] {bash_operator.py:126} INFO - Parameter I passed in
[2020-07-30 18:06:13,937] {bash_operator.py:126} INFO - 2020-07-30
[2020-07-30 18:06:13,937] {bash_operator.py:126} INFO - 2020-08-06
[2020-07-30 18:06:13,938] {bash_operator.py:126} INFO - Parameter I passed in
[2020-07-30 18:06:13,938] {bash_operator.py:126} INFO - 2020-07-30
[2020-07-30 18:06:13,938] {bash_operator.py:126} INFO - 2020-08-06
[2020-07-30 18:06:13,938] {bash_operator.py:126} INFO - Parameter I passed in
[2020-07-30 18:06:13,938] {bash_operator.py:130} INFO - Command exited with return code 0
[2020-07-30 18:06:13,969] {taskinstance.py:1048} INFO - Marking task as SUCCESS.dag_id=tutorial, task_id=templated, execution_date=20200730T180500, start_date=20200730T180613, end_date=20200730T180613
[2020-07-30 18:06:23,595] {logging_mixin.py:112} INFO - [2020-07-30 18:06:23,594] {local_task_job.py:103} INFO - Task exited with return code 0
