[2020-07-31 01:52:14,348] {taskinstance.py:655} INFO - Dependencies all met for <TaskInstance: tutorial.templated 2020-07-31T01:51:00+00:00 [queued]>
[2020-07-31 01:52:14,396] {taskinstance.py:655} INFO - Dependencies all met for <TaskInstance: tutorial.templated 2020-07-31T01:51:00+00:00 [queued]>
[2020-07-31 01:52:14,396] {taskinstance.py:866} INFO - 
--------------------------------------------------------------------------------
[2020-07-31 01:52:14,396] {taskinstance.py:867} INFO - Starting attempt 1 of 2
[2020-07-31 01:52:14,396] {taskinstance.py:868} INFO - 
--------------------------------------------------------------------------------
[2020-07-31 01:52:14,424] {taskinstance.py:887} INFO - Executing <Task(BashOperator): templated> on 2020-07-31T01:51:00+00:00
[2020-07-31 01:52:14,430] {standard_task_runner.py:53} INFO - Started process 8131 to run task
[2020-07-31 01:52:14,531] {logging_mixin.py:112} INFO - Running %s on host %s <TaskInstance: tutorial.templated 2020-07-31T01:51:00+00:00 [running]> 02f6ef7ded4c
[2020-07-31 01:52:14,588] {bash_operator.py:82} INFO - Tmp dir root location: 
 /tmp
[2020-07-31 01:52:14,589] {bash_operator.py:105} INFO - Temporary script location: /tmp/airflowtmpmfq6us6z/templatednn7tqzwe
[2020-07-31 01:52:14,589] {bash_operator.py:115} INFO - Running command: 

    echo "2020-07-31"
    echo "2020-08-07"
    echo "Parameter I passed in"

    echo "2020-07-31"
    echo "2020-08-07"
    echo "Parameter I passed in"

    echo "2020-07-31"
    echo "2020-08-07"
    echo "Parameter I passed in"

    echo "2020-07-31"
    echo "2020-08-07"
    echo "Parameter I passed in"

    echo "2020-07-31"
    echo "2020-08-07"
    echo "Parameter I passed in"

[2020-07-31 01:52:14,603] {bash_operator.py:122} INFO - Output:
[2020-07-31 01:52:14,605] {bash_operator.py:126} INFO - 2020-07-31
[2020-07-31 01:52:14,605] {bash_operator.py:126} INFO - 2020-08-07
[2020-07-31 01:52:14,606] {bash_operator.py:126} INFO - Parameter I passed in
[2020-07-31 01:52:14,606] {bash_operator.py:126} INFO - 2020-07-31
[2020-07-31 01:52:14,606] {bash_operator.py:126} INFO - 2020-08-07
[2020-07-31 01:52:14,606] {bash_operator.py:126} INFO - Parameter I passed in
[2020-07-31 01:52:14,606] {bash_operator.py:126} INFO - 2020-07-31
[2020-07-31 01:52:14,607] {bash_operator.py:126} INFO - 2020-08-07
[2020-07-31 01:52:14,607] {bash_operator.py:126} INFO - Parameter I passed in
[2020-07-31 01:52:14,607] {bash_operator.py:126} INFO - 2020-07-31
[2020-07-31 01:52:14,607] {bash_operator.py:126} INFO - 2020-08-07
[2020-07-31 01:52:14,607] {bash_operator.py:126} INFO - Parameter I passed in
[2020-07-31 01:52:14,607] {bash_operator.py:126} INFO - 2020-07-31
[2020-07-31 01:52:14,608] {bash_operator.py:126} INFO - 2020-08-07
[2020-07-31 01:52:14,608] {bash_operator.py:126} INFO - Parameter I passed in
[2020-07-31 01:52:14,608] {bash_operator.py:130} INFO - Command exited with return code 0
[2020-07-31 01:52:14,637] {taskinstance.py:1048} INFO - Marking task as SUCCESS.dag_id=tutorial, task_id=templated, execution_date=20200731T015100, start_date=20200731T015214, end_date=20200731T015214
[2020-07-31 01:52:24,296] {logging_mixin.py:112} INFO - [2020-07-31 01:52:24,295] {local_task_job.py:103} INFO - Task exited with return code 0
