[2020-07-30 21:09:12,581] {taskinstance.py:655} INFO - Dependencies all met for <TaskInstance: tutorial.templated 2020-07-30T21:08:00+00:00 [queued]>
[2020-07-30 21:09:12,626] {taskinstance.py:655} INFO - Dependencies all met for <TaskInstance: tutorial.templated 2020-07-30T21:08:00+00:00 [queued]>
[2020-07-30 21:09:12,627] {taskinstance.py:866} INFO - 
--------------------------------------------------------------------------------
[2020-07-30 21:09:12,627] {taskinstance.py:867} INFO - Starting attempt 1 of 2
[2020-07-30 21:09:12,627] {taskinstance.py:868} INFO - 
--------------------------------------------------------------------------------
[2020-07-30 21:09:12,655] {taskinstance.py:887} INFO - Executing <Task(BashOperator): templated> on 2020-07-30T21:08:00+00:00
[2020-07-30 21:09:12,668] {standard_task_runner.py:53} INFO - Started process 9174 to run task
[2020-07-30 21:09:12,792] {logging_mixin.py:112} INFO - Running %s on host %s <TaskInstance: tutorial.templated 2020-07-30T21:08:00+00:00 [running]> 02f6ef7ded4c
[2020-07-30 21:09:12,860] {bash_operator.py:82} INFO - Tmp dir root location: 
 /tmp
[2020-07-30 21:09:12,862] {bash_operator.py:105} INFO - Temporary script location: /tmp/airflowtmpm03ep3c7/templatedz8t45el9
[2020-07-30 21:09:12,862] {bash_operator.py:115} INFO - Running command: 

    echo "2020-07-30"
    echo "2020-08-06"
    echo "Parameter I passed in"

    echo "2020-07-30"
    echo "2020-08-06"
    echo "Parameter I passed in"

    echo "2020-07-30"
    echo "2020-08-06"
    echo "Parameter I passed in"

    echo "2020-07-30"
    echo "2020-08-06"
    echo "Parameter I passed in"

    echo "2020-07-30"
    echo "2020-08-06"
    echo "Parameter I passed in"

[2020-07-30 21:09:12,878] {bash_operator.py:122} INFO - Output:
[2020-07-30 21:09:12,880] {bash_operator.py:126} INFO - 2020-07-30
[2020-07-30 21:09:12,880] {bash_operator.py:126} INFO - 2020-08-06
[2020-07-30 21:09:12,880] {bash_operator.py:126} INFO - Parameter I passed in
[2020-07-30 21:09:12,881] {bash_operator.py:126} INFO - 2020-07-30
[2020-07-30 21:09:12,881] {bash_operator.py:126} INFO - 2020-08-06
[2020-07-30 21:09:12,881] {bash_operator.py:126} INFO - Parameter I passed in
[2020-07-30 21:09:12,881] {bash_operator.py:126} INFO - 2020-07-30
[2020-07-30 21:09:12,881] {bash_operator.py:126} INFO - 2020-08-06
[2020-07-30 21:09:12,881] {bash_operator.py:126} INFO - Parameter I passed in
[2020-07-30 21:09:12,881] {bash_operator.py:126} INFO - 2020-07-30
[2020-07-30 21:09:12,881] {bash_operator.py:126} INFO - 2020-08-06
[2020-07-30 21:09:12,881] {bash_operator.py:126} INFO - Parameter I passed in
[2020-07-30 21:09:12,881] {bash_operator.py:126} INFO - 2020-07-30
[2020-07-30 21:09:12,881] {bash_operator.py:126} INFO - 2020-08-06
[2020-07-30 21:09:12,882] {bash_operator.py:126} INFO - Parameter I passed in
[2020-07-30 21:09:12,882] {bash_operator.py:130} INFO - Command exited with return code 0
[2020-07-30 21:09:12,912] {taskinstance.py:1048} INFO - Marking task as SUCCESS.dag_id=tutorial, task_id=templated, execution_date=20200730T210800, start_date=20200730T210912, end_date=20200730T210912
[2020-07-30 21:09:22,541] {logging_mixin.py:112} INFO - [2020-07-30 21:09:22,540] {local_task_job.py:103} INFO - Task exited with return code 0
