[2020-07-30 16:32:15,091] {taskinstance.py:655} INFO - Dependencies all met for <TaskInstance: tutorial.templated 2020-07-30T16:31:00+00:00 [queued]>
[2020-07-30 16:32:15,144] {taskinstance.py:655} INFO - Dependencies all met for <TaskInstance: tutorial.templated 2020-07-30T16:31:00+00:00 [queued]>
[2020-07-30 16:32:15,144] {taskinstance.py:866} INFO - 
--------------------------------------------------------------------------------
[2020-07-30 16:32:15,144] {taskinstance.py:867} INFO - Starting attempt 1 of 2
[2020-07-30 16:32:15,145] {taskinstance.py:868} INFO - 
--------------------------------------------------------------------------------
[2020-07-30 16:32:15,175] {taskinstance.py:887} INFO - Executing <Task(BashOperator): templated> on 2020-07-30T16:31:00+00:00
[2020-07-30 16:32:15,183] {standard_task_runner.py:53} INFO - Started process 14377 to run task
[2020-07-30 16:32:15,328] {logging_mixin.py:112} INFO - Running %s on host %s <TaskInstance: tutorial.templated 2020-07-30T16:31:00+00:00 [running]> 02f6ef7ded4c
[2020-07-30 16:32:15,390] {bash_operator.py:82} INFO - Tmp dir root location: 
 /tmp
[2020-07-30 16:32:15,392] {bash_operator.py:105} INFO - Temporary script location: /tmp/airflowtmpfuv77kzu/templatedc_vpj_3i
[2020-07-30 16:32:15,392] {bash_operator.py:115} INFO - Running command: 

    echo "2020-07-30"
    echo "2020-08-06"
    echo "Parameter I passed in"

    echo "2020-07-30"
    echo "2020-08-06"
    echo "Parameter I passed in"

    echo "2020-07-30"
    echo "2020-08-06"
    echo "Parameter I passed in"

    echo "2020-07-30"
    echo "2020-08-06"
    echo "Parameter I passed in"

    echo "2020-07-30"
    echo "2020-08-06"
    echo "Parameter I passed in"

[2020-07-30 16:32:15,407] {bash_operator.py:122} INFO - Output:
[2020-07-30 16:32:15,409] {bash_operator.py:126} INFO - 2020-07-30
[2020-07-30 16:32:15,410] {bash_operator.py:126} INFO - 2020-08-06
[2020-07-30 16:32:15,410] {bash_operator.py:126} INFO - Parameter I passed in
[2020-07-30 16:32:15,410] {bash_operator.py:126} INFO - 2020-07-30
[2020-07-30 16:32:15,411] {bash_operator.py:126} INFO - 2020-08-06
[2020-07-30 16:32:15,411] {bash_operator.py:126} INFO - Parameter I passed in
[2020-07-30 16:32:15,411] {bash_operator.py:126} INFO - 2020-07-30
[2020-07-30 16:32:15,411] {bash_operator.py:126} INFO - 2020-08-06
[2020-07-30 16:32:15,411] {bash_operator.py:126} INFO - Parameter I passed in
[2020-07-30 16:32:15,412] {bash_operator.py:126} INFO - 2020-07-30
[2020-07-30 16:32:15,412] {bash_operator.py:126} INFO - 2020-08-06
[2020-07-30 16:32:15,412] {bash_operator.py:126} INFO - Parameter I passed in
[2020-07-30 16:32:15,412] {bash_operator.py:126} INFO - 2020-07-30
[2020-07-30 16:32:15,412] {bash_operator.py:126} INFO - 2020-08-06
[2020-07-30 16:32:15,412] {bash_operator.py:126} INFO - Parameter I passed in
[2020-07-30 16:32:15,413] {bash_operator.py:130} INFO - Command exited with return code 0
[2020-07-30 16:32:15,439] {taskinstance.py:1048} INFO - Marking task as SUCCESS.dag_id=tutorial, task_id=templated, execution_date=20200730T163100, start_date=20200730T163215, end_date=20200730T163215
[2020-07-30 16:32:25,056] {logging_mixin.py:112} INFO - [2020-07-30 16:32:25,055] {local_task_job.py:103} INFO - Task exited with return code 0
