[2020-07-30 21:53:15,606] {taskinstance.py:655} INFO - Dependencies all met for <TaskInstance: tutorial.templated 2020-07-30T21:52:00+00:00 [queued]>
[2020-07-30 21:53:15,660] {taskinstance.py:655} INFO - Dependencies all met for <TaskInstance: tutorial.templated 2020-07-30T21:52:00+00:00 [queued]>
[2020-07-30 21:53:15,660] {taskinstance.py:866} INFO - 
--------------------------------------------------------------------------------
[2020-07-30 21:53:15,660] {taskinstance.py:867} INFO - Starting attempt 1 of 2
[2020-07-30 21:53:15,660] {taskinstance.py:868} INFO - 
--------------------------------------------------------------------------------
[2020-07-30 21:53:15,691] {taskinstance.py:887} INFO - Executing <Task(BashOperator): templated> on 2020-07-30T21:52:00+00:00
[2020-07-30 21:53:15,699] {standard_task_runner.py:53} INFO - Started process 6858 to run task
[2020-07-30 21:53:15,834] {logging_mixin.py:112} INFO - Running %s on host %s <TaskInstance: tutorial.templated 2020-07-30T21:52:00+00:00 [running]> 02f6ef7ded4c
[2020-07-30 21:53:15,891] {bash_operator.py:82} INFO - Tmp dir root location: 
 /tmp
[2020-07-30 21:53:15,892] {bash_operator.py:105} INFO - Temporary script location: /tmp/airflowtmpp7efvjxi/templated0iqbtq0u
[2020-07-30 21:53:15,892] {bash_operator.py:115} INFO - Running command: 

    echo "2020-07-30"
    echo "2020-08-06"
    echo "Parameter I passed in"

    echo "2020-07-30"
    echo "2020-08-06"
    echo "Parameter I passed in"

    echo "2020-07-30"
    echo "2020-08-06"
    echo "Parameter I passed in"

    echo "2020-07-30"
    echo "2020-08-06"
    echo "Parameter I passed in"

    echo "2020-07-30"
    echo "2020-08-06"
    echo "Parameter I passed in"

[2020-07-30 21:53:15,906] {bash_operator.py:122} INFO - Output:
[2020-07-30 21:53:15,909] {bash_operator.py:126} INFO - 2020-07-30
[2020-07-30 21:53:15,909] {bash_operator.py:126} INFO - 2020-08-06
[2020-07-30 21:53:15,909] {bash_operator.py:126} INFO - Parameter I passed in
[2020-07-30 21:53:15,909] {bash_operator.py:126} INFO - 2020-07-30
[2020-07-30 21:53:15,909] {bash_operator.py:126} INFO - 2020-08-06
[2020-07-30 21:53:15,909] {bash_operator.py:126} INFO - Parameter I passed in
[2020-07-30 21:53:15,909] {bash_operator.py:126} INFO - 2020-07-30
[2020-07-30 21:53:15,909] {bash_operator.py:126} INFO - 2020-08-06
[2020-07-30 21:53:15,909] {bash_operator.py:126} INFO - Parameter I passed in
[2020-07-30 21:53:15,909] {bash_operator.py:126} INFO - 2020-07-30
[2020-07-30 21:53:15,910] {bash_operator.py:126} INFO - 2020-08-06
[2020-07-30 21:53:15,910] {bash_operator.py:126} INFO - Parameter I passed in
[2020-07-30 21:53:15,910] {bash_operator.py:126} INFO - 2020-07-30
[2020-07-30 21:53:15,910] {bash_operator.py:126} INFO - 2020-08-06
[2020-07-30 21:53:15,910] {bash_operator.py:126} INFO - Parameter I passed in
[2020-07-30 21:53:15,910] {bash_operator.py:130} INFO - Command exited with return code 0
[2020-07-30 21:53:15,945] {taskinstance.py:1048} INFO - Marking task as SUCCESS.dag_id=tutorial, task_id=templated, execution_date=20200730T215200, start_date=20200730T215315, end_date=20200730T215315
[2020-07-30 21:53:25,563] {logging_mixin.py:112} INFO - [2020-07-30 21:53:25,562] {local_task_job.py:103} INFO - Task exited with return code 0
