[2020-07-31 04:39:10,245] {taskinstance.py:655} INFO - Dependencies all met for <TaskInstance: tutorial.templated 2020-07-31T04:38:00+00:00 [queued]>
[2020-07-31 04:39:10,307] {taskinstance.py:655} INFO - Dependencies all met for <TaskInstance: tutorial.templated 2020-07-31T04:38:00+00:00 [queued]>
[2020-07-31 04:39:10,307] {taskinstance.py:866} INFO - 
--------------------------------------------------------------------------------
[2020-07-31 04:39:10,307] {taskinstance.py:867} INFO - Starting attempt 1 of 2
[2020-07-31 04:39:10,308] {taskinstance.py:868} INFO - 
--------------------------------------------------------------------------------
[2020-07-31 04:39:10,333] {taskinstance.py:887} INFO - Executing <Task(BashOperator): templated> on 2020-07-31T04:38:00+00:00
[2020-07-31 04:39:10,340] {standard_task_runner.py:53} INFO - Started process 24977 to run task
[2020-07-31 04:39:10,450] {logging_mixin.py:112} INFO - Running %s on host %s <TaskInstance: tutorial.templated 2020-07-31T04:38:00+00:00 [running]> 02f6ef7ded4c
[2020-07-31 04:39:10,509] {bash_operator.py:82} INFO - Tmp dir root location: 
 /tmp
[2020-07-31 04:39:10,511] {bash_operator.py:105} INFO - Temporary script location: /tmp/airflowtmp71k03kv6/templatedc6pautff
[2020-07-31 04:39:10,511] {bash_operator.py:115} INFO - Running command: 

    echo "2020-07-31"
    echo "2020-08-07"
    echo "Parameter I passed in"

    echo "2020-07-31"
    echo "2020-08-07"
    echo "Parameter I passed in"

    echo "2020-07-31"
    echo "2020-08-07"
    echo "Parameter I passed in"

    echo "2020-07-31"
    echo "2020-08-07"
    echo "Parameter I passed in"

    echo "2020-07-31"
    echo "2020-08-07"
    echo "Parameter I passed in"

[2020-07-31 04:39:10,525] {bash_operator.py:122} INFO - Output:
[2020-07-31 04:39:10,527] {bash_operator.py:126} INFO - 2020-07-31
[2020-07-31 04:39:10,528] {bash_operator.py:126} INFO - 2020-08-07
[2020-07-31 04:39:10,528] {bash_operator.py:126} INFO - Parameter I passed in
[2020-07-31 04:39:10,528] {bash_operator.py:126} INFO - 2020-07-31
[2020-07-31 04:39:10,528] {bash_operator.py:126} INFO - 2020-08-07
[2020-07-31 04:39:10,528] {bash_operator.py:126} INFO - Parameter I passed in
[2020-07-31 04:39:10,528] {bash_operator.py:126} INFO - 2020-07-31
[2020-07-31 04:39:10,528] {bash_operator.py:126} INFO - 2020-08-07
[2020-07-31 04:39:10,528] {bash_operator.py:126} INFO - Parameter I passed in
[2020-07-31 04:39:10,528] {bash_operator.py:126} INFO - 2020-07-31
[2020-07-31 04:39:10,528] {bash_operator.py:126} INFO - 2020-08-07
[2020-07-31 04:39:10,528] {bash_operator.py:126} INFO - Parameter I passed in
[2020-07-31 04:39:10,528] {bash_operator.py:126} INFO - 2020-07-31
[2020-07-31 04:39:10,529] {bash_operator.py:126} INFO - 2020-08-07
[2020-07-31 04:39:10,529] {bash_operator.py:126} INFO - Parameter I passed in
[2020-07-31 04:39:10,529] {bash_operator.py:130} INFO - Command exited with return code 0
[2020-07-31 04:39:10,557] {taskinstance.py:1048} INFO - Marking task as SUCCESS.dag_id=tutorial, task_id=templated, execution_date=20200731T043800, start_date=20200731T043910, end_date=20200731T043910
[2020-07-31 04:39:20,207] {logging_mixin.py:112} INFO - [2020-07-31 04:39:20,206] {local_task_job.py:103} INFO - Task exited with return code 0
