[2020-07-31 04:38:14,096] {taskinstance.py:655} INFO - Dependencies all met for <TaskInstance: tutorial.templated 2020-07-31T04:37:00+00:00 [queued]>
[2020-07-31 04:38:14,136] {taskinstance.py:655} INFO - Dependencies all met for <TaskInstance: tutorial.templated 2020-07-31T04:37:00+00:00 [queued]>
[2020-07-31 04:38:14,136] {taskinstance.py:866} INFO - 
--------------------------------------------------------------------------------
[2020-07-31 04:38:14,136] {taskinstance.py:867} INFO - Starting attempt 1 of 2
[2020-07-31 04:38:14,137] {taskinstance.py:868} INFO - 
--------------------------------------------------------------------------------
[2020-07-31 04:38:14,167] {taskinstance.py:887} INFO - Executing <Task(BashOperator): templated> on 2020-07-31T04:37:00+00:00
[2020-07-31 04:38:14,174] {standard_task_runner.py:53} INFO - Started process 24329 to run task
[2020-07-31 04:38:14,294] {logging_mixin.py:112} INFO - Running %s on host %s <TaskInstance: tutorial.templated 2020-07-31T04:37:00+00:00 [running]> 02f6ef7ded4c
[2020-07-31 04:38:14,369] {bash_operator.py:82} INFO - Tmp dir root location: 
 /tmp
[2020-07-31 04:38:14,371] {bash_operator.py:105} INFO - Temporary script location: /tmp/airflowtmp3fn08as0/templated_pkcmrci
[2020-07-31 04:38:14,371] {bash_operator.py:115} INFO - Running command: 

    echo "2020-07-31"
    echo "2020-08-07"
    echo "Parameter I passed in"

    echo "2020-07-31"
    echo "2020-08-07"
    echo "Parameter I passed in"

    echo "2020-07-31"
    echo "2020-08-07"
    echo "Parameter I passed in"

    echo "2020-07-31"
    echo "2020-08-07"
    echo "Parameter I passed in"

    echo "2020-07-31"
    echo "2020-08-07"
    echo "Parameter I passed in"

[2020-07-31 04:38:14,389] {bash_operator.py:122} INFO - Output:
[2020-07-31 04:38:14,393] {bash_operator.py:126} INFO - 2020-07-31
[2020-07-31 04:38:14,393] {bash_operator.py:126} INFO - 2020-08-07
[2020-07-31 04:38:14,393] {bash_operator.py:126} INFO - Parameter I passed in
[2020-07-31 04:38:14,393] {bash_operator.py:126} INFO - 2020-07-31
[2020-07-31 04:38:14,393] {bash_operator.py:126} INFO - 2020-08-07
[2020-07-31 04:38:14,394] {bash_operator.py:126} INFO - Parameter I passed in
[2020-07-31 04:38:14,394] {bash_operator.py:126} INFO - 2020-07-31
[2020-07-31 04:38:14,394] {bash_operator.py:126} INFO - 2020-08-07
[2020-07-31 04:38:14,394] {bash_operator.py:126} INFO - Parameter I passed in
[2020-07-31 04:38:14,394] {bash_operator.py:126} INFO - 2020-07-31
[2020-07-31 04:38:14,394] {bash_operator.py:126} INFO - 2020-08-07
[2020-07-31 04:38:14,395] {bash_operator.py:126} INFO - Parameter I passed in
[2020-07-31 04:38:14,395] {bash_operator.py:126} INFO - 2020-07-31
[2020-07-31 04:38:14,395] {bash_operator.py:126} INFO - 2020-08-07
[2020-07-31 04:38:14,395] {bash_operator.py:126} INFO - Parameter I passed in
[2020-07-31 04:38:14,396] {bash_operator.py:130} INFO - Command exited with return code 0
[2020-07-31 04:38:14,435] {taskinstance.py:1048} INFO - Marking task as SUCCESS.dag_id=tutorial, task_id=templated, execution_date=20200731T043700, start_date=20200731T043814, end_date=20200731T043814
[2020-07-31 04:38:24,048] {logging_mixin.py:112} INFO - [2020-07-31 04:38:24,047] {local_task_job.py:103} INFO - Task exited with return code 0
