[2020-07-31 04:00:13,435] {taskinstance.py:655} INFO - Dependencies all met for <TaskInstance: tutorial.templated 2020-07-31T03:59:00+00:00 [queued]>
[2020-07-31 04:00:13,478] {taskinstance.py:655} INFO - Dependencies all met for <TaskInstance: tutorial.templated 2020-07-31T03:59:00+00:00 [queued]>
[2020-07-31 04:00:13,478] {taskinstance.py:866} INFO - 
--------------------------------------------------------------------------------
[2020-07-31 04:00:13,478] {taskinstance.py:867} INFO - Starting attempt 1 of 2
[2020-07-31 04:00:13,478] {taskinstance.py:868} INFO - 
--------------------------------------------------------------------------------
[2020-07-31 04:00:13,503] {taskinstance.py:887} INFO - Executing <Task(BashOperator): templated> on 2020-07-31T03:59:00+00:00
[2020-07-31 04:00:13,510] {standard_task_runner.py:53} INFO - Started process 30785 to run task
[2020-07-31 04:00:13,653] {logging_mixin.py:112} INFO - Running %s on host %s <TaskInstance: tutorial.templated 2020-07-31T03:59:00+00:00 [running]> 02f6ef7ded4c
[2020-07-31 04:00:13,713] {bash_operator.py:82} INFO - Tmp dir root location: 
 /tmp
[2020-07-31 04:00:13,715] {bash_operator.py:105} INFO - Temporary script location: /tmp/airflowtmpnt_6n662/templatedus64b380
[2020-07-31 04:00:13,715] {bash_operator.py:115} INFO - Running command: 

    echo "2020-07-31"
    echo "2020-08-07"
    echo "Parameter I passed in"

    echo "2020-07-31"
    echo "2020-08-07"
    echo "Parameter I passed in"

    echo "2020-07-31"
    echo "2020-08-07"
    echo "Parameter I passed in"

    echo "2020-07-31"
    echo "2020-08-07"
    echo "Parameter I passed in"

    echo "2020-07-31"
    echo "2020-08-07"
    echo "Parameter I passed in"

[2020-07-31 04:00:13,733] {bash_operator.py:122} INFO - Output:
[2020-07-31 04:00:13,735] {bash_operator.py:126} INFO - 2020-07-31
[2020-07-31 04:00:13,736] {bash_operator.py:126} INFO - 2020-08-07
[2020-07-31 04:00:13,736] {bash_operator.py:126} INFO - Parameter I passed in
[2020-07-31 04:00:13,736] {bash_operator.py:126} INFO - 2020-07-31
[2020-07-31 04:00:13,736] {bash_operator.py:126} INFO - 2020-08-07
[2020-07-31 04:00:13,736] {bash_operator.py:126} INFO - Parameter I passed in
[2020-07-31 04:00:13,736] {bash_operator.py:126} INFO - 2020-07-31
[2020-07-31 04:00:13,736] {bash_operator.py:126} INFO - 2020-08-07
[2020-07-31 04:00:13,736] {bash_operator.py:126} INFO - Parameter I passed in
[2020-07-31 04:00:13,736] {bash_operator.py:126} INFO - 2020-07-31
[2020-07-31 04:00:13,736] {bash_operator.py:126} INFO - 2020-08-07
[2020-07-31 04:00:13,736] {bash_operator.py:126} INFO - Parameter I passed in
[2020-07-31 04:00:13,736] {bash_operator.py:126} INFO - 2020-07-31
[2020-07-31 04:00:13,737] {bash_operator.py:126} INFO - 2020-08-07
[2020-07-31 04:00:13,737] {bash_operator.py:126} INFO - Parameter I passed in
[2020-07-31 04:00:13,737] {bash_operator.py:130} INFO - Command exited with return code 0
[2020-07-31 04:00:13,765] {taskinstance.py:1048} INFO - Marking task as SUCCESS.dag_id=tutorial, task_id=templated, execution_date=20200731T035900, start_date=20200731T040013, end_date=20200731T040013
[2020-07-31 04:00:23,390] {logging_mixin.py:112} INFO - [2020-07-31 04:00:23,389] {local_task_job.py:103} INFO - Task exited with return code 0
