[2020-07-30 19:21:15,071] {taskinstance.py:655} INFO - Dependencies all met for <TaskInstance: tutorial.templated 2020-07-30T19:20:00+00:00 [queued]>
[2020-07-30 19:21:15,113] {taskinstance.py:655} INFO - Dependencies all met for <TaskInstance: tutorial.templated 2020-07-30T19:20:00+00:00 [queued]>
[2020-07-30 19:21:15,114] {taskinstance.py:866} INFO - 
--------------------------------------------------------------------------------
[2020-07-30 19:21:15,114] {taskinstance.py:867} INFO - Starting attempt 1 of 2
[2020-07-30 19:21:15,114] {taskinstance.py:868} INFO - 
--------------------------------------------------------------------------------
[2020-07-30 19:21:15,146] {taskinstance.py:887} INFO - Executing <Task(BashOperator): templated> on 2020-07-30T19:20:00+00:00
[2020-07-30 19:21:15,154] {standard_task_runner.py:53} INFO - Started process 32674 to run task
[2020-07-30 19:21:15,288] {logging_mixin.py:112} INFO - Running %s on host %s <TaskInstance: tutorial.templated 2020-07-30T19:20:00+00:00 [running]> 02f6ef7ded4c
[2020-07-30 19:21:15,362] {bash_operator.py:82} INFO - Tmp dir root location: 
 /tmp
[2020-07-30 19:21:15,364] {bash_operator.py:105} INFO - Temporary script location: /tmp/airflowtmpkhdk48y3/templatedn5vgla2v
[2020-07-30 19:21:15,364] {bash_operator.py:115} INFO - Running command: 

    echo "2020-07-30"
    echo "2020-08-06"
    echo "Parameter I passed in"

    echo "2020-07-30"
    echo "2020-08-06"
    echo "Parameter I passed in"

    echo "2020-07-30"
    echo "2020-08-06"
    echo "Parameter I passed in"

    echo "2020-07-30"
    echo "2020-08-06"
    echo "Parameter I passed in"

    echo "2020-07-30"
    echo "2020-08-06"
    echo "Parameter I passed in"

[2020-07-30 19:21:15,379] {bash_operator.py:122} INFO - Output:
[2020-07-30 19:21:15,382] {bash_operator.py:126} INFO - 2020-07-30
[2020-07-30 19:21:15,382] {bash_operator.py:126} INFO - 2020-08-06
[2020-07-30 19:21:15,382] {bash_operator.py:126} INFO - Parameter I passed in
[2020-07-30 19:21:15,382] {bash_operator.py:126} INFO - 2020-07-30
[2020-07-30 19:21:15,382] {bash_operator.py:126} INFO - 2020-08-06
[2020-07-30 19:21:15,383] {bash_operator.py:126} INFO - Parameter I passed in
[2020-07-30 19:21:15,383] {bash_operator.py:126} INFO - 2020-07-30
[2020-07-30 19:21:15,383] {bash_operator.py:126} INFO - 2020-08-06
[2020-07-30 19:21:15,383] {bash_operator.py:126} INFO - Parameter I passed in
[2020-07-30 19:21:15,383] {bash_operator.py:126} INFO - 2020-07-30
[2020-07-30 19:21:15,383] {bash_operator.py:126} INFO - 2020-08-06
[2020-07-30 19:21:15,383] {bash_operator.py:126} INFO - Parameter I passed in
[2020-07-30 19:21:15,383] {bash_operator.py:126} INFO - 2020-07-30
[2020-07-30 19:21:15,383] {bash_operator.py:126} INFO - 2020-08-06
[2020-07-30 19:21:15,383] {bash_operator.py:126} INFO - Parameter I passed in
[2020-07-30 19:21:15,384] {bash_operator.py:130} INFO - Command exited with return code 0
[2020-07-30 19:21:15,414] {taskinstance.py:1048} INFO - Marking task as SUCCESS.dag_id=tutorial, task_id=templated, execution_date=20200730T192000, start_date=20200730T192115, end_date=20200730T192115
[2020-07-30 19:21:25,027] {logging_mixin.py:112} INFO - [2020-07-30 19:21:25,026] {local_task_job.py:103} INFO - Task exited with return code 0
