[2020-07-31 03:59:13,265] {taskinstance.py:655} INFO - Dependencies all met for <TaskInstance: tutorial.templated 2020-07-31T03:58:00+00:00 [queued]>
[2020-07-31 03:59:13,332] {taskinstance.py:655} INFO - Dependencies all met for <TaskInstance: tutorial.templated 2020-07-31T03:58:00+00:00 [queued]>
[2020-07-31 03:59:13,332] {taskinstance.py:866} INFO - 
--------------------------------------------------------------------------------
[2020-07-31 03:59:13,332] {taskinstance.py:867} INFO - Starting attempt 1 of 2
[2020-07-31 03:59:13,332] {taskinstance.py:868} INFO - 
--------------------------------------------------------------------------------
[2020-07-31 03:59:13,349] {taskinstance.py:887} INFO - Executing <Task(BashOperator): templated> on 2020-07-31T03:58:00+00:00
[2020-07-31 03:59:13,366] {standard_task_runner.py:53} INFO - Started process 30097 to run task
[2020-07-31 03:59:13,553] {logging_mixin.py:112} INFO - Running %s on host %s <TaskInstance: tutorial.templated 2020-07-31T03:58:00+00:00 [running]> 02f6ef7ded4c
[2020-07-31 03:59:13,610] {bash_operator.py:82} INFO - Tmp dir root location: 
 /tmp
[2020-07-31 03:59:13,612] {bash_operator.py:105} INFO - Temporary script location: /tmp/airflowtmppvw6csq8/templatedkwomtivt
[2020-07-31 03:59:13,612] {bash_operator.py:115} INFO - Running command: 

    echo "2020-07-31"
    echo "2020-08-07"
    echo "Parameter I passed in"

    echo "2020-07-31"
    echo "2020-08-07"
    echo "Parameter I passed in"

    echo "2020-07-31"
    echo "2020-08-07"
    echo "Parameter I passed in"

    echo "2020-07-31"
    echo "2020-08-07"
    echo "Parameter I passed in"

    echo "2020-07-31"
    echo "2020-08-07"
    echo "Parameter I passed in"

[2020-07-31 03:59:13,628] {bash_operator.py:122} INFO - Output:
[2020-07-31 03:59:13,631] {bash_operator.py:126} INFO - 2020-07-31
[2020-07-31 03:59:13,631] {bash_operator.py:126} INFO - 2020-08-07
[2020-07-31 03:59:13,631] {bash_operator.py:126} INFO - Parameter I passed in
[2020-07-31 03:59:13,631] {bash_operator.py:126} INFO - 2020-07-31
[2020-07-31 03:59:13,631] {bash_operator.py:126} INFO - 2020-08-07
[2020-07-31 03:59:13,632] {bash_operator.py:126} INFO - Parameter I passed in
[2020-07-31 03:59:13,632] {bash_operator.py:126} INFO - 2020-07-31
[2020-07-31 03:59:13,632] {bash_operator.py:126} INFO - 2020-08-07
[2020-07-31 03:59:13,632] {bash_operator.py:126} INFO - Parameter I passed in
[2020-07-31 03:59:13,632] {bash_operator.py:126} INFO - 2020-07-31
[2020-07-31 03:59:13,632] {bash_operator.py:126} INFO - 2020-08-07
[2020-07-31 03:59:13,633] {bash_operator.py:126} INFO - Parameter I passed in
[2020-07-31 03:59:13,633] {bash_operator.py:126} INFO - 2020-07-31
[2020-07-31 03:59:13,633] {bash_operator.py:126} INFO - 2020-08-07
[2020-07-31 03:59:13,633] {bash_operator.py:126} INFO - Parameter I passed in
[2020-07-31 03:59:13,633] {bash_operator.py:130} INFO - Command exited with return code 0
[2020-07-31 03:59:13,666] {taskinstance.py:1048} INFO - Marking task as SUCCESS.dag_id=tutorial, task_id=templated, execution_date=20200731T035800, start_date=20200731T035913, end_date=20200731T035913
[2020-07-31 03:59:23,219] {logging_mixin.py:112} INFO - [2020-07-31 03:59:23,218] {local_task_job.py:103} INFO - Task exited with return code 0
