[2020-07-30 16:06:14,877] {taskinstance.py:655} INFO - Dependencies all met for <TaskInstance: tutorial.templated 2020-07-30T16:05:00+00:00 [queued]>
[2020-07-30 16:06:14,932] {taskinstance.py:655} INFO - Dependencies all met for <TaskInstance: tutorial.templated 2020-07-30T16:05:00+00:00 [queued]>
[2020-07-30 16:06:14,932] {taskinstance.py:866} INFO - 
--------------------------------------------------------------------------------
[2020-07-30 16:06:14,932] {taskinstance.py:867} INFO - Starting attempt 1 of 2
[2020-07-30 16:06:14,932] {taskinstance.py:868} INFO - 
--------------------------------------------------------------------------------
[2020-07-30 16:06:14,962] {taskinstance.py:887} INFO - Executing <Task(BashOperator): templated> on 2020-07-30T16:05:00+00:00
[2020-07-30 16:06:14,980] {standard_task_runner.py:53} INFO - Started process 29029 to run task
[2020-07-30 16:06:15,107] {logging_mixin.py:112} INFO - Running %s on host %s <TaskInstance: tutorial.templated 2020-07-30T16:05:00+00:00 [running]> 02f6ef7ded4c
[2020-07-30 16:06:15,186] {bash_operator.py:82} INFO - Tmp dir root location: 
 /tmp
[2020-07-30 16:06:15,188] {bash_operator.py:105} INFO - Temporary script location: /tmp/airflowtmpotxbgdy3/templated35_0rssh
[2020-07-30 16:06:15,188] {bash_operator.py:115} INFO - Running command: 

    echo "2020-07-30"
    echo "2020-08-06"
    echo "Parameter I passed in"

    echo "2020-07-30"
    echo "2020-08-06"
    echo "Parameter I passed in"

    echo "2020-07-30"
    echo "2020-08-06"
    echo "Parameter I passed in"

    echo "2020-07-30"
    echo "2020-08-06"
    echo "Parameter I passed in"

    echo "2020-07-30"
    echo "2020-08-06"
    echo "Parameter I passed in"

[2020-07-30 16:06:15,204] {bash_operator.py:122} INFO - Output:
[2020-07-30 16:06:15,205] {bash_operator.py:126} INFO - 2020-07-30
[2020-07-30 16:06:15,206] {bash_operator.py:126} INFO - 2020-08-06
[2020-07-30 16:06:15,206] {bash_operator.py:126} INFO - Parameter I passed in
[2020-07-30 16:06:15,206] {bash_operator.py:126} INFO - 2020-07-30
[2020-07-30 16:06:15,206] {bash_operator.py:126} INFO - 2020-08-06
[2020-07-30 16:06:15,206] {bash_operator.py:126} INFO - Parameter I passed in
[2020-07-30 16:06:15,207] {bash_operator.py:126} INFO - 2020-07-30
[2020-07-30 16:06:15,207] {bash_operator.py:126} INFO - 2020-08-06
[2020-07-30 16:06:15,207] {bash_operator.py:126} INFO - Parameter I passed in
[2020-07-30 16:06:15,207] {bash_operator.py:126} INFO - 2020-07-30
[2020-07-30 16:06:15,207] {bash_operator.py:126} INFO - 2020-08-06
[2020-07-30 16:06:15,207] {bash_operator.py:126} INFO - Parameter I passed in
[2020-07-30 16:06:15,207] {bash_operator.py:126} INFO - 2020-07-30
[2020-07-30 16:06:15,207] {bash_operator.py:126} INFO - 2020-08-06
[2020-07-30 16:06:15,207] {bash_operator.py:126} INFO - Parameter I passed in
[2020-07-30 16:06:15,207] {bash_operator.py:130} INFO - Command exited with return code 0
[2020-07-30 16:06:15,230] {taskinstance.py:1048} INFO - Marking task as SUCCESS.dag_id=tutorial, task_id=templated, execution_date=20200730T160500, start_date=20200730T160614, end_date=20200730T160615
[2020-07-30 16:06:24,837] {logging_mixin.py:112} INFO - [2020-07-30 16:06:24,836] {local_task_job.py:103} INFO - Task exited with return code 0
