[2020-07-31 05:06:15,914] {taskinstance.py:655} INFO - Dependencies all met for <TaskInstance: tutorial.templated 2020-07-31T05:05:00+00:00 [queued]>
[2020-07-31 05:06:15,968] {taskinstance.py:655} INFO - Dependencies all met for <TaskInstance: tutorial.templated 2020-07-31T05:05:00+00:00 [queued]>
[2020-07-31 05:06:15,971] {taskinstance.py:866} INFO - 
--------------------------------------------------------------------------------
[2020-07-31 05:06:15,972] {taskinstance.py:867} INFO - Starting attempt 1 of 2
[2020-07-31 05:06:15,972] {taskinstance.py:868} INFO - 
--------------------------------------------------------------------------------
[2020-07-31 05:06:16,011] {taskinstance.py:887} INFO - Executing <Task(BashOperator): templated> on 2020-07-31T05:05:00+00:00
[2020-07-31 05:06:16,021] {standard_task_runner.py:53} INFO - Started process 11049 to run task
[2020-07-31 05:06:16,134] {logging_mixin.py:112} INFO - Running %s on host %s <TaskInstance: tutorial.templated 2020-07-31T05:05:00+00:00 [running]> 02f6ef7ded4c
[2020-07-31 05:06:16,190] {bash_operator.py:82} INFO - Tmp dir root location: 
 /tmp
[2020-07-31 05:06:16,192] {bash_operator.py:105} INFO - Temporary script location: /tmp/airflowtmpin7w2mo0/templatedf_3cyjre
[2020-07-31 05:06:16,192] {bash_operator.py:115} INFO - Running command: 

    echo "2020-07-31"
    echo "2020-08-07"
    echo "Parameter I passed in"

    echo "2020-07-31"
    echo "2020-08-07"
    echo "Parameter I passed in"

    echo "2020-07-31"
    echo "2020-08-07"
    echo "Parameter I passed in"

    echo "2020-07-31"
    echo "2020-08-07"
    echo "Parameter I passed in"

    echo "2020-07-31"
    echo "2020-08-07"
    echo "Parameter I passed in"

[2020-07-31 05:06:16,218] {bash_operator.py:122} INFO - Output:
[2020-07-31 05:06:16,219] {bash_operator.py:126} INFO - 2020-07-31
[2020-07-31 05:06:16,219] {bash_operator.py:126} INFO - 2020-08-07
[2020-07-31 05:06:16,219] {bash_operator.py:126} INFO - Parameter I passed in
[2020-07-31 05:06:16,219] {bash_operator.py:126} INFO - 2020-07-31
[2020-07-31 05:06:16,219] {bash_operator.py:126} INFO - 2020-08-07
[2020-07-31 05:06:16,219] {bash_operator.py:126} INFO - Parameter I passed in
[2020-07-31 05:06:16,219] {bash_operator.py:126} INFO - 2020-07-31
[2020-07-31 05:06:16,219] {bash_operator.py:126} INFO - 2020-08-07
[2020-07-31 05:06:16,219] {bash_operator.py:126} INFO - Parameter I passed in
[2020-07-31 05:06:16,219] {bash_operator.py:126} INFO - 2020-07-31
[2020-07-31 05:06:16,220] {bash_operator.py:126} INFO - 2020-08-07
[2020-07-31 05:06:16,220] {bash_operator.py:126} INFO - Parameter I passed in
[2020-07-31 05:06:16,220] {bash_operator.py:126} INFO - 2020-07-31
[2020-07-31 05:06:16,220] {bash_operator.py:126} INFO - 2020-08-07
[2020-07-31 05:06:16,220] {bash_operator.py:126} INFO - Parameter I passed in
[2020-07-31 05:06:16,220] {bash_operator.py:130} INFO - Command exited with return code 0
[2020-07-31 05:06:16,250] {taskinstance.py:1048} INFO - Marking task as SUCCESS.dag_id=tutorial, task_id=templated, execution_date=20200731T050500, start_date=20200731T050615, end_date=20200731T050616
[2020-07-31 05:06:25,867] {logging_mixin.py:112} INFO - [2020-07-31 05:06:25,866] {local_task_job.py:103} INFO - Task exited with return code 0
