[2020-07-31 00:15:13,520] {taskinstance.py:655} INFO - Dependencies all met for <TaskInstance: tutorial.templated 2020-07-31T00:14:00+00:00 [queued]>
[2020-07-31 00:15:13,579] {taskinstance.py:655} INFO - Dependencies all met for <TaskInstance: tutorial.templated 2020-07-31T00:14:00+00:00 [queued]>
[2020-07-31 00:15:13,580] {taskinstance.py:866} INFO - 
--------------------------------------------------------------------------------
[2020-07-31 00:15:13,580] {taskinstance.py:867} INFO - Starting attempt 1 of 2
[2020-07-31 00:15:13,581] {taskinstance.py:868} INFO - 
--------------------------------------------------------------------------------
[2020-07-31 00:15:13,604] {taskinstance.py:887} INFO - Executing <Task(BashOperator): templated> on 2020-07-31T00:14:00+00:00
[2020-07-31 00:15:13,613] {standard_task_runner.py:53} INFO - Started process 6655 to run task
[2020-07-31 00:15:13,753] {logging_mixin.py:112} INFO - Running %s on host %s <TaskInstance: tutorial.templated 2020-07-31T00:14:00+00:00 [running]> 02f6ef7ded4c
[2020-07-31 00:15:13,830] {bash_operator.py:82} INFO - Tmp dir root location: 
 /tmp
[2020-07-31 00:15:13,832] {bash_operator.py:105} INFO - Temporary script location: /tmp/airflowtmp1ayxsh30/templatedj6vx_l6m
[2020-07-31 00:15:13,832] {bash_operator.py:115} INFO - Running command: 

    echo "2020-07-31"
    echo "2020-08-07"
    echo "Parameter I passed in"

    echo "2020-07-31"
    echo "2020-08-07"
    echo "Parameter I passed in"

    echo "2020-07-31"
    echo "2020-08-07"
    echo "Parameter I passed in"

    echo "2020-07-31"
    echo "2020-08-07"
    echo "Parameter I passed in"

    echo "2020-07-31"
    echo "2020-08-07"
    echo "Parameter I passed in"

[2020-07-31 00:15:13,848] {bash_operator.py:122} INFO - Output:
[2020-07-31 00:15:13,850] {bash_operator.py:126} INFO - 2020-07-31
[2020-07-31 00:15:13,851] {bash_operator.py:126} INFO - 2020-08-07
[2020-07-31 00:15:13,851] {bash_operator.py:126} INFO - Parameter I passed in
[2020-07-31 00:15:13,851] {bash_operator.py:126} INFO - 2020-07-31
[2020-07-31 00:15:13,851] {bash_operator.py:126} INFO - 2020-08-07
[2020-07-31 00:15:13,851] {bash_operator.py:126} INFO - Parameter I passed in
[2020-07-31 00:15:13,851] {bash_operator.py:126} INFO - 2020-07-31
[2020-07-31 00:15:13,851] {bash_operator.py:126} INFO - 2020-08-07
[2020-07-31 00:15:13,851] {bash_operator.py:126} INFO - Parameter I passed in
[2020-07-31 00:15:13,851] {bash_operator.py:126} INFO - 2020-07-31
[2020-07-31 00:15:13,851] {bash_operator.py:126} INFO - 2020-08-07
[2020-07-31 00:15:13,851] {bash_operator.py:126} INFO - Parameter I passed in
[2020-07-31 00:15:13,851] {bash_operator.py:126} INFO - 2020-07-31
[2020-07-31 00:15:13,851] {bash_operator.py:126} INFO - 2020-08-07
[2020-07-31 00:15:13,851] {bash_operator.py:126} INFO - Parameter I passed in
[2020-07-31 00:15:13,852] {bash_operator.py:130} INFO - Command exited with return code 0
[2020-07-31 00:15:13,879] {taskinstance.py:1048} INFO - Marking task as SUCCESS.dag_id=tutorial, task_id=templated, execution_date=20200731T001400, start_date=20200731T001513, end_date=20200731T001513
[2020-07-31 00:15:23,463] {logging_mixin.py:112} INFO - [2020-07-31 00:15:23,462] {local_task_job.py:103} INFO - Task exited with return code 0
