[2020-07-30 20:37:12,167] {taskinstance.py:655} INFO - Dependencies all met for <TaskInstance: tutorial.templated 2020-07-30T20:36:00+00:00 [queued]>
[2020-07-30 20:37:12,222] {taskinstance.py:655} INFO - Dependencies all met for <TaskInstance: tutorial.templated 2020-07-30T20:36:00+00:00 [queued]>
[2020-07-30 20:37:12,222] {taskinstance.py:866} INFO - 
--------------------------------------------------------------------------------
[2020-07-30 20:37:12,222] {taskinstance.py:867} INFO - Starting attempt 1 of 2
[2020-07-30 20:37:12,222] {taskinstance.py:868} INFO - 
--------------------------------------------------------------------------------
[2020-07-30 20:37:12,235] {taskinstance.py:887} INFO - Executing <Task(BashOperator): templated> on 2020-07-30T20:36:00+00:00
[2020-07-30 20:37:12,241] {standard_task_runner.py:53} INFO - Started process 19737 to run task
[2020-07-30 20:37:12,380] {logging_mixin.py:112} INFO - Running %s on host %s <TaskInstance: tutorial.templated 2020-07-30T20:36:00+00:00 [running]> 02f6ef7ded4c
[2020-07-30 20:37:12,451] {bash_operator.py:82} INFO - Tmp dir root location: 
 /tmp
[2020-07-30 20:37:12,454] {bash_operator.py:105} INFO - Temporary script location: /tmp/airflowtmpc09rsiu5/templatedsb40pybl
[2020-07-30 20:37:12,454] {bash_operator.py:115} INFO - Running command: 

    echo "2020-07-30"
    echo "2020-08-06"
    echo "Parameter I passed in"

    echo "2020-07-30"
    echo "2020-08-06"
    echo "Parameter I passed in"

    echo "2020-07-30"
    echo "2020-08-06"
    echo "Parameter I passed in"

    echo "2020-07-30"
    echo "2020-08-06"
    echo "Parameter I passed in"

    echo "2020-07-30"
    echo "2020-08-06"
    echo "Parameter I passed in"

[2020-07-30 20:37:12,472] {bash_operator.py:122} INFO - Output:
[2020-07-30 20:37:12,474] {bash_operator.py:126} INFO - 2020-07-30
[2020-07-30 20:37:12,474] {bash_operator.py:126} INFO - 2020-08-06
[2020-07-30 20:37:12,474] {bash_operator.py:126} INFO - Parameter I passed in
[2020-07-30 20:37:12,475] {bash_operator.py:126} INFO - 2020-07-30
[2020-07-30 20:37:12,475] {bash_operator.py:126} INFO - 2020-08-06
[2020-07-30 20:37:12,475] {bash_operator.py:126} INFO - Parameter I passed in
[2020-07-30 20:37:12,475] {bash_operator.py:126} INFO - 2020-07-30
[2020-07-30 20:37:12,475] {bash_operator.py:126} INFO - 2020-08-06
[2020-07-30 20:37:12,475] {bash_operator.py:126} INFO - Parameter I passed in
[2020-07-30 20:37:12,475] {bash_operator.py:126} INFO - 2020-07-30
[2020-07-30 20:37:12,475] {bash_operator.py:126} INFO - 2020-08-06
[2020-07-30 20:37:12,475] {bash_operator.py:126} INFO - Parameter I passed in
[2020-07-30 20:37:12,475] {bash_operator.py:126} INFO - 2020-07-30
[2020-07-30 20:37:12,475] {bash_operator.py:126} INFO - 2020-08-06
[2020-07-30 20:37:12,475] {bash_operator.py:126} INFO - Parameter I passed in
[2020-07-30 20:37:12,476] {bash_operator.py:130} INFO - Command exited with return code 0
[2020-07-30 20:37:12,503] {taskinstance.py:1048} INFO - Marking task as SUCCESS.dag_id=tutorial, task_id=templated, execution_date=20200730T203600, start_date=20200730T203712, end_date=20200730T203712
[2020-07-30 20:37:22,121] {logging_mixin.py:112} INFO - [2020-07-30 20:37:22,120] {local_task_job.py:103} INFO - Task exited with return code 0
