[2020-07-31 02:02:15,157] {taskinstance.py:655} INFO - Dependencies all met for <TaskInstance: tutorial.templated 2020-07-31T02:01:00+00:00 [queued]>
[2020-07-31 02:02:15,206] {taskinstance.py:655} INFO - Dependencies all met for <TaskInstance: tutorial.templated 2020-07-31T02:01:00+00:00 [queued]>
[2020-07-31 02:02:15,207] {taskinstance.py:866} INFO - 
--------------------------------------------------------------------------------
[2020-07-31 02:02:15,207] {taskinstance.py:867} INFO - Starting attempt 1 of 2
[2020-07-31 02:02:15,207] {taskinstance.py:868} INFO - 
--------------------------------------------------------------------------------
[2020-07-31 02:02:15,234] {taskinstance.py:887} INFO - Executing <Task(BashOperator): templated> on 2020-07-31T02:01:00+00:00
[2020-07-31 02:02:15,242] {standard_task_runner.py:53} INFO - Started process 14978 to run task
[2020-07-31 02:02:15,387] {logging_mixin.py:112} INFO - Running %s on host %s <TaskInstance: tutorial.templated 2020-07-31T02:01:00+00:00 [running]> 02f6ef7ded4c
[2020-07-31 02:02:15,469] {bash_operator.py:82} INFO - Tmp dir root location: 
 /tmp
[2020-07-31 02:02:15,471] {bash_operator.py:105} INFO - Temporary script location: /tmp/airflowtmp4qeut3dl/templatedwodvm86c
[2020-07-31 02:02:15,471] {bash_operator.py:115} INFO - Running command: 

    echo "2020-07-31"
    echo "2020-08-07"
    echo "Parameter I passed in"

    echo "2020-07-31"
    echo "2020-08-07"
    echo "Parameter I passed in"

    echo "2020-07-31"
    echo "2020-08-07"
    echo "Parameter I passed in"

    echo "2020-07-31"
    echo "2020-08-07"
    echo "Parameter I passed in"

    echo "2020-07-31"
    echo "2020-08-07"
    echo "Parameter I passed in"

[2020-07-31 02:02:15,487] {bash_operator.py:122} INFO - Output:
[2020-07-31 02:02:15,490] {bash_operator.py:126} INFO - 2020-07-31
[2020-07-31 02:02:15,490] {bash_operator.py:126} INFO - 2020-08-07
[2020-07-31 02:02:15,490] {bash_operator.py:126} INFO - Parameter I passed in
[2020-07-31 02:02:15,490] {bash_operator.py:126} INFO - 2020-07-31
[2020-07-31 02:02:15,490] {bash_operator.py:126} INFO - 2020-08-07
[2020-07-31 02:02:15,490] {bash_operator.py:126} INFO - Parameter I passed in
[2020-07-31 02:02:15,490] {bash_operator.py:126} INFO - 2020-07-31
[2020-07-31 02:02:15,490] {bash_operator.py:126} INFO - 2020-08-07
[2020-07-31 02:02:15,491] {bash_operator.py:126} INFO - Parameter I passed in
[2020-07-31 02:02:15,491] {bash_operator.py:126} INFO - 2020-07-31
[2020-07-31 02:02:15,491] {bash_operator.py:126} INFO - 2020-08-07
[2020-07-31 02:02:15,491] {bash_operator.py:126} INFO - Parameter I passed in
[2020-07-31 02:02:15,491] {bash_operator.py:126} INFO - 2020-07-31
[2020-07-31 02:02:15,491] {bash_operator.py:126} INFO - 2020-08-07
[2020-07-31 02:02:15,491] {bash_operator.py:126} INFO - Parameter I passed in
[2020-07-31 02:02:15,491] {bash_operator.py:130} INFO - Command exited with return code 0
[2020-07-31 02:02:15,523] {taskinstance.py:1048} INFO - Marking task as SUCCESS.dag_id=tutorial, task_id=templated, execution_date=20200731T020100, start_date=20200731T020215, end_date=20200731T020215
[2020-07-31 02:02:25,105] {logging_mixin.py:112} INFO - [2020-07-31 02:02:25,104] {local_task_job.py:103} INFO - Task exited with return code 0
