[2020-07-30 23:47:15,901] {taskinstance.py:655} INFO - Dependencies all met for <TaskInstance: tutorial.templated 2020-07-30T23:46:00+00:00 [queued]>
[2020-07-30 23:47:15,943] {taskinstance.py:655} INFO - Dependencies all met for <TaskInstance: tutorial.templated 2020-07-30T23:46:00+00:00 [queued]>
[2020-07-30 23:47:15,944] {taskinstance.py:866} INFO - 
--------------------------------------------------------------------------------
[2020-07-30 23:47:15,944] {taskinstance.py:867} INFO - Starting attempt 1 of 2
[2020-07-30 23:47:15,944] {taskinstance.py:868} INFO - 
--------------------------------------------------------------------------------
[2020-07-30 23:47:15,976] {taskinstance.py:887} INFO - Executing <Task(BashOperator): templated> on 2020-07-30T23:46:00+00:00
[2020-07-30 23:47:15,985] {standard_task_runner.py:53} INFO - Started process 19985 to run task
[2020-07-30 23:47:16,110] {logging_mixin.py:112} INFO - Running %s on host %s <TaskInstance: tutorial.templated 2020-07-30T23:46:00+00:00 [running]> 02f6ef7ded4c
[2020-07-30 23:47:16,176] {bash_operator.py:82} INFO - Tmp dir root location: 
 /tmp
[2020-07-30 23:47:16,178] {bash_operator.py:105} INFO - Temporary script location: /tmp/airflowtmpg46totr9/templatedk46jz4pt
[2020-07-30 23:47:16,178] {bash_operator.py:115} INFO - Running command: 

    echo "2020-07-30"
    echo "2020-08-06"
    echo "Parameter I passed in"

    echo "2020-07-30"
    echo "2020-08-06"
    echo "Parameter I passed in"

    echo "2020-07-30"
    echo "2020-08-06"
    echo "Parameter I passed in"

    echo "2020-07-30"
    echo "2020-08-06"
    echo "Parameter I passed in"

    echo "2020-07-30"
    echo "2020-08-06"
    echo "Parameter I passed in"

[2020-07-30 23:47:16,196] {bash_operator.py:122} INFO - Output:
[2020-07-30 23:47:16,198] {bash_operator.py:126} INFO - 2020-07-30
[2020-07-30 23:47:16,199] {bash_operator.py:126} INFO - 2020-08-06
[2020-07-30 23:47:16,199] {bash_operator.py:126} INFO - Parameter I passed in
[2020-07-30 23:47:16,199] {bash_operator.py:126} INFO - 2020-07-30
[2020-07-30 23:47:16,199] {bash_operator.py:126} INFO - 2020-08-06
[2020-07-30 23:47:16,199] {bash_operator.py:126} INFO - Parameter I passed in
[2020-07-30 23:47:16,199] {bash_operator.py:126} INFO - 2020-07-30
[2020-07-30 23:47:16,199] {bash_operator.py:126} INFO - 2020-08-06
[2020-07-30 23:47:16,199] {bash_operator.py:126} INFO - Parameter I passed in
[2020-07-30 23:47:16,199] {bash_operator.py:126} INFO - 2020-07-30
[2020-07-30 23:47:16,199] {bash_operator.py:126} INFO - 2020-08-06
[2020-07-30 23:47:16,199] {bash_operator.py:126} INFO - Parameter I passed in
[2020-07-30 23:47:16,199] {bash_operator.py:126} INFO - 2020-07-30
[2020-07-30 23:47:16,199] {bash_operator.py:126} INFO - 2020-08-06
[2020-07-30 23:47:16,200] {bash_operator.py:126} INFO - Parameter I passed in
[2020-07-30 23:47:16,200] {bash_operator.py:130} INFO - Command exited with return code 0
[2020-07-30 23:47:16,225] {taskinstance.py:1048} INFO - Marking task as SUCCESS.dag_id=tutorial, task_id=templated, execution_date=20200730T234600, start_date=20200730T234715, end_date=20200730T234716
[2020-07-30 23:47:25,843] {logging_mixin.py:112} INFO - [2020-07-30 23:47:25,842] {local_task_job.py:103} INFO - Task exited with return code 0
