[2020-07-30 15:47:11,601] {taskinstance.py:655} INFO - Dependencies all met for <TaskInstance: tutorial.templated 2020-07-30T15:46:00+00:00 [queued]>
[2020-07-30 15:47:11,664] {taskinstance.py:655} INFO - Dependencies all met for <TaskInstance: tutorial.templated 2020-07-30T15:46:00+00:00 [queued]>
[2020-07-30 15:47:11,664] {taskinstance.py:866} INFO - 
--------------------------------------------------------------------------------
[2020-07-30 15:47:11,664] {taskinstance.py:867} INFO - Starting attempt 1 of 2
[2020-07-30 15:47:11,664] {taskinstance.py:868} INFO - 
--------------------------------------------------------------------------------
[2020-07-30 15:47:11,678] {taskinstance.py:887} INFO - Executing <Task(BashOperator): templated> on 2020-07-30T15:46:00+00:00
[2020-07-30 15:47:11,685] {standard_task_runner.py:53} INFO - Started process 15997 to run task
[2020-07-30 15:47:11,809] {logging_mixin.py:112} INFO - Running %s on host %s <TaskInstance: tutorial.templated 2020-07-30T15:46:00+00:00 [running]> 02f6ef7ded4c
[2020-07-30 15:47:11,888] {bash_operator.py:82} INFO - Tmp dir root location: 
 /tmp
[2020-07-30 15:47:11,891] {bash_operator.py:105} INFO - Temporary script location: /tmp/airflowtmpcv1e5x56/templateduvtz5ktd
[2020-07-30 15:47:11,891] {bash_operator.py:115} INFO - Running command: 

    echo "2020-07-30"
    echo "2020-08-06"
    echo "Parameter I passed in"

    echo "2020-07-30"
    echo "2020-08-06"
    echo "Parameter I passed in"

    echo "2020-07-30"
    echo "2020-08-06"
    echo "Parameter I passed in"

    echo "2020-07-30"
    echo "2020-08-06"
    echo "Parameter I passed in"

    echo "2020-07-30"
    echo "2020-08-06"
    echo "Parameter I passed in"

[2020-07-30 15:47:11,908] {bash_operator.py:122} INFO - Output:
[2020-07-30 15:47:11,911] {bash_operator.py:126} INFO - 2020-07-30
[2020-07-30 15:47:11,912] {bash_operator.py:126} INFO - 2020-08-06
[2020-07-30 15:47:11,912] {bash_operator.py:126} INFO - Parameter I passed in
[2020-07-30 15:47:11,912] {bash_operator.py:126} INFO - 2020-07-30
[2020-07-30 15:47:11,912] {bash_operator.py:126} INFO - 2020-08-06
[2020-07-30 15:47:11,913] {bash_operator.py:126} INFO - Parameter I passed in
[2020-07-30 15:47:11,913] {bash_operator.py:126} INFO - 2020-07-30
[2020-07-30 15:47:11,913] {bash_operator.py:126} INFO - 2020-08-06
[2020-07-30 15:47:11,913] {bash_operator.py:126} INFO - Parameter I passed in
[2020-07-30 15:47:11,913] {bash_operator.py:126} INFO - 2020-07-30
[2020-07-30 15:47:11,913] {bash_operator.py:126} INFO - 2020-08-06
[2020-07-30 15:47:11,913] {bash_operator.py:126} INFO - Parameter I passed in
[2020-07-30 15:47:11,913] {bash_operator.py:126} INFO - 2020-07-30
[2020-07-30 15:47:11,914] {bash_operator.py:126} INFO - 2020-08-06
[2020-07-30 15:47:11,914] {bash_operator.py:126} INFO - Parameter I passed in
[2020-07-30 15:47:11,915] {bash_operator.py:130} INFO - Command exited with return code 0
[2020-07-30 15:47:11,942] {taskinstance.py:1048} INFO - Marking task as SUCCESS.dag_id=tutorial, task_id=templated, execution_date=20200730T154600, start_date=20200730T154711, end_date=20200730T154711
[2020-07-30 15:47:21,541] {logging_mixin.py:112} INFO - [2020-07-30 15:47:21,540] {local_task_job.py:103} INFO - Task exited with return code 0
