[2020-07-31 02:21:14,339] {taskinstance.py:655} INFO - Dependencies all met for <TaskInstance: tutorial.templated 2020-07-31T02:20:00+00:00 [queued]>
[2020-07-31 02:21:14,388] {taskinstance.py:655} INFO - Dependencies all met for <TaskInstance: tutorial.templated 2020-07-31T02:20:00+00:00 [queued]>
[2020-07-31 02:21:14,388] {taskinstance.py:866} INFO - 
--------------------------------------------------------------------------------
[2020-07-31 02:21:14,388] {taskinstance.py:867} INFO - Starting attempt 1 of 2
[2020-07-31 02:21:14,388] {taskinstance.py:868} INFO - 
--------------------------------------------------------------------------------
[2020-07-31 02:21:14,416] {taskinstance.py:887} INFO - Executing <Task(BashOperator): templated> on 2020-07-31T02:20:00+00:00
[2020-07-31 02:21:14,424] {standard_task_runner.py:53} INFO - Started process 27969 to run task
[2020-07-31 02:21:14,574] {logging_mixin.py:112} INFO - Running %s on host %s <TaskInstance: tutorial.templated 2020-07-31T02:20:00+00:00 [running]> 02f6ef7ded4c
[2020-07-31 02:21:14,634] {bash_operator.py:82} INFO - Tmp dir root location: 
 /tmp
[2020-07-31 02:21:14,636] {bash_operator.py:105} INFO - Temporary script location: /tmp/airflowtmpaqupqw3g/templated284e3d4x
[2020-07-31 02:21:14,637] {bash_operator.py:115} INFO - Running command: 

    echo "2020-07-31"
    echo "2020-08-07"
    echo "Parameter I passed in"

    echo "2020-07-31"
    echo "2020-08-07"
    echo "Parameter I passed in"

    echo "2020-07-31"
    echo "2020-08-07"
    echo "Parameter I passed in"

    echo "2020-07-31"
    echo "2020-08-07"
    echo "Parameter I passed in"

    echo "2020-07-31"
    echo "2020-08-07"
    echo "Parameter I passed in"

[2020-07-31 02:21:14,653] {bash_operator.py:122} INFO - Output:
[2020-07-31 02:21:14,655] {bash_operator.py:126} INFO - 2020-07-31
[2020-07-31 02:21:14,656] {bash_operator.py:126} INFO - 2020-08-07
[2020-07-31 02:21:14,656] {bash_operator.py:126} INFO - Parameter I passed in
[2020-07-31 02:21:14,656] {bash_operator.py:126} INFO - 2020-07-31
[2020-07-31 02:21:14,656] {bash_operator.py:126} INFO - 2020-08-07
[2020-07-31 02:21:14,656] {bash_operator.py:126} INFO - Parameter I passed in
[2020-07-31 02:21:14,656] {bash_operator.py:126} INFO - 2020-07-31
[2020-07-31 02:21:14,656] {bash_operator.py:126} INFO - 2020-08-07
[2020-07-31 02:21:14,656] {bash_operator.py:126} INFO - Parameter I passed in
[2020-07-31 02:21:14,656] {bash_operator.py:126} INFO - 2020-07-31
[2020-07-31 02:21:14,656] {bash_operator.py:126} INFO - 2020-08-07
[2020-07-31 02:21:14,657] {bash_operator.py:126} INFO - Parameter I passed in
[2020-07-31 02:21:14,657] {bash_operator.py:126} INFO - 2020-07-31
[2020-07-31 02:21:14,657] {bash_operator.py:126} INFO - 2020-08-07
[2020-07-31 02:21:14,657] {bash_operator.py:126} INFO - Parameter I passed in
[2020-07-31 02:21:14,657] {bash_operator.py:130} INFO - Command exited with return code 0
[2020-07-31 02:21:14,684] {taskinstance.py:1048} INFO - Marking task as SUCCESS.dag_id=tutorial, task_id=templated, execution_date=20200731T022000, start_date=20200731T022114, end_date=20200731T022114
[2020-07-31 02:21:24,299] {logging_mixin.py:112} INFO - [2020-07-31 02:21:24,299] {local_task_job.py:103} INFO - Task exited with return code 0
