[2020-07-31 04:09:14,179] {taskinstance.py:655} INFO - Dependencies all met for <TaskInstance: tutorial.templated 2020-07-31T04:08:00+00:00 [queued]>
[2020-07-31 04:09:14,220] {taskinstance.py:655} INFO - Dependencies all met for <TaskInstance: tutorial.templated 2020-07-31T04:08:00+00:00 [queued]>
[2020-07-31 04:09:14,221] {taskinstance.py:866} INFO - 
--------------------------------------------------------------------------------
[2020-07-31 04:09:14,221] {taskinstance.py:867} INFO - Starting attempt 1 of 2
[2020-07-31 04:09:14,221] {taskinstance.py:868} INFO - 
--------------------------------------------------------------------------------
[2020-07-31 04:09:14,258] {taskinstance.py:887} INFO - Executing <Task(BashOperator): templated> on 2020-07-31T04:08:00+00:00
[2020-07-31 04:09:14,265] {standard_task_runner.py:53} INFO - Started process 4488 to run task
[2020-07-31 04:09:14,395] {logging_mixin.py:112} INFO - Running %s on host %s <TaskInstance: tutorial.templated 2020-07-31T04:08:00+00:00 [running]> 02f6ef7ded4c
[2020-07-31 04:09:14,454] {bash_operator.py:82} INFO - Tmp dir root location: 
 /tmp
[2020-07-31 04:09:14,456] {bash_operator.py:105} INFO - Temporary script location: /tmp/airflowtmpbnl1rzkl/templatedvj66vjwu
[2020-07-31 04:09:14,456] {bash_operator.py:115} INFO - Running command: 

    echo "2020-07-31"
    echo "2020-08-07"
    echo "Parameter I passed in"

    echo "2020-07-31"
    echo "2020-08-07"
    echo "Parameter I passed in"

    echo "2020-07-31"
    echo "2020-08-07"
    echo "Parameter I passed in"

    echo "2020-07-31"
    echo "2020-08-07"
    echo "Parameter I passed in"

    echo "2020-07-31"
    echo "2020-08-07"
    echo "Parameter I passed in"

[2020-07-31 04:09:14,469] {bash_operator.py:122} INFO - Output:
[2020-07-31 04:09:14,471] {bash_operator.py:126} INFO - 2020-07-31
[2020-07-31 04:09:14,472] {bash_operator.py:126} INFO - 2020-08-07
[2020-07-31 04:09:14,472] {bash_operator.py:126} INFO - Parameter I passed in
[2020-07-31 04:09:14,472] {bash_operator.py:126} INFO - 2020-07-31
[2020-07-31 04:09:14,472] {bash_operator.py:126} INFO - 2020-08-07
[2020-07-31 04:09:14,472] {bash_operator.py:126} INFO - Parameter I passed in
[2020-07-31 04:09:14,472] {bash_operator.py:126} INFO - 2020-07-31
[2020-07-31 04:09:14,472] {bash_operator.py:126} INFO - 2020-08-07
[2020-07-31 04:09:14,472] {bash_operator.py:126} INFO - Parameter I passed in
[2020-07-31 04:09:14,472] {bash_operator.py:126} INFO - 2020-07-31
[2020-07-31 04:09:14,472] {bash_operator.py:126} INFO - 2020-08-07
[2020-07-31 04:09:14,472] {bash_operator.py:126} INFO - Parameter I passed in
[2020-07-31 04:09:14,472] {bash_operator.py:126} INFO - 2020-07-31
[2020-07-31 04:09:14,472] {bash_operator.py:126} INFO - 2020-08-07
[2020-07-31 04:09:14,473] {bash_operator.py:126} INFO - Parameter I passed in
[2020-07-31 04:09:14,473] {bash_operator.py:130} INFO - Command exited with return code 0
[2020-07-31 04:09:14,499] {taskinstance.py:1048} INFO - Marking task as SUCCESS.dag_id=tutorial, task_id=templated, execution_date=20200731T040800, start_date=20200731T040914, end_date=20200731T040914
[2020-07-31 04:09:24,140] {logging_mixin.py:112} INFO - [2020-07-31 04:09:24,139] {local_task_job.py:103} INFO - Task exited with return code 0
