[2020-07-30 22:27:12,228] {taskinstance.py:655} INFO - Dependencies all met for <TaskInstance: tutorial.templated 2020-07-30T22:26:00+00:00 [queued]>
[2020-07-30 22:27:12,283] {taskinstance.py:655} INFO - Dependencies all met for <TaskInstance: tutorial.templated 2020-07-30T22:26:00+00:00 [queued]>
[2020-07-30 22:27:12,284] {taskinstance.py:866} INFO - 
--------------------------------------------------------------------------------
[2020-07-30 22:27:12,284] {taskinstance.py:867} INFO - Starting attempt 1 of 2
[2020-07-30 22:27:12,284] {taskinstance.py:868} INFO - 
--------------------------------------------------------------------------------
[2020-07-30 22:27:12,316] {taskinstance.py:887} INFO - Executing <Task(BashOperator): templated> on 2020-07-30T22:26:00+00:00
[2020-07-30 22:27:12,322] {standard_task_runner.py:53} INFO - Started process 30119 to run task
[2020-07-30 22:27:12,469] {logging_mixin.py:112} INFO - Running %s on host %s <TaskInstance: tutorial.templated 2020-07-30T22:26:00+00:00 [running]> 02f6ef7ded4c
[2020-07-30 22:27:12,548] {bash_operator.py:82} INFO - Tmp dir root location: 
 /tmp
[2020-07-30 22:27:12,551] {bash_operator.py:105} INFO - Temporary script location: /tmp/airflowtmpdh2z7x5b/templatedg5ot6aei
[2020-07-30 22:27:12,551] {bash_operator.py:115} INFO - Running command: 

    echo "2020-07-30"
    echo "2020-08-06"
    echo "Parameter I passed in"

    echo "2020-07-30"
    echo "2020-08-06"
    echo "Parameter I passed in"

    echo "2020-07-30"
    echo "2020-08-06"
    echo "Parameter I passed in"

    echo "2020-07-30"
    echo "2020-08-06"
    echo "Parameter I passed in"

    echo "2020-07-30"
    echo "2020-08-06"
    echo "Parameter I passed in"

[2020-07-30 22:27:12,569] {bash_operator.py:122} INFO - Output:
[2020-07-30 22:27:12,571] {bash_operator.py:126} INFO - 2020-07-30
[2020-07-30 22:27:12,572] {bash_operator.py:126} INFO - 2020-08-06
[2020-07-30 22:27:12,572] {bash_operator.py:126} INFO - Parameter I passed in
[2020-07-30 22:27:12,572] {bash_operator.py:126} INFO - 2020-07-30
[2020-07-30 22:27:12,572] {bash_operator.py:126} INFO - 2020-08-06
[2020-07-30 22:27:12,572] {bash_operator.py:126} INFO - Parameter I passed in
[2020-07-30 22:27:12,572] {bash_operator.py:126} INFO - 2020-07-30
[2020-07-30 22:27:12,572] {bash_operator.py:126} INFO - 2020-08-06
[2020-07-30 22:27:12,572] {bash_operator.py:126} INFO - Parameter I passed in
[2020-07-30 22:27:12,572] {bash_operator.py:126} INFO - 2020-07-30
[2020-07-30 22:27:12,572] {bash_operator.py:126} INFO - 2020-08-06
[2020-07-30 22:27:12,572] {bash_operator.py:126} INFO - Parameter I passed in
[2020-07-30 22:27:12,572] {bash_operator.py:126} INFO - 2020-07-30
[2020-07-30 22:27:12,572] {bash_operator.py:126} INFO - 2020-08-06
[2020-07-30 22:27:12,572] {bash_operator.py:126} INFO - Parameter I passed in
[2020-07-30 22:27:12,573] {bash_operator.py:130} INFO - Command exited with return code 0
[2020-07-30 22:27:12,599] {taskinstance.py:1048} INFO - Marking task as SUCCESS.dag_id=tutorial, task_id=templated, execution_date=20200730T222600, start_date=20200730T222712, end_date=20200730T222712
[2020-07-30 22:27:22,177] {logging_mixin.py:112} INFO - [2020-07-30 22:27:22,176] {local_task_job.py:103} INFO - Task exited with return code 0
