[2020-07-31 01:24:16,556] {taskinstance.py:655} INFO - Dependencies all met for <TaskInstance: tutorial.templated 2020-07-31T01:23:00+00:00 [queued]>
[2020-07-31 01:24:16,617] {taskinstance.py:655} INFO - Dependencies all met for <TaskInstance: tutorial.templated 2020-07-31T01:23:00+00:00 [queued]>
[2020-07-31 01:24:16,618] {taskinstance.py:866} INFO - 
--------------------------------------------------------------------------------
[2020-07-31 01:24:16,618] {taskinstance.py:867} INFO - Starting attempt 1 of 2
[2020-07-31 01:24:16,618] {taskinstance.py:868} INFO - 
--------------------------------------------------------------------------------
[2020-07-31 01:24:16,645] {taskinstance.py:887} INFO - Executing <Task(BashOperator): templated> on 2020-07-31T01:23:00+00:00
[2020-07-31 01:24:16,652] {standard_task_runner.py:53} INFO - Started process 21463 to run task
[2020-07-31 01:24:16,788] {logging_mixin.py:112} INFO - Running %s on host %s <TaskInstance: tutorial.templated 2020-07-31T01:23:00+00:00 [running]> 02f6ef7ded4c
[2020-07-31 01:24:16,851] {bash_operator.py:82} INFO - Tmp dir root location: 
 /tmp
[2020-07-31 01:24:16,853] {bash_operator.py:105} INFO - Temporary script location: /tmp/airflowtmp7rz35g4f/templatedt7el6tk1
[2020-07-31 01:24:16,853] {bash_operator.py:115} INFO - Running command: 

    echo "2020-07-31"
    echo "2020-08-07"
    echo "Parameter I passed in"

    echo "2020-07-31"
    echo "2020-08-07"
    echo "Parameter I passed in"

    echo "2020-07-31"
    echo "2020-08-07"
    echo "Parameter I passed in"

    echo "2020-07-31"
    echo "2020-08-07"
    echo "Parameter I passed in"

    echo "2020-07-31"
    echo "2020-08-07"
    echo "Parameter I passed in"

[2020-07-31 01:24:16,869] {bash_operator.py:122} INFO - Output:
[2020-07-31 01:24:16,872] {bash_operator.py:126} INFO - 2020-07-31
[2020-07-31 01:24:16,872] {bash_operator.py:126} INFO - 2020-08-07
[2020-07-31 01:24:16,872] {bash_operator.py:126} INFO - Parameter I passed in
[2020-07-31 01:24:16,872] {bash_operator.py:126} INFO - 2020-07-31
[2020-07-31 01:24:16,873] {bash_operator.py:126} INFO - 2020-08-07
[2020-07-31 01:24:16,873] {bash_operator.py:126} INFO - Parameter I passed in
[2020-07-31 01:24:16,873] {bash_operator.py:126} INFO - 2020-07-31
[2020-07-31 01:24:16,873] {bash_operator.py:126} INFO - 2020-08-07
[2020-07-31 01:24:16,873] {bash_operator.py:126} INFO - Parameter I passed in
[2020-07-31 01:24:16,873] {bash_operator.py:126} INFO - 2020-07-31
[2020-07-31 01:24:16,873] {bash_operator.py:126} INFO - 2020-08-07
[2020-07-31 01:24:16,873] {bash_operator.py:126} INFO - Parameter I passed in
[2020-07-31 01:24:16,874] {bash_operator.py:126} INFO - 2020-07-31
[2020-07-31 01:24:16,874] {bash_operator.py:126} INFO - 2020-08-07
[2020-07-31 01:24:16,874] {bash_operator.py:126} INFO - Parameter I passed in
[2020-07-31 01:24:16,874] {bash_operator.py:130} INFO - Command exited with return code 0
[2020-07-31 01:24:16,908] {taskinstance.py:1048} INFO - Marking task as SUCCESS.dag_id=tutorial, task_id=templated, execution_date=20200731T012300, start_date=20200731T012416, end_date=20200731T012416
[2020-07-31 01:24:26,499] {logging_mixin.py:112} INFO - [2020-07-31 01:24:26,498] {local_task_job.py:103} INFO - Task exited with return code 0
