[2020-07-30 15:20:15,471] {taskinstance.py:655} INFO - Dependencies all met for <TaskInstance: tutorial.templated 2020-07-30T15:19:00+00:00 [queued]>
[2020-07-30 15:20:15,528] {taskinstance.py:655} INFO - Dependencies all met for <TaskInstance: tutorial.templated 2020-07-30T15:19:00+00:00 [queued]>
[2020-07-30 15:20:15,529] {taskinstance.py:866} INFO - 
--------------------------------------------------------------------------------
[2020-07-30 15:20:15,529] {taskinstance.py:867} INFO - Starting attempt 1 of 2
[2020-07-30 15:20:15,529] {taskinstance.py:868} INFO - 
--------------------------------------------------------------------------------
[2020-07-30 15:20:15,547] {taskinstance.py:887} INFO - Executing <Task(BashOperator): templated> on 2020-07-30T15:19:00+00:00
[2020-07-30 15:20:15,555] {standard_task_runner.py:53} INFO - Started process 30014 to run task
[2020-07-30 15:20:15,672] {logging_mixin.py:112} INFO - Running %s on host %s <TaskInstance: tutorial.templated 2020-07-30T15:19:00+00:00 [running]> 02f6ef7ded4c
[2020-07-30 15:20:15,732] {bash_operator.py:82} INFO - Tmp dir root location: 
 /tmp
[2020-07-30 15:20:15,733] {bash_operator.py:105} INFO - Temporary script location: /tmp/airflowtmp6uvlzpbp/templatedp8_n5pls
[2020-07-30 15:20:15,733] {bash_operator.py:115} INFO - Running command: 

    echo "2020-07-30"
    echo "2020-08-06"
    echo "Parameter I passed in"

    echo "2020-07-30"
    echo "2020-08-06"
    echo "Parameter I passed in"

    echo "2020-07-30"
    echo "2020-08-06"
    echo "Parameter I passed in"

    echo "2020-07-30"
    echo "2020-08-06"
    echo "Parameter I passed in"

    echo "2020-07-30"
    echo "2020-08-06"
    echo "Parameter I passed in"

[2020-07-30 15:20:15,749] {bash_operator.py:122} INFO - Output:
[2020-07-30 15:20:15,751] {bash_operator.py:126} INFO - 2020-07-30
[2020-07-30 15:20:15,751] {bash_operator.py:126} INFO - 2020-08-06
[2020-07-30 15:20:15,751] {bash_operator.py:126} INFO - Parameter I passed in
[2020-07-30 15:20:15,751] {bash_operator.py:126} INFO - 2020-07-30
[2020-07-30 15:20:15,751] {bash_operator.py:126} INFO - 2020-08-06
[2020-07-30 15:20:15,751] {bash_operator.py:126} INFO - Parameter I passed in
[2020-07-30 15:20:15,751] {bash_operator.py:126} INFO - 2020-07-30
[2020-07-30 15:20:15,751] {bash_operator.py:126} INFO - 2020-08-06
[2020-07-30 15:20:15,751] {bash_operator.py:126} INFO - Parameter I passed in
[2020-07-30 15:20:15,751] {bash_operator.py:126} INFO - 2020-07-30
[2020-07-30 15:20:15,752] {bash_operator.py:126} INFO - 2020-08-06
[2020-07-30 15:20:15,752] {bash_operator.py:126} INFO - Parameter I passed in
[2020-07-30 15:20:15,752] {bash_operator.py:126} INFO - 2020-07-30
[2020-07-30 15:20:15,752] {bash_operator.py:126} INFO - 2020-08-06
[2020-07-30 15:20:15,752] {bash_operator.py:126} INFO - Parameter I passed in
[2020-07-30 15:20:15,752] {bash_operator.py:130} INFO - Command exited with return code 0
[2020-07-30 15:20:15,774] {taskinstance.py:1048} INFO - Marking task as SUCCESS.dag_id=tutorial, task_id=templated, execution_date=20200730T151900, start_date=20200730T152015, end_date=20200730T152015
[2020-07-30 15:20:25,414] {logging_mixin.py:112} INFO - [2020-07-30 15:20:25,413] {local_task_job.py:103} INFO - Task exited with return code 0
