[2020-07-31 05:45:08,780] {taskinstance.py:655} INFO - Dependencies all met for <TaskInstance: tutorial.templated 2020-07-31T05:44:00+00:00 [queued]>
[2020-07-31 05:45:08,827] {taskinstance.py:655} INFO - Dependencies all met for <TaskInstance: tutorial.templated 2020-07-31T05:44:00+00:00 [queued]>
[2020-07-31 05:45:08,828] {taskinstance.py:866} INFO - 
--------------------------------------------------------------------------------
[2020-07-31 05:45:08,828] {taskinstance.py:867} INFO - Starting attempt 1 of 2
[2020-07-31 05:45:08,828] {taskinstance.py:868} INFO - 
--------------------------------------------------------------------------------
[2020-07-31 05:45:08,858] {taskinstance.py:887} INFO - Executing <Task(BashOperator): templated> on 2020-07-31T05:44:00+00:00
[2020-07-31 05:45:08,866] {standard_task_runner.py:53} INFO - Started process 1436 to run task
[2020-07-31 05:45:08,992] {logging_mixin.py:112} INFO - Running %s on host %s <TaskInstance: tutorial.templated 2020-07-31T05:44:00+00:00 [running]> 02f6ef7ded4c
[2020-07-31 05:45:09,053] {bash_operator.py:82} INFO - Tmp dir root location: 
 /tmp
[2020-07-31 05:45:09,055] {bash_operator.py:105} INFO - Temporary script location: /tmp/airflowtmp87c5rvfc/templated3x_hg1o6
[2020-07-31 05:45:09,055] {bash_operator.py:115} INFO - Running command: 

    echo "2020-07-31"
    echo "2020-08-07"
    echo "Parameter I passed in"

    echo "2020-07-31"
    echo "2020-08-07"
    echo "Parameter I passed in"

    echo "2020-07-31"
    echo "2020-08-07"
    echo "Parameter I passed in"

    echo "2020-07-31"
    echo "2020-08-07"
    echo "Parameter I passed in"

    echo "2020-07-31"
    echo "2020-08-07"
    echo "Parameter I passed in"

[2020-07-31 05:45:09,071] {bash_operator.py:122} INFO - Output:
[2020-07-31 05:45:09,073] {bash_operator.py:126} INFO - 2020-07-31
[2020-07-31 05:45:09,073] {bash_operator.py:126} INFO - 2020-08-07
[2020-07-31 05:45:09,073] {bash_operator.py:126} INFO - Parameter I passed in
[2020-07-31 05:45:09,073] {bash_operator.py:126} INFO - 2020-07-31
[2020-07-31 05:45:09,073] {bash_operator.py:126} INFO - 2020-08-07
[2020-07-31 05:45:09,074] {bash_operator.py:126} INFO - Parameter I passed in
[2020-07-31 05:45:09,074] {bash_operator.py:126} INFO - 2020-07-31
[2020-07-31 05:45:09,074] {bash_operator.py:126} INFO - 2020-08-07
[2020-07-31 05:45:09,074] {bash_operator.py:126} INFO - Parameter I passed in
[2020-07-31 05:45:09,074] {bash_operator.py:126} INFO - 2020-07-31
[2020-07-31 05:45:09,074] {bash_operator.py:126} INFO - 2020-08-07
[2020-07-31 05:45:09,074] {bash_operator.py:126} INFO - Parameter I passed in
[2020-07-31 05:45:09,074] {bash_operator.py:126} INFO - 2020-07-31
[2020-07-31 05:45:09,074] {bash_operator.py:126} INFO - 2020-08-07
[2020-07-31 05:45:09,074] {bash_operator.py:126} INFO - Parameter I passed in
[2020-07-31 05:45:09,074] {bash_operator.py:130} INFO - Command exited with return code 0
[2020-07-31 05:45:09,113] {taskinstance.py:1048} INFO - Marking task as SUCCESS.dag_id=tutorial, task_id=templated, execution_date=20200731T054400, start_date=20200731T054508, end_date=20200731T054509
[2020-07-31 05:45:18,741] {logging_mixin.py:112} INFO - [2020-07-31 05:45:18,741] {local_task_job.py:103} INFO - Task exited with return code 0
