[2020-07-30 17:50:14,692] {taskinstance.py:655} INFO - Dependencies all met for <TaskInstance: tutorial.templated 2020-07-30T17:49:00+00:00 [queued]>
[2020-07-30 17:50:14,736] {taskinstance.py:655} INFO - Dependencies all met for <TaskInstance: tutorial.templated 2020-07-30T17:49:00+00:00 [queued]>
[2020-07-30 17:50:14,736] {taskinstance.py:866} INFO - 
--------------------------------------------------------------------------------
[2020-07-30 17:50:14,736] {taskinstance.py:867} INFO - Starting attempt 1 of 2
[2020-07-30 17:50:14,737] {taskinstance.py:868} INFO - 
--------------------------------------------------------------------------------
[2020-07-30 17:50:14,774] {taskinstance.py:887} INFO - Executing <Task(BashOperator): templated> on 2020-07-30T17:49:00+00:00
[2020-07-30 17:50:14,783] {standard_task_runner.py:53} INFO - Started process 2837 to run task
[2020-07-30 17:50:14,906] {logging_mixin.py:112} INFO - Running %s on host %s <TaskInstance: tutorial.templated 2020-07-30T17:49:00+00:00 [running]> 02f6ef7ded4c
[2020-07-30 17:50:14,968] {bash_operator.py:82} INFO - Tmp dir root location: 
 /tmp
[2020-07-30 17:50:14,969] {bash_operator.py:105} INFO - Temporary script location: /tmp/airflowtmpbzzhn9kx/templatedssm0qlmm
[2020-07-30 17:50:14,969] {bash_operator.py:115} INFO - Running command: 

    echo "2020-07-30"
    echo "2020-08-06"
    echo "Parameter I passed in"

    echo "2020-07-30"
    echo "2020-08-06"
    echo "Parameter I passed in"

    echo "2020-07-30"
    echo "2020-08-06"
    echo "Parameter I passed in"

    echo "2020-07-30"
    echo "2020-08-06"
    echo "Parameter I passed in"

    echo "2020-07-30"
    echo "2020-08-06"
    echo "Parameter I passed in"

[2020-07-30 17:50:14,986] {bash_operator.py:122} INFO - Output:
[2020-07-30 17:50:14,989] {bash_operator.py:126} INFO - 2020-07-30
[2020-07-30 17:50:14,989] {bash_operator.py:126} INFO - 2020-08-06
[2020-07-30 17:50:14,989] {bash_operator.py:126} INFO - Parameter I passed in
[2020-07-30 17:50:14,989] {bash_operator.py:126} INFO - 2020-07-30
[2020-07-30 17:50:14,990] {bash_operator.py:126} INFO - 2020-08-06
[2020-07-30 17:50:14,990] {bash_operator.py:126} INFO - Parameter I passed in
[2020-07-30 17:50:14,990] {bash_operator.py:126} INFO - 2020-07-30
[2020-07-30 17:50:14,990] {bash_operator.py:126} INFO - 2020-08-06
[2020-07-30 17:50:14,990] {bash_operator.py:126} INFO - Parameter I passed in
[2020-07-30 17:50:14,990] {bash_operator.py:126} INFO - 2020-07-30
[2020-07-30 17:50:14,990] {bash_operator.py:126} INFO - 2020-08-06
[2020-07-30 17:50:14,990] {bash_operator.py:126} INFO - Parameter I passed in
[2020-07-30 17:50:14,990] {bash_operator.py:126} INFO - 2020-07-30
[2020-07-30 17:50:14,990] {bash_operator.py:126} INFO - 2020-08-06
[2020-07-30 17:50:14,990] {bash_operator.py:126} INFO - Parameter I passed in
[2020-07-30 17:50:14,991] {bash_operator.py:130} INFO - Command exited with return code 0
[2020-07-30 17:50:15,021] {taskinstance.py:1048} INFO - Marking task as SUCCESS.dag_id=tutorial, task_id=templated, execution_date=20200730T174900, start_date=20200730T175014, end_date=20200730T175015
[2020-07-30 17:50:24,644] {logging_mixin.py:112} INFO - [2020-07-30 17:50:24,644] {local_task_job.py:103} INFO - Task exited with return code 0
