[2020-07-30 22:28:14,048] {taskinstance.py:655} INFO - Dependencies all met for <TaskInstance: tutorial.templated 2020-07-30T22:27:00+00:00 [queued]>
[2020-07-30 22:28:14,108] {taskinstance.py:655} INFO - Dependencies all met for <TaskInstance: tutorial.templated 2020-07-30T22:27:00+00:00 [queued]>
[2020-07-30 22:28:14,108] {taskinstance.py:866} INFO - 
--------------------------------------------------------------------------------
[2020-07-30 22:28:14,108] {taskinstance.py:867} INFO - Starting attempt 1 of 2
[2020-07-30 22:28:14,109] {taskinstance.py:868} INFO - 
--------------------------------------------------------------------------------
[2020-07-30 22:28:14,133] {taskinstance.py:887} INFO - Executing <Task(BashOperator): templated> on 2020-07-30T22:27:00+00:00
[2020-07-30 22:28:14,140] {standard_task_runner.py:53} INFO - Started process 30818 to run task
[2020-07-30 22:28:14,259] {logging_mixin.py:112} INFO - Running %s on host %s <TaskInstance: tutorial.templated 2020-07-30T22:27:00+00:00 [running]> 02f6ef7ded4c
[2020-07-30 22:28:14,318] {bash_operator.py:82} INFO - Tmp dir root location: 
 /tmp
[2020-07-30 22:28:14,320] {bash_operator.py:105} INFO - Temporary script location: /tmp/airflowtmp_tx4pc65/templatedde5zqx3v
[2020-07-30 22:28:14,320] {bash_operator.py:115} INFO - Running command: 

    echo "2020-07-30"
    echo "2020-08-06"
    echo "Parameter I passed in"

    echo "2020-07-30"
    echo "2020-08-06"
    echo "Parameter I passed in"

    echo "2020-07-30"
    echo "2020-08-06"
    echo "Parameter I passed in"

    echo "2020-07-30"
    echo "2020-08-06"
    echo "Parameter I passed in"

    echo "2020-07-30"
    echo "2020-08-06"
    echo "Parameter I passed in"

[2020-07-30 22:28:14,335] {bash_operator.py:122} INFO - Output:
[2020-07-30 22:28:14,338] {bash_operator.py:126} INFO - 2020-07-30
[2020-07-30 22:28:14,338] {bash_operator.py:126} INFO - 2020-08-06
[2020-07-30 22:28:14,338] {bash_operator.py:126} INFO - Parameter I passed in
[2020-07-30 22:28:14,338] {bash_operator.py:126} INFO - 2020-07-30
[2020-07-30 22:28:14,338] {bash_operator.py:126} INFO - 2020-08-06
[2020-07-30 22:28:14,338] {bash_operator.py:126} INFO - Parameter I passed in
[2020-07-30 22:28:14,338] {bash_operator.py:126} INFO - 2020-07-30
[2020-07-30 22:28:14,338] {bash_operator.py:126} INFO - 2020-08-06
[2020-07-30 22:28:14,339] {bash_operator.py:126} INFO - Parameter I passed in
[2020-07-30 22:28:14,339] {bash_operator.py:126} INFO - 2020-07-30
[2020-07-30 22:28:14,339] {bash_operator.py:126} INFO - 2020-08-06
[2020-07-30 22:28:14,339] {bash_operator.py:126} INFO - Parameter I passed in
[2020-07-30 22:28:14,339] {bash_operator.py:126} INFO - 2020-07-30
[2020-07-30 22:28:14,339] {bash_operator.py:126} INFO - 2020-08-06
[2020-07-30 22:28:14,339] {bash_operator.py:126} INFO - Parameter I passed in
[2020-07-30 22:28:14,339] {bash_operator.py:130} INFO - Command exited with return code 0
[2020-07-30 22:28:14,364] {taskinstance.py:1048} INFO - Marking task as SUCCESS.dag_id=tutorial, task_id=templated, execution_date=20200730T222700, start_date=20200730T222814, end_date=20200730T222814
[2020-07-30 22:28:23,993] {logging_mixin.py:112} INFO - [2020-07-30 22:28:23,992] {local_task_job.py:103} INFO - Task exited with return code 0
