[2020-07-30 16:15:13,697] {taskinstance.py:655} INFO - Dependencies all met for <TaskInstance: tutorial.templated 2020-07-30T16:14:00+00:00 [queued]>
[2020-07-30 16:15:13,739] {taskinstance.py:655} INFO - Dependencies all met for <TaskInstance: tutorial.templated 2020-07-30T16:14:00+00:00 [queued]>
[2020-07-30 16:15:13,740] {taskinstance.py:866} INFO - 
--------------------------------------------------------------------------------
[2020-07-30 16:15:13,740] {taskinstance.py:867} INFO - Starting attempt 1 of 2
[2020-07-30 16:15:13,740] {taskinstance.py:868} INFO - 
--------------------------------------------------------------------------------
[2020-07-30 16:15:13,769] {taskinstance.py:887} INFO - Executing <Task(BashOperator): templated> on 2020-07-30T16:14:00+00:00
[2020-07-30 16:15:13,778] {standard_task_runner.py:53} INFO - Started process 2717 to run task
[2020-07-30 16:15:13,881] {logging_mixin.py:112} INFO - Running %s on host %s <TaskInstance: tutorial.templated 2020-07-30T16:14:00+00:00 [running]> 02f6ef7ded4c
[2020-07-30 16:15:13,933] {bash_operator.py:82} INFO - Tmp dir root location: 
 /tmp
[2020-07-30 16:15:13,935] {bash_operator.py:105} INFO - Temporary script location: /tmp/airflowtmpem6kq6gu/templatedju3z1x57
[2020-07-30 16:15:13,935] {bash_operator.py:115} INFO - Running command: 

    echo "2020-07-30"
    echo "2020-08-06"
    echo "Parameter I passed in"

    echo "2020-07-30"
    echo "2020-08-06"
    echo "Parameter I passed in"

    echo "2020-07-30"
    echo "2020-08-06"
    echo "Parameter I passed in"

    echo "2020-07-30"
    echo "2020-08-06"
    echo "Parameter I passed in"

    echo "2020-07-30"
    echo "2020-08-06"
    echo "Parameter I passed in"

[2020-07-30 16:15:13,950] {bash_operator.py:122} INFO - Output:
[2020-07-30 16:15:13,952] {bash_operator.py:126} INFO - 2020-07-30
[2020-07-30 16:15:13,952] {bash_operator.py:126} INFO - 2020-08-06
[2020-07-30 16:15:13,952] {bash_operator.py:126} INFO - Parameter I passed in
[2020-07-30 16:15:13,952] {bash_operator.py:126} INFO - 2020-07-30
[2020-07-30 16:15:13,952] {bash_operator.py:126} INFO - 2020-08-06
[2020-07-30 16:15:13,952] {bash_operator.py:126} INFO - Parameter I passed in
[2020-07-30 16:15:13,952] {bash_operator.py:126} INFO - 2020-07-30
[2020-07-30 16:15:13,953] {bash_operator.py:126} INFO - 2020-08-06
[2020-07-30 16:15:13,953] {bash_operator.py:126} INFO - Parameter I passed in
[2020-07-30 16:15:13,953] {bash_operator.py:126} INFO - 2020-07-30
[2020-07-30 16:15:13,953] {bash_operator.py:126} INFO - 2020-08-06
[2020-07-30 16:15:13,953] {bash_operator.py:126} INFO - Parameter I passed in
[2020-07-30 16:15:13,953] {bash_operator.py:126} INFO - 2020-07-30
[2020-07-30 16:15:13,953] {bash_operator.py:126} INFO - 2020-08-06
[2020-07-30 16:15:13,953] {bash_operator.py:126} INFO - Parameter I passed in
[2020-07-30 16:15:13,953] {bash_operator.py:130} INFO - Command exited with return code 0
[2020-07-30 16:15:13,979] {taskinstance.py:1048} INFO - Marking task as SUCCESS.dag_id=tutorial, task_id=templated, execution_date=20200730T161400, start_date=20200730T161513, end_date=20200730T161513
[2020-07-30 16:15:23,665] {logging_mixin.py:112} INFO - [2020-07-30 16:15:23,664] {local_task_job.py:103} INFO - Task exited with return code 0
