[2020-07-30 20:55:15,734] {taskinstance.py:655} INFO - Dependencies all met for <TaskInstance: tutorial.templated 2020-07-30T20:54:00+00:00 [queued]>
[2020-07-30 20:55:15,794] {taskinstance.py:655} INFO - Dependencies all met for <TaskInstance: tutorial.templated 2020-07-30T20:54:00+00:00 [queued]>
[2020-07-30 20:55:15,794] {taskinstance.py:866} INFO - 
--------------------------------------------------------------------------------
[2020-07-30 20:55:15,795] {taskinstance.py:867} INFO - Starting attempt 1 of 2
[2020-07-30 20:55:15,795] {taskinstance.py:868} INFO - 
--------------------------------------------------------------------------------
[2020-07-30 20:55:15,818] {taskinstance.py:887} INFO - Executing <Task(BashOperator): templated> on 2020-07-30T20:54:00+00:00
[2020-07-30 20:55:15,825] {standard_task_runner.py:53} INFO - Started process 32097 to run task
[2020-07-30 20:55:15,961] {logging_mixin.py:112} INFO - Running %s on host %s <TaskInstance: tutorial.templated 2020-07-30T20:54:00+00:00 [running]> 02f6ef7ded4c
[2020-07-30 20:55:16,025] {bash_operator.py:82} INFO - Tmp dir root location: 
 /tmp
[2020-07-30 20:55:16,027] {bash_operator.py:105} INFO - Temporary script location: /tmp/airflowtmpwlo3bgzw/templatedgt0t1kjm
[2020-07-30 20:55:16,027] {bash_operator.py:115} INFO - Running command: 

    echo "2020-07-30"
    echo "2020-08-06"
    echo "Parameter I passed in"

    echo "2020-07-30"
    echo "2020-08-06"
    echo "Parameter I passed in"

    echo "2020-07-30"
    echo "2020-08-06"
    echo "Parameter I passed in"

    echo "2020-07-30"
    echo "2020-08-06"
    echo "Parameter I passed in"

    echo "2020-07-30"
    echo "2020-08-06"
    echo "Parameter I passed in"

[2020-07-30 20:55:16,045] {bash_operator.py:122} INFO - Output:
[2020-07-30 20:55:16,048] {bash_operator.py:126} INFO - 2020-07-30
[2020-07-30 20:55:16,049] {bash_operator.py:126} INFO - 2020-08-06
[2020-07-30 20:55:16,049] {bash_operator.py:126} INFO - Parameter I passed in
[2020-07-30 20:55:16,049] {bash_operator.py:126} INFO - 2020-07-30
[2020-07-30 20:55:16,049] {bash_operator.py:126} INFO - 2020-08-06
[2020-07-30 20:55:16,050] {bash_operator.py:126} INFO - Parameter I passed in
[2020-07-30 20:55:16,050] {bash_operator.py:126} INFO - 2020-07-30
[2020-07-30 20:55:16,050] {bash_operator.py:126} INFO - 2020-08-06
[2020-07-30 20:55:16,050] {bash_operator.py:126} INFO - Parameter I passed in
[2020-07-30 20:55:16,050] {bash_operator.py:126} INFO - 2020-07-30
[2020-07-30 20:55:16,050] {bash_operator.py:126} INFO - 2020-08-06
[2020-07-30 20:55:16,050] {bash_operator.py:126} INFO - Parameter I passed in
[2020-07-30 20:55:16,050] {bash_operator.py:126} INFO - 2020-07-30
[2020-07-30 20:55:16,050] {bash_operator.py:126} INFO - 2020-08-06
[2020-07-30 20:55:16,050] {bash_operator.py:126} INFO - Parameter I passed in
[2020-07-30 20:55:16,051] {bash_operator.py:130} INFO - Command exited with return code 0
[2020-07-30 20:55:16,079] {taskinstance.py:1048} INFO - Marking task as SUCCESS.dag_id=tutorial, task_id=templated, execution_date=20200730T205400, start_date=20200730T205515, end_date=20200730T205516
[2020-07-30 20:55:25,685] {logging_mixin.py:112} INFO - [2020-07-30 20:55:25,685] {local_task_job.py:103} INFO - Task exited with return code 0
