[2020-07-31 00:02:14,701] {taskinstance.py:655} INFO - Dependencies all met for <TaskInstance: tutorial.templated 2020-07-31T00:01:00+00:00 [queued]>
[2020-07-31 00:02:14,756] {taskinstance.py:655} INFO - Dependencies all met for <TaskInstance: tutorial.templated 2020-07-31T00:01:00+00:00 [queued]>
[2020-07-31 00:02:14,757] {taskinstance.py:866} INFO - 
--------------------------------------------------------------------------------
[2020-07-31 00:02:14,757] {taskinstance.py:867} INFO - Starting attempt 1 of 2
[2020-07-31 00:02:14,757] {taskinstance.py:868} INFO - 
--------------------------------------------------------------------------------
[2020-07-31 00:02:14,775] {taskinstance.py:887} INFO - Executing <Task(BashOperator): templated> on 2020-07-31T00:01:00+00:00
[2020-07-31 00:02:14,785] {standard_task_runner.py:53} INFO - Started process 30228 to run task
[2020-07-31 00:02:14,921] {logging_mixin.py:112} INFO - Running %s on host %s <TaskInstance: tutorial.templated 2020-07-31T00:01:00+00:00 [running]> 02f6ef7ded4c
[2020-07-31 00:02:14,981] {bash_operator.py:82} INFO - Tmp dir root location: 
 /tmp
[2020-07-31 00:02:14,986] {bash_operator.py:105} INFO - Temporary script location: /tmp/airflowtmpebt5rwr9/templatedw24mwycs
[2020-07-31 00:02:14,986] {bash_operator.py:115} INFO - Running command: 

    echo "2020-07-31"
    echo "2020-08-07"
    echo "Parameter I passed in"

    echo "2020-07-31"
    echo "2020-08-07"
    echo "Parameter I passed in"

    echo "2020-07-31"
    echo "2020-08-07"
    echo "Parameter I passed in"

    echo "2020-07-31"
    echo "2020-08-07"
    echo "Parameter I passed in"

    echo "2020-07-31"
    echo "2020-08-07"
    echo "Parameter I passed in"

[2020-07-31 00:02:15,025] {bash_operator.py:122} INFO - Output:
[2020-07-31 00:02:15,027] {bash_operator.py:126} INFO - 2020-07-31
[2020-07-31 00:02:15,028] {bash_operator.py:126} INFO - 2020-08-07
[2020-07-31 00:02:15,028] {bash_operator.py:126} INFO - Parameter I passed in
[2020-07-31 00:02:15,028] {bash_operator.py:126} INFO - 2020-07-31
[2020-07-31 00:02:15,028] {bash_operator.py:126} INFO - 2020-08-07
[2020-07-31 00:02:15,028] {bash_operator.py:126} INFO - Parameter I passed in
[2020-07-31 00:02:15,028] {bash_operator.py:126} INFO - 2020-07-31
[2020-07-31 00:02:15,028] {bash_operator.py:126} INFO - 2020-08-07
[2020-07-31 00:02:15,028] {bash_operator.py:126} INFO - Parameter I passed in
[2020-07-31 00:02:15,028] {bash_operator.py:126} INFO - 2020-07-31
[2020-07-31 00:02:15,028] {bash_operator.py:126} INFO - 2020-08-07
[2020-07-31 00:02:15,029] {bash_operator.py:126} INFO - Parameter I passed in
[2020-07-31 00:02:15,029] {bash_operator.py:126} INFO - 2020-07-31
[2020-07-31 00:02:15,029] {bash_operator.py:126} INFO - 2020-08-07
[2020-07-31 00:02:15,029] {bash_operator.py:126} INFO - Parameter I passed in
[2020-07-31 00:02:15,029] {bash_operator.py:130} INFO - Command exited with return code 0
[2020-07-31 00:02:15,059] {taskinstance.py:1048} INFO - Marking task as SUCCESS.dag_id=tutorial, task_id=templated, execution_date=20200731T000100, start_date=20200731T000214, end_date=20200731T000215
[2020-07-31 00:02:24,645] {logging_mixin.py:112} INFO - [2020-07-31 00:02:24,644] {local_task_job.py:103} INFO - Task exited with return code 0
