[2020-07-31 02:05:15,338] {taskinstance.py:655} INFO - Dependencies all met for <TaskInstance: tutorial.templated 2020-07-31T02:04:00+00:00 [queued]>
[2020-07-31 02:05:15,378] {taskinstance.py:655} INFO - Dependencies all met for <TaskInstance: tutorial.templated 2020-07-31T02:04:00+00:00 [queued]>
[2020-07-31 02:05:15,378] {taskinstance.py:866} INFO - 
--------------------------------------------------------------------------------
[2020-07-31 02:05:15,378] {taskinstance.py:867} INFO - Starting attempt 1 of 2
[2020-07-31 02:05:15,378] {taskinstance.py:868} INFO - 
--------------------------------------------------------------------------------
[2020-07-31 02:05:15,407] {taskinstance.py:887} INFO - Executing <Task(BashOperator): templated> on 2020-07-31T02:04:00+00:00
[2020-07-31 02:05:15,414] {standard_task_runner.py:53} INFO - Started process 17032 to run task
[2020-07-31 02:05:15,541] {logging_mixin.py:112} INFO - Running %s on host %s <TaskInstance: tutorial.templated 2020-07-31T02:04:00+00:00 [running]> 02f6ef7ded4c
[2020-07-31 02:05:15,620] {bash_operator.py:82} INFO - Tmp dir root location: 
 /tmp
[2020-07-31 02:05:15,622] {bash_operator.py:105} INFO - Temporary script location: /tmp/airflowtmpdirsz1c_/templatedljf5nhsi
[2020-07-31 02:05:15,622] {bash_operator.py:115} INFO - Running command: 

    echo "2020-07-31"
    echo "2020-08-07"
    echo "Parameter I passed in"

    echo "2020-07-31"
    echo "2020-08-07"
    echo "Parameter I passed in"

    echo "2020-07-31"
    echo "2020-08-07"
    echo "Parameter I passed in"

    echo "2020-07-31"
    echo "2020-08-07"
    echo "Parameter I passed in"

    echo "2020-07-31"
    echo "2020-08-07"
    echo "Parameter I passed in"

[2020-07-31 02:05:15,639] {bash_operator.py:122} INFO - Output:
[2020-07-31 02:05:15,642] {bash_operator.py:126} INFO - 2020-07-31
[2020-07-31 02:05:15,643] {bash_operator.py:126} INFO - 2020-08-07
[2020-07-31 02:05:15,643] {bash_operator.py:126} INFO - Parameter I passed in
[2020-07-31 02:05:15,643] {bash_operator.py:126} INFO - 2020-07-31
[2020-07-31 02:05:15,643] {bash_operator.py:126} INFO - 2020-08-07
[2020-07-31 02:05:15,643] {bash_operator.py:126} INFO - Parameter I passed in
[2020-07-31 02:05:15,644] {bash_operator.py:126} INFO - 2020-07-31
[2020-07-31 02:05:15,644] {bash_operator.py:126} INFO - 2020-08-07
[2020-07-31 02:05:15,644] {bash_operator.py:126} INFO - Parameter I passed in
[2020-07-31 02:05:15,644] {bash_operator.py:126} INFO - 2020-07-31
[2020-07-31 02:05:15,645] {bash_operator.py:126} INFO - 2020-08-07
[2020-07-31 02:05:15,645] {bash_operator.py:126} INFO - Parameter I passed in
[2020-07-31 02:05:15,645] {bash_operator.py:126} INFO - 2020-07-31
[2020-07-31 02:05:15,645] {bash_operator.py:126} INFO - 2020-08-07
[2020-07-31 02:05:15,645] {bash_operator.py:126} INFO - Parameter I passed in
[2020-07-31 02:05:15,646] {bash_operator.py:130} INFO - Command exited with return code 0
[2020-07-31 02:05:15,679] {taskinstance.py:1048} INFO - Marking task as SUCCESS.dag_id=tutorial, task_id=templated, execution_date=20200731T020400, start_date=20200731T020515, end_date=20200731T020515
[2020-07-31 02:05:25,295] {logging_mixin.py:112} INFO - [2020-07-31 02:05:25,294] {local_task_job.py:103} INFO - Task exited with return code 0
