[2020-07-31 05:00:13,585] {taskinstance.py:655} INFO - Dependencies all met for <TaskInstance: tutorial.templated 2020-07-31T04:59:00+00:00 [queued]>
[2020-07-31 05:00:13,641] {taskinstance.py:655} INFO - Dependencies all met for <TaskInstance: tutorial.templated 2020-07-31T04:59:00+00:00 [queued]>
[2020-07-31 05:00:13,641] {taskinstance.py:866} INFO - 
--------------------------------------------------------------------------------
[2020-07-31 05:00:13,641] {taskinstance.py:867} INFO - Starting attempt 1 of 2
[2020-07-31 05:00:13,641] {taskinstance.py:868} INFO - 
--------------------------------------------------------------------------------
[2020-07-31 05:00:13,658] {taskinstance.py:887} INFO - Executing <Task(BashOperator): templated> on 2020-07-31T04:59:00+00:00
[2020-07-31 05:00:13,664] {standard_task_runner.py:53} INFO - Started process 6923 to run task
[2020-07-31 05:00:13,792] {logging_mixin.py:112} INFO - Running %s on host %s <TaskInstance: tutorial.templated 2020-07-31T04:59:00+00:00 [running]> 02f6ef7ded4c
[2020-07-31 05:00:13,852] {bash_operator.py:82} INFO - Tmp dir root location: 
 /tmp
[2020-07-31 05:00:13,854] {bash_operator.py:105} INFO - Temporary script location: /tmp/airflowtmpwya7__e_/templated8c4on5ln
[2020-07-31 05:00:13,854] {bash_operator.py:115} INFO - Running command: 

    echo "2020-07-31"
    echo "2020-08-07"
    echo "Parameter I passed in"

    echo "2020-07-31"
    echo "2020-08-07"
    echo "Parameter I passed in"

    echo "2020-07-31"
    echo "2020-08-07"
    echo "Parameter I passed in"

    echo "2020-07-31"
    echo "2020-08-07"
    echo "Parameter I passed in"

    echo "2020-07-31"
    echo "2020-08-07"
    echo "Parameter I passed in"

[2020-07-31 05:00:13,871] {bash_operator.py:122} INFO - Output:
[2020-07-31 05:00:13,874] {bash_operator.py:126} INFO - 2020-07-31
[2020-07-31 05:00:13,874] {bash_operator.py:126} INFO - 2020-08-07
[2020-07-31 05:00:13,874] {bash_operator.py:126} INFO - Parameter I passed in
[2020-07-31 05:00:13,874] {bash_operator.py:126} INFO - 2020-07-31
[2020-07-31 05:00:13,874] {bash_operator.py:126} INFO - 2020-08-07
[2020-07-31 05:00:13,874] {bash_operator.py:126} INFO - Parameter I passed in
[2020-07-31 05:00:13,874] {bash_operator.py:126} INFO - 2020-07-31
[2020-07-31 05:00:13,874] {bash_operator.py:126} INFO - 2020-08-07
[2020-07-31 05:00:13,874] {bash_operator.py:126} INFO - Parameter I passed in
[2020-07-31 05:00:13,874] {bash_operator.py:126} INFO - 2020-07-31
[2020-07-31 05:00:13,875] {bash_operator.py:126} INFO - 2020-08-07
[2020-07-31 05:00:13,875] {bash_operator.py:126} INFO - Parameter I passed in
[2020-07-31 05:00:13,875] {bash_operator.py:126} INFO - 2020-07-31
[2020-07-31 05:00:13,875] {bash_operator.py:126} INFO - 2020-08-07
[2020-07-31 05:00:13,875] {bash_operator.py:126} INFO - Parameter I passed in
[2020-07-31 05:00:13,875] {bash_operator.py:130} INFO - Command exited with return code 0
[2020-07-31 05:00:13,905] {taskinstance.py:1048} INFO - Marking task as SUCCESS.dag_id=tutorial, task_id=templated, execution_date=20200731T045900, start_date=20200731T050013, end_date=20200731T050013
[2020-07-31 05:00:23,548] {logging_mixin.py:112} INFO - [2020-07-31 05:00:23,548] {local_task_job.py:103} INFO - Task exited with return code 0
