[2020-07-30 19:48:16,730] {taskinstance.py:655} INFO - Dependencies all met for <TaskInstance: tutorial.templated 2020-07-30T19:47:00+00:00 [queued]>
[2020-07-30 19:48:16,773] {taskinstance.py:655} INFO - Dependencies all met for <TaskInstance: tutorial.templated 2020-07-30T19:47:00+00:00 [queued]>
[2020-07-30 19:48:16,773] {taskinstance.py:866} INFO - 
--------------------------------------------------------------------------------
[2020-07-30 19:48:16,773] {taskinstance.py:867} INFO - Starting attempt 1 of 2
[2020-07-30 19:48:16,773] {taskinstance.py:868} INFO - 
--------------------------------------------------------------------------------
[2020-07-30 19:48:16,800] {taskinstance.py:887} INFO - Executing <Task(BashOperator): templated> on 2020-07-30T19:47:00+00:00
[2020-07-30 19:48:16,809] {standard_task_runner.py:53} INFO - Started process 18711 to run task
[2020-07-30 19:48:16,941] {logging_mixin.py:112} INFO - Running %s on host %s <TaskInstance: tutorial.templated 2020-07-30T19:47:00+00:00 [running]> 02f6ef7ded4c
[2020-07-30 19:48:16,999] {bash_operator.py:82} INFO - Tmp dir root location: 
 /tmp
[2020-07-30 19:48:17,001] {bash_operator.py:105} INFO - Temporary script location: /tmp/airflowtmpcg3yiy6k/templated5vhupttg
[2020-07-30 19:48:17,001] {bash_operator.py:115} INFO - Running command: 

    echo "2020-07-30"
    echo "2020-08-06"
    echo "Parameter I passed in"

    echo "2020-07-30"
    echo "2020-08-06"
    echo "Parameter I passed in"

    echo "2020-07-30"
    echo "2020-08-06"
    echo "Parameter I passed in"

    echo "2020-07-30"
    echo "2020-08-06"
    echo "Parameter I passed in"

    echo "2020-07-30"
    echo "2020-08-06"
    echo "Parameter I passed in"

[2020-07-30 19:48:17,015] {bash_operator.py:122} INFO - Output:
[2020-07-30 19:48:17,017] {bash_operator.py:126} INFO - 2020-07-30
[2020-07-30 19:48:17,017] {bash_operator.py:126} INFO - 2020-08-06
[2020-07-30 19:48:17,017] {bash_operator.py:126} INFO - Parameter I passed in
[2020-07-30 19:48:17,017] {bash_operator.py:126} INFO - 2020-07-30
[2020-07-30 19:48:17,017] {bash_operator.py:126} INFO - 2020-08-06
[2020-07-30 19:48:17,018] {bash_operator.py:126} INFO - Parameter I passed in
[2020-07-30 19:48:17,018] {bash_operator.py:126} INFO - 2020-07-30
[2020-07-30 19:48:17,018] {bash_operator.py:126} INFO - 2020-08-06
[2020-07-30 19:48:17,018] {bash_operator.py:126} INFO - Parameter I passed in
[2020-07-30 19:48:17,018] {bash_operator.py:126} INFO - 2020-07-30
[2020-07-30 19:48:17,018] {bash_operator.py:126} INFO - 2020-08-06
[2020-07-30 19:48:17,018] {bash_operator.py:126} INFO - Parameter I passed in
[2020-07-30 19:48:17,018] {bash_operator.py:126} INFO - 2020-07-30
[2020-07-30 19:48:17,019] {bash_operator.py:126} INFO - 2020-08-06
[2020-07-30 19:48:17,019] {bash_operator.py:126} INFO - Parameter I passed in
[2020-07-30 19:48:17,019] {bash_operator.py:130} INFO - Command exited with return code 0
[2020-07-30 19:48:17,049] {taskinstance.py:1048} INFO - Marking task as SUCCESS.dag_id=tutorial, task_id=templated, execution_date=20200730T194700, start_date=20200730T194816, end_date=20200730T194817
[2020-07-30 19:48:26,675] {logging_mixin.py:112} INFO - [2020-07-30 19:48:26,674] {local_task_job.py:103} INFO - Task exited with return code 0
