[2020-07-30 16:07:12,854] {taskinstance.py:655} INFO - Dependencies all met for <TaskInstance: tutorial.templated 2020-07-30T16:06:00+00:00 [queued]>
[2020-07-30 16:07:12,900] {taskinstance.py:655} INFO - Dependencies all met for <TaskInstance: tutorial.templated 2020-07-30T16:06:00+00:00 [queued]>
[2020-07-30 16:07:12,900] {taskinstance.py:866} INFO - 
--------------------------------------------------------------------------------
[2020-07-30 16:07:12,901] {taskinstance.py:867} INFO - Starting attempt 1 of 2
[2020-07-30 16:07:12,901] {taskinstance.py:868} INFO - 
--------------------------------------------------------------------------------
[2020-07-30 16:07:12,930] {taskinstance.py:887} INFO - Executing <Task(BashOperator): templated> on 2020-07-30T16:06:00+00:00
[2020-07-30 16:07:12,938] {standard_task_runner.py:53} INFO - Started process 29696 to run task
[2020-07-30 16:07:13,080] {logging_mixin.py:112} INFO - Running %s on host %s <TaskInstance: tutorial.templated 2020-07-30T16:06:00+00:00 [running]> 02f6ef7ded4c
[2020-07-30 16:07:13,149] {bash_operator.py:82} INFO - Tmp dir root location: 
 /tmp
[2020-07-30 16:07:13,150] {bash_operator.py:105} INFO - Temporary script location: /tmp/airflowtmpelfwhftj/templatedv2i_tvk6
[2020-07-30 16:07:13,150] {bash_operator.py:115} INFO - Running command: 

    echo "2020-07-30"
    echo "2020-08-06"
    echo "Parameter I passed in"

    echo "2020-07-30"
    echo "2020-08-06"
    echo "Parameter I passed in"

    echo "2020-07-30"
    echo "2020-08-06"
    echo "Parameter I passed in"

    echo "2020-07-30"
    echo "2020-08-06"
    echo "Parameter I passed in"

    echo "2020-07-30"
    echo "2020-08-06"
    echo "Parameter I passed in"

[2020-07-30 16:07:13,182] {bash_operator.py:122} INFO - Output:
[2020-07-30 16:07:13,184] {bash_operator.py:126} INFO - 2020-07-30
[2020-07-30 16:07:13,185] {bash_operator.py:126} INFO - 2020-08-06
[2020-07-30 16:07:13,185] {bash_operator.py:126} INFO - Parameter I passed in
[2020-07-30 16:07:13,185] {bash_operator.py:126} INFO - 2020-07-30
[2020-07-30 16:07:13,185] {bash_operator.py:126} INFO - 2020-08-06
[2020-07-30 16:07:13,185] {bash_operator.py:126} INFO - Parameter I passed in
[2020-07-30 16:07:13,185] {bash_operator.py:126} INFO - 2020-07-30
[2020-07-30 16:07:13,185] {bash_operator.py:126} INFO - 2020-08-06
[2020-07-30 16:07:13,185] {bash_operator.py:126} INFO - Parameter I passed in
[2020-07-30 16:07:13,185] {bash_operator.py:126} INFO - 2020-07-30
[2020-07-30 16:07:13,185] {bash_operator.py:126} INFO - 2020-08-06
[2020-07-30 16:07:13,186] {bash_operator.py:126} INFO - Parameter I passed in
[2020-07-30 16:07:13,186] {bash_operator.py:126} INFO - 2020-07-30
[2020-07-30 16:07:13,186] {bash_operator.py:126} INFO - 2020-08-06
[2020-07-30 16:07:13,186] {bash_operator.py:126} INFO - Parameter I passed in
[2020-07-30 16:07:13,186] {bash_operator.py:130} INFO - Command exited with return code 0
[2020-07-30 16:07:13,230] {taskinstance.py:1048} INFO - Marking task as SUCCESS.dag_id=tutorial, task_id=templated, execution_date=20200730T160600, start_date=20200730T160712, end_date=20200730T160713
[2020-07-30 16:07:22,812] {logging_mixin.py:112} INFO - [2020-07-30 16:07:22,811] {local_task_job.py:103} INFO - Task exited with return code 0
