[2020-07-30 14:56:13,968] {taskinstance.py:655} INFO - Dependencies all met for <TaskInstance: tutorial.templated 2020-07-30T14:55:00+00:00 [queued]>
[2020-07-30 14:56:14,028] {taskinstance.py:655} INFO - Dependencies all met for <TaskInstance: tutorial.templated 2020-07-30T14:55:00+00:00 [queued]>
[2020-07-30 14:56:14,028] {taskinstance.py:866} INFO - 
--------------------------------------------------------------------------------
[2020-07-30 14:56:14,029] {taskinstance.py:867} INFO - Starting attempt 1 of 2
[2020-07-30 14:56:14,029] {taskinstance.py:868} INFO - 
--------------------------------------------------------------------------------
[2020-07-30 14:56:14,057] {taskinstance.py:887} INFO - Executing <Task(BashOperator): templated> on 2020-07-30T14:55:00+00:00
[2020-07-30 14:56:14,064] {standard_task_runner.py:53} INFO - Started process 13574 to run task
[2020-07-30 14:56:14,198] {logging_mixin.py:112} INFO - Running %s on host %s <TaskInstance: tutorial.templated 2020-07-30T14:55:00+00:00 [running]> 02f6ef7ded4c
[2020-07-30 14:56:14,264] {bash_operator.py:82} INFO - Tmp dir root location: 
 /tmp
[2020-07-30 14:56:14,265] {bash_operator.py:105} INFO - Temporary script location: /tmp/airflowtmp44phk85m/templated46m5v64k
[2020-07-30 14:56:14,266] {bash_operator.py:115} INFO - Running command: 

    echo "2020-07-30"
    echo "2020-08-06"
    echo "Parameter I passed in"

    echo "2020-07-30"
    echo "2020-08-06"
    echo "Parameter I passed in"

    echo "2020-07-30"
    echo "2020-08-06"
    echo "Parameter I passed in"

    echo "2020-07-30"
    echo "2020-08-06"
    echo "Parameter I passed in"

    echo "2020-07-30"
    echo "2020-08-06"
    echo "Parameter I passed in"

[2020-07-30 14:56:14,284] {bash_operator.py:122} INFO - Output:
[2020-07-30 14:56:14,286] {bash_operator.py:126} INFO - 2020-07-30
[2020-07-30 14:56:14,286] {bash_operator.py:126} INFO - 2020-08-06
[2020-07-30 14:56:14,287] {bash_operator.py:126} INFO - Parameter I passed in
[2020-07-30 14:56:14,287] {bash_operator.py:126} INFO - 2020-07-30
[2020-07-30 14:56:14,287] {bash_operator.py:126} INFO - 2020-08-06
[2020-07-30 14:56:14,287] {bash_operator.py:126} INFO - Parameter I passed in
[2020-07-30 14:56:14,287] {bash_operator.py:126} INFO - 2020-07-30
[2020-07-30 14:56:14,287] {bash_operator.py:126} INFO - 2020-08-06
[2020-07-30 14:56:14,287] {bash_operator.py:126} INFO - Parameter I passed in
[2020-07-30 14:56:14,288] {bash_operator.py:126} INFO - 2020-07-30
[2020-07-30 14:56:14,288] {bash_operator.py:126} INFO - 2020-08-06
[2020-07-30 14:56:14,288] {bash_operator.py:126} INFO - Parameter I passed in
[2020-07-30 14:56:14,288] {bash_operator.py:126} INFO - 2020-07-30
[2020-07-30 14:56:14,288] {bash_operator.py:126} INFO - 2020-08-06
[2020-07-30 14:56:14,288] {bash_operator.py:126} INFO - Parameter I passed in
[2020-07-30 14:56:14,288] {bash_operator.py:130} INFO - Command exited with return code 0
[2020-07-30 14:56:14,314] {taskinstance.py:1048} INFO - Marking task as SUCCESS.dag_id=tutorial, task_id=templated, execution_date=20200730T145500, start_date=20200730T145613, end_date=20200730T145614
[2020-07-30 14:56:23,919] {logging_mixin.py:112} INFO - [2020-07-30 14:56:23,918] {local_task_job.py:103} INFO - Task exited with return code 0
