[2020-07-30 18:46:14,715] {taskinstance.py:655} INFO - Dependencies all met for <TaskInstance: tutorial.templated 2020-07-30T18:45:00+00:00 [queued]>
[2020-07-30 18:46:14,766] {taskinstance.py:655} INFO - Dependencies all met for <TaskInstance: tutorial.templated 2020-07-30T18:45:00+00:00 [queued]>
[2020-07-30 18:46:14,767] {taskinstance.py:866} INFO - 
--------------------------------------------------------------------------------
[2020-07-30 18:46:14,767] {taskinstance.py:867} INFO - Starting attempt 1 of 2
[2020-07-30 18:46:14,767] {taskinstance.py:868} INFO - 
--------------------------------------------------------------------------------
[2020-07-30 18:46:14,798] {taskinstance.py:887} INFO - Executing <Task(BashOperator): templated> on 2020-07-30T18:45:00+00:00
[2020-07-30 18:46:14,806] {standard_task_runner.py:53} INFO - Started process 8712 to run task
[2020-07-30 18:46:14,955] {logging_mixin.py:112} INFO - Running %s on host %s <TaskInstance: tutorial.templated 2020-07-30T18:45:00+00:00 [running]> 02f6ef7ded4c
[2020-07-30 18:46:15,010] {bash_operator.py:82} INFO - Tmp dir root location: 
 /tmp
[2020-07-30 18:46:15,012] {bash_operator.py:105} INFO - Temporary script location: /tmp/airflowtmpm73w8t0_/templatedbj4jx5wx
[2020-07-30 18:46:15,012] {bash_operator.py:115} INFO - Running command: 

    echo "2020-07-30"
    echo "2020-08-06"
    echo "Parameter I passed in"

    echo "2020-07-30"
    echo "2020-08-06"
    echo "Parameter I passed in"

    echo "2020-07-30"
    echo "2020-08-06"
    echo "Parameter I passed in"

    echo "2020-07-30"
    echo "2020-08-06"
    echo "Parameter I passed in"

    echo "2020-07-30"
    echo "2020-08-06"
    echo "Parameter I passed in"

[2020-07-30 18:46:15,028] {bash_operator.py:122} INFO - Output:
[2020-07-30 18:46:15,030] {bash_operator.py:126} INFO - 2020-07-30
[2020-07-30 18:46:15,031] {bash_operator.py:126} INFO - 2020-08-06
[2020-07-30 18:46:15,031] {bash_operator.py:126} INFO - Parameter I passed in
[2020-07-30 18:46:15,031] {bash_operator.py:126} INFO - 2020-07-30
[2020-07-30 18:46:15,031] {bash_operator.py:126} INFO - 2020-08-06
[2020-07-30 18:46:15,031] {bash_operator.py:126} INFO - Parameter I passed in
[2020-07-30 18:46:15,031] {bash_operator.py:126} INFO - 2020-07-30
[2020-07-30 18:46:15,031] {bash_operator.py:126} INFO - 2020-08-06
[2020-07-30 18:46:15,031] {bash_operator.py:126} INFO - Parameter I passed in
[2020-07-30 18:46:15,031] {bash_operator.py:126} INFO - 2020-07-30
[2020-07-30 18:46:15,031] {bash_operator.py:126} INFO - 2020-08-06
[2020-07-30 18:46:15,031] {bash_operator.py:126} INFO - Parameter I passed in
[2020-07-30 18:46:15,031] {bash_operator.py:126} INFO - 2020-07-30
[2020-07-30 18:46:15,031] {bash_operator.py:126} INFO - 2020-08-06
[2020-07-30 18:46:15,032] {bash_operator.py:126} INFO - Parameter I passed in
[2020-07-30 18:46:15,032] {bash_operator.py:130} INFO - Command exited with return code 0
[2020-07-30 18:46:15,055] {taskinstance.py:1048} INFO - Marking task as SUCCESS.dag_id=tutorial, task_id=templated, execution_date=20200730T184500, start_date=20200730T184614, end_date=20200730T184615
[2020-07-30 18:46:24,667] {logging_mixin.py:112} INFO - [2020-07-30 18:46:24,666] {local_task_job.py:103} INFO - Task exited with return code 0
