[2020-07-30 18:14:16,424] {taskinstance.py:655} INFO - Dependencies all met for <TaskInstance: tutorial.templated 2020-07-30T18:13:00+00:00 [queued]>
[2020-07-30 18:14:16,468] {taskinstance.py:655} INFO - Dependencies all met for <TaskInstance: tutorial.templated 2020-07-30T18:13:00+00:00 [queued]>
[2020-07-30 18:14:16,468] {taskinstance.py:866} INFO - 
--------------------------------------------------------------------------------
[2020-07-30 18:14:16,469] {taskinstance.py:867} INFO - Starting attempt 1 of 2
[2020-07-30 18:14:16,469] {taskinstance.py:868} INFO - 
--------------------------------------------------------------------------------
[2020-07-30 18:14:16,504] {taskinstance.py:887} INFO - Executing <Task(BashOperator): templated> on 2020-07-30T18:13:00+00:00
[2020-07-30 18:14:16,514] {standard_task_runner.py:53} INFO - Started process 19281 to run task
[2020-07-30 18:14:16,653] {logging_mixin.py:112} INFO - Running %s on host %s <TaskInstance: tutorial.templated 2020-07-30T18:13:00+00:00 [running]> 02f6ef7ded4c
[2020-07-30 18:14:16,727] {bash_operator.py:82} INFO - Tmp dir root location: 
 /tmp
[2020-07-30 18:14:16,729] {bash_operator.py:105} INFO - Temporary script location: /tmp/airflowtmpfmarvb77/templatedst51pg8l
[2020-07-30 18:14:16,729] {bash_operator.py:115} INFO - Running command: 

    echo "2020-07-30"
    echo "2020-08-06"
    echo "Parameter I passed in"

    echo "2020-07-30"
    echo "2020-08-06"
    echo "Parameter I passed in"

    echo "2020-07-30"
    echo "2020-08-06"
    echo "Parameter I passed in"

    echo "2020-07-30"
    echo "2020-08-06"
    echo "Parameter I passed in"

    echo "2020-07-30"
    echo "2020-08-06"
    echo "Parameter I passed in"

[2020-07-30 18:14:16,747] {bash_operator.py:122} INFO - Output:
[2020-07-30 18:14:16,750] {bash_operator.py:126} INFO - 2020-07-30
[2020-07-30 18:14:16,750] {bash_operator.py:126} INFO - 2020-08-06
[2020-07-30 18:14:16,750] {bash_operator.py:126} INFO - Parameter I passed in
[2020-07-30 18:14:16,750] {bash_operator.py:126} INFO - 2020-07-30
[2020-07-30 18:14:16,750] {bash_operator.py:126} INFO - 2020-08-06
[2020-07-30 18:14:16,750] {bash_operator.py:126} INFO - Parameter I passed in
[2020-07-30 18:14:16,751] {bash_operator.py:126} INFO - 2020-07-30
[2020-07-30 18:14:16,751] {bash_operator.py:126} INFO - 2020-08-06
[2020-07-30 18:14:16,751] {bash_operator.py:126} INFO - Parameter I passed in
[2020-07-30 18:14:16,751] {bash_operator.py:126} INFO - 2020-07-30
[2020-07-30 18:14:16,751] {bash_operator.py:126} INFO - 2020-08-06
[2020-07-30 18:14:16,751] {bash_operator.py:126} INFO - Parameter I passed in
[2020-07-30 18:14:16,751] {bash_operator.py:126} INFO - 2020-07-30
[2020-07-30 18:14:16,751] {bash_operator.py:126} INFO - 2020-08-06
[2020-07-30 18:14:16,751] {bash_operator.py:126} INFO - Parameter I passed in
[2020-07-30 18:14:16,751] {bash_operator.py:130} INFO - Command exited with return code 0
[2020-07-30 18:14:16,776] {taskinstance.py:1048} INFO - Marking task as SUCCESS.dag_id=tutorial, task_id=templated, execution_date=20200730T181300, start_date=20200730T181416, end_date=20200730T181416
[2020-07-30 18:14:26,375] {logging_mixin.py:112} INFO - [2020-07-30 18:14:26,374] {local_task_job.py:103} INFO - Task exited with return code 0
