[2020-07-31 03:43:12,235] {taskinstance.py:655} INFO - Dependencies all met for <TaskInstance: tutorial.templated 2020-07-31T03:42:00+00:00 [queued]>
[2020-07-31 03:43:12,306] {taskinstance.py:655} INFO - Dependencies all met for <TaskInstance: tutorial.templated 2020-07-31T03:42:00+00:00 [queued]>
[2020-07-31 03:43:12,307] {taskinstance.py:866} INFO - 
--------------------------------------------------------------------------------
[2020-07-31 03:43:12,307] {taskinstance.py:867} INFO - Starting attempt 1 of 2
[2020-07-31 03:43:12,307] {taskinstance.py:868} INFO - 
--------------------------------------------------------------------------------
[2020-07-31 03:43:12,331] {taskinstance.py:887} INFO - Executing <Task(BashOperator): templated> on 2020-07-31T03:42:00+00:00
[2020-07-31 03:43:12,340] {standard_task_runner.py:53} INFO - Started process 19139 to run task
[2020-07-31 03:43:12,481] {logging_mixin.py:112} INFO - Running %s on host %s <TaskInstance: tutorial.templated 2020-07-31T03:42:00+00:00 [running]> 02f6ef7ded4c
[2020-07-31 03:43:12,550] {bash_operator.py:82} INFO - Tmp dir root location: 
 /tmp
[2020-07-31 03:43:12,552] {bash_operator.py:105} INFO - Temporary script location: /tmp/airflowtmphkr0y7ph/templatedpved0jyt
[2020-07-31 03:43:12,552] {bash_operator.py:115} INFO - Running command: 

    echo "2020-07-31"
    echo "2020-08-07"
    echo "Parameter I passed in"

    echo "2020-07-31"
    echo "2020-08-07"
    echo "Parameter I passed in"

    echo "2020-07-31"
    echo "2020-08-07"
    echo "Parameter I passed in"

    echo "2020-07-31"
    echo "2020-08-07"
    echo "Parameter I passed in"

    echo "2020-07-31"
    echo "2020-08-07"
    echo "Parameter I passed in"

[2020-07-31 03:43:12,570] {bash_operator.py:122} INFO - Output:
[2020-07-31 03:43:12,573] {bash_operator.py:126} INFO - 2020-07-31
[2020-07-31 03:43:12,574] {bash_operator.py:126} INFO - 2020-08-07
[2020-07-31 03:43:12,574] {bash_operator.py:126} INFO - Parameter I passed in
[2020-07-31 03:43:12,574] {bash_operator.py:126} INFO - 2020-07-31
[2020-07-31 03:43:12,574] {bash_operator.py:126} INFO - 2020-08-07
[2020-07-31 03:43:12,575] {bash_operator.py:126} INFO - Parameter I passed in
[2020-07-31 03:43:12,575] {bash_operator.py:126} INFO - 2020-07-31
[2020-07-31 03:43:12,575] {bash_operator.py:126} INFO - 2020-08-07
[2020-07-31 03:43:12,575] {bash_operator.py:126} INFO - Parameter I passed in
[2020-07-31 03:43:12,575] {bash_operator.py:126} INFO - 2020-07-31
[2020-07-31 03:43:12,576] {bash_operator.py:126} INFO - 2020-08-07
[2020-07-31 03:43:12,576] {bash_operator.py:126} INFO - Parameter I passed in
[2020-07-31 03:43:12,576] {bash_operator.py:126} INFO - 2020-07-31
[2020-07-31 03:43:12,576] {bash_operator.py:126} INFO - 2020-08-07
[2020-07-31 03:43:12,576] {bash_operator.py:126} INFO - Parameter I passed in
[2020-07-31 03:43:12,577] {bash_operator.py:130} INFO - Command exited with return code 0
[2020-07-31 03:43:12,609] {taskinstance.py:1048} INFO - Marking task as SUCCESS.dag_id=tutorial, task_id=templated, execution_date=20200731T034200, start_date=20200731T034312, end_date=20200731T034312
[2020-07-31 03:43:22,179] {logging_mixin.py:112} INFO - [2020-07-31 03:43:22,178] {local_task_job.py:103} INFO - Task exited with return code 0
