[2020-07-31 05:21:13,229] {taskinstance.py:655} INFO - Dependencies all met for <TaskInstance: tutorial.templated 2020-07-31T05:20:00+00:00 [queued]>
[2020-07-31 05:21:13,277] {taskinstance.py:655} INFO - Dependencies all met for <TaskInstance: tutorial.templated 2020-07-31T05:20:00+00:00 [queued]>
[2020-07-31 05:21:13,277] {taskinstance.py:866} INFO - 
--------------------------------------------------------------------------------
[2020-07-31 05:21:13,277] {taskinstance.py:867} INFO - Starting attempt 1 of 2
[2020-07-31 05:21:13,277] {taskinstance.py:868} INFO - 
--------------------------------------------------------------------------------
[2020-07-31 05:21:13,303] {taskinstance.py:887} INFO - Executing <Task(BashOperator): templated> on 2020-07-31T05:20:00+00:00
[2020-07-31 05:21:13,310] {standard_task_runner.py:53} INFO - Started process 21321 to run task
[2020-07-31 05:21:13,446] {logging_mixin.py:112} INFO - Running %s on host %s <TaskInstance: tutorial.templated 2020-07-31T05:20:00+00:00 [running]> 02f6ef7ded4c
[2020-07-31 05:21:13,523] {bash_operator.py:82} INFO - Tmp dir root location: 
 /tmp
[2020-07-31 05:21:13,524] {bash_operator.py:105} INFO - Temporary script location: /tmp/airflowtmpbioxs4hh/templated2x_i7za9
[2020-07-31 05:21:13,525] {bash_operator.py:115} INFO - Running command: 

    echo "2020-07-31"
    echo "2020-08-07"
    echo "Parameter I passed in"

    echo "2020-07-31"
    echo "2020-08-07"
    echo "Parameter I passed in"

    echo "2020-07-31"
    echo "2020-08-07"
    echo "Parameter I passed in"

    echo "2020-07-31"
    echo "2020-08-07"
    echo "Parameter I passed in"

    echo "2020-07-31"
    echo "2020-08-07"
    echo "Parameter I passed in"

[2020-07-31 05:21:13,542] {bash_operator.py:122} INFO - Output:
[2020-07-31 05:21:13,544] {bash_operator.py:126} INFO - 2020-07-31
[2020-07-31 05:21:13,544] {bash_operator.py:126} INFO - 2020-08-07
[2020-07-31 05:21:13,544] {bash_operator.py:126} INFO - Parameter I passed in
[2020-07-31 05:21:13,544] {bash_operator.py:126} INFO - 2020-07-31
[2020-07-31 05:21:13,545] {bash_operator.py:126} INFO - 2020-08-07
[2020-07-31 05:21:13,545] {bash_operator.py:126} INFO - Parameter I passed in
[2020-07-31 05:21:13,545] {bash_operator.py:126} INFO - 2020-07-31
[2020-07-31 05:21:13,545] {bash_operator.py:126} INFO - 2020-08-07
[2020-07-31 05:21:13,545] {bash_operator.py:126} INFO - Parameter I passed in
[2020-07-31 05:21:13,545] {bash_operator.py:126} INFO - 2020-07-31
[2020-07-31 05:21:13,545] {bash_operator.py:126} INFO - 2020-08-07
[2020-07-31 05:21:13,545] {bash_operator.py:126} INFO - Parameter I passed in
[2020-07-31 05:21:13,545] {bash_operator.py:126} INFO - 2020-07-31
[2020-07-31 05:21:13,545] {bash_operator.py:126} INFO - 2020-08-07
[2020-07-31 05:21:13,545] {bash_operator.py:126} INFO - Parameter I passed in
[2020-07-31 05:21:13,546] {bash_operator.py:130} INFO - Command exited with return code 0
[2020-07-31 05:21:13,577] {taskinstance.py:1048} INFO - Marking task as SUCCESS.dag_id=tutorial, task_id=templated, execution_date=20200731T052000, start_date=20200731T052113, end_date=20200731T052113
[2020-07-31 05:21:23,171] {logging_mixin.py:112} INFO - [2020-07-31 05:21:23,170] {local_task_job.py:103} INFO - Task exited with return code 0
