[2020-07-31 02:57:14,868] {taskinstance.py:655} INFO - Dependencies all met for <TaskInstance: tutorial.templated 2020-07-31T02:56:00+00:00 [queued]>
[2020-07-31 02:57:14,914] {taskinstance.py:655} INFO - Dependencies all met for <TaskInstance: tutorial.templated 2020-07-31T02:56:00+00:00 [queued]>
[2020-07-31 02:57:14,915] {taskinstance.py:866} INFO - 
--------------------------------------------------------------------------------
[2020-07-31 02:57:14,915] {taskinstance.py:867} INFO - Starting attempt 1 of 2
[2020-07-31 02:57:14,915] {taskinstance.py:868} INFO - 
--------------------------------------------------------------------------------
[2020-07-31 02:57:14,949] {taskinstance.py:887} INFO - Executing <Task(BashOperator): templated> on 2020-07-31T02:56:00+00:00
[2020-07-31 02:57:14,956] {standard_task_runner.py:53} INFO - Started process 20139 to run task
[2020-07-31 02:57:15,096] {logging_mixin.py:112} INFO - Running %s on host %s <TaskInstance: tutorial.templated 2020-07-31T02:56:00+00:00 [running]> 02f6ef7ded4c
[2020-07-31 02:57:15,156] {bash_operator.py:82} INFO - Tmp dir root location: 
 /tmp
[2020-07-31 02:57:15,157] {bash_operator.py:105} INFO - Temporary script location: /tmp/airflowtmpsda_4bji/templatedu4_odjtf
[2020-07-31 02:57:15,157] {bash_operator.py:115} INFO - Running command: 

    echo "2020-07-31"
    echo "2020-08-07"
    echo "Parameter I passed in"

    echo "2020-07-31"
    echo "2020-08-07"
    echo "Parameter I passed in"

    echo "2020-07-31"
    echo "2020-08-07"
    echo "Parameter I passed in"

    echo "2020-07-31"
    echo "2020-08-07"
    echo "Parameter I passed in"

    echo "2020-07-31"
    echo "2020-08-07"
    echo "Parameter I passed in"

[2020-07-31 02:57:15,187] {bash_operator.py:122} INFO - Output:
[2020-07-31 02:57:15,189] {bash_operator.py:126} INFO - 2020-07-31
[2020-07-31 02:57:15,189] {bash_operator.py:126} INFO - 2020-08-07
[2020-07-31 02:57:15,190] {bash_operator.py:126} INFO - Parameter I passed in
[2020-07-31 02:57:15,190] {bash_operator.py:126} INFO - 2020-07-31
[2020-07-31 02:57:15,190] {bash_operator.py:126} INFO - 2020-08-07
[2020-07-31 02:57:15,190] {bash_operator.py:126} INFO - Parameter I passed in
[2020-07-31 02:57:15,190] {bash_operator.py:126} INFO - 2020-07-31
[2020-07-31 02:57:15,190] {bash_operator.py:126} INFO - 2020-08-07
[2020-07-31 02:57:15,190] {bash_operator.py:126} INFO - Parameter I passed in
[2020-07-31 02:57:15,190] {bash_operator.py:126} INFO - 2020-07-31
[2020-07-31 02:57:15,190] {bash_operator.py:126} INFO - 2020-08-07
[2020-07-31 02:57:15,190] {bash_operator.py:126} INFO - Parameter I passed in
[2020-07-31 02:57:15,191] {bash_operator.py:126} INFO - 2020-07-31
[2020-07-31 02:57:15,191] {bash_operator.py:126} INFO - 2020-08-07
[2020-07-31 02:57:15,191] {bash_operator.py:126} INFO - Parameter I passed in
[2020-07-31 02:57:15,191] {bash_operator.py:130} INFO - Command exited with return code 0
[2020-07-31 02:57:15,230] {taskinstance.py:1048} INFO - Marking task as SUCCESS.dag_id=tutorial, task_id=templated, execution_date=20200731T025600, start_date=20200731T025714, end_date=20200731T025715
[2020-07-31 02:57:24,827] {logging_mixin.py:112} INFO - [2020-07-31 02:57:24,826] {local_task_job.py:103} INFO - Task exited with return code 0
