[2020-07-30 20:50:13,141] {taskinstance.py:655} INFO - Dependencies all met for <TaskInstance: tutorial.templated 2020-07-30T20:49:00+00:00 [queued]>
[2020-07-30 20:50:13,187] {taskinstance.py:655} INFO - Dependencies all met for <TaskInstance: tutorial.templated 2020-07-30T20:49:00+00:00 [queued]>
[2020-07-30 20:50:13,188] {taskinstance.py:866} INFO - 
--------------------------------------------------------------------------------
[2020-07-30 20:50:13,188] {taskinstance.py:867} INFO - Starting attempt 1 of 2
[2020-07-30 20:50:13,189] {taskinstance.py:868} INFO - 
--------------------------------------------------------------------------------
[2020-07-30 20:50:13,225] {taskinstance.py:887} INFO - Executing <Task(BashOperator): templated> on 2020-07-30T20:49:00+00:00
[2020-07-30 20:50:13,232] {standard_task_runner.py:53} INFO - Started process 28643 to run task
[2020-07-30 20:50:13,352] {logging_mixin.py:112} INFO - Running %s on host %s <TaskInstance: tutorial.templated 2020-07-30T20:49:00+00:00 [running]> 02f6ef7ded4c
[2020-07-30 20:50:13,412] {bash_operator.py:82} INFO - Tmp dir root location: 
 /tmp
[2020-07-30 20:50:13,413] {bash_operator.py:105} INFO - Temporary script location: /tmp/airflowtmpc67i6bt_/templatedyz419ha6
[2020-07-30 20:50:13,414] {bash_operator.py:115} INFO - Running command: 

    echo "2020-07-30"
    echo "2020-08-06"
    echo "Parameter I passed in"

    echo "2020-07-30"
    echo "2020-08-06"
    echo "Parameter I passed in"

    echo "2020-07-30"
    echo "2020-08-06"
    echo "Parameter I passed in"

    echo "2020-07-30"
    echo "2020-08-06"
    echo "Parameter I passed in"

    echo "2020-07-30"
    echo "2020-08-06"
    echo "Parameter I passed in"

[2020-07-30 20:50:13,433] {bash_operator.py:122} INFO - Output:
[2020-07-30 20:50:13,436] {bash_operator.py:126} INFO - 2020-07-30
[2020-07-30 20:50:13,437] {bash_operator.py:126} INFO - 2020-08-06
[2020-07-30 20:50:13,437] {bash_operator.py:126} INFO - Parameter I passed in
[2020-07-30 20:50:13,437] {bash_operator.py:126} INFO - 2020-07-30
[2020-07-30 20:50:13,437] {bash_operator.py:126} INFO - 2020-08-06
[2020-07-30 20:50:13,437] {bash_operator.py:126} INFO - Parameter I passed in
[2020-07-30 20:50:13,437] {bash_operator.py:126} INFO - 2020-07-30
[2020-07-30 20:50:13,437] {bash_operator.py:126} INFO - 2020-08-06
[2020-07-30 20:50:13,437] {bash_operator.py:126} INFO - Parameter I passed in
[2020-07-30 20:50:13,437] {bash_operator.py:126} INFO - 2020-07-30
[2020-07-30 20:50:13,437] {bash_operator.py:126} INFO - 2020-08-06
[2020-07-30 20:50:13,437] {bash_operator.py:126} INFO - Parameter I passed in
[2020-07-30 20:50:13,437] {bash_operator.py:126} INFO - 2020-07-30
[2020-07-30 20:50:13,437] {bash_operator.py:126} INFO - 2020-08-06
[2020-07-30 20:50:13,437] {bash_operator.py:126} INFO - Parameter I passed in
[2020-07-30 20:50:13,438] {bash_operator.py:130} INFO - Command exited with return code 0
[2020-07-30 20:50:13,466] {taskinstance.py:1048} INFO - Marking task as SUCCESS.dag_id=tutorial, task_id=templated, execution_date=20200730T204900, start_date=20200730T205013, end_date=20200730T205013
[2020-07-30 20:50:23,092] {logging_mixin.py:112} INFO - [2020-07-30 20:50:23,091] {local_task_job.py:103} INFO - Task exited with return code 0
