[2020-07-30 20:00:15,664] {taskinstance.py:655} INFO - Dependencies all met for <TaskInstance: tutorial.templated 2020-07-30T19:59:00+00:00 [queued]>
[2020-07-30 20:00:15,705] {taskinstance.py:655} INFO - Dependencies all met for <TaskInstance: tutorial.templated 2020-07-30T19:59:00+00:00 [queued]>
[2020-07-30 20:00:15,705] {taskinstance.py:866} INFO - 
--------------------------------------------------------------------------------
[2020-07-30 20:00:15,706] {taskinstance.py:867} INFO - Starting attempt 1 of 2
[2020-07-30 20:00:15,706] {taskinstance.py:868} INFO - 
--------------------------------------------------------------------------------
[2020-07-30 20:00:15,728] {taskinstance.py:887} INFO - Executing <Task(BashOperator): templated> on 2020-07-30T19:59:00+00:00
[2020-07-30 20:00:15,734] {standard_task_runner.py:53} INFO - Started process 26922 to run task
[2020-07-30 20:00:15,833] {logging_mixin.py:112} INFO - Running %s on host %s <TaskInstance: tutorial.templated 2020-07-30T19:59:00+00:00 [running]> 02f6ef7ded4c
[2020-07-30 20:00:15,890] {bash_operator.py:82} INFO - Tmp dir root location: 
 /tmp
[2020-07-30 20:00:15,892] {bash_operator.py:105} INFO - Temporary script location: /tmp/airflowtmpw7sb6nqn/templatedwhxmbmhy
[2020-07-30 20:00:15,892] {bash_operator.py:115} INFO - Running command: 

    echo "2020-07-30"
    echo "2020-08-06"
    echo "Parameter I passed in"

    echo "2020-07-30"
    echo "2020-08-06"
    echo "Parameter I passed in"

    echo "2020-07-30"
    echo "2020-08-06"
    echo "Parameter I passed in"

    echo "2020-07-30"
    echo "2020-08-06"
    echo "Parameter I passed in"

    echo "2020-07-30"
    echo "2020-08-06"
    echo "Parameter I passed in"

[2020-07-30 20:00:15,906] {bash_operator.py:122} INFO - Output:
[2020-07-30 20:00:15,908] {bash_operator.py:126} INFO - 2020-07-30
[2020-07-30 20:00:15,909] {bash_operator.py:126} INFO - 2020-08-06
[2020-07-30 20:00:15,909] {bash_operator.py:126} INFO - Parameter I passed in
[2020-07-30 20:00:15,909] {bash_operator.py:126} INFO - 2020-07-30
[2020-07-30 20:00:15,909] {bash_operator.py:126} INFO - 2020-08-06
[2020-07-30 20:00:15,909] {bash_operator.py:126} INFO - Parameter I passed in
[2020-07-30 20:00:15,909] {bash_operator.py:126} INFO - 2020-07-30
[2020-07-30 20:00:15,909] {bash_operator.py:126} INFO - 2020-08-06
[2020-07-30 20:00:15,909] {bash_operator.py:126} INFO - Parameter I passed in
[2020-07-30 20:00:15,909] {bash_operator.py:126} INFO - 2020-07-30
[2020-07-30 20:00:15,909] {bash_operator.py:126} INFO - 2020-08-06
[2020-07-30 20:00:15,909] {bash_operator.py:126} INFO - Parameter I passed in
[2020-07-30 20:00:15,910] {bash_operator.py:126} INFO - 2020-07-30
[2020-07-30 20:00:15,910] {bash_operator.py:126} INFO - 2020-08-06
[2020-07-30 20:00:15,910] {bash_operator.py:126} INFO - Parameter I passed in
[2020-07-30 20:00:15,910] {bash_operator.py:130} INFO - Command exited with return code 0
[2020-07-30 20:00:15,935] {taskinstance.py:1048} INFO - Marking task as SUCCESS.dag_id=tutorial, task_id=templated, execution_date=20200730T195900, start_date=20200730T200015, end_date=20200730T200015
[2020-07-30 20:00:25,640] {logging_mixin.py:112} INFO - [2020-07-30 20:00:25,640] {local_task_job.py:103} INFO - Task exited with return code 0
