[2020-07-30 20:58:15,877] {taskinstance.py:655} INFO - Dependencies all met for <TaskInstance: tutorial.templated 2020-07-30T20:57:00+00:00 [queued]>
[2020-07-30 20:58:15,917] {taskinstance.py:655} INFO - Dependencies all met for <TaskInstance: tutorial.templated 2020-07-30T20:57:00+00:00 [queued]>
[2020-07-30 20:58:15,917] {taskinstance.py:866} INFO - 
--------------------------------------------------------------------------------
[2020-07-30 20:58:15,918] {taskinstance.py:867} INFO - Starting attempt 1 of 2
[2020-07-30 20:58:15,918] {taskinstance.py:868} INFO - 
--------------------------------------------------------------------------------
[2020-07-30 20:58:15,947] {taskinstance.py:887} INFO - Executing <Task(BashOperator): templated> on 2020-07-30T20:57:00+00:00
[2020-07-30 20:58:15,955] {standard_task_runner.py:53} INFO - Started process 1686 to run task
[2020-07-30 20:58:16,078] {logging_mixin.py:112} INFO - Running %s on host %s <TaskInstance: tutorial.templated 2020-07-30T20:57:00+00:00 [running]> 02f6ef7ded4c
[2020-07-30 20:58:16,138] {bash_operator.py:82} INFO - Tmp dir root location: 
 /tmp
[2020-07-30 20:58:16,139] {bash_operator.py:105} INFO - Temporary script location: /tmp/airflowtmpa9wk0n63/templated20yz0hcl
[2020-07-30 20:58:16,139] {bash_operator.py:115} INFO - Running command: 

    echo "2020-07-30"
    echo "2020-08-06"
    echo "Parameter I passed in"

    echo "2020-07-30"
    echo "2020-08-06"
    echo "Parameter I passed in"

    echo "2020-07-30"
    echo "2020-08-06"
    echo "Parameter I passed in"

    echo "2020-07-30"
    echo "2020-08-06"
    echo "Parameter I passed in"

    echo "2020-07-30"
    echo "2020-08-06"
    echo "Parameter I passed in"

[2020-07-30 20:58:16,155] {bash_operator.py:122} INFO - Output:
[2020-07-30 20:58:16,157] {bash_operator.py:126} INFO - 2020-07-30
[2020-07-30 20:58:16,157] {bash_operator.py:126} INFO - 2020-08-06
[2020-07-30 20:58:16,157] {bash_operator.py:126} INFO - Parameter I passed in
[2020-07-30 20:58:16,157] {bash_operator.py:126} INFO - 2020-07-30
[2020-07-30 20:58:16,157] {bash_operator.py:126} INFO - 2020-08-06
[2020-07-30 20:58:16,157] {bash_operator.py:126} INFO - Parameter I passed in
[2020-07-30 20:58:16,158] {bash_operator.py:126} INFO - 2020-07-30
[2020-07-30 20:58:16,158] {bash_operator.py:126} INFO - 2020-08-06
[2020-07-30 20:58:16,158] {bash_operator.py:126} INFO - Parameter I passed in
[2020-07-30 20:58:16,158] {bash_operator.py:126} INFO - 2020-07-30
[2020-07-30 20:58:16,158] {bash_operator.py:126} INFO - 2020-08-06
[2020-07-30 20:58:16,158] {bash_operator.py:126} INFO - Parameter I passed in
[2020-07-30 20:58:16,158] {bash_operator.py:126} INFO - 2020-07-30
[2020-07-30 20:58:16,159] {bash_operator.py:126} INFO - 2020-08-06
[2020-07-30 20:58:16,159] {bash_operator.py:126} INFO - Parameter I passed in
[2020-07-30 20:58:16,159] {bash_operator.py:130} INFO - Command exited with return code 0
[2020-07-30 20:58:16,191] {taskinstance.py:1048} INFO - Marking task as SUCCESS.dag_id=tutorial, task_id=templated, execution_date=20200730T205700, start_date=20200730T205815, end_date=20200730T205816
[2020-07-30 20:58:25,832] {logging_mixin.py:112} INFO - [2020-07-30 20:58:25,831] {local_task_job.py:103} INFO - Task exited with return code 0
