[2020-07-30 15:18:13,531] {taskinstance.py:655} INFO - Dependencies all met for <TaskInstance: tutorial.templated 2020-07-30T15:17:00+00:00 [queued]>
[2020-07-30 15:18:13,597] {taskinstance.py:655} INFO - Dependencies all met for <TaskInstance: tutorial.templated 2020-07-30T15:17:00+00:00 [queued]>
[2020-07-30 15:18:13,598] {taskinstance.py:866} INFO - 
--------------------------------------------------------------------------------
[2020-07-30 15:18:13,598] {taskinstance.py:867} INFO - Starting attempt 1 of 2
[2020-07-30 15:18:13,598] {taskinstance.py:868} INFO - 
--------------------------------------------------------------------------------
[2020-07-30 15:18:13,617] {taskinstance.py:887} INFO - Executing <Task(BashOperator): templated> on 2020-07-30T15:17:00+00:00
[2020-07-30 15:18:13,625] {standard_task_runner.py:53} INFO - Started process 28626 to run task
[2020-07-30 15:18:13,762] {logging_mixin.py:112} INFO - Running %s on host %s <TaskInstance: tutorial.templated 2020-07-30T15:17:00+00:00 [running]> 02f6ef7ded4c
[2020-07-30 15:18:13,820] {bash_operator.py:82} INFO - Tmp dir root location: 
 /tmp
[2020-07-30 15:18:13,821] {bash_operator.py:105} INFO - Temporary script location: /tmp/airflowtmp28kddpes/templated9y1u4qn7
[2020-07-30 15:18:13,821] {bash_operator.py:115} INFO - Running command: 

    echo "2020-07-30"
    echo "2020-08-06"
    echo "Parameter I passed in"

    echo "2020-07-30"
    echo "2020-08-06"
    echo "Parameter I passed in"

    echo "2020-07-30"
    echo "2020-08-06"
    echo "Parameter I passed in"

    echo "2020-07-30"
    echo "2020-08-06"
    echo "Parameter I passed in"

    echo "2020-07-30"
    echo "2020-08-06"
    echo "Parameter I passed in"

[2020-07-30 15:18:13,835] {bash_operator.py:122} INFO - Output:
[2020-07-30 15:18:13,853] {bash_operator.py:126} INFO - 2020-07-30
[2020-07-30 15:18:13,853] {bash_operator.py:126} INFO - 2020-08-06
[2020-07-30 15:18:13,854] {bash_operator.py:126} INFO - Parameter I passed in
[2020-07-30 15:18:13,854] {bash_operator.py:126} INFO - 2020-07-30
[2020-07-30 15:18:13,854] {bash_operator.py:126} INFO - 2020-08-06
[2020-07-30 15:18:13,854] {bash_operator.py:126} INFO - Parameter I passed in
[2020-07-30 15:18:13,855] {bash_operator.py:126} INFO - 2020-07-30
[2020-07-30 15:18:13,855] {bash_operator.py:126} INFO - 2020-08-06
[2020-07-30 15:18:13,855] {bash_operator.py:126} INFO - Parameter I passed in
[2020-07-30 15:18:13,855] {bash_operator.py:126} INFO - 2020-07-30
[2020-07-30 15:18:13,855] {bash_operator.py:126} INFO - 2020-08-06
[2020-07-30 15:18:13,855] {bash_operator.py:126} INFO - Parameter I passed in
[2020-07-30 15:18:13,855] {bash_operator.py:126} INFO - 2020-07-30
[2020-07-30 15:18:13,855] {bash_operator.py:126} INFO - 2020-08-06
[2020-07-30 15:18:13,855] {bash_operator.py:126} INFO - Parameter I passed in
[2020-07-30 15:18:13,856] {bash_operator.py:130} INFO - Command exited with return code 0
[2020-07-30 15:18:13,880] {taskinstance.py:1048} INFO - Marking task as SUCCESS.dag_id=tutorial, task_id=templated, execution_date=20200730T151700, start_date=20200730T151813, end_date=20200730T151813
[2020-07-30 15:18:23,486] {logging_mixin.py:112} INFO - [2020-07-30 15:18:23,485] {local_task_job.py:103} INFO - Task exited with return code 0
