[2020-07-30 18:52:14,814] {taskinstance.py:655} INFO - Dependencies all met for <TaskInstance: tutorial.templated 2020-07-30T18:51:00+00:00 [queued]>
[2020-07-30 18:52:14,865] {taskinstance.py:655} INFO - Dependencies all met for <TaskInstance: tutorial.templated 2020-07-30T18:51:00+00:00 [queued]>
[2020-07-30 18:52:14,866] {taskinstance.py:866} INFO - 
--------------------------------------------------------------------------------
[2020-07-30 18:52:14,866] {taskinstance.py:867} INFO - Starting attempt 1 of 2
[2020-07-30 18:52:14,866] {taskinstance.py:868} INFO - 
--------------------------------------------------------------------------------
[2020-07-30 18:52:14,884] {taskinstance.py:887} INFO - Executing <Task(BashOperator): templated> on 2020-07-30T18:51:00+00:00
[2020-07-30 18:52:14,890] {standard_task_runner.py:53} INFO - Started process 12825 to run task
[2020-07-30 18:52:15,027] {logging_mixin.py:112} INFO - Running %s on host %s <TaskInstance: tutorial.templated 2020-07-30T18:51:00+00:00 [running]> 02f6ef7ded4c
[2020-07-30 18:52:15,094] {bash_operator.py:82} INFO - Tmp dir root location: 
 /tmp
[2020-07-30 18:52:15,096] {bash_operator.py:105} INFO - Temporary script location: /tmp/airflowtmpld3izyj2/templatedkbc8g6xt
[2020-07-30 18:52:15,096] {bash_operator.py:115} INFO - Running command: 

    echo "2020-07-30"
    echo "2020-08-06"
    echo "Parameter I passed in"

    echo "2020-07-30"
    echo "2020-08-06"
    echo "Parameter I passed in"

    echo "2020-07-30"
    echo "2020-08-06"
    echo "Parameter I passed in"

    echo "2020-07-30"
    echo "2020-08-06"
    echo "Parameter I passed in"

    echo "2020-07-30"
    echo "2020-08-06"
    echo "Parameter I passed in"

[2020-07-30 18:52:15,113] {bash_operator.py:122} INFO - Output:
[2020-07-30 18:52:15,117] {bash_operator.py:126} INFO - 2020-07-30
[2020-07-30 18:52:15,117] {bash_operator.py:126} INFO - 2020-08-06
[2020-07-30 18:52:15,118] {bash_operator.py:126} INFO - Parameter I passed in
[2020-07-30 18:52:15,118] {bash_operator.py:126} INFO - 2020-07-30
[2020-07-30 18:52:15,118] {bash_operator.py:126} INFO - 2020-08-06
[2020-07-30 18:52:15,118] {bash_operator.py:126} INFO - Parameter I passed in
[2020-07-30 18:52:15,118] {bash_operator.py:126} INFO - 2020-07-30
[2020-07-30 18:52:15,118] {bash_operator.py:126} INFO - 2020-08-06
[2020-07-30 18:52:15,118] {bash_operator.py:126} INFO - Parameter I passed in
[2020-07-30 18:52:15,119] {bash_operator.py:126} INFO - 2020-07-30
[2020-07-30 18:52:15,119] {bash_operator.py:126} INFO - 2020-08-06
[2020-07-30 18:52:15,119] {bash_operator.py:126} INFO - Parameter I passed in
[2020-07-30 18:52:15,119] {bash_operator.py:126} INFO - 2020-07-30
[2020-07-30 18:52:15,119] {bash_operator.py:126} INFO - 2020-08-06
[2020-07-30 18:52:15,119] {bash_operator.py:126} INFO - Parameter I passed in
[2020-07-30 18:52:15,119] {bash_operator.py:130} INFO - Command exited with return code 0
[2020-07-30 18:52:15,149] {taskinstance.py:1048} INFO - Marking task as SUCCESS.dag_id=tutorial, task_id=templated, execution_date=20200730T185100, start_date=20200730T185214, end_date=20200730T185215
[2020-07-30 18:52:24,771] {logging_mixin.py:112} INFO - [2020-07-30 18:52:24,770] {local_task_job.py:103} INFO - Task exited with return code 0
