[2020-07-30 16:58:14,820] {taskinstance.py:655} INFO - Dependencies all met for <TaskInstance: tutorial.templated 2020-07-30T16:57:00+00:00 [queued]>
[2020-07-30 16:58:14,868] {taskinstance.py:655} INFO - Dependencies all met for <TaskInstance: tutorial.templated 2020-07-30T16:57:00+00:00 [queued]>
[2020-07-30 16:58:14,869] {taskinstance.py:866} INFO - 
--------------------------------------------------------------------------------
[2020-07-30 16:58:14,869] {taskinstance.py:867} INFO - Starting attempt 1 of 2
[2020-07-30 16:58:14,869] {taskinstance.py:868} INFO - 
--------------------------------------------------------------------------------
[2020-07-30 16:58:14,913] {taskinstance.py:887} INFO - Executing <Task(BashOperator): templated> on 2020-07-30T16:57:00+00:00
[2020-07-30 16:58:14,921] {standard_task_runner.py:53} INFO - Started process 32169 to run task
[2020-07-30 16:58:15,113] {logging_mixin.py:112} INFO - Running %s on host %s <TaskInstance: tutorial.templated 2020-07-30T16:57:00+00:00 [running]> 02f6ef7ded4c
[2020-07-30 16:58:15,200] {bash_operator.py:82} INFO - Tmp dir root location: 
 /tmp
[2020-07-30 16:58:15,201] {bash_operator.py:105} INFO - Temporary script location: /tmp/airflowtmpz1oqu33d/templatedxla3qea7
[2020-07-30 16:58:15,202] {bash_operator.py:115} INFO - Running command: 

    echo "2020-07-30"
    echo "2020-08-06"
    echo "Parameter I passed in"

    echo "2020-07-30"
    echo "2020-08-06"
    echo "Parameter I passed in"

    echo "2020-07-30"
    echo "2020-08-06"
    echo "Parameter I passed in"

    echo "2020-07-30"
    echo "2020-08-06"
    echo "Parameter I passed in"

    echo "2020-07-30"
    echo "2020-08-06"
    echo "Parameter I passed in"

[2020-07-30 16:58:15,219] {bash_operator.py:122} INFO - Output:
[2020-07-30 16:58:15,221] {bash_operator.py:126} INFO - 2020-07-30
[2020-07-30 16:58:15,222] {bash_operator.py:126} INFO - 2020-08-06
[2020-07-30 16:58:15,222] {bash_operator.py:126} INFO - Parameter I passed in
[2020-07-30 16:58:15,222] {bash_operator.py:126} INFO - 2020-07-30
[2020-07-30 16:58:15,222] {bash_operator.py:126} INFO - 2020-08-06
[2020-07-30 16:58:15,222] {bash_operator.py:126} INFO - Parameter I passed in
[2020-07-30 16:58:15,222] {bash_operator.py:126} INFO - 2020-07-30
[2020-07-30 16:58:15,222] {bash_operator.py:126} INFO - 2020-08-06
[2020-07-30 16:58:15,222] {bash_operator.py:126} INFO - Parameter I passed in
[2020-07-30 16:58:15,222] {bash_operator.py:126} INFO - 2020-07-30
[2020-07-30 16:58:15,222] {bash_operator.py:126} INFO - 2020-08-06
[2020-07-30 16:58:15,222] {bash_operator.py:126} INFO - Parameter I passed in
[2020-07-30 16:58:15,222] {bash_operator.py:126} INFO - 2020-07-30
[2020-07-30 16:58:15,222] {bash_operator.py:126} INFO - 2020-08-06
[2020-07-30 16:58:15,222] {bash_operator.py:126} INFO - Parameter I passed in
[2020-07-30 16:58:15,223] {bash_operator.py:130} INFO - Command exited with return code 0
[2020-07-30 16:58:15,245] {taskinstance.py:1048} INFO - Marking task as SUCCESS.dag_id=tutorial, task_id=templated, execution_date=20200730T165700, start_date=20200730T165814, end_date=20200730T165815
[2020-07-30 16:58:24,755] {logging_mixin.py:112} INFO - [2020-07-30 16:58:24,754] {local_task_job.py:103} INFO - Task exited with return code 0
