[2020-07-31 03:07:15,757] {taskinstance.py:655} INFO - Dependencies all met for <TaskInstance: tutorial.templated 2020-07-31T03:06:00+00:00 [queued]>
[2020-07-31 03:07:15,816] {taskinstance.py:655} INFO - Dependencies all met for <TaskInstance: tutorial.templated 2020-07-31T03:06:00+00:00 [queued]>
[2020-07-31 03:07:15,817] {taskinstance.py:866} INFO - 
--------------------------------------------------------------------------------
[2020-07-31 03:07:15,817] {taskinstance.py:867} INFO - Starting attempt 1 of 2
[2020-07-31 03:07:15,817] {taskinstance.py:868} INFO - 
--------------------------------------------------------------------------------
[2020-07-31 03:07:15,843] {taskinstance.py:887} INFO - Executing <Task(BashOperator): templated> on 2020-07-31T03:06:00+00:00
[2020-07-31 03:07:15,859] {standard_task_runner.py:53} INFO - Started process 26997 to run task
[2020-07-31 03:07:15,965] {logging_mixin.py:112} INFO - Running %s on host %s <TaskInstance: tutorial.templated 2020-07-31T03:06:00+00:00 [running]> 02f6ef7ded4c
[2020-07-31 03:07:16,049] {bash_operator.py:82} INFO - Tmp dir root location: 
 /tmp
[2020-07-31 03:07:16,051] {bash_operator.py:105} INFO - Temporary script location: /tmp/airflowtmp0w7v8khk/templated2suycxyo
[2020-07-31 03:07:16,052] {bash_operator.py:115} INFO - Running command: 

    echo "2020-07-31"
    echo "2020-08-07"
    echo "Parameter I passed in"

    echo "2020-07-31"
    echo "2020-08-07"
    echo "Parameter I passed in"

    echo "2020-07-31"
    echo "2020-08-07"
    echo "Parameter I passed in"

    echo "2020-07-31"
    echo "2020-08-07"
    echo "Parameter I passed in"

    echo "2020-07-31"
    echo "2020-08-07"
    echo "Parameter I passed in"

[2020-07-31 03:07:16,070] {bash_operator.py:122} INFO - Output:
[2020-07-31 03:07:16,073] {bash_operator.py:126} INFO - 2020-07-31
[2020-07-31 03:07:16,073] {bash_operator.py:126} INFO - 2020-08-07
[2020-07-31 03:07:16,073] {bash_operator.py:126} INFO - Parameter I passed in
[2020-07-31 03:07:16,073] {bash_operator.py:126} INFO - 2020-07-31
[2020-07-31 03:07:16,073] {bash_operator.py:126} INFO - 2020-08-07
[2020-07-31 03:07:16,073] {bash_operator.py:126} INFO - Parameter I passed in
[2020-07-31 03:07:16,074] {bash_operator.py:126} INFO - 2020-07-31
[2020-07-31 03:07:16,074] {bash_operator.py:126} INFO - 2020-08-07
[2020-07-31 03:07:16,074] {bash_operator.py:126} INFO - Parameter I passed in
[2020-07-31 03:07:16,074] {bash_operator.py:126} INFO - 2020-07-31
[2020-07-31 03:07:16,074] {bash_operator.py:126} INFO - 2020-08-07
[2020-07-31 03:07:16,074] {bash_operator.py:126} INFO - Parameter I passed in
[2020-07-31 03:07:16,074] {bash_operator.py:126} INFO - 2020-07-31
[2020-07-31 03:07:16,074] {bash_operator.py:126} INFO - 2020-08-07
[2020-07-31 03:07:16,074] {bash_operator.py:126} INFO - Parameter I passed in
[2020-07-31 03:07:16,074] {bash_operator.py:130} INFO - Command exited with return code 0
[2020-07-31 03:07:16,103] {taskinstance.py:1048} INFO - Marking task as SUCCESS.dag_id=tutorial, task_id=templated, execution_date=20200731T030600, start_date=20200731T030715, end_date=20200731T030716
[2020-07-31 03:07:25,709] {logging_mixin.py:112} INFO - [2020-07-31 03:07:25,708] {local_task_job.py:103} INFO - Task exited with return code 0
