[2020-07-31 00:26:16,498] {taskinstance.py:655} INFO - Dependencies all met for <TaskInstance: tutorial.templated 2020-07-31T00:25:00+00:00 [queued]>
[2020-07-31 00:26:16,545] {taskinstance.py:655} INFO - Dependencies all met for <TaskInstance: tutorial.templated 2020-07-31T00:25:00+00:00 [queued]>
[2020-07-31 00:26:16,546] {taskinstance.py:866} INFO - 
--------------------------------------------------------------------------------
[2020-07-31 00:26:16,546] {taskinstance.py:867} INFO - Starting attempt 1 of 2
[2020-07-31 00:26:16,546] {taskinstance.py:868} INFO - 
--------------------------------------------------------------------------------
[2020-07-31 00:26:16,571] {taskinstance.py:887} INFO - Executing <Task(BashOperator): templated> on 2020-07-31T00:25:00+00:00
[2020-07-31 00:26:16,579] {standard_task_runner.py:53} INFO - Started process 14215 to run task
[2020-07-31 00:26:16,712] {logging_mixin.py:112} INFO - Running %s on host %s <TaskInstance: tutorial.templated 2020-07-31T00:25:00+00:00 [running]> 02f6ef7ded4c
[2020-07-31 00:26:16,785] {bash_operator.py:82} INFO - Tmp dir root location: 
 /tmp
[2020-07-31 00:26:16,787] {bash_operator.py:105} INFO - Temporary script location: /tmp/airflowtmpwxvg1yqq/templatedr42cpjib
[2020-07-31 00:26:16,787] {bash_operator.py:115} INFO - Running command: 

    echo "2020-07-31"
    echo "2020-08-07"
    echo "Parameter I passed in"

    echo "2020-07-31"
    echo "2020-08-07"
    echo "Parameter I passed in"

    echo "2020-07-31"
    echo "2020-08-07"
    echo "Parameter I passed in"

    echo "2020-07-31"
    echo "2020-08-07"
    echo "Parameter I passed in"

    echo "2020-07-31"
    echo "2020-08-07"
    echo "Parameter I passed in"

[2020-07-31 00:26:16,801] {bash_operator.py:122} INFO - Output:
[2020-07-31 00:26:16,803] {bash_operator.py:126} INFO - 2020-07-31
[2020-07-31 00:26:16,803] {bash_operator.py:126} INFO - 2020-08-07
[2020-07-31 00:26:16,803] {bash_operator.py:126} INFO - Parameter I passed in
[2020-07-31 00:26:16,803] {bash_operator.py:126} INFO - 2020-07-31
[2020-07-31 00:26:16,803] {bash_operator.py:126} INFO - 2020-08-07
[2020-07-31 00:26:16,804] {bash_operator.py:126} INFO - Parameter I passed in
[2020-07-31 00:26:16,804] {bash_operator.py:126} INFO - 2020-07-31
[2020-07-31 00:26:16,804] {bash_operator.py:126} INFO - 2020-08-07
[2020-07-31 00:26:16,804] {bash_operator.py:126} INFO - Parameter I passed in
[2020-07-31 00:26:16,804] {bash_operator.py:126} INFO - 2020-07-31
[2020-07-31 00:26:16,805] {bash_operator.py:126} INFO - 2020-08-07
[2020-07-31 00:26:16,805] {bash_operator.py:126} INFO - Parameter I passed in
[2020-07-31 00:26:16,805] {bash_operator.py:126} INFO - 2020-07-31
[2020-07-31 00:26:16,805] {bash_operator.py:126} INFO - 2020-08-07
[2020-07-31 00:26:16,805] {bash_operator.py:126} INFO - Parameter I passed in
[2020-07-31 00:26:16,806] {bash_operator.py:130} INFO - Command exited with return code 0
[2020-07-31 00:26:16,837] {taskinstance.py:1048} INFO - Marking task as SUCCESS.dag_id=tutorial, task_id=templated, execution_date=20200731T002500, start_date=20200731T002616, end_date=20200731T002616
[2020-07-31 00:26:26,455] {logging_mixin.py:112} INFO - [2020-07-31 00:26:26,454] {local_task_job.py:103} INFO - Task exited with return code 0
