[2020-07-31 03:58:15,157] {taskinstance.py:655} INFO - Dependencies all met for <TaskInstance: tutorial.templated 2020-07-31T03:57:00+00:00 [queued]>
[2020-07-31 03:58:15,201] {taskinstance.py:655} INFO - Dependencies all met for <TaskInstance: tutorial.templated 2020-07-31T03:57:00+00:00 [queued]>
[2020-07-31 03:58:15,202] {taskinstance.py:866} INFO - 
--------------------------------------------------------------------------------
[2020-07-31 03:58:15,202] {taskinstance.py:867} INFO - Starting attempt 1 of 2
[2020-07-31 03:58:15,202] {taskinstance.py:868} INFO - 
--------------------------------------------------------------------------------
[2020-07-31 03:58:15,239] {taskinstance.py:887} INFO - Executing <Task(BashOperator): templated> on 2020-07-31T03:57:00+00:00
[2020-07-31 03:58:15,257] {standard_task_runner.py:53} INFO - Started process 29435 to run task
[2020-07-31 03:58:15,381] {logging_mixin.py:112} INFO - Running %s on host %s <TaskInstance: tutorial.templated 2020-07-31T03:57:00+00:00 [running]> 02f6ef7ded4c
[2020-07-31 03:58:15,434] {bash_operator.py:82} INFO - Tmp dir root location: 
 /tmp
[2020-07-31 03:58:15,435] {bash_operator.py:105} INFO - Temporary script location: /tmp/airflowtmptcq96yhu/templated95u9b9tg
[2020-07-31 03:58:15,435] {bash_operator.py:115} INFO - Running command: 

    echo "2020-07-31"
    echo "2020-08-07"
    echo "Parameter I passed in"

    echo "2020-07-31"
    echo "2020-08-07"
    echo "Parameter I passed in"

    echo "2020-07-31"
    echo "2020-08-07"
    echo "Parameter I passed in"

    echo "2020-07-31"
    echo "2020-08-07"
    echo "Parameter I passed in"

    echo "2020-07-31"
    echo "2020-08-07"
    echo "Parameter I passed in"

[2020-07-31 03:58:15,455] {bash_operator.py:122} INFO - Output:
[2020-07-31 03:58:15,458] {bash_operator.py:126} INFO - 2020-07-31
[2020-07-31 03:58:15,458] {bash_operator.py:126} INFO - 2020-08-07
[2020-07-31 03:58:15,458] {bash_operator.py:126} INFO - Parameter I passed in
[2020-07-31 03:58:15,458] {bash_operator.py:126} INFO - 2020-07-31
[2020-07-31 03:58:15,458] {bash_operator.py:126} INFO - 2020-08-07
[2020-07-31 03:58:15,458] {bash_operator.py:126} INFO - Parameter I passed in
[2020-07-31 03:58:15,458] {bash_operator.py:126} INFO - 2020-07-31
[2020-07-31 03:58:15,459] {bash_operator.py:126} INFO - 2020-08-07
[2020-07-31 03:58:15,459] {bash_operator.py:126} INFO - Parameter I passed in
[2020-07-31 03:58:15,459] {bash_operator.py:126} INFO - 2020-07-31
[2020-07-31 03:58:15,459] {bash_operator.py:126} INFO - 2020-08-07
[2020-07-31 03:58:15,459] {bash_operator.py:126} INFO - Parameter I passed in
[2020-07-31 03:58:15,459] {bash_operator.py:126} INFO - 2020-07-31
[2020-07-31 03:58:15,459] {bash_operator.py:126} INFO - 2020-08-07
[2020-07-31 03:58:15,459] {bash_operator.py:126} INFO - Parameter I passed in
[2020-07-31 03:58:15,464] {bash_operator.py:130} INFO - Command exited with return code 0
[2020-07-31 03:58:15,489] {taskinstance.py:1048} INFO - Marking task as SUCCESS.dag_id=tutorial, task_id=templated, execution_date=20200731T035700, start_date=20200731T035815, end_date=20200731T035815
[2020-07-31 03:58:25,114] {logging_mixin.py:112} INFO - [2020-07-31 03:58:25,114] {local_task_job.py:103} INFO - Task exited with return code 0
