[2020-07-31 05:30:16,011] {taskinstance.py:655} INFO - Dependencies all met for <TaskInstance: tutorial.templated 2020-07-31T05:29:00+00:00 [queued]>
[2020-07-31 05:30:16,070] {taskinstance.py:655} INFO - Dependencies all met for <TaskInstance: tutorial.templated 2020-07-31T05:29:00+00:00 [queued]>
[2020-07-31 05:30:16,071] {taskinstance.py:866} INFO - 
--------------------------------------------------------------------------------
[2020-07-31 05:30:16,071] {taskinstance.py:867} INFO - Starting attempt 1 of 2
[2020-07-31 05:30:16,071] {taskinstance.py:868} INFO - 
--------------------------------------------------------------------------------
[2020-07-31 05:30:16,089] {taskinstance.py:887} INFO - Executing <Task(BashOperator): templated> on 2020-07-31T05:29:00+00:00
[2020-07-31 05:30:16,097] {standard_task_runner.py:53} INFO - Started process 29562 to run task
[2020-07-31 05:30:16,237] {logging_mixin.py:112} INFO - Running %s on host %s <TaskInstance: tutorial.templated 2020-07-31T05:29:00+00:00 [running]> 02f6ef7ded4c
[2020-07-31 05:30:16,295] {bash_operator.py:82} INFO - Tmp dir root location: 
 /tmp
[2020-07-31 05:30:16,297] {bash_operator.py:105} INFO - Temporary script location: /tmp/airflowtmp6m_b87cq/templated9pgidsvd
[2020-07-31 05:30:16,297] {bash_operator.py:115} INFO - Running command: 

    echo "2020-07-31"
    echo "2020-08-07"
    echo "Parameter I passed in"

    echo "2020-07-31"
    echo "2020-08-07"
    echo "Parameter I passed in"

    echo "2020-07-31"
    echo "2020-08-07"
    echo "Parameter I passed in"

    echo "2020-07-31"
    echo "2020-08-07"
    echo "Parameter I passed in"

    echo "2020-07-31"
    echo "2020-08-07"
    echo "Parameter I passed in"

[2020-07-31 05:30:16,314] {bash_operator.py:122} INFO - Output:
[2020-07-31 05:30:16,316] {bash_operator.py:126} INFO - 2020-07-31
[2020-07-31 05:30:16,316] {bash_operator.py:126} INFO - 2020-08-07
[2020-07-31 05:30:16,316] {bash_operator.py:126} INFO - Parameter I passed in
[2020-07-31 05:30:16,316] {bash_operator.py:126} INFO - 2020-07-31
[2020-07-31 05:30:16,316] {bash_operator.py:126} INFO - 2020-08-07
[2020-07-31 05:30:16,316] {bash_operator.py:126} INFO - Parameter I passed in
[2020-07-31 05:30:16,316] {bash_operator.py:126} INFO - 2020-07-31
[2020-07-31 05:30:16,316] {bash_operator.py:126} INFO - 2020-08-07
[2020-07-31 05:30:16,316] {bash_operator.py:126} INFO - Parameter I passed in
[2020-07-31 05:30:16,316] {bash_operator.py:126} INFO - 2020-07-31
[2020-07-31 05:30:16,317] {bash_operator.py:126} INFO - 2020-08-07
[2020-07-31 05:30:16,317] {bash_operator.py:126} INFO - Parameter I passed in
[2020-07-31 05:30:16,317] {bash_operator.py:126} INFO - 2020-07-31
[2020-07-31 05:30:16,317] {bash_operator.py:126} INFO - 2020-08-07
[2020-07-31 05:30:16,317] {bash_operator.py:126} INFO - Parameter I passed in
[2020-07-31 05:30:16,317] {bash_operator.py:130} INFO - Command exited with return code 0
[2020-07-31 05:30:16,342] {taskinstance.py:1048} INFO - Marking task as SUCCESS.dag_id=tutorial, task_id=templated, execution_date=20200731T052900, start_date=20200731T053016, end_date=20200731T053016
[2020-07-31 05:30:25,955] {logging_mixin.py:112} INFO - [2020-07-31 05:30:25,954] {local_task_job.py:103} INFO - Task exited with return code 0
