[2020-07-30 22:40:12,964] {taskinstance.py:655} INFO - Dependencies all met for <TaskInstance: tutorial.templated 2020-07-30T22:39:00+00:00 [queued]>
[2020-07-30 22:40:13,015] {taskinstance.py:655} INFO - Dependencies all met for <TaskInstance: tutorial.templated 2020-07-30T22:39:00+00:00 [queued]>
[2020-07-30 22:40:13,015] {taskinstance.py:866} INFO - 
--------------------------------------------------------------------------------
[2020-07-30 22:40:13,015] {taskinstance.py:867} INFO - Starting attempt 1 of 2
[2020-07-30 22:40:13,015] {taskinstance.py:868} INFO - 
--------------------------------------------------------------------------------
[2020-07-30 22:40:13,042] {taskinstance.py:887} INFO - Executing <Task(BashOperator): templated> on 2020-07-30T22:39:00+00:00
[2020-07-30 22:40:13,049] {standard_task_runner.py:53} INFO - Started process 6552 to run task
[2020-07-30 22:40:13,189] {logging_mixin.py:112} INFO - Running %s on host %s <TaskInstance: tutorial.templated 2020-07-30T22:39:00+00:00 [running]> 02f6ef7ded4c
[2020-07-30 22:40:13,248] {bash_operator.py:82} INFO - Tmp dir root location: 
 /tmp
[2020-07-30 22:40:13,250] {bash_operator.py:105} INFO - Temporary script location: /tmp/airflowtmp7iur4_x6/templatedjjwzl26y
[2020-07-30 22:40:13,250] {bash_operator.py:115} INFO - Running command: 

    echo "2020-07-30"
    echo "2020-08-06"
    echo "Parameter I passed in"

    echo "2020-07-30"
    echo "2020-08-06"
    echo "Parameter I passed in"

    echo "2020-07-30"
    echo "2020-08-06"
    echo "Parameter I passed in"

    echo "2020-07-30"
    echo "2020-08-06"
    echo "Parameter I passed in"

    echo "2020-07-30"
    echo "2020-08-06"
    echo "Parameter I passed in"

[2020-07-30 22:40:13,266] {bash_operator.py:122} INFO - Output:
[2020-07-30 22:40:13,267] {bash_operator.py:126} INFO - 2020-07-30
[2020-07-30 22:40:13,268] {bash_operator.py:126} INFO - 2020-08-06
[2020-07-30 22:40:13,268] {bash_operator.py:126} INFO - Parameter I passed in
[2020-07-30 22:40:13,268] {bash_operator.py:126} INFO - 2020-07-30
[2020-07-30 22:40:13,268] {bash_operator.py:126} INFO - 2020-08-06
[2020-07-30 22:40:13,268] {bash_operator.py:126} INFO - Parameter I passed in
[2020-07-30 22:40:13,268] {bash_operator.py:126} INFO - 2020-07-30
[2020-07-30 22:40:13,268] {bash_operator.py:126} INFO - 2020-08-06
[2020-07-30 22:40:13,268] {bash_operator.py:126} INFO - Parameter I passed in
[2020-07-30 22:40:13,268] {bash_operator.py:126} INFO - 2020-07-30
[2020-07-30 22:40:13,268] {bash_operator.py:126} INFO - 2020-08-06
[2020-07-30 22:40:13,268] {bash_operator.py:126} INFO - Parameter I passed in
[2020-07-30 22:40:13,269] {bash_operator.py:126} INFO - 2020-07-30
[2020-07-30 22:40:13,269] {bash_operator.py:126} INFO - 2020-08-06
[2020-07-30 22:40:13,269] {bash_operator.py:126} INFO - Parameter I passed in
[2020-07-30 22:40:13,269] {bash_operator.py:130} INFO - Command exited with return code 0
[2020-07-30 22:40:13,294] {taskinstance.py:1048} INFO - Marking task as SUCCESS.dag_id=tutorial, task_id=templated, execution_date=20200730T223900, start_date=20200730T224012, end_date=20200730T224013
[2020-07-30 22:40:22,891] {logging_mixin.py:112} INFO - [2020-07-30 22:40:22,890] {local_task_job.py:103} INFO - Task exited with return code 0
