[2020-07-30 19:52:13,136] {taskinstance.py:655} INFO - Dependencies all met for <TaskInstance: tutorial.templated 2020-07-30T19:51:00+00:00 [queued]>
[2020-07-30 19:52:13,186] {taskinstance.py:655} INFO - Dependencies all met for <TaskInstance: tutorial.templated 2020-07-30T19:51:00+00:00 [queued]>
[2020-07-30 19:52:13,186] {taskinstance.py:866} INFO - 
--------------------------------------------------------------------------------
[2020-07-30 19:52:13,186] {taskinstance.py:867} INFO - Starting attempt 1 of 2
[2020-07-30 19:52:13,187] {taskinstance.py:868} INFO - 
--------------------------------------------------------------------------------
[2020-07-30 19:52:13,211] {taskinstance.py:887} INFO - Executing <Task(BashOperator): templated> on 2020-07-30T19:51:00+00:00
[2020-07-30 19:52:13,217] {standard_task_runner.py:53} INFO - Started process 21411 to run task
[2020-07-30 19:52:13,342] {logging_mixin.py:112} INFO - Running %s on host %s <TaskInstance: tutorial.templated 2020-07-30T19:51:00+00:00 [running]> 02f6ef7ded4c
[2020-07-30 19:52:13,402] {bash_operator.py:82} INFO - Tmp dir root location: 
 /tmp
[2020-07-30 19:52:13,404] {bash_operator.py:105} INFO - Temporary script location: /tmp/airflowtmpqj44ptgk/templated079v03qe
[2020-07-30 19:52:13,404] {bash_operator.py:115} INFO - Running command: 

    echo "2020-07-30"
    echo "2020-08-06"
    echo "Parameter I passed in"

    echo "2020-07-30"
    echo "2020-08-06"
    echo "Parameter I passed in"

    echo "2020-07-30"
    echo "2020-08-06"
    echo "Parameter I passed in"

    echo "2020-07-30"
    echo "2020-08-06"
    echo "Parameter I passed in"

    echo "2020-07-30"
    echo "2020-08-06"
    echo "Parameter I passed in"

[2020-07-30 19:52:13,419] {bash_operator.py:122} INFO - Output:
[2020-07-30 19:52:13,421] {bash_operator.py:126} INFO - 2020-07-30
[2020-07-30 19:52:13,422] {bash_operator.py:126} INFO - 2020-08-06
[2020-07-30 19:52:13,422] {bash_operator.py:126} INFO - Parameter I passed in
[2020-07-30 19:52:13,422] {bash_operator.py:126} INFO - 2020-07-30
[2020-07-30 19:52:13,422] {bash_operator.py:126} INFO - 2020-08-06
[2020-07-30 19:52:13,422] {bash_operator.py:126} INFO - Parameter I passed in
[2020-07-30 19:52:13,422] {bash_operator.py:126} INFO - 2020-07-30
[2020-07-30 19:52:13,422] {bash_operator.py:126} INFO - 2020-08-06
[2020-07-30 19:52:13,422] {bash_operator.py:126} INFO - Parameter I passed in
[2020-07-30 19:52:13,422] {bash_operator.py:126} INFO - 2020-07-30
[2020-07-30 19:52:13,422] {bash_operator.py:126} INFO - 2020-08-06
[2020-07-30 19:52:13,423] {bash_operator.py:126} INFO - Parameter I passed in
[2020-07-30 19:52:13,423] {bash_operator.py:126} INFO - 2020-07-30
[2020-07-30 19:52:13,423] {bash_operator.py:126} INFO - 2020-08-06
[2020-07-30 19:52:13,423] {bash_operator.py:126} INFO - Parameter I passed in
[2020-07-30 19:52:13,423] {bash_operator.py:130} INFO - Command exited with return code 0
[2020-07-30 19:52:13,452] {taskinstance.py:1048} INFO - Marking task as SUCCESS.dag_id=tutorial, task_id=templated, execution_date=20200730T195100, start_date=20200730T195213, end_date=20200730T195213
[2020-07-30 19:52:23,077] {logging_mixin.py:112} INFO - [2020-07-30 19:52:23,076] {local_task_job.py:103} INFO - Task exited with return code 0
