[2020-07-30 22:36:16,723] {taskinstance.py:655} INFO - Dependencies all met for <TaskInstance: tutorial.templated 2020-07-30T22:35:00+00:00 [queued]>
[2020-07-30 22:36:16,782] {taskinstance.py:655} INFO - Dependencies all met for <TaskInstance: tutorial.templated 2020-07-30T22:35:00+00:00 [queued]>
[2020-07-30 22:36:16,783] {taskinstance.py:866} INFO - 
--------------------------------------------------------------------------------
[2020-07-30 22:36:16,783] {taskinstance.py:867} INFO - Starting attempt 1 of 2
[2020-07-30 22:36:16,783] {taskinstance.py:868} INFO - 
--------------------------------------------------------------------------------
[2020-07-30 22:36:16,802] {taskinstance.py:887} INFO - Executing <Task(BashOperator): templated> on 2020-07-30T22:35:00+00:00
[2020-07-30 22:36:16,809] {standard_task_runner.py:53} INFO - Started process 3855 to run task
[2020-07-30 22:36:16,948] {logging_mixin.py:112} INFO - Running %s on host %s <TaskInstance: tutorial.templated 2020-07-30T22:35:00+00:00 [running]> 02f6ef7ded4c
[2020-07-30 22:36:17,010] {bash_operator.py:82} INFO - Tmp dir root location: 
 /tmp
[2020-07-30 22:36:17,012] {bash_operator.py:105} INFO - Temporary script location: /tmp/airflowtmpxd29zgn_/templated6vm0qvbu
[2020-07-30 22:36:17,012] {bash_operator.py:115} INFO - Running command: 

    echo "2020-07-30"
    echo "2020-08-06"
    echo "Parameter I passed in"

    echo "2020-07-30"
    echo "2020-08-06"
    echo "Parameter I passed in"

    echo "2020-07-30"
    echo "2020-08-06"
    echo "Parameter I passed in"

    echo "2020-07-30"
    echo "2020-08-06"
    echo "Parameter I passed in"

    echo "2020-07-30"
    echo "2020-08-06"
    echo "Parameter I passed in"

[2020-07-30 22:36:17,027] {bash_operator.py:122} INFO - Output:
[2020-07-30 22:36:17,029] {bash_operator.py:126} INFO - 2020-07-30
[2020-07-30 22:36:17,030] {bash_operator.py:126} INFO - 2020-08-06
[2020-07-30 22:36:17,030] {bash_operator.py:126} INFO - Parameter I passed in
[2020-07-30 22:36:17,030] {bash_operator.py:126} INFO - 2020-07-30
[2020-07-30 22:36:17,030] {bash_operator.py:126} INFO - 2020-08-06
[2020-07-30 22:36:17,030] {bash_operator.py:126} INFO - Parameter I passed in
[2020-07-30 22:36:17,030] {bash_operator.py:126} INFO - 2020-07-30
[2020-07-30 22:36:17,030] {bash_operator.py:126} INFO - 2020-08-06
[2020-07-30 22:36:17,030] {bash_operator.py:126} INFO - Parameter I passed in
[2020-07-30 22:36:17,030] {bash_operator.py:126} INFO - 2020-07-30
[2020-07-30 22:36:17,030] {bash_operator.py:126} INFO - 2020-08-06
[2020-07-30 22:36:17,030] {bash_operator.py:126} INFO - Parameter I passed in
[2020-07-30 22:36:17,030] {bash_operator.py:126} INFO - 2020-07-30
[2020-07-30 22:36:17,030] {bash_operator.py:126} INFO - 2020-08-06
[2020-07-30 22:36:17,031] {bash_operator.py:126} INFO - Parameter I passed in
[2020-07-30 22:36:17,031] {bash_operator.py:130} INFO - Command exited with return code 0
[2020-07-30 22:36:17,058] {taskinstance.py:1048} INFO - Marking task as SUCCESS.dag_id=tutorial, task_id=templated, execution_date=20200730T223500, start_date=20200730T223616, end_date=20200730T223617
[2020-07-30 22:36:26,675] {logging_mixin.py:112} INFO - [2020-07-30 22:36:26,674] {local_task_job.py:103} INFO - Task exited with return code 0
