[2020-07-30 15:07:14,690] {taskinstance.py:655} INFO - Dependencies all met for <TaskInstance: tutorial.templated 2020-07-30T15:06:00+00:00 [queued]>
[2020-07-30 15:07:14,737] {taskinstance.py:655} INFO - Dependencies all met for <TaskInstance: tutorial.templated 2020-07-30T15:06:00+00:00 [queued]>
[2020-07-30 15:07:14,738] {taskinstance.py:866} INFO - 
--------------------------------------------------------------------------------
[2020-07-30 15:07:14,738] {taskinstance.py:867} INFO - Starting attempt 1 of 2
[2020-07-30 15:07:14,738] {taskinstance.py:868} INFO - 
--------------------------------------------------------------------------------
[2020-07-30 15:07:14,775] {taskinstance.py:887} INFO - Executing <Task(BashOperator): templated> on 2020-07-30T15:06:00+00:00
[2020-07-30 15:07:14,783] {standard_task_runner.py:53} INFO - Started process 21103 to run task
[2020-07-30 15:07:14,932] {logging_mixin.py:112} INFO - Running %s on host %s <TaskInstance: tutorial.templated 2020-07-30T15:06:00+00:00 [running]> 02f6ef7ded4c
[2020-07-30 15:07:15,000] {bash_operator.py:82} INFO - Tmp dir root location: 
 /tmp
[2020-07-30 15:07:15,002] {bash_operator.py:105} INFO - Temporary script location: /tmp/airflowtmptzybjmlv/templated_eg9rekb
[2020-07-30 15:07:15,002] {bash_operator.py:115} INFO - Running command: 

    echo "2020-07-30"
    echo "2020-08-06"
    echo "Parameter I passed in"

    echo "2020-07-30"
    echo "2020-08-06"
    echo "Parameter I passed in"

    echo "2020-07-30"
    echo "2020-08-06"
    echo "Parameter I passed in"

    echo "2020-07-30"
    echo "2020-08-06"
    echo "Parameter I passed in"

    echo "2020-07-30"
    echo "2020-08-06"
    echo "Parameter I passed in"

[2020-07-30 15:07:15,027] {bash_operator.py:122} INFO - Output:
[2020-07-30 15:07:15,029] {bash_operator.py:126} INFO - 2020-07-30
[2020-07-30 15:07:15,029] {bash_operator.py:126} INFO - 2020-08-06
[2020-07-30 15:07:15,029] {bash_operator.py:126} INFO - Parameter I passed in
[2020-07-30 15:07:15,029] {bash_operator.py:126} INFO - 2020-07-30
[2020-07-30 15:07:15,029] {bash_operator.py:126} INFO - 2020-08-06
[2020-07-30 15:07:15,029] {bash_operator.py:126} INFO - Parameter I passed in
[2020-07-30 15:07:15,030] {bash_operator.py:126} INFO - 2020-07-30
[2020-07-30 15:07:15,030] {bash_operator.py:126} INFO - 2020-08-06
[2020-07-30 15:07:15,030] {bash_operator.py:126} INFO - Parameter I passed in
[2020-07-30 15:07:15,030] {bash_operator.py:126} INFO - 2020-07-30
[2020-07-30 15:07:15,030] {bash_operator.py:126} INFO - 2020-08-06
[2020-07-30 15:07:15,030] {bash_operator.py:126} INFO - Parameter I passed in
[2020-07-30 15:07:15,030] {bash_operator.py:126} INFO - 2020-07-30
[2020-07-30 15:07:15,030] {bash_operator.py:126} INFO - 2020-08-06
[2020-07-30 15:07:15,030] {bash_operator.py:126} INFO - Parameter I passed in
[2020-07-30 15:07:15,031] {bash_operator.py:130} INFO - Command exited with return code 0
[2020-07-30 15:07:15,061] {taskinstance.py:1048} INFO - Marking task as SUCCESS.dag_id=tutorial, task_id=templated, execution_date=20200730T150600, start_date=20200730T150714, end_date=20200730T150715
[2020-07-30 15:07:24,631] {logging_mixin.py:112} INFO - [2020-07-30 15:07:24,630] {local_task_job.py:103} INFO - Task exited with return code 0
