[2020-07-30 23:52:13,942] {taskinstance.py:655} INFO - Dependencies all met for <TaskInstance: tutorial.templated 2020-07-30T23:51:00+00:00 [queued]>
[2020-07-30 23:52:13,987] {taskinstance.py:655} INFO - Dependencies all met for <TaskInstance: tutorial.templated 2020-07-30T23:51:00+00:00 [queued]>
[2020-07-30 23:52:13,987] {taskinstance.py:866} INFO - 
--------------------------------------------------------------------------------
[2020-07-30 23:52:13,988] {taskinstance.py:867} INFO - Starting attempt 1 of 2
[2020-07-30 23:52:13,988] {taskinstance.py:868} INFO - 
--------------------------------------------------------------------------------
[2020-07-30 23:52:14,012] {taskinstance.py:887} INFO - Executing <Task(BashOperator): templated> on 2020-07-30T23:51:00+00:00
[2020-07-30 23:52:14,017] {standard_task_runner.py:53} INFO - Started process 23386 to run task
[2020-07-30 23:52:14,139] {logging_mixin.py:112} INFO - Running %s on host %s <TaskInstance: tutorial.templated 2020-07-30T23:51:00+00:00 [running]> 02f6ef7ded4c
[2020-07-30 23:52:14,201] {bash_operator.py:82} INFO - Tmp dir root location: 
 /tmp
[2020-07-30 23:52:14,203] {bash_operator.py:105} INFO - Temporary script location: /tmp/airflowtmp3z6tc9sx/templatedy49m2jgz
[2020-07-30 23:52:14,203] {bash_operator.py:115} INFO - Running command: 

    echo "2020-07-30"
    echo "2020-08-06"
    echo "Parameter I passed in"

    echo "2020-07-30"
    echo "2020-08-06"
    echo "Parameter I passed in"

    echo "2020-07-30"
    echo "2020-08-06"
    echo "Parameter I passed in"

    echo "2020-07-30"
    echo "2020-08-06"
    echo "Parameter I passed in"

    echo "2020-07-30"
    echo "2020-08-06"
    echo "Parameter I passed in"

[2020-07-30 23:52:14,220] {bash_operator.py:122} INFO - Output:
[2020-07-30 23:52:14,223] {bash_operator.py:126} INFO - 2020-07-30
[2020-07-30 23:52:14,224] {bash_operator.py:126} INFO - 2020-08-06
[2020-07-30 23:52:14,224] {bash_operator.py:126} INFO - Parameter I passed in
[2020-07-30 23:52:14,224] {bash_operator.py:126} INFO - 2020-07-30
[2020-07-30 23:52:14,224] {bash_operator.py:126} INFO - 2020-08-06
[2020-07-30 23:52:14,225] {bash_operator.py:126} INFO - Parameter I passed in
[2020-07-30 23:52:14,225] {bash_operator.py:126} INFO - 2020-07-30
[2020-07-30 23:52:14,225] {bash_operator.py:126} INFO - 2020-08-06
[2020-07-30 23:52:14,225] {bash_operator.py:126} INFO - Parameter I passed in
[2020-07-30 23:52:14,225] {bash_operator.py:126} INFO - 2020-07-30
[2020-07-30 23:52:14,225] {bash_operator.py:126} INFO - 2020-08-06
[2020-07-30 23:52:14,225] {bash_operator.py:126} INFO - Parameter I passed in
[2020-07-30 23:52:14,225] {bash_operator.py:126} INFO - 2020-07-30
[2020-07-30 23:52:14,225] {bash_operator.py:126} INFO - 2020-08-06
[2020-07-30 23:52:14,225] {bash_operator.py:126} INFO - Parameter I passed in
[2020-07-30 23:52:14,226] {bash_operator.py:130} INFO - Command exited with return code 0
[2020-07-30 23:52:14,259] {taskinstance.py:1048} INFO - Marking task as SUCCESS.dag_id=tutorial, task_id=templated, execution_date=20200730T235100, start_date=20200730T235213, end_date=20200730T235214
[2020-07-30 23:52:23,888] {logging_mixin.py:112} INFO - [2020-07-30 23:52:23,888] {local_task_job.py:103} INFO - Task exited with return code 0
