[2020-07-30 22:41:11,088] {taskinstance.py:655} INFO - Dependencies all met for <TaskInstance: tutorial.templated 2020-07-30T22:40:00+00:00 [queued]>
[2020-07-30 22:41:11,138] {taskinstance.py:655} INFO - Dependencies all met for <TaskInstance: tutorial.templated 2020-07-30T22:40:00+00:00 [queued]>
[2020-07-30 22:41:11,139] {taskinstance.py:866} INFO - 
--------------------------------------------------------------------------------
[2020-07-30 22:41:11,139] {taskinstance.py:867} INFO - Starting attempt 1 of 2
[2020-07-30 22:41:11,139] {taskinstance.py:868} INFO - 
--------------------------------------------------------------------------------
[2020-07-30 22:41:11,174] {taskinstance.py:887} INFO - Executing <Task(BashOperator): templated> on 2020-07-30T22:40:00+00:00
[2020-07-30 22:41:11,181] {standard_task_runner.py:53} INFO - Started process 7219 to run task
[2020-07-30 22:41:11,328] {logging_mixin.py:112} INFO - Running %s on host %s <TaskInstance: tutorial.templated 2020-07-30T22:40:00+00:00 [running]> 02f6ef7ded4c
[2020-07-30 22:41:11,393] {bash_operator.py:82} INFO - Tmp dir root location: 
 /tmp
[2020-07-30 22:41:11,395] {bash_operator.py:105} INFO - Temporary script location: /tmp/airflowtmpvk45q8t5/templatedeajk7iyk
[2020-07-30 22:41:11,395] {bash_operator.py:115} INFO - Running command: 

    echo "2020-07-30"
    echo "2020-08-06"
    echo "Parameter I passed in"

    echo "2020-07-30"
    echo "2020-08-06"
    echo "Parameter I passed in"

    echo "2020-07-30"
    echo "2020-08-06"
    echo "Parameter I passed in"

    echo "2020-07-30"
    echo "2020-08-06"
    echo "Parameter I passed in"

    echo "2020-07-30"
    echo "2020-08-06"
    echo "Parameter I passed in"

[2020-07-30 22:41:11,409] {bash_operator.py:122} INFO - Output:
[2020-07-30 22:41:11,410] {bash_operator.py:126} INFO - 2020-07-30
[2020-07-30 22:41:11,411] {bash_operator.py:126} INFO - 2020-08-06
[2020-07-30 22:41:11,411] {bash_operator.py:126} INFO - Parameter I passed in
[2020-07-30 22:41:11,411] {bash_operator.py:126} INFO - 2020-07-30
[2020-07-30 22:41:11,411] {bash_operator.py:126} INFO - 2020-08-06
[2020-07-30 22:41:11,411] {bash_operator.py:126} INFO - Parameter I passed in
[2020-07-30 22:41:11,411] {bash_operator.py:126} INFO - 2020-07-30
[2020-07-30 22:41:11,411] {bash_operator.py:126} INFO - 2020-08-06
[2020-07-30 22:41:11,411] {bash_operator.py:126} INFO - Parameter I passed in
[2020-07-30 22:41:11,411] {bash_operator.py:126} INFO - 2020-07-30
[2020-07-30 22:41:11,411] {bash_operator.py:126} INFO - 2020-08-06
[2020-07-30 22:41:11,411] {bash_operator.py:126} INFO - Parameter I passed in
[2020-07-30 22:41:11,411] {bash_operator.py:126} INFO - 2020-07-30
[2020-07-30 22:41:11,412] {bash_operator.py:126} INFO - 2020-08-06
[2020-07-30 22:41:11,412] {bash_operator.py:126} INFO - Parameter I passed in
[2020-07-30 22:41:11,412] {bash_operator.py:130} INFO - Command exited with return code 0
[2020-07-30 22:41:11,443] {taskinstance.py:1048} INFO - Marking task as SUCCESS.dag_id=tutorial, task_id=templated, execution_date=20200730T224000, start_date=20200730T224111, end_date=20200730T224111
[2020-07-30 22:41:21,034] {logging_mixin.py:112} INFO - [2020-07-30 22:41:21,033] {local_task_job.py:103} INFO - Task exited with return code 0
