[2020-07-30 22:50:13,720] {taskinstance.py:655} INFO - Dependencies all met for <TaskInstance: tutorial.templated 2020-07-30T22:49:00+00:00 [queued]>
[2020-07-30 22:50:13,772] {taskinstance.py:655} INFO - Dependencies all met for <TaskInstance: tutorial.templated 2020-07-30T22:49:00+00:00 [queued]>
[2020-07-30 22:50:13,772] {taskinstance.py:866} INFO - 
--------------------------------------------------------------------------------
[2020-07-30 22:50:13,773] {taskinstance.py:867} INFO - Starting attempt 1 of 2
[2020-07-30 22:50:13,773] {taskinstance.py:868} INFO - 
--------------------------------------------------------------------------------
[2020-07-30 22:50:13,804] {taskinstance.py:887} INFO - Executing <Task(BashOperator): templated> on 2020-07-30T22:49:00+00:00
[2020-07-30 22:50:13,811] {standard_task_runner.py:53} INFO - Started process 13408 to run task
[2020-07-30 22:50:13,941] {logging_mixin.py:112} INFO - Running %s on host %s <TaskInstance: tutorial.templated 2020-07-30T22:49:00+00:00 [running]> 02f6ef7ded4c
[2020-07-30 22:50:14,008] {bash_operator.py:82} INFO - Tmp dir root location: 
 /tmp
[2020-07-30 22:50:14,010] {bash_operator.py:105} INFO - Temporary script location: /tmp/airflowtmpf9din1c_/templated3g0fxhrz
[2020-07-30 22:50:14,010] {bash_operator.py:115} INFO - Running command: 

    echo "2020-07-30"
    echo "2020-08-06"
    echo "Parameter I passed in"

    echo "2020-07-30"
    echo "2020-08-06"
    echo "Parameter I passed in"

    echo "2020-07-30"
    echo "2020-08-06"
    echo "Parameter I passed in"

    echo "2020-07-30"
    echo "2020-08-06"
    echo "Parameter I passed in"

    echo "2020-07-30"
    echo "2020-08-06"
    echo "Parameter I passed in"

[2020-07-30 22:50:14,026] {bash_operator.py:122} INFO - Output:
[2020-07-30 22:50:14,027] {bash_operator.py:126} INFO - 2020-07-30
[2020-07-30 22:50:14,028] {bash_operator.py:126} INFO - 2020-08-06
[2020-07-30 22:50:14,028] {bash_operator.py:126} INFO - Parameter I passed in
[2020-07-30 22:50:14,028] {bash_operator.py:126} INFO - 2020-07-30
[2020-07-30 22:50:14,028] {bash_operator.py:126} INFO - 2020-08-06
[2020-07-30 22:50:14,028] {bash_operator.py:126} INFO - Parameter I passed in
[2020-07-30 22:50:14,028] {bash_operator.py:126} INFO - 2020-07-30
[2020-07-30 22:50:14,028] {bash_operator.py:126} INFO - 2020-08-06
[2020-07-30 22:50:14,028] {bash_operator.py:126} INFO - Parameter I passed in
[2020-07-30 22:50:14,028] {bash_operator.py:126} INFO - 2020-07-30
[2020-07-30 22:50:14,028] {bash_operator.py:126} INFO - 2020-08-06
[2020-07-30 22:50:14,028] {bash_operator.py:126} INFO - Parameter I passed in
[2020-07-30 22:50:14,028] {bash_operator.py:126} INFO - 2020-07-30
[2020-07-30 22:50:14,028] {bash_operator.py:126} INFO - 2020-08-06
[2020-07-30 22:50:14,028] {bash_operator.py:126} INFO - Parameter I passed in
[2020-07-30 22:50:14,029] {bash_operator.py:130} INFO - Command exited with return code 0
[2020-07-30 22:50:14,053] {taskinstance.py:1048} INFO - Marking task as SUCCESS.dag_id=tutorial, task_id=templated, execution_date=20200730T224900, start_date=20200730T225013, end_date=20200730T225014
[2020-07-30 22:50:23,663] {logging_mixin.py:112} INFO - [2020-07-30 22:50:23,662] {local_task_job.py:103} INFO - Task exited with return code 0
