[2020-07-31 01:31:16,918] {taskinstance.py:655} INFO - Dependencies all met for <TaskInstance: tutorial.templated 2020-07-31T01:30:00+00:00 [queued]>
[2020-07-31 01:31:16,956] {taskinstance.py:655} INFO - Dependencies all met for <TaskInstance: tutorial.templated 2020-07-31T01:30:00+00:00 [queued]>
[2020-07-31 01:31:16,957] {taskinstance.py:866} INFO - 
--------------------------------------------------------------------------------
[2020-07-31 01:31:16,957] {taskinstance.py:867} INFO - Starting attempt 1 of 2
[2020-07-31 01:31:16,957] {taskinstance.py:868} INFO - 
--------------------------------------------------------------------------------
[2020-07-31 01:31:16,987] {taskinstance.py:887} INFO - Executing <Task(BashOperator): templated> on 2020-07-31T01:30:00+00:00
[2020-07-31 01:31:16,994] {standard_task_runner.py:53} INFO - Started process 26253 to run task
[2020-07-31 01:31:17,125] {logging_mixin.py:112} INFO - Running %s on host %s <TaskInstance: tutorial.templated 2020-07-31T01:30:00+00:00 [running]> 02f6ef7ded4c
[2020-07-31 01:31:17,183] {bash_operator.py:82} INFO - Tmp dir root location: 
 /tmp
[2020-07-31 01:31:17,185] {bash_operator.py:105} INFO - Temporary script location: /tmp/airflowtmpxkpl64la/templatedttp4y0ho
[2020-07-31 01:31:17,185] {bash_operator.py:115} INFO - Running command: 

    echo "2020-07-31"
    echo "2020-08-07"
    echo "Parameter I passed in"

    echo "2020-07-31"
    echo "2020-08-07"
    echo "Parameter I passed in"

    echo "2020-07-31"
    echo "2020-08-07"
    echo "Parameter I passed in"

    echo "2020-07-31"
    echo "2020-08-07"
    echo "Parameter I passed in"

    echo "2020-07-31"
    echo "2020-08-07"
    echo "Parameter I passed in"

[2020-07-31 01:31:17,199] {bash_operator.py:122} INFO - Output:
[2020-07-31 01:31:17,200] {bash_operator.py:126} INFO - 2020-07-31
[2020-07-31 01:31:17,201] {bash_operator.py:126} INFO - 2020-08-07
[2020-07-31 01:31:17,201] {bash_operator.py:126} INFO - Parameter I passed in
[2020-07-31 01:31:17,201] {bash_operator.py:126} INFO - 2020-07-31
[2020-07-31 01:31:17,201] {bash_operator.py:126} INFO - 2020-08-07
[2020-07-31 01:31:17,201] {bash_operator.py:126} INFO - Parameter I passed in
[2020-07-31 01:31:17,201] {bash_operator.py:126} INFO - 2020-07-31
[2020-07-31 01:31:17,202] {bash_operator.py:126} INFO - 2020-08-07
[2020-07-31 01:31:17,202] {bash_operator.py:126} INFO - Parameter I passed in
[2020-07-31 01:31:17,202] {bash_operator.py:126} INFO - 2020-07-31
[2020-07-31 01:31:17,202] {bash_operator.py:126} INFO - 2020-08-07
[2020-07-31 01:31:17,202] {bash_operator.py:126} INFO - Parameter I passed in
[2020-07-31 01:31:17,202] {bash_operator.py:126} INFO - 2020-07-31
[2020-07-31 01:31:17,202] {bash_operator.py:126} INFO - 2020-08-07
[2020-07-31 01:31:17,202] {bash_operator.py:126} INFO - Parameter I passed in
[2020-07-31 01:31:17,203] {bash_operator.py:130} INFO - Command exited with return code 0
[2020-07-31 01:31:17,240] {taskinstance.py:1048} INFO - Marking task as SUCCESS.dag_id=tutorial, task_id=templated, execution_date=20200731T013000, start_date=20200731T013116, end_date=20200731T013117
[2020-07-31 01:31:26,862] {logging_mixin.py:112} INFO - [2020-07-31 01:31:26,861] {local_task_job.py:103} INFO - Task exited with return code 0
