[2020-07-31 04:30:15,446] {taskinstance.py:655} INFO - Dependencies all met for <TaskInstance: tutorial.templated 2020-07-31T04:29:00+00:00 [queued]>
[2020-07-31 04:30:15,507] {taskinstance.py:655} INFO - Dependencies all met for <TaskInstance: tutorial.templated 2020-07-31T04:29:00+00:00 [queued]>
[2020-07-31 04:30:15,508] {taskinstance.py:866} INFO - 
--------------------------------------------------------------------------------
[2020-07-31 04:30:15,508] {taskinstance.py:867} INFO - Starting attempt 1 of 2
[2020-07-31 04:30:15,508] {taskinstance.py:868} INFO - 
--------------------------------------------------------------------------------
[2020-07-31 04:30:15,530] {taskinstance.py:887} INFO - Executing <Task(BashOperator): templated> on 2020-07-31T04:29:00+00:00
[2020-07-31 04:30:15,538] {standard_task_runner.py:53} INFO - Started process 18877 to run task
[2020-07-31 04:30:15,666] {logging_mixin.py:112} INFO - Running %s on host %s <TaskInstance: tutorial.templated 2020-07-31T04:29:00+00:00 [running]> 02f6ef7ded4c
[2020-07-31 04:30:15,725] {bash_operator.py:82} INFO - Tmp dir root location: 
 /tmp
[2020-07-31 04:30:15,726] {bash_operator.py:105} INFO - Temporary script location: /tmp/airflowtmpqp88_ede/templated2flcmhid
[2020-07-31 04:30:15,726] {bash_operator.py:115} INFO - Running command: 

    echo "2020-07-31"
    echo "2020-08-07"
    echo "Parameter I passed in"

    echo "2020-07-31"
    echo "2020-08-07"
    echo "Parameter I passed in"

    echo "2020-07-31"
    echo "2020-08-07"
    echo "Parameter I passed in"

    echo "2020-07-31"
    echo "2020-08-07"
    echo "Parameter I passed in"

    echo "2020-07-31"
    echo "2020-08-07"
    echo "Parameter I passed in"

[2020-07-31 04:30:15,739] {bash_operator.py:122} INFO - Output:
[2020-07-31 04:30:15,741] {bash_operator.py:126} INFO - 2020-07-31
[2020-07-31 04:30:15,742] {bash_operator.py:126} INFO - 2020-08-07
[2020-07-31 04:30:15,742] {bash_operator.py:126} INFO - Parameter I passed in
[2020-07-31 04:30:15,742] {bash_operator.py:126} INFO - 2020-07-31
[2020-07-31 04:30:15,742] {bash_operator.py:126} INFO - 2020-08-07
[2020-07-31 04:30:15,742] {bash_operator.py:126} INFO - Parameter I passed in
[2020-07-31 04:30:15,742] {bash_operator.py:126} INFO - 2020-07-31
[2020-07-31 04:30:15,742] {bash_operator.py:126} INFO - 2020-08-07
[2020-07-31 04:30:15,742] {bash_operator.py:126} INFO - Parameter I passed in
[2020-07-31 04:30:15,742] {bash_operator.py:126} INFO - 2020-07-31
[2020-07-31 04:30:15,742] {bash_operator.py:126} INFO - 2020-08-07
[2020-07-31 04:30:15,742] {bash_operator.py:126} INFO - Parameter I passed in
[2020-07-31 04:30:15,742] {bash_operator.py:126} INFO - 2020-07-31
[2020-07-31 04:30:15,742] {bash_operator.py:126} INFO - 2020-08-07
[2020-07-31 04:30:15,742] {bash_operator.py:126} INFO - Parameter I passed in
[2020-07-31 04:30:15,743] {bash_operator.py:130} INFO - Command exited with return code 0
[2020-07-31 04:30:15,765] {taskinstance.py:1048} INFO - Marking task as SUCCESS.dag_id=tutorial, task_id=templated, execution_date=20200731T042900, start_date=20200731T043015, end_date=20200731T043015
[2020-07-31 04:30:25,400] {logging_mixin.py:112} INFO - [2020-07-31 04:30:25,400] {local_task_job.py:103} INFO - Task exited with return code 0
