[2020-07-30 19:12:12,523] {taskinstance.py:655} INFO - Dependencies all met for <TaskInstance: tutorial.templated 2020-07-30T19:11:00+00:00 [queued]>
[2020-07-30 19:12:12,585] {taskinstance.py:655} INFO - Dependencies all met for <TaskInstance: tutorial.templated 2020-07-30T19:11:00+00:00 [queued]>
[2020-07-30 19:12:12,586] {taskinstance.py:866} INFO - 
--------------------------------------------------------------------------------
[2020-07-30 19:12:12,586] {taskinstance.py:867} INFO - Starting attempt 1 of 2
[2020-07-30 19:12:12,586] {taskinstance.py:868} INFO - 
--------------------------------------------------------------------------------
[2020-07-30 19:12:12,608] {taskinstance.py:887} INFO - Executing <Task(BashOperator): templated> on 2020-07-30T19:11:00+00:00
[2020-07-30 19:12:12,618] {standard_task_runner.py:53} INFO - Started process 26492 to run task
[2020-07-30 19:12:12,773] {logging_mixin.py:112} INFO - Running %s on host %s <TaskInstance: tutorial.templated 2020-07-30T19:11:00+00:00 [running]> 02f6ef7ded4c
[2020-07-30 19:12:12,833] {bash_operator.py:82} INFO - Tmp dir root location: 
 /tmp
[2020-07-30 19:12:12,834] {bash_operator.py:105} INFO - Temporary script location: /tmp/airflowtmpo6sezmux/templatedkzcpct85
[2020-07-30 19:12:12,835] {bash_operator.py:115} INFO - Running command: 

    echo "2020-07-30"
    echo "2020-08-06"
    echo "Parameter I passed in"

    echo "2020-07-30"
    echo "2020-08-06"
    echo "Parameter I passed in"

    echo "2020-07-30"
    echo "2020-08-06"
    echo "Parameter I passed in"

    echo "2020-07-30"
    echo "2020-08-06"
    echo "Parameter I passed in"

    echo "2020-07-30"
    echo "2020-08-06"
    echo "Parameter I passed in"

[2020-07-30 19:12:12,858] {bash_operator.py:122} INFO - Output:
[2020-07-30 19:12:12,860] {bash_operator.py:126} INFO - 2020-07-30
[2020-07-30 19:12:12,860] {bash_operator.py:126} INFO - 2020-08-06
[2020-07-30 19:12:12,860] {bash_operator.py:126} INFO - Parameter I passed in
[2020-07-30 19:12:12,860] {bash_operator.py:126} INFO - 2020-07-30
[2020-07-30 19:12:12,860] {bash_operator.py:126} INFO - 2020-08-06
[2020-07-30 19:12:12,861] {bash_operator.py:126} INFO - Parameter I passed in
[2020-07-30 19:12:12,861] {bash_operator.py:126} INFO - 2020-07-30
[2020-07-30 19:12:12,861] {bash_operator.py:126} INFO - 2020-08-06
[2020-07-30 19:12:12,861] {bash_operator.py:126} INFO - Parameter I passed in
[2020-07-30 19:12:12,861] {bash_operator.py:126} INFO - 2020-07-30
[2020-07-30 19:12:12,861] {bash_operator.py:126} INFO - 2020-08-06
[2020-07-30 19:12:12,861] {bash_operator.py:126} INFO - Parameter I passed in
[2020-07-30 19:12:12,862] {bash_operator.py:126} INFO - 2020-07-30
[2020-07-30 19:12:12,862] {bash_operator.py:126} INFO - 2020-08-06
[2020-07-30 19:12:12,862] {bash_operator.py:126} INFO - Parameter I passed in
[2020-07-30 19:12:12,862] {bash_operator.py:130} INFO - Command exited with return code 0
[2020-07-30 19:12:12,905] {taskinstance.py:1048} INFO - Marking task as SUCCESS.dag_id=tutorial, task_id=templated, execution_date=20200730T191100, start_date=20200730T191212, end_date=20200730T191212
[2020-07-30 19:12:22,475] {logging_mixin.py:112} INFO - [2020-07-30 19:12:22,474] {local_task_job.py:103} INFO - Task exited with return code 0
