[2020-07-31 00:13:11,269] {taskinstance.py:655} INFO - Dependencies all met for <TaskInstance: tutorial.templated 2020-07-31T00:12:00+00:00 [queued]>
[2020-07-31 00:13:11,326] {taskinstance.py:655} INFO - Dependencies all met for <TaskInstance: tutorial.templated 2020-07-31T00:12:00+00:00 [queued]>
[2020-07-31 00:13:11,327] {taskinstance.py:866} INFO - 
--------------------------------------------------------------------------------
[2020-07-31 00:13:11,327] {taskinstance.py:867} INFO - Starting attempt 1 of 2
[2020-07-31 00:13:11,327] {taskinstance.py:868} INFO - 
--------------------------------------------------------------------------------
[2020-07-31 00:13:11,362] {taskinstance.py:887} INFO - Executing <Task(BashOperator): templated> on 2020-07-31T00:12:00+00:00
[2020-07-31 00:13:11,370] {standard_task_runner.py:53} INFO - Started process 5256 to run task
[2020-07-31 00:13:11,497] {logging_mixin.py:112} INFO - Running %s on host %s <TaskInstance: tutorial.templated 2020-07-31T00:12:00+00:00 [running]> 02f6ef7ded4c
[2020-07-31 00:13:11,560] {bash_operator.py:82} INFO - Tmp dir root location: 
 /tmp
[2020-07-31 00:13:11,562] {bash_operator.py:105} INFO - Temporary script location: /tmp/airflowtmp6j2hq0fk/templated8jwyf39i
[2020-07-31 00:13:11,562] {bash_operator.py:115} INFO - Running command: 

    echo "2020-07-31"
    echo "2020-08-07"
    echo "Parameter I passed in"

    echo "2020-07-31"
    echo "2020-08-07"
    echo "Parameter I passed in"

    echo "2020-07-31"
    echo "2020-08-07"
    echo "Parameter I passed in"

    echo "2020-07-31"
    echo "2020-08-07"
    echo "Parameter I passed in"

    echo "2020-07-31"
    echo "2020-08-07"
    echo "Parameter I passed in"

[2020-07-31 00:13:11,580] {bash_operator.py:122} INFO - Output:
[2020-07-31 00:13:11,582] {bash_operator.py:126} INFO - 2020-07-31
[2020-07-31 00:13:11,583] {bash_operator.py:126} INFO - 2020-08-07
[2020-07-31 00:13:11,583] {bash_operator.py:126} INFO - Parameter I passed in
[2020-07-31 00:13:11,583] {bash_operator.py:126} INFO - 2020-07-31
[2020-07-31 00:13:11,583] {bash_operator.py:126} INFO - 2020-08-07
[2020-07-31 00:13:11,584] {bash_operator.py:126} INFO - Parameter I passed in
[2020-07-31 00:13:11,584] {bash_operator.py:126} INFO - 2020-07-31
[2020-07-31 00:13:11,584] {bash_operator.py:126} INFO - 2020-08-07
[2020-07-31 00:13:11,584] {bash_operator.py:126} INFO - Parameter I passed in
[2020-07-31 00:13:11,584] {bash_operator.py:126} INFO - 2020-07-31
[2020-07-31 00:13:11,585] {bash_operator.py:126} INFO - 2020-08-07
[2020-07-31 00:13:11,585] {bash_operator.py:126} INFO - Parameter I passed in
[2020-07-31 00:13:11,585] {bash_operator.py:126} INFO - 2020-07-31
[2020-07-31 00:13:11,585] {bash_operator.py:126} INFO - 2020-08-07
[2020-07-31 00:13:11,585] {bash_operator.py:126} INFO - Parameter I passed in
[2020-07-31 00:13:11,586] {bash_operator.py:130} INFO - Command exited with return code 0
[2020-07-31 00:13:11,614] {taskinstance.py:1048} INFO - Marking task as SUCCESS.dag_id=tutorial, task_id=templated, execution_date=20200731T001200, start_date=20200731T001311, end_date=20200731T001311
[2020-07-31 00:13:21,234] {logging_mixin.py:112} INFO - [2020-07-31 00:13:21,233] {local_task_job.py:103} INFO - Task exited with return code 0
