[2020-07-30 20:03:09,968] {taskinstance.py:655} INFO - Dependencies all met for <TaskInstance: tutorial.templated 2020-07-30T20:02:00+00:00 [queued]>
[2020-07-30 20:03:10,016] {taskinstance.py:655} INFO - Dependencies all met for <TaskInstance: tutorial.templated 2020-07-30T20:02:00+00:00 [queued]>
[2020-07-30 20:03:10,016] {taskinstance.py:866} INFO - 
--------------------------------------------------------------------------------
[2020-07-30 20:03:10,016] {taskinstance.py:867} INFO - Starting attempt 1 of 2
[2020-07-30 20:03:10,016] {taskinstance.py:868} INFO - 
--------------------------------------------------------------------------------
[2020-07-30 20:03:10,042] {taskinstance.py:887} INFO - Executing <Task(BashOperator): templated> on 2020-07-30T20:02:00+00:00
[2020-07-30 20:03:10,049] {standard_task_runner.py:53} INFO - Started process 28903 to run task
[2020-07-30 20:03:10,174] {logging_mixin.py:112} INFO - Running %s on host %s <TaskInstance: tutorial.templated 2020-07-30T20:02:00+00:00 [running]> 02f6ef7ded4c
[2020-07-30 20:03:10,238] {bash_operator.py:82} INFO - Tmp dir root location: 
 /tmp
[2020-07-30 20:03:10,240] {bash_operator.py:105} INFO - Temporary script location: /tmp/airflowtmp29yca0_h/templatedz1vfjeb4
[2020-07-30 20:03:10,240] {bash_operator.py:115} INFO - Running command: 

    echo "2020-07-30"
    echo "2020-08-06"
    echo "Parameter I passed in"

    echo "2020-07-30"
    echo "2020-08-06"
    echo "Parameter I passed in"

    echo "2020-07-30"
    echo "2020-08-06"
    echo "Parameter I passed in"

    echo "2020-07-30"
    echo "2020-08-06"
    echo "Parameter I passed in"

    echo "2020-07-30"
    echo "2020-08-06"
    echo "Parameter I passed in"

[2020-07-30 20:03:10,254] {bash_operator.py:122} INFO - Output:
[2020-07-30 20:03:10,256] {bash_operator.py:126} INFO - 2020-07-30
[2020-07-30 20:03:10,257] {bash_operator.py:126} INFO - 2020-08-06
[2020-07-30 20:03:10,257] {bash_operator.py:126} INFO - Parameter I passed in
[2020-07-30 20:03:10,257] {bash_operator.py:126} INFO - 2020-07-30
[2020-07-30 20:03:10,257] {bash_operator.py:126} INFO - 2020-08-06
[2020-07-30 20:03:10,257] {bash_operator.py:126} INFO - Parameter I passed in
[2020-07-30 20:03:10,257] {bash_operator.py:126} INFO - 2020-07-30
[2020-07-30 20:03:10,257] {bash_operator.py:126} INFO - 2020-08-06
[2020-07-30 20:03:10,257] {bash_operator.py:126} INFO - Parameter I passed in
[2020-07-30 20:03:10,257] {bash_operator.py:126} INFO - 2020-07-30
[2020-07-30 20:03:10,257] {bash_operator.py:126} INFO - 2020-08-06
[2020-07-30 20:03:10,257] {bash_operator.py:126} INFO - Parameter I passed in
[2020-07-30 20:03:10,257] {bash_operator.py:126} INFO - 2020-07-30
[2020-07-30 20:03:10,257] {bash_operator.py:126} INFO - 2020-08-06
[2020-07-30 20:03:10,257] {bash_operator.py:126} INFO - Parameter I passed in
[2020-07-30 20:03:10,258] {bash_operator.py:130} INFO - Command exited with return code 0
[2020-07-30 20:03:10,283] {taskinstance.py:1048} INFO - Marking task as SUCCESS.dag_id=tutorial, task_id=templated, execution_date=20200730T200200, start_date=20200730T200309, end_date=20200730T200310
[2020-07-30 20:03:19,926] {logging_mixin.py:112} INFO - [2020-07-30 20:03:19,925] {local_task_job.py:103} INFO - Task exited with return code 0
