[2020-07-31 04:29:11,386] {taskinstance.py:655} INFO - Dependencies all met for <TaskInstance: tutorial.templated 2020-07-31T04:28:00+00:00 [queued]>
[2020-07-31 04:29:11,433] {taskinstance.py:655} INFO - Dependencies all met for <TaskInstance: tutorial.templated 2020-07-31T04:28:00+00:00 [queued]>
[2020-07-31 04:29:11,433] {taskinstance.py:866} INFO - 
--------------------------------------------------------------------------------
[2020-07-31 04:29:11,434] {taskinstance.py:867} INFO - Starting attempt 1 of 2
[2020-07-31 04:29:11,434] {taskinstance.py:868} INFO - 
--------------------------------------------------------------------------------
[2020-07-31 04:29:11,462] {taskinstance.py:887} INFO - Executing <Task(BashOperator): templated> on 2020-07-31T04:28:00+00:00
[2020-07-31 04:29:11,469] {standard_task_runner.py:53} INFO - Started process 18150 to run task
[2020-07-31 04:29:11,590] {logging_mixin.py:112} INFO - Running %s on host %s <TaskInstance: tutorial.templated 2020-07-31T04:28:00+00:00 [running]> 02f6ef7ded4c
[2020-07-31 04:29:11,650] {bash_operator.py:82} INFO - Tmp dir root location: 
 /tmp
[2020-07-31 04:29:11,652] {bash_operator.py:105} INFO - Temporary script location: /tmp/airflowtmp1_1opk_g/templatedzu91z59p
[2020-07-31 04:29:11,652] {bash_operator.py:115} INFO - Running command: 

    echo "2020-07-31"
    echo "2020-08-07"
    echo "Parameter I passed in"

    echo "2020-07-31"
    echo "2020-08-07"
    echo "Parameter I passed in"

    echo "2020-07-31"
    echo "2020-08-07"
    echo "Parameter I passed in"

    echo "2020-07-31"
    echo "2020-08-07"
    echo "Parameter I passed in"

    echo "2020-07-31"
    echo "2020-08-07"
    echo "Parameter I passed in"

[2020-07-31 04:29:11,678] {bash_operator.py:122} INFO - Output:
[2020-07-31 04:29:11,680] {bash_operator.py:126} INFO - 2020-07-31
[2020-07-31 04:29:11,680] {bash_operator.py:126} INFO - 2020-08-07
[2020-07-31 04:29:11,680] {bash_operator.py:126} INFO - Parameter I passed in
[2020-07-31 04:29:11,680] {bash_operator.py:126} INFO - 2020-07-31
[2020-07-31 04:29:11,681] {bash_operator.py:126} INFO - 2020-08-07
[2020-07-31 04:29:11,681] {bash_operator.py:126} INFO - Parameter I passed in
[2020-07-31 04:29:11,681] {bash_operator.py:126} INFO - 2020-07-31
[2020-07-31 04:29:11,681] {bash_operator.py:126} INFO - 2020-08-07
[2020-07-31 04:29:11,681] {bash_operator.py:126} INFO - Parameter I passed in
[2020-07-31 04:29:11,681] {bash_operator.py:126} INFO - 2020-07-31
[2020-07-31 04:29:11,681] {bash_operator.py:126} INFO - 2020-08-07
[2020-07-31 04:29:11,681] {bash_operator.py:126} INFO - Parameter I passed in
[2020-07-31 04:29:11,681] {bash_operator.py:126} INFO - 2020-07-31
[2020-07-31 04:29:11,681] {bash_operator.py:126} INFO - 2020-08-07
[2020-07-31 04:29:11,681] {bash_operator.py:126} INFO - Parameter I passed in
[2020-07-31 04:29:11,681] {bash_operator.py:130} INFO - Command exited with return code 0
[2020-07-31 04:29:11,706] {taskinstance.py:1048} INFO - Marking task as SUCCESS.dag_id=tutorial, task_id=templated, execution_date=20200731T042800, start_date=20200731T042911, end_date=20200731T042911
[2020-07-31 04:29:21,339] {logging_mixin.py:112} INFO - [2020-07-31 04:29:21,338] {local_task_job.py:103} INFO - Task exited with return code 0
