[2020-07-30 17:29:13,168] {taskinstance.py:655} INFO - Dependencies all met for <TaskInstance: tutorial.templated 2020-07-30T17:28:00+00:00 [queued]>
[2020-07-30 17:29:13,217] {taskinstance.py:655} INFO - Dependencies all met for <TaskInstance: tutorial.templated 2020-07-30T17:28:00+00:00 [queued]>
[2020-07-30 17:29:13,218] {taskinstance.py:866} INFO - 
--------------------------------------------------------------------------------
[2020-07-30 17:29:13,218] {taskinstance.py:867} INFO - Starting attempt 1 of 2
[2020-07-30 17:29:13,218] {taskinstance.py:868} INFO - 
--------------------------------------------------------------------------------
[2020-07-30 17:29:13,255] {taskinstance.py:887} INFO - Executing <Task(BashOperator): templated> on 2020-07-30T17:28:00+00:00
[2020-07-30 17:29:13,264] {standard_task_runner.py:53} INFO - Started process 20911 to run task
[2020-07-30 17:29:13,406] {logging_mixin.py:112} INFO - Running %s on host %s <TaskInstance: tutorial.templated 2020-07-30T17:28:00+00:00 [running]> 02f6ef7ded4c
[2020-07-30 17:29:13,471] {bash_operator.py:82} INFO - Tmp dir root location: 
 /tmp
[2020-07-30 17:29:13,473] {bash_operator.py:105} INFO - Temporary script location: /tmp/airflowtmpl_finizn/templated91sdzsuz
[2020-07-30 17:29:13,473] {bash_operator.py:115} INFO - Running command: 

    echo "2020-07-30"
    echo "2020-08-06"
    echo "Parameter I passed in"

    echo "2020-07-30"
    echo "2020-08-06"
    echo "Parameter I passed in"

    echo "2020-07-30"
    echo "2020-08-06"
    echo "Parameter I passed in"

    echo "2020-07-30"
    echo "2020-08-06"
    echo "Parameter I passed in"

    echo "2020-07-30"
    echo "2020-08-06"
    echo "Parameter I passed in"

[2020-07-30 17:29:13,485] {bash_operator.py:122} INFO - Output:
[2020-07-30 17:29:13,487] {bash_operator.py:126} INFO - 2020-07-30
[2020-07-30 17:29:13,487] {bash_operator.py:126} INFO - 2020-08-06
[2020-07-30 17:29:13,487] {bash_operator.py:126} INFO - Parameter I passed in
[2020-07-30 17:29:13,487] {bash_operator.py:126} INFO - 2020-07-30
[2020-07-30 17:29:13,487] {bash_operator.py:126} INFO - 2020-08-06
[2020-07-30 17:29:13,488] {bash_operator.py:126} INFO - Parameter I passed in
[2020-07-30 17:29:13,488] {bash_operator.py:126} INFO - 2020-07-30
[2020-07-30 17:29:13,488] {bash_operator.py:126} INFO - 2020-08-06
[2020-07-30 17:29:13,488] {bash_operator.py:126} INFO - Parameter I passed in
[2020-07-30 17:29:13,488] {bash_operator.py:126} INFO - 2020-07-30
[2020-07-30 17:29:13,488] {bash_operator.py:126} INFO - 2020-08-06
[2020-07-30 17:29:13,488] {bash_operator.py:126} INFO - Parameter I passed in
[2020-07-30 17:29:13,488] {bash_operator.py:126} INFO - 2020-07-30
[2020-07-30 17:29:13,489] {bash_operator.py:126} INFO - 2020-08-06
[2020-07-30 17:29:13,489] {bash_operator.py:126} INFO - Parameter I passed in
[2020-07-30 17:29:13,489] {bash_operator.py:130} INFO - Command exited with return code 0
[2020-07-30 17:29:13,520] {taskinstance.py:1048} INFO - Marking task as SUCCESS.dag_id=tutorial, task_id=templated, execution_date=20200730T172800, start_date=20200730T172913, end_date=20200730T172913
[2020-07-30 17:29:23,115] {logging_mixin.py:112} INFO - [2020-07-30 17:29:23,114] {local_task_job.py:103} INFO - Task exited with return code 0
