[2020-07-31 02:22:16,410] {taskinstance.py:655} INFO - Dependencies all met for <TaskInstance: tutorial.templated 2020-07-31T02:21:00+00:00 [queued]>
[2020-07-31 02:22:16,458] {taskinstance.py:655} INFO - Dependencies all met for <TaskInstance: tutorial.templated 2020-07-31T02:21:00+00:00 [queued]>
[2020-07-31 02:22:16,458] {taskinstance.py:866} INFO - 
--------------------------------------------------------------------------------
[2020-07-31 02:22:16,458] {taskinstance.py:867} INFO - Starting attempt 1 of 2
[2020-07-31 02:22:16,458] {taskinstance.py:868} INFO - 
--------------------------------------------------------------------------------
[2020-07-31 02:22:16,487] {taskinstance.py:887} INFO - Executing <Task(BashOperator): templated> on 2020-07-31T02:21:00+00:00
[2020-07-31 02:22:16,494] {standard_task_runner.py:53} INFO - Started process 28672 to run task
[2020-07-31 02:22:16,635] {logging_mixin.py:112} INFO - Running %s on host %s <TaskInstance: tutorial.templated 2020-07-31T02:21:00+00:00 [running]> 02f6ef7ded4c
[2020-07-31 02:22:16,702] {bash_operator.py:82} INFO - Tmp dir root location: 
 /tmp
[2020-07-31 02:22:16,704] {bash_operator.py:105} INFO - Temporary script location: /tmp/airflowtmptr8vbx1x/templatedw3jcznb3
[2020-07-31 02:22:16,704] {bash_operator.py:115} INFO - Running command: 

    echo "2020-07-31"
    echo "2020-08-07"
    echo "Parameter I passed in"

    echo "2020-07-31"
    echo "2020-08-07"
    echo "Parameter I passed in"

    echo "2020-07-31"
    echo "2020-08-07"
    echo "Parameter I passed in"

    echo "2020-07-31"
    echo "2020-08-07"
    echo "Parameter I passed in"

    echo "2020-07-31"
    echo "2020-08-07"
    echo "Parameter I passed in"

[2020-07-31 02:22:16,721] {bash_operator.py:122} INFO - Output:
[2020-07-31 02:22:16,722] {bash_operator.py:126} INFO - 2020-07-31
[2020-07-31 02:22:16,722] {bash_operator.py:126} INFO - 2020-08-07
[2020-07-31 02:22:16,723] {bash_operator.py:126} INFO - Parameter I passed in
[2020-07-31 02:22:16,723] {bash_operator.py:126} INFO - 2020-07-31
[2020-07-31 02:22:16,723] {bash_operator.py:126} INFO - 2020-08-07
[2020-07-31 02:22:16,723] {bash_operator.py:126} INFO - Parameter I passed in
[2020-07-31 02:22:16,723] {bash_operator.py:126} INFO - 2020-07-31
[2020-07-31 02:22:16,723] {bash_operator.py:126} INFO - 2020-08-07
[2020-07-31 02:22:16,723] {bash_operator.py:126} INFO - Parameter I passed in
[2020-07-31 02:22:16,724] {bash_operator.py:126} INFO - 2020-07-31
[2020-07-31 02:22:16,724] {bash_operator.py:126} INFO - 2020-08-07
[2020-07-31 02:22:16,724] {bash_operator.py:126} INFO - Parameter I passed in
[2020-07-31 02:22:16,724] {bash_operator.py:126} INFO - 2020-07-31
[2020-07-31 02:22:16,724] {bash_operator.py:126} INFO - 2020-08-07
[2020-07-31 02:22:16,724] {bash_operator.py:126} INFO - Parameter I passed in
[2020-07-31 02:22:16,725] {bash_operator.py:130} INFO - Command exited with return code 0
[2020-07-31 02:22:16,756] {taskinstance.py:1048} INFO - Marking task as SUCCESS.dag_id=tutorial, task_id=templated, execution_date=20200731T022100, start_date=20200731T022216, end_date=20200731T022216
[2020-07-31 02:22:26,341] {logging_mixin.py:112} INFO - [2020-07-31 02:22:26,340] {local_task_job.py:103} INFO - Task exited with return code 0
