[2020-07-30 16:26:16,330] {taskinstance.py:655} INFO - Dependencies all met for <TaskInstance: tutorial.templated 2020-07-30T16:25:00+00:00 [queued]>
[2020-07-30 16:26:16,381] {taskinstance.py:655} INFO - Dependencies all met for <TaskInstance: tutorial.templated 2020-07-30T16:25:00+00:00 [queued]>
[2020-07-30 16:26:16,381] {taskinstance.py:866} INFO - 
--------------------------------------------------------------------------------
[2020-07-30 16:26:16,381] {taskinstance.py:867} INFO - Starting attempt 1 of 2
[2020-07-30 16:26:16,381] {taskinstance.py:868} INFO - 
--------------------------------------------------------------------------------
[2020-07-30 16:26:16,421] {taskinstance.py:887} INFO - Executing <Task(BashOperator): templated> on 2020-07-30T16:25:00+00:00
[2020-07-30 16:26:16,435] {standard_task_runner.py:53} INFO - Started process 10276 to run task
[2020-07-30 16:26:16,564] {logging_mixin.py:112} INFO - Running %s on host %s <TaskInstance: tutorial.templated 2020-07-30T16:25:00+00:00 [running]> 02f6ef7ded4c
[2020-07-30 16:26:16,632] {bash_operator.py:82} INFO - Tmp dir root location: 
 /tmp
[2020-07-30 16:26:16,633] {bash_operator.py:105} INFO - Temporary script location: /tmp/airflowtmpva28kzdu/templated409h7ent
[2020-07-30 16:26:16,633] {bash_operator.py:115} INFO - Running command: 

    echo "2020-07-30"
    echo "2020-08-06"
    echo "Parameter I passed in"

    echo "2020-07-30"
    echo "2020-08-06"
    echo "Parameter I passed in"

    echo "2020-07-30"
    echo "2020-08-06"
    echo "Parameter I passed in"

    echo "2020-07-30"
    echo "2020-08-06"
    echo "Parameter I passed in"

    echo "2020-07-30"
    echo "2020-08-06"
    echo "Parameter I passed in"

[2020-07-30 16:26:16,650] {bash_operator.py:122} INFO - Output:
[2020-07-30 16:26:16,653] {bash_operator.py:126} INFO - 2020-07-30
[2020-07-30 16:26:16,653] {bash_operator.py:126} INFO - 2020-08-06
[2020-07-30 16:26:16,653] {bash_operator.py:126} INFO - Parameter I passed in
[2020-07-30 16:26:16,653] {bash_operator.py:126} INFO - 2020-07-30
[2020-07-30 16:26:16,653] {bash_operator.py:126} INFO - 2020-08-06
[2020-07-30 16:26:16,653] {bash_operator.py:126} INFO - Parameter I passed in
[2020-07-30 16:26:16,653] {bash_operator.py:126} INFO - 2020-07-30
[2020-07-30 16:26:16,653] {bash_operator.py:126} INFO - 2020-08-06
[2020-07-30 16:26:16,653] {bash_operator.py:126} INFO - Parameter I passed in
[2020-07-30 16:26:16,653] {bash_operator.py:126} INFO - 2020-07-30
[2020-07-30 16:26:16,653] {bash_operator.py:126} INFO - 2020-08-06
[2020-07-30 16:26:16,654] {bash_operator.py:126} INFO - Parameter I passed in
[2020-07-30 16:26:16,654] {bash_operator.py:126} INFO - 2020-07-30
[2020-07-30 16:26:16,654] {bash_operator.py:126} INFO - 2020-08-06
[2020-07-30 16:26:16,654] {bash_operator.py:126} INFO - Parameter I passed in
[2020-07-30 16:26:16,654] {bash_operator.py:130} INFO - Command exited with return code 0
[2020-07-30 16:26:16,682] {taskinstance.py:1048} INFO - Marking task as SUCCESS.dag_id=tutorial, task_id=templated, execution_date=20200730T162500, start_date=20200730T162616, end_date=20200730T162616
[2020-07-30 16:26:26,296] {logging_mixin.py:112} INFO - [2020-07-30 16:26:26,295] {local_task_job.py:103} INFO - Task exited with return code 0
