[2020-07-31 05:03:07,708] {taskinstance.py:655} INFO - Dependencies all met for <TaskInstance: tutorial.templated 2020-07-31T05:02:00+00:00 [queued]>
[2020-07-31 05:03:07,753] {taskinstance.py:655} INFO - Dependencies all met for <TaskInstance: tutorial.templated 2020-07-31T05:02:00+00:00 [queued]>
[2020-07-31 05:03:07,753] {taskinstance.py:866} INFO - 
--------------------------------------------------------------------------------
[2020-07-31 05:03:07,753] {taskinstance.py:867} INFO - Starting attempt 1 of 2
[2020-07-31 05:03:07,753] {taskinstance.py:868} INFO - 
--------------------------------------------------------------------------------
[2020-07-31 05:03:07,783] {taskinstance.py:887} INFO - Executing <Task(BashOperator): templated> on 2020-07-31T05:02:00+00:00
[2020-07-31 05:03:07,791] {standard_task_runner.py:53} INFO - Started process 8915 to run task
[2020-07-31 05:03:07,914] {logging_mixin.py:112} INFO - Running %s on host %s <TaskInstance: tutorial.templated 2020-07-31T05:02:00+00:00 [running]> 02f6ef7ded4c
[2020-07-31 05:03:07,991] {bash_operator.py:82} INFO - Tmp dir root location: 
 /tmp
[2020-07-31 05:03:07,993] {bash_operator.py:105} INFO - Temporary script location: /tmp/airflowtmp1gp70a6t/templated58h16z59
[2020-07-31 05:03:07,993] {bash_operator.py:115} INFO - Running command: 

    echo "2020-07-31"
    echo "2020-08-07"
    echo "Parameter I passed in"

    echo "2020-07-31"
    echo "2020-08-07"
    echo "Parameter I passed in"

    echo "2020-07-31"
    echo "2020-08-07"
    echo "Parameter I passed in"

    echo "2020-07-31"
    echo "2020-08-07"
    echo "Parameter I passed in"

    echo "2020-07-31"
    echo "2020-08-07"
    echo "Parameter I passed in"

[2020-07-31 05:03:08,010] {bash_operator.py:122} INFO - Output:
[2020-07-31 05:03:08,013] {bash_operator.py:126} INFO - 2020-07-31
[2020-07-31 05:03:08,014] {bash_operator.py:126} INFO - 2020-08-07
[2020-07-31 05:03:08,014] {bash_operator.py:126} INFO - Parameter I passed in
[2020-07-31 05:03:08,014] {bash_operator.py:126} INFO - 2020-07-31
[2020-07-31 05:03:08,014] {bash_operator.py:126} INFO - 2020-08-07
[2020-07-31 05:03:08,014] {bash_operator.py:126} INFO - Parameter I passed in
[2020-07-31 05:03:08,014] {bash_operator.py:126} INFO - 2020-07-31
[2020-07-31 05:03:08,014] {bash_operator.py:126} INFO - 2020-08-07
[2020-07-31 05:03:08,015] {bash_operator.py:126} INFO - Parameter I passed in
[2020-07-31 05:03:08,015] {bash_operator.py:126} INFO - 2020-07-31
[2020-07-31 05:03:08,015] {bash_operator.py:126} INFO - 2020-08-07
[2020-07-31 05:03:08,015] {bash_operator.py:126} INFO - Parameter I passed in
[2020-07-31 05:03:08,015] {bash_operator.py:126} INFO - 2020-07-31
[2020-07-31 05:03:08,015] {bash_operator.py:126} INFO - 2020-08-07
[2020-07-31 05:03:08,015] {bash_operator.py:126} INFO - Parameter I passed in
[2020-07-31 05:03:08,015] {bash_operator.py:130} INFO - Command exited with return code 0
[2020-07-31 05:03:08,050] {taskinstance.py:1048} INFO - Marking task as SUCCESS.dag_id=tutorial, task_id=templated, execution_date=20200731T050200, start_date=20200731T050307, end_date=20200731T050308
[2020-07-31 05:03:17,655] {logging_mixin.py:112} INFO - [2020-07-31 05:03:17,654] {local_task_job.py:103} INFO - Task exited with return code 0
