[2020-07-30 23:03:08,491] {taskinstance.py:655} INFO - Dependencies all met for <TaskInstance: tutorial.templated 2020-07-30T23:02:00+00:00 [queued]>
[2020-07-30 23:03:08,549] {taskinstance.py:655} INFO - Dependencies all met for <TaskInstance: tutorial.templated 2020-07-30T23:02:00+00:00 [queued]>
[2020-07-30 23:03:08,550] {taskinstance.py:866} INFO - 
--------------------------------------------------------------------------------
[2020-07-30 23:03:08,550] {taskinstance.py:867} INFO - Starting attempt 1 of 2
[2020-07-30 23:03:08,550] {taskinstance.py:868} INFO - 
--------------------------------------------------------------------------------
[2020-07-30 23:03:08,568] {taskinstance.py:887} INFO - Executing <Task(BashOperator): templated> on 2020-07-30T23:02:00+00:00
[2020-07-30 23:03:08,575] {standard_task_runner.py:53} INFO - Started process 22256 to run task
[2020-07-30 23:03:08,707] {logging_mixin.py:112} INFO - Running %s on host %s <TaskInstance: tutorial.templated 2020-07-30T23:02:00+00:00 [running]> 02f6ef7ded4c
[2020-07-30 23:03:08,769] {bash_operator.py:82} INFO - Tmp dir root location: 
 /tmp
[2020-07-30 23:03:08,771] {bash_operator.py:105} INFO - Temporary script location: /tmp/airflowtmpmy29ldii/templatedu6u0dv4_
[2020-07-30 23:03:08,771] {bash_operator.py:115} INFO - Running command: 

    echo "2020-07-30"
    echo "2020-08-06"
    echo "Parameter I passed in"

    echo "2020-07-30"
    echo "2020-08-06"
    echo "Parameter I passed in"

    echo "2020-07-30"
    echo "2020-08-06"
    echo "Parameter I passed in"

    echo "2020-07-30"
    echo "2020-08-06"
    echo "Parameter I passed in"

    echo "2020-07-30"
    echo "2020-08-06"
    echo "Parameter I passed in"

[2020-07-30 23:03:08,788] {bash_operator.py:122} INFO - Output:
[2020-07-30 23:03:08,790] {bash_operator.py:126} INFO - 2020-07-30
[2020-07-30 23:03:08,791] {bash_operator.py:126} INFO - 2020-08-06
[2020-07-30 23:03:08,791] {bash_operator.py:126} INFO - Parameter I passed in
[2020-07-30 23:03:08,791] {bash_operator.py:126} INFO - 2020-07-30
[2020-07-30 23:03:08,791] {bash_operator.py:126} INFO - 2020-08-06
[2020-07-30 23:03:08,791] {bash_operator.py:126} INFO - Parameter I passed in
[2020-07-30 23:03:08,791] {bash_operator.py:126} INFO - 2020-07-30
[2020-07-30 23:03:08,791] {bash_operator.py:126} INFO - 2020-08-06
[2020-07-30 23:03:08,792] {bash_operator.py:126} INFO - Parameter I passed in
[2020-07-30 23:03:08,792] {bash_operator.py:126} INFO - 2020-07-30
[2020-07-30 23:03:08,792] {bash_operator.py:126} INFO - 2020-08-06
[2020-07-30 23:03:08,792] {bash_operator.py:126} INFO - Parameter I passed in
[2020-07-30 23:03:08,792] {bash_operator.py:126} INFO - 2020-07-30
[2020-07-30 23:03:08,792] {bash_operator.py:126} INFO - 2020-08-06
[2020-07-30 23:03:08,792] {bash_operator.py:126} INFO - Parameter I passed in
[2020-07-30 23:03:08,793] {bash_operator.py:130} INFO - Command exited with return code 0
[2020-07-30 23:03:08,822] {taskinstance.py:1048} INFO - Marking task as SUCCESS.dag_id=tutorial, task_id=templated, execution_date=20200730T230200, start_date=20200730T230308, end_date=20200730T230308
[2020-07-30 23:03:18,448] {logging_mixin.py:112} INFO - [2020-07-30 23:03:18,447] {local_task_job.py:103} INFO - Task exited with return code 0
