[2020-07-30 18:22:08,771] {taskinstance.py:655} INFO - Dependencies all met for <TaskInstance: tutorial.templated 2020-07-30T18:21:00+00:00 [queued]>
[2020-07-30 18:22:08,810] {taskinstance.py:655} INFO - Dependencies all met for <TaskInstance: tutorial.templated 2020-07-30T18:21:00+00:00 [queued]>
[2020-07-30 18:22:08,810] {taskinstance.py:866} INFO - 
--------------------------------------------------------------------------------
[2020-07-30 18:22:08,810] {taskinstance.py:867} INFO - Starting attempt 1 of 2
[2020-07-30 18:22:08,810] {taskinstance.py:868} INFO - 
--------------------------------------------------------------------------------
[2020-07-30 18:22:08,840] {taskinstance.py:887} INFO - Executing <Task(BashOperator): templated> on 2020-07-30T18:21:00+00:00
[2020-07-30 18:22:08,846] {standard_task_runner.py:53} INFO - Started process 24690 to run task
[2020-07-30 18:22:08,961] {logging_mixin.py:112} INFO - Running %s on host %s <TaskInstance: tutorial.templated 2020-07-30T18:21:00+00:00 [running]> 02f6ef7ded4c
[2020-07-30 18:22:09,019] {bash_operator.py:82} INFO - Tmp dir root location: 
 /tmp
[2020-07-30 18:22:09,021] {bash_operator.py:105} INFO - Temporary script location: /tmp/airflowtmp0k1vg968/templated62uu_bsk
[2020-07-30 18:22:09,021] {bash_operator.py:115} INFO - Running command: 

    echo "2020-07-30"
    echo "2020-08-06"
    echo "Parameter I passed in"

    echo "2020-07-30"
    echo "2020-08-06"
    echo "Parameter I passed in"

    echo "2020-07-30"
    echo "2020-08-06"
    echo "Parameter I passed in"

    echo "2020-07-30"
    echo "2020-08-06"
    echo "Parameter I passed in"

    echo "2020-07-30"
    echo "2020-08-06"
    echo "Parameter I passed in"

[2020-07-30 18:22:09,039] {bash_operator.py:122} INFO - Output:
[2020-07-30 18:22:09,041] {bash_operator.py:126} INFO - 2020-07-30
[2020-07-30 18:22:09,042] {bash_operator.py:126} INFO - 2020-08-06
[2020-07-30 18:22:09,042] {bash_operator.py:126} INFO - Parameter I passed in
[2020-07-30 18:22:09,042] {bash_operator.py:126} INFO - 2020-07-30
[2020-07-30 18:22:09,042] {bash_operator.py:126} INFO - 2020-08-06
[2020-07-30 18:22:09,042] {bash_operator.py:126} INFO - Parameter I passed in
[2020-07-30 18:22:09,042] {bash_operator.py:126} INFO - 2020-07-30
[2020-07-30 18:22:09,042] {bash_operator.py:126} INFO - 2020-08-06
[2020-07-30 18:22:09,042] {bash_operator.py:126} INFO - Parameter I passed in
[2020-07-30 18:22:09,042] {bash_operator.py:126} INFO - 2020-07-30
[2020-07-30 18:22:09,042] {bash_operator.py:126} INFO - 2020-08-06
[2020-07-30 18:22:09,042] {bash_operator.py:126} INFO - Parameter I passed in
[2020-07-30 18:22:09,042] {bash_operator.py:126} INFO - 2020-07-30
[2020-07-30 18:22:09,042] {bash_operator.py:126} INFO - 2020-08-06
[2020-07-30 18:22:09,043] {bash_operator.py:126} INFO - Parameter I passed in
[2020-07-30 18:22:09,043] {bash_operator.py:130} INFO - Command exited with return code 0
[2020-07-30 18:22:09,067] {taskinstance.py:1048} INFO - Marking task as SUCCESS.dag_id=tutorial, task_id=templated, execution_date=20200730T182100, start_date=20200730T182208, end_date=20200730T182209
[2020-07-30 18:22:18,725] {logging_mixin.py:112} INFO - [2020-07-30 18:22:18,725] {local_task_job.py:103} INFO - Task exited with return code 0
