[2020-07-30 23:36:15,121] {taskinstance.py:655} INFO - Dependencies all met for <TaskInstance: tutorial.templated 2020-07-30T23:35:00+00:00 [queued]>
[2020-07-30 23:36:15,171] {taskinstance.py:655} INFO - Dependencies all met for <TaskInstance: tutorial.templated 2020-07-30T23:35:00+00:00 [queued]>
[2020-07-30 23:36:15,172] {taskinstance.py:866} INFO - 
--------------------------------------------------------------------------------
[2020-07-30 23:36:15,172] {taskinstance.py:867} INFO - Starting attempt 1 of 2
[2020-07-30 23:36:15,172] {taskinstance.py:868} INFO - 
--------------------------------------------------------------------------------
[2020-07-30 23:36:15,207] {taskinstance.py:887} INFO - Executing <Task(BashOperator): templated> on 2020-07-30T23:35:00+00:00
[2020-07-30 23:36:15,213] {standard_task_runner.py:53} INFO - Started process 12444 to run task
[2020-07-30 23:36:15,347] {logging_mixin.py:112} INFO - Running %s on host %s <TaskInstance: tutorial.templated 2020-07-30T23:35:00+00:00 [running]> 02f6ef7ded4c
[2020-07-30 23:36:15,414] {bash_operator.py:82} INFO - Tmp dir root location: 
 /tmp
[2020-07-30 23:36:15,416] {bash_operator.py:105} INFO - Temporary script location: /tmp/airflowtmpzmsod736/templated0ula6zb9
[2020-07-30 23:36:15,416] {bash_operator.py:115} INFO - Running command: 

    echo "2020-07-30"
    echo "2020-08-06"
    echo "Parameter I passed in"

    echo "2020-07-30"
    echo "2020-08-06"
    echo "Parameter I passed in"

    echo "2020-07-30"
    echo "2020-08-06"
    echo "Parameter I passed in"

    echo "2020-07-30"
    echo "2020-08-06"
    echo "Parameter I passed in"

    echo "2020-07-30"
    echo "2020-08-06"
    echo "Parameter I passed in"

[2020-07-30 23:36:15,434] {bash_operator.py:122} INFO - Output:
[2020-07-30 23:36:15,436] {bash_operator.py:126} INFO - 2020-07-30
[2020-07-30 23:36:15,437] {bash_operator.py:126} INFO - 2020-08-06
[2020-07-30 23:36:15,437] {bash_operator.py:126} INFO - Parameter I passed in
[2020-07-30 23:36:15,437] {bash_operator.py:126} INFO - 2020-07-30
[2020-07-30 23:36:15,437] {bash_operator.py:126} INFO - 2020-08-06
[2020-07-30 23:36:15,437] {bash_operator.py:126} INFO - Parameter I passed in
[2020-07-30 23:36:15,437] {bash_operator.py:126} INFO - 2020-07-30
[2020-07-30 23:36:15,437] {bash_operator.py:126} INFO - 2020-08-06
[2020-07-30 23:36:15,437] {bash_operator.py:126} INFO - Parameter I passed in
[2020-07-30 23:36:15,437] {bash_operator.py:126} INFO - 2020-07-30
[2020-07-30 23:36:15,437] {bash_operator.py:126} INFO - 2020-08-06
[2020-07-30 23:36:15,437] {bash_operator.py:126} INFO - Parameter I passed in
[2020-07-30 23:36:15,437] {bash_operator.py:126} INFO - 2020-07-30
[2020-07-30 23:36:15,437] {bash_operator.py:126} INFO - 2020-08-06
[2020-07-30 23:36:15,438] {bash_operator.py:126} INFO - Parameter I passed in
[2020-07-30 23:36:15,438] {bash_operator.py:130} INFO - Command exited with return code 0
[2020-07-30 23:36:15,466] {taskinstance.py:1048} INFO - Marking task as SUCCESS.dag_id=tutorial, task_id=templated, execution_date=20200730T233500, start_date=20200730T233615, end_date=20200730T233615
[2020-07-30 23:36:25,079] {logging_mixin.py:112} INFO - [2020-07-30 23:36:25,078] {local_task_job.py:103} INFO - Task exited with return code 0
