[2020-07-30 21:01:10,088] {taskinstance.py:655} INFO - Dependencies all met for <TaskInstance: tutorial.templated 2020-07-30T21:00:00+00:00 [queued]>
[2020-07-30 21:01:10,143] {taskinstance.py:655} INFO - Dependencies all met for <TaskInstance: tutorial.templated 2020-07-30T21:00:00+00:00 [queued]>
[2020-07-30 21:01:10,144] {taskinstance.py:866} INFO - 
--------------------------------------------------------------------------------
[2020-07-30 21:01:10,144] {taskinstance.py:867} INFO - Starting attempt 1 of 2
[2020-07-30 21:01:10,144] {taskinstance.py:868} INFO - 
--------------------------------------------------------------------------------
[2020-07-30 21:01:10,160] {taskinstance.py:887} INFO - Executing <Task(BashOperator): templated> on 2020-07-30T21:00:00+00:00
[2020-07-30 21:01:10,168] {standard_task_runner.py:53} INFO - Started process 3675 to run task
[2020-07-30 21:01:10,305] {logging_mixin.py:112} INFO - Running %s on host %s <TaskInstance: tutorial.templated 2020-07-30T21:00:00+00:00 [running]> 02f6ef7ded4c
[2020-07-30 21:01:10,387] {bash_operator.py:82} INFO - Tmp dir root location: 
 /tmp
[2020-07-30 21:01:10,389] {bash_operator.py:105} INFO - Temporary script location: /tmp/airflowtmpppleddm9/templatedat03d8xe
[2020-07-30 21:01:10,390] {bash_operator.py:115} INFO - Running command: 

    echo "2020-07-30"
    echo "2020-08-06"
    echo "Parameter I passed in"

    echo "2020-07-30"
    echo "2020-08-06"
    echo "Parameter I passed in"

    echo "2020-07-30"
    echo "2020-08-06"
    echo "Parameter I passed in"

    echo "2020-07-30"
    echo "2020-08-06"
    echo "Parameter I passed in"

    echo "2020-07-30"
    echo "2020-08-06"
    echo "Parameter I passed in"

[2020-07-30 21:01:10,406] {bash_operator.py:122} INFO - Output:
[2020-07-30 21:01:10,408] {bash_operator.py:126} INFO - 2020-07-30
[2020-07-30 21:01:10,408] {bash_operator.py:126} INFO - 2020-08-06
[2020-07-30 21:01:10,408] {bash_operator.py:126} INFO - Parameter I passed in
[2020-07-30 21:01:10,408] {bash_operator.py:126} INFO - 2020-07-30
[2020-07-30 21:01:10,408] {bash_operator.py:126} INFO - 2020-08-06
[2020-07-30 21:01:10,409] {bash_operator.py:126} INFO - Parameter I passed in
[2020-07-30 21:01:10,409] {bash_operator.py:126} INFO - 2020-07-30
[2020-07-30 21:01:10,409] {bash_operator.py:126} INFO - 2020-08-06
[2020-07-30 21:01:10,409] {bash_operator.py:126} INFO - Parameter I passed in
[2020-07-30 21:01:10,409] {bash_operator.py:126} INFO - 2020-07-30
[2020-07-30 21:01:10,409] {bash_operator.py:126} INFO - 2020-08-06
[2020-07-30 21:01:10,409] {bash_operator.py:126} INFO - Parameter I passed in
[2020-07-30 21:01:10,409] {bash_operator.py:126} INFO - 2020-07-30
[2020-07-30 21:01:10,409] {bash_operator.py:126} INFO - 2020-08-06
[2020-07-30 21:01:10,410] {bash_operator.py:126} INFO - Parameter I passed in
[2020-07-30 21:01:10,410] {bash_operator.py:130} INFO - Command exited with return code 0
[2020-07-30 21:01:10,444] {taskinstance.py:1048} INFO - Marking task as SUCCESS.dag_id=tutorial, task_id=templated, execution_date=20200730T210000, start_date=20200730T210110, end_date=20200730T210110
[2020-07-30 21:01:20,023] {logging_mixin.py:112} INFO - [2020-07-30 21:01:20,022] {local_task_job.py:103} INFO - Task exited with return code 0
