[2020-07-31 02:16:16,175] {taskinstance.py:655} INFO - Dependencies all met for <TaskInstance: tutorial.templated 2020-07-31T02:15:00+00:00 [queued]>
[2020-07-31 02:16:16,228] {taskinstance.py:655} INFO - Dependencies all met for <TaskInstance: tutorial.templated 2020-07-31T02:15:00+00:00 [queued]>
[2020-07-31 02:16:16,229] {taskinstance.py:866} INFO - 
--------------------------------------------------------------------------------
[2020-07-31 02:16:16,229] {taskinstance.py:867} INFO - Starting attempt 1 of 2
[2020-07-31 02:16:16,229] {taskinstance.py:868} INFO - 
--------------------------------------------------------------------------------
[2020-07-31 02:16:16,248] {taskinstance.py:887} INFO - Executing <Task(BashOperator): templated> on 2020-07-31T02:15:00+00:00
[2020-07-31 02:16:16,255] {standard_task_runner.py:53} INFO - Started process 24571 to run task
[2020-07-31 02:16:16,381] {logging_mixin.py:112} INFO - Running %s on host %s <TaskInstance: tutorial.templated 2020-07-31T02:15:00+00:00 [running]> 02f6ef7ded4c
[2020-07-31 02:16:16,452] {bash_operator.py:82} INFO - Tmp dir root location: 
 /tmp
[2020-07-31 02:16:16,453] {bash_operator.py:105} INFO - Temporary script location: /tmp/airflowtmpqqs5mqdv/templatedf6ca360w
[2020-07-31 02:16:16,453] {bash_operator.py:115} INFO - Running command: 

    echo "2020-07-31"
    echo "2020-08-07"
    echo "Parameter I passed in"

    echo "2020-07-31"
    echo "2020-08-07"
    echo "Parameter I passed in"

    echo "2020-07-31"
    echo "2020-08-07"
    echo "Parameter I passed in"

    echo "2020-07-31"
    echo "2020-08-07"
    echo "Parameter I passed in"

    echo "2020-07-31"
    echo "2020-08-07"
    echo "Parameter I passed in"

[2020-07-31 02:16:16,469] {bash_operator.py:122} INFO - Output:
[2020-07-31 02:16:16,471] {bash_operator.py:126} INFO - 2020-07-31
[2020-07-31 02:16:16,471] {bash_operator.py:126} INFO - 2020-08-07
[2020-07-31 02:16:16,472] {bash_operator.py:126} INFO - Parameter I passed in
[2020-07-31 02:16:16,472] {bash_operator.py:126} INFO - 2020-07-31
[2020-07-31 02:16:16,472] {bash_operator.py:126} INFO - 2020-08-07
[2020-07-31 02:16:16,472] {bash_operator.py:126} INFO - Parameter I passed in
[2020-07-31 02:16:16,473] {bash_operator.py:126} INFO - 2020-07-31
[2020-07-31 02:16:16,473] {bash_operator.py:126} INFO - 2020-08-07
[2020-07-31 02:16:16,473] {bash_operator.py:126} INFO - Parameter I passed in
[2020-07-31 02:16:16,473] {bash_operator.py:126} INFO - 2020-07-31
[2020-07-31 02:16:16,473] {bash_operator.py:126} INFO - 2020-08-07
[2020-07-31 02:16:16,473] {bash_operator.py:126} INFO - Parameter I passed in
[2020-07-31 02:16:16,474] {bash_operator.py:126} INFO - 2020-07-31
[2020-07-31 02:16:16,474] {bash_operator.py:126} INFO - 2020-08-07
[2020-07-31 02:16:16,474] {bash_operator.py:126} INFO - Parameter I passed in
[2020-07-31 02:16:16,475] {bash_operator.py:130} INFO - Command exited with return code 0
[2020-07-31 02:16:16,505] {taskinstance.py:1048} INFO - Marking task as SUCCESS.dag_id=tutorial, task_id=templated, execution_date=20200731T021500, start_date=20200731T021616, end_date=20200731T021616
[2020-07-31 02:16:26,128] {logging_mixin.py:112} INFO - [2020-07-31 02:16:26,127] {local_task_job.py:103} INFO - Task exited with return code 0
