[2020-07-31 02:48:16,139] {taskinstance.py:655} INFO - Dependencies all met for <TaskInstance: tutorial.templated 2020-07-31T02:47:00+00:00 [queued]>
[2020-07-31 02:48:16,184] {taskinstance.py:655} INFO - Dependencies all met for <TaskInstance: tutorial.templated 2020-07-31T02:47:00+00:00 [queued]>
[2020-07-31 02:48:16,185] {taskinstance.py:866} INFO - 
--------------------------------------------------------------------------------
[2020-07-31 02:48:16,185] {taskinstance.py:867} INFO - Starting attempt 1 of 2
[2020-07-31 02:48:16,185] {taskinstance.py:868} INFO - 
--------------------------------------------------------------------------------
[2020-07-31 02:48:16,221] {taskinstance.py:887} INFO - Executing <Task(BashOperator): templated> on 2020-07-31T02:47:00+00:00
[2020-07-31 02:48:16,229] {standard_task_runner.py:53} INFO - Started process 14000 to run task
[2020-07-31 02:48:16,357] {logging_mixin.py:112} INFO - Running %s on host %s <TaskInstance: tutorial.templated 2020-07-31T02:47:00+00:00 [running]> 02f6ef7ded4c
[2020-07-31 02:48:16,423] {bash_operator.py:82} INFO - Tmp dir root location: 
 /tmp
[2020-07-31 02:48:16,425] {bash_operator.py:105} INFO - Temporary script location: /tmp/airflowtmpj8i99alf/templatedkt8rftra
[2020-07-31 02:48:16,425] {bash_operator.py:115} INFO - Running command: 

    echo "2020-07-31"
    echo "2020-08-07"
    echo "Parameter I passed in"

    echo "2020-07-31"
    echo "2020-08-07"
    echo "Parameter I passed in"

    echo "2020-07-31"
    echo "2020-08-07"
    echo "Parameter I passed in"

    echo "2020-07-31"
    echo "2020-08-07"
    echo "Parameter I passed in"

    echo "2020-07-31"
    echo "2020-08-07"
    echo "Parameter I passed in"

[2020-07-31 02:48:16,443] {bash_operator.py:122} INFO - Output:
[2020-07-31 02:48:16,446] {bash_operator.py:126} INFO - 2020-07-31
[2020-07-31 02:48:16,447] {bash_operator.py:126} INFO - 2020-08-07
[2020-07-31 02:48:16,447] {bash_operator.py:126} INFO - Parameter I passed in
[2020-07-31 02:48:16,447] {bash_operator.py:126} INFO - 2020-07-31
[2020-07-31 02:48:16,447] {bash_operator.py:126} INFO - 2020-08-07
[2020-07-31 02:48:16,448] {bash_operator.py:126} INFO - Parameter I passed in
[2020-07-31 02:48:16,448] {bash_operator.py:126} INFO - 2020-07-31
[2020-07-31 02:48:16,448] {bash_operator.py:126} INFO - 2020-08-07
[2020-07-31 02:48:16,448] {bash_operator.py:126} INFO - Parameter I passed in
[2020-07-31 02:48:16,448] {bash_operator.py:126} INFO - 2020-07-31
[2020-07-31 02:48:16,448] {bash_operator.py:126} INFO - 2020-08-07
[2020-07-31 02:48:16,448] {bash_operator.py:126} INFO - Parameter I passed in
[2020-07-31 02:48:16,448] {bash_operator.py:126} INFO - 2020-07-31
[2020-07-31 02:48:16,448] {bash_operator.py:126} INFO - 2020-08-07
[2020-07-31 02:48:16,449] {bash_operator.py:126} INFO - Parameter I passed in
[2020-07-31 02:48:16,449] {bash_operator.py:130} INFO - Command exited with return code 0
[2020-07-31 02:48:16,485] {taskinstance.py:1048} INFO - Marking task as SUCCESS.dag_id=tutorial, task_id=templated, execution_date=20200731T024700, start_date=20200731T024816, end_date=20200731T024816
[2020-07-31 02:48:26,087] {logging_mixin.py:112} INFO - [2020-07-31 02:48:26,086] {local_task_job.py:103} INFO - Task exited with return code 0
