[2020-07-31 01:41:13,721] {taskinstance.py:655} INFO - Dependencies all met for <TaskInstance: tutorial.templated 2020-07-31T01:40:00+00:00 [queued]>
[2020-07-31 01:41:13,772] {taskinstance.py:655} INFO - Dependencies all met for <TaskInstance: tutorial.templated 2020-07-31T01:40:00+00:00 [queued]>
[2020-07-31 01:41:13,772] {taskinstance.py:866} INFO - 
--------------------------------------------------------------------------------
[2020-07-31 01:41:13,772] {taskinstance.py:867} INFO - Starting attempt 1 of 2
[2020-07-31 01:41:13,773] {taskinstance.py:868} INFO - 
--------------------------------------------------------------------------------
[2020-07-31 01:41:13,788] {taskinstance.py:887} INFO - Executing <Task(BashOperator): templated> on 2020-07-31T01:40:00+00:00
[2020-07-31 01:41:13,797] {standard_task_runner.py:53} INFO - Started process 594 to run task
[2020-07-31 01:41:13,918] {logging_mixin.py:112} INFO - Running %s on host %s <TaskInstance: tutorial.templated 2020-07-31T01:40:00+00:00 [running]> 02f6ef7ded4c
[2020-07-31 01:41:13,983] {bash_operator.py:82} INFO - Tmp dir root location: 
 /tmp
[2020-07-31 01:41:13,985] {bash_operator.py:105} INFO - Temporary script location: /tmp/airflowtmproa89ss7/templatedyc7tx47q
[2020-07-31 01:41:13,985] {bash_operator.py:115} INFO - Running command: 

    echo "2020-07-31"
    echo "2020-08-07"
    echo "Parameter I passed in"

    echo "2020-07-31"
    echo "2020-08-07"
    echo "Parameter I passed in"

    echo "2020-07-31"
    echo "2020-08-07"
    echo "Parameter I passed in"

    echo "2020-07-31"
    echo "2020-08-07"
    echo "Parameter I passed in"

    echo "2020-07-31"
    echo "2020-08-07"
    echo "Parameter I passed in"

[2020-07-31 01:41:13,999] {bash_operator.py:122} INFO - Output:
[2020-07-31 01:41:14,001] {bash_operator.py:126} INFO - 2020-07-31
[2020-07-31 01:41:14,001] {bash_operator.py:126} INFO - 2020-08-07
[2020-07-31 01:41:14,001] {bash_operator.py:126} INFO - Parameter I passed in
[2020-07-31 01:41:14,002] {bash_operator.py:126} INFO - 2020-07-31
[2020-07-31 01:41:14,002] {bash_operator.py:126} INFO - 2020-08-07
[2020-07-31 01:41:14,002] {bash_operator.py:126} INFO - Parameter I passed in
[2020-07-31 01:41:14,002] {bash_operator.py:126} INFO - 2020-07-31
[2020-07-31 01:41:14,002] {bash_operator.py:126} INFO - 2020-08-07
[2020-07-31 01:41:14,002] {bash_operator.py:126} INFO - Parameter I passed in
[2020-07-31 01:41:14,002] {bash_operator.py:126} INFO - 2020-07-31
[2020-07-31 01:41:14,002] {bash_operator.py:126} INFO - 2020-08-07
[2020-07-31 01:41:14,002] {bash_operator.py:126} INFO - Parameter I passed in
[2020-07-31 01:41:14,002] {bash_operator.py:126} INFO - 2020-07-31
[2020-07-31 01:41:14,002] {bash_operator.py:126} INFO - 2020-08-07
[2020-07-31 01:41:14,002] {bash_operator.py:126} INFO - Parameter I passed in
[2020-07-31 01:41:14,002] {bash_operator.py:130} INFO - Command exited with return code 0
[2020-07-31 01:41:14,026] {taskinstance.py:1048} INFO - Marking task as SUCCESS.dag_id=tutorial, task_id=templated, execution_date=20200731T014000, start_date=20200731T014113, end_date=20200731T014114
[2020-07-31 01:41:23,677] {logging_mixin.py:112} INFO - [2020-07-31 01:41:23,676] {local_task_job.py:103} INFO - Task exited with return code 0
