[2020-07-31 00:11:13,557] {taskinstance.py:655} INFO - Dependencies all met for <TaskInstance: tutorial.templated 2020-07-31T00:10:00+00:00 [queued]>
[2020-07-31 00:11:13,607] {taskinstance.py:655} INFO - Dependencies all met for <TaskInstance: tutorial.templated 2020-07-31T00:10:00+00:00 [queued]>
[2020-07-31 00:11:13,607] {taskinstance.py:866} INFO - 
--------------------------------------------------------------------------------
[2020-07-31 00:11:13,607] {taskinstance.py:867} INFO - Starting attempt 1 of 2
[2020-07-31 00:11:13,607] {taskinstance.py:868} INFO - 
--------------------------------------------------------------------------------
[2020-07-31 00:11:13,643] {taskinstance.py:887} INFO - Executing <Task(BashOperator): templated> on 2020-07-31T00:10:00+00:00
[2020-07-31 00:11:13,653] {standard_task_runner.py:53} INFO - Started process 3919 to run task
[2020-07-31 00:11:13,788] {logging_mixin.py:112} INFO - Running %s on host %s <TaskInstance: tutorial.templated 2020-07-31T00:10:00+00:00 [running]> 02f6ef7ded4c
[2020-07-31 00:11:13,865] {bash_operator.py:82} INFO - Tmp dir root location: 
 /tmp
[2020-07-31 00:11:13,866] {bash_operator.py:105} INFO - Temporary script location: /tmp/airflowtmpyp54t8v7/templatedgplex36x
[2020-07-31 00:11:13,867] {bash_operator.py:115} INFO - Running command: 

    echo "2020-07-31"
    echo "2020-08-07"
    echo "Parameter I passed in"

    echo "2020-07-31"
    echo "2020-08-07"
    echo "Parameter I passed in"

    echo "2020-07-31"
    echo "2020-08-07"
    echo "Parameter I passed in"

    echo "2020-07-31"
    echo "2020-08-07"
    echo "Parameter I passed in"

    echo "2020-07-31"
    echo "2020-08-07"
    echo "Parameter I passed in"

[2020-07-31 00:11:13,883] {bash_operator.py:122} INFO - Output:
[2020-07-31 00:11:13,885] {bash_operator.py:126} INFO - 2020-07-31
[2020-07-31 00:11:13,885] {bash_operator.py:126} INFO - 2020-08-07
[2020-07-31 00:11:13,885] {bash_operator.py:126} INFO - Parameter I passed in
[2020-07-31 00:11:13,886] {bash_operator.py:126} INFO - 2020-07-31
[2020-07-31 00:11:13,886] {bash_operator.py:126} INFO - 2020-08-07
[2020-07-31 00:11:13,886] {bash_operator.py:126} INFO - Parameter I passed in
[2020-07-31 00:11:13,886] {bash_operator.py:126} INFO - 2020-07-31
[2020-07-31 00:11:13,886] {bash_operator.py:126} INFO - 2020-08-07
[2020-07-31 00:11:13,886] {bash_operator.py:126} INFO - Parameter I passed in
[2020-07-31 00:11:13,886] {bash_operator.py:126} INFO - 2020-07-31
[2020-07-31 00:11:13,886] {bash_operator.py:126} INFO - 2020-08-07
[2020-07-31 00:11:13,887] {bash_operator.py:126} INFO - Parameter I passed in
[2020-07-31 00:11:13,887] {bash_operator.py:126} INFO - 2020-07-31
[2020-07-31 00:11:13,887] {bash_operator.py:126} INFO - 2020-08-07
[2020-07-31 00:11:13,887] {bash_operator.py:126} INFO - Parameter I passed in
[2020-07-31 00:11:13,887] {bash_operator.py:130} INFO - Command exited with return code 0
[2020-07-31 00:11:13,919] {taskinstance.py:1048} INFO - Marking task as SUCCESS.dag_id=tutorial, task_id=templated, execution_date=20200731T001000, start_date=20200731T001113, end_date=20200731T001113
[2020-07-31 00:11:23,501] {logging_mixin.py:112} INFO - [2020-07-31 00:11:23,500] {local_task_job.py:103} INFO - Task exited with return code 0
