[2020-07-30 19:02:15,784] {taskinstance.py:655} INFO - Dependencies all met for <TaskInstance: tutorial.templated 2020-07-30T19:01:00+00:00 [queued]>
[2020-07-30 19:02:15,847] {taskinstance.py:655} INFO - Dependencies all met for <TaskInstance: tutorial.templated 2020-07-30T19:01:00+00:00 [queued]>
[2020-07-30 19:02:15,847] {taskinstance.py:866} INFO - 
--------------------------------------------------------------------------------
[2020-07-30 19:02:15,847] {taskinstance.py:867} INFO - Starting attempt 1 of 2
[2020-07-30 19:02:15,847] {taskinstance.py:868} INFO - 
--------------------------------------------------------------------------------
[2020-07-30 19:02:15,864] {taskinstance.py:887} INFO - Executing <Task(BashOperator): templated> on 2020-07-30T19:01:00+00:00
[2020-07-30 19:02:15,871] {standard_task_runner.py:53} INFO - Started process 19676 to run task
[2020-07-30 19:02:16,000] {logging_mixin.py:112} INFO - Running %s on host %s <TaskInstance: tutorial.templated 2020-07-30T19:01:00+00:00 [running]> 02f6ef7ded4c
[2020-07-30 19:02:16,076] {bash_operator.py:82} INFO - Tmp dir root location: 
 /tmp
[2020-07-30 19:02:16,078] {bash_operator.py:105} INFO - Temporary script location: /tmp/airflowtmpdo9lwi6d/templated0_elaa3q
[2020-07-30 19:02:16,078] {bash_operator.py:115} INFO - Running command: 

    echo "2020-07-30"
    echo "2020-08-06"
    echo "Parameter I passed in"

    echo "2020-07-30"
    echo "2020-08-06"
    echo "Parameter I passed in"

    echo "2020-07-30"
    echo "2020-08-06"
    echo "Parameter I passed in"

    echo "2020-07-30"
    echo "2020-08-06"
    echo "Parameter I passed in"

    echo "2020-07-30"
    echo "2020-08-06"
    echo "Parameter I passed in"

[2020-07-30 19:02:16,092] {bash_operator.py:122} INFO - Output:
[2020-07-30 19:02:16,094] {bash_operator.py:126} INFO - 2020-07-30
[2020-07-30 19:02:16,094] {bash_operator.py:126} INFO - 2020-08-06
[2020-07-30 19:02:16,095] {bash_operator.py:126} INFO - Parameter I passed in
[2020-07-30 19:02:16,095] {bash_operator.py:126} INFO - 2020-07-30
[2020-07-30 19:02:16,095] {bash_operator.py:126} INFO - 2020-08-06
[2020-07-30 19:02:16,095] {bash_operator.py:126} INFO - Parameter I passed in
[2020-07-30 19:02:16,095] {bash_operator.py:126} INFO - 2020-07-30
[2020-07-30 19:02:16,095] {bash_operator.py:126} INFO - 2020-08-06
[2020-07-30 19:02:16,095] {bash_operator.py:126} INFO - Parameter I passed in
[2020-07-30 19:02:16,095] {bash_operator.py:126} INFO - 2020-07-30
[2020-07-30 19:02:16,095] {bash_operator.py:126} INFO - 2020-08-06
[2020-07-30 19:02:16,095] {bash_operator.py:126} INFO - Parameter I passed in
[2020-07-30 19:02:16,095] {bash_operator.py:126} INFO - 2020-07-30
[2020-07-30 19:02:16,096] {bash_operator.py:126} INFO - 2020-08-06
[2020-07-30 19:02:16,096] {bash_operator.py:126} INFO - Parameter I passed in
[2020-07-30 19:02:16,096] {bash_operator.py:130} INFO - Command exited with return code 0
[2020-07-30 19:02:16,121] {taskinstance.py:1048} INFO - Marking task as SUCCESS.dag_id=tutorial, task_id=templated, execution_date=20200730T190100, start_date=20200730T190215, end_date=20200730T190216
[2020-07-30 19:02:25,739] {logging_mixin.py:112} INFO - [2020-07-30 19:02:25,738] {local_task_job.py:103} INFO - Task exited with return code 0
