[2020-07-30 23:09:13,076] {taskinstance.py:655} INFO - Dependencies all met for <TaskInstance: tutorial.templated 2020-07-30T23:08:00+00:00 [queued]>
[2020-07-30 23:09:13,123] {taskinstance.py:655} INFO - Dependencies all met for <TaskInstance: tutorial.templated 2020-07-30T23:08:00+00:00 [queued]>
[2020-07-30 23:09:13,123] {taskinstance.py:866} INFO - 
--------------------------------------------------------------------------------
[2020-07-30 23:09:13,124] {taskinstance.py:867} INFO - Starting attempt 1 of 2
[2020-07-30 23:09:13,124] {taskinstance.py:868} INFO - 
--------------------------------------------------------------------------------
[2020-07-30 23:09:13,149] {taskinstance.py:887} INFO - Executing <Task(BashOperator): templated> on 2020-07-30T23:08:00+00:00
[2020-07-30 23:09:13,156] {standard_task_runner.py:53} INFO - Started process 26409 to run task
[2020-07-30 23:09:13,290] {logging_mixin.py:112} INFO - Running %s on host %s <TaskInstance: tutorial.templated 2020-07-30T23:08:00+00:00 [running]> 02f6ef7ded4c
[2020-07-30 23:09:13,352] {bash_operator.py:82} INFO - Tmp dir root location: 
 /tmp
[2020-07-30 23:09:13,353] {bash_operator.py:105} INFO - Temporary script location: /tmp/airflowtmp1r1tb_0u/templated_r0z9qq2
[2020-07-30 23:09:13,353] {bash_operator.py:115} INFO - Running command: 

    echo "2020-07-30"
    echo "2020-08-06"
    echo "Parameter I passed in"

    echo "2020-07-30"
    echo "2020-08-06"
    echo "Parameter I passed in"

    echo "2020-07-30"
    echo "2020-08-06"
    echo "Parameter I passed in"

    echo "2020-07-30"
    echo "2020-08-06"
    echo "Parameter I passed in"

    echo "2020-07-30"
    echo "2020-08-06"
    echo "Parameter I passed in"

[2020-07-30 23:09:13,369] {bash_operator.py:122} INFO - Output:
[2020-07-30 23:09:13,371] {bash_operator.py:126} INFO - 2020-07-30
[2020-07-30 23:09:13,372] {bash_operator.py:126} INFO - 2020-08-06
[2020-07-30 23:09:13,372] {bash_operator.py:126} INFO - Parameter I passed in
[2020-07-30 23:09:13,372] {bash_operator.py:126} INFO - 2020-07-30
[2020-07-30 23:09:13,372] {bash_operator.py:126} INFO - 2020-08-06
[2020-07-30 23:09:13,372] {bash_operator.py:126} INFO - Parameter I passed in
[2020-07-30 23:09:13,372] {bash_operator.py:126} INFO - 2020-07-30
[2020-07-30 23:09:13,372] {bash_operator.py:126} INFO - 2020-08-06
[2020-07-30 23:09:13,372] {bash_operator.py:126} INFO - Parameter I passed in
[2020-07-30 23:09:13,372] {bash_operator.py:126} INFO - 2020-07-30
[2020-07-30 23:09:13,372] {bash_operator.py:126} INFO - 2020-08-06
[2020-07-30 23:09:13,373] {bash_operator.py:126} INFO - Parameter I passed in
[2020-07-30 23:09:13,373] {bash_operator.py:126} INFO - 2020-07-30
[2020-07-30 23:09:13,373] {bash_operator.py:126} INFO - 2020-08-06
[2020-07-30 23:09:13,373] {bash_operator.py:126} INFO - Parameter I passed in
[2020-07-30 23:09:13,373] {bash_operator.py:130} INFO - Command exited with return code 0
[2020-07-30 23:09:13,405] {taskinstance.py:1048} INFO - Marking task as SUCCESS.dag_id=tutorial, task_id=templated, execution_date=20200730T230800, start_date=20200730T230913, end_date=20200730T230913
[2020-07-30 23:09:23,019] {logging_mixin.py:112} INFO - [2020-07-30 23:09:23,019] {local_task_job.py:103} INFO - Task exited with return code 0
