[2020-07-30 21:18:11,447] {taskinstance.py:655} INFO - Dependencies all met for <TaskInstance: tutorial.templated 2020-07-30T21:17:00+00:00 [queued]>
[2020-07-30 21:18:11,498] {taskinstance.py:655} INFO - Dependencies all met for <TaskInstance: tutorial.templated 2020-07-30T21:17:00+00:00 [queued]>
[2020-07-30 21:18:11,498] {taskinstance.py:866} INFO - 
--------------------------------------------------------------------------------
[2020-07-30 21:18:11,498] {taskinstance.py:867} INFO - Starting attempt 1 of 2
[2020-07-30 21:18:11,498] {taskinstance.py:868} INFO - 
--------------------------------------------------------------------------------
[2020-07-30 21:18:11,525] {taskinstance.py:887} INFO - Executing <Task(BashOperator): templated> on 2020-07-30T21:17:00+00:00
[2020-07-30 21:18:11,534] {standard_task_runner.py:53} INFO - Started process 15325 to run task
[2020-07-30 21:18:11,660] {logging_mixin.py:112} INFO - Running %s on host %s <TaskInstance: tutorial.templated 2020-07-30T21:17:00+00:00 [running]> 02f6ef7ded4c
[2020-07-30 21:18:11,721] {bash_operator.py:82} INFO - Tmp dir root location: 
 /tmp
[2020-07-30 21:18:11,722] {bash_operator.py:105} INFO - Temporary script location: /tmp/airflowtmpklppgku_/templatedgtmomjl7
[2020-07-30 21:18:11,723] {bash_operator.py:115} INFO - Running command: 

    echo "2020-07-30"
    echo "2020-08-06"
    echo "Parameter I passed in"

    echo "2020-07-30"
    echo "2020-08-06"
    echo "Parameter I passed in"

    echo "2020-07-30"
    echo "2020-08-06"
    echo "Parameter I passed in"

    echo "2020-07-30"
    echo "2020-08-06"
    echo "Parameter I passed in"

    echo "2020-07-30"
    echo "2020-08-06"
    echo "Parameter I passed in"

[2020-07-30 21:18:11,739] {bash_operator.py:122} INFO - Output:
[2020-07-30 21:18:11,742] {bash_operator.py:126} INFO - 2020-07-30
[2020-07-30 21:18:11,742] {bash_operator.py:126} INFO - 2020-08-06
[2020-07-30 21:18:11,742] {bash_operator.py:126} INFO - Parameter I passed in
[2020-07-30 21:18:11,742] {bash_operator.py:126} INFO - 2020-07-30
[2020-07-30 21:18:11,743] {bash_operator.py:126} INFO - 2020-08-06
[2020-07-30 21:18:11,743] {bash_operator.py:126} INFO - Parameter I passed in
[2020-07-30 21:18:11,743] {bash_operator.py:126} INFO - 2020-07-30
[2020-07-30 21:18:11,743] {bash_operator.py:126} INFO - 2020-08-06
[2020-07-30 21:18:11,743] {bash_operator.py:126} INFO - Parameter I passed in
[2020-07-30 21:18:11,743] {bash_operator.py:126} INFO - 2020-07-30
[2020-07-30 21:18:11,743] {bash_operator.py:126} INFO - 2020-08-06
[2020-07-30 21:18:11,743] {bash_operator.py:126} INFO - Parameter I passed in
[2020-07-30 21:18:11,743] {bash_operator.py:126} INFO - 2020-07-30
[2020-07-30 21:18:11,743] {bash_operator.py:126} INFO - 2020-08-06
[2020-07-30 21:18:11,744] {bash_operator.py:126} INFO - Parameter I passed in
[2020-07-30 21:18:11,744] {bash_operator.py:130} INFO - Command exited with return code 0
[2020-07-30 21:18:11,774] {taskinstance.py:1048} INFO - Marking task as SUCCESS.dag_id=tutorial, task_id=templated, execution_date=20200730T211700, start_date=20200730T211811, end_date=20200730T211811
[2020-07-30 21:18:21,395] {logging_mixin.py:112} INFO - [2020-07-30 21:18:21,394] {local_task_job.py:103} INFO - Task exited with return code 0
