[2020-07-31 03:40:13,942] {taskinstance.py:655} INFO - Dependencies all met for <TaskInstance: tutorial.templated 2020-07-31T03:39:00+00:00 [queued]>
[2020-07-31 03:40:13,991] {taskinstance.py:655} INFO - Dependencies all met for <TaskInstance: tutorial.templated 2020-07-31T03:39:00+00:00 [queued]>
[2020-07-31 03:40:13,991] {taskinstance.py:866} INFO - 
--------------------------------------------------------------------------------
[2020-07-31 03:40:13,992] {taskinstance.py:867} INFO - Starting attempt 1 of 2
[2020-07-31 03:40:13,992] {taskinstance.py:868} INFO - 
--------------------------------------------------------------------------------
[2020-07-31 03:40:14,022] {taskinstance.py:887} INFO - Executing <Task(BashOperator): templated> on 2020-07-31T03:39:00+00:00
[2020-07-31 03:40:14,029] {standard_task_runner.py:53} INFO - Started process 17101 to run task
[2020-07-31 03:40:14,162] {logging_mixin.py:112} INFO - Running %s on host %s <TaskInstance: tutorial.templated 2020-07-31T03:39:00+00:00 [running]> 02f6ef7ded4c
[2020-07-31 03:40:14,220] {bash_operator.py:82} INFO - Tmp dir root location: 
 /tmp
[2020-07-31 03:40:14,221] {bash_operator.py:105} INFO - Temporary script location: /tmp/airflowtmpk5z6ow40/templatedl0nnsf71
[2020-07-31 03:40:14,223] {bash_operator.py:115} INFO - Running command: 

    echo "2020-07-31"
    echo "2020-08-07"
    echo "Parameter I passed in"

    echo "2020-07-31"
    echo "2020-08-07"
    echo "Parameter I passed in"

    echo "2020-07-31"
    echo "2020-08-07"
    echo "Parameter I passed in"

    echo "2020-07-31"
    echo "2020-08-07"
    echo "Parameter I passed in"

    echo "2020-07-31"
    echo "2020-08-07"
    echo "Parameter I passed in"

[2020-07-31 03:40:14,250] {bash_operator.py:122} INFO - Output:
[2020-07-31 03:40:14,251] {bash_operator.py:126} INFO - 2020-07-31
[2020-07-31 03:40:14,252] {bash_operator.py:126} INFO - 2020-08-07
[2020-07-31 03:40:14,252] {bash_operator.py:126} INFO - Parameter I passed in
[2020-07-31 03:40:14,252] {bash_operator.py:126} INFO - 2020-07-31
[2020-07-31 03:40:14,252] {bash_operator.py:126} INFO - 2020-08-07
[2020-07-31 03:40:14,252] {bash_operator.py:126} INFO - Parameter I passed in
[2020-07-31 03:40:14,252] {bash_operator.py:126} INFO - 2020-07-31
[2020-07-31 03:40:14,252] {bash_operator.py:126} INFO - 2020-08-07
[2020-07-31 03:40:14,252] {bash_operator.py:126} INFO - Parameter I passed in
[2020-07-31 03:40:14,252] {bash_operator.py:126} INFO - 2020-07-31
[2020-07-31 03:40:14,252] {bash_operator.py:126} INFO - 2020-08-07
[2020-07-31 03:40:14,252] {bash_operator.py:126} INFO - Parameter I passed in
[2020-07-31 03:40:14,252] {bash_operator.py:126} INFO - 2020-07-31
[2020-07-31 03:40:14,252] {bash_operator.py:126} INFO - 2020-08-07
[2020-07-31 03:40:14,252] {bash_operator.py:126} INFO - Parameter I passed in
[2020-07-31 03:40:14,252] {bash_operator.py:130} INFO - Command exited with return code 0
[2020-07-31 03:40:14,278] {taskinstance.py:1048} INFO - Marking task as SUCCESS.dag_id=tutorial, task_id=templated, execution_date=20200731T033900, start_date=20200731T034013, end_date=20200731T034014
[2020-07-31 03:40:23,889] {logging_mixin.py:112} INFO - [2020-07-31 03:40:23,888] {local_task_job.py:103} INFO - Task exited with return code 0
