[2020-07-30 23:21:15,818] {taskinstance.py:655} INFO - Dependencies all met for <TaskInstance: tutorial.templated 2020-07-30T23:20:00+00:00 [queued]>
[2020-07-30 23:21:15,869] {taskinstance.py:655} INFO - Dependencies all met for <TaskInstance: tutorial.templated 2020-07-30T23:20:00+00:00 [queued]>
[2020-07-30 23:21:15,869] {taskinstance.py:866} INFO - 
--------------------------------------------------------------------------------
[2020-07-30 23:21:15,869] {taskinstance.py:867} INFO - Starting attempt 1 of 2
[2020-07-30 23:21:15,870] {taskinstance.py:868} INFO - 
--------------------------------------------------------------------------------
[2020-07-30 23:21:15,896] {taskinstance.py:887} INFO - Executing <Task(BashOperator): templated> on 2020-07-30T23:20:00+00:00
[2020-07-30 23:21:15,905] {standard_task_runner.py:53} INFO - Started process 2184 to run task
[2020-07-30 23:21:16,032] {logging_mixin.py:112} INFO - Running %s on host %s <TaskInstance: tutorial.templated 2020-07-30T23:20:00+00:00 [running]> 02f6ef7ded4c
[2020-07-30 23:21:16,101] {bash_operator.py:82} INFO - Tmp dir root location: 
 /tmp
[2020-07-30 23:21:16,103] {bash_operator.py:105} INFO - Temporary script location: /tmp/airflowtmphd0lwy3_/templatedlac1c601
[2020-07-30 23:21:16,103] {bash_operator.py:115} INFO - Running command: 

    echo "2020-07-30"
    echo "2020-08-06"
    echo "Parameter I passed in"

    echo "2020-07-30"
    echo "2020-08-06"
    echo "Parameter I passed in"

    echo "2020-07-30"
    echo "2020-08-06"
    echo "Parameter I passed in"

    echo "2020-07-30"
    echo "2020-08-06"
    echo "Parameter I passed in"

    echo "2020-07-30"
    echo "2020-08-06"
    echo "Parameter I passed in"

[2020-07-30 23:21:16,118] {bash_operator.py:122} INFO - Output:
[2020-07-30 23:21:16,120] {bash_operator.py:126} INFO - 2020-07-30
[2020-07-30 23:21:16,120] {bash_operator.py:126} INFO - 2020-08-06
[2020-07-30 23:21:16,120] {bash_operator.py:126} INFO - Parameter I passed in
[2020-07-30 23:21:16,121] {bash_operator.py:126} INFO - 2020-07-30
[2020-07-30 23:21:16,121] {bash_operator.py:126} INFO - 2020-08-06
[2020-07-30 23:21:16,121] {bash_operator.py:126} INFO - Parameter I passed in
[2020-07-30 23:21:16,121] {bash_operator.py:126} INFO - 2020-07-30
[2020-07-30 23:21:16,121] {bash_operator.py:126} INFO - 2020-08-06
[2020-07-30 23:21:16,121] {bash_operator.py:126} INFO - Parameter I passed in
[2020-07-30 23:21:16,121] {bash_operator.py:126} INFO - 2020-07-30
[2020-07-30 23:21:16,121] {bash_operator.py:126} INFO - 2020-08-06
[2020-07-30 23:21:16,121] {bash_operator.py:126} INFO - Parameter I passed in
[2020-07-30 23:21:16,121] {bash_operator.py:126} INFO - 2020-07-30
[2020-07-30 23:21:16,121] {bash_operator.py:126} INFO - 2020-08-06
[2020-07-30 23:21:16,121] {bash_operator.py:126} INFO - Parameter I passed in
[2020-07-30 23:21:16,122] {bash_operator.py:130} INFO - Command exited with return code 0
[2020-07-30 23:21:16,144] {taskinstance.py:1048} INFO - Marking task as SUCCESS.dag_id=tutorial, task_id=templated, execution_date=20200730T232000, start_date=20200730T232115, end_date=20200730T232116
[2020-07-30 23:21:25,748] {logging_mixin.py:112} INFO - [2020-07-30 23:21:25,748] {local_task_job.py:103} INFO - Task exited with return code 0
