[2020-07-30 18:00:15,284] {taskinstance.py:655} INFO - Dependencies all met for <TaskInstance: tutorial.templated 2020-07-30T17:59:00+00:00 [queued]>
[2020-07-30 18:00:15,352] {taskinstance.py:655} INFO - Dependencies all met for <TaskInstance: tutorial.templated 2020-07-30T17:59:00+00:00 [queued]>
[2020-07-30 18:00:15,353] {taskinstance.py:866} INFO - 
--------------------------------------------------------------------------------
[2020-07-30 18:00:15,353] {taskinstance.py:867} INFO - Starting attempt 1 of 2
[2020-07-30 18:00:15,353] {taskinstance.py:868} INFO - 
--------------------------------------------------------------------------------
[2020-07-30 18:00:15,380] {taskinstance.py:887} INFO - Executing <Task(BashOperator): templated> on 2020-07-30T17:59:00+00:00
[2020-07-30 18:00:15,388] {standard_task_runner.py:53} INFO - Started process 9693 to run task
[2020-07-30 18:00:15,531] {logging_mixin.py:112} INFO - Running %s on host %s <TaskInstance: tutorial.templated 2020-07-30T17:59:00+00:00 [running]> 02f6ef7ded4c
[2020-07-30 18:00:15,590] {bash_operator.py:82} INFO - Tmp dir root location: 
 /tmp
[2020-07-30 18:00:15,592] {bash_operator.py:105} INFO - Temporary script location: /tmp/airflowtmptv8b4h2v/templateduncdemiw
[2020-07-30 18:00:15,592] {bash_operator.py:115} INFO - Running command: 

    echo "2020-07-30"
    echo "2020-08-06"
    echo "Parameter I passed in"

    echo "2020-07-30"
    echo "2020-08-06"
    echo "Parameter I passed in"

    echo "2020-07-30"
    echo "2020-08-06"
    echo "Parameter I passed in"

    echo "2020-07-30"
    echo "2020-08-06"
    echo "Parameter I passed in"

    echo "2020-07-30"
    echo "2020-08-06"
    echo "Parameter I passed in"

[2020-07-30 18:00:15,611] {bash_operator.py:122} INFO - Output:
[2020-07-30 18:00:15,613] {bash_operator.py:126} INFO - 2020-07-30
[2020-07-30 18:00:15,614] {bash_operator.py:126} INFO - 2020-08-06
[2020-07-30 18:00:15,614] {bash_operator.py:126} INFO - Parameter I passed in
[2020-07-30 18:00:15,614] {bash_operator.py:126} INFO - 2020-07-30
[2020-07-30 18:00:15,614] {bash_operator.py:126} INFO - 2020-08-06
[2020-07-30 18:00:15,615] {bash_operator.py:126} INFO - Parameter I passed in
[2020-07-30 18:00:15,615] {bash_operator.py:126} INFO - 2020-07-30
[2020-07-30 18:00:15,615] {bash_operator.py:126} INFO - 2020-08-06
[2020-07-30 18:00:15,615] {bash_operator.py:126} INFO - Parameter I passed in
[2020-07-30 18:00:15,615] {bash_operator.py:126} INFO - 2020-07-30
[2020-07-30 18:00:15,616] {bash_operator.py:126} INFO - 2020-08-06
[2020-07-30 18:00:15,616] {bash_operator.py:126} INFO - Parameter I passed in
[2020-07-30 18:00:15,616] {bash_operator.py:126} INFO - 2020-07-30
[2020-07-30 18:00:15,616] {bash_operator.py:126} INFO - 2020-08-06
[2020-07-30 18:00:15,617] {bash_operator.py:126} INFO - Parameter I passed in
[2020-07-30 18:00:15,617] {bash_operator.py:130} INFO - Command exited with return code 0
[2020-07-30 18:00:15,654] {taskinstance.py:1048} INFO - Marking task as SUCCESS.dag_id=tutorial, task_id=templated, execution_date=20200730T175900, start_date=20200730T180015, end_date=20200730T180015
[2020-07-30 18:00:25,241] {logging_mixin.py:112} INFO - [2020-07-30 18:00:25,240] {local_task_job.py:103} INFO - Task exited with return code 0
