[2020-07-30 19:53:11,452] {taskinstance.py:655} INFO - Dependencies all met for <TaskInstance: tutorial.templated 2020-07-30T19:52:00+00:00 [queued]>
[2020-07-30 19:53:11,501] {taskinstance.py:655} INFO - Dependencies all met for <TaskInstance: tutorial.templated 2020-07-30T19:52:00+00:00 [queued]>
[2020-07-30 19:53:11,502] {taskinstance.py:866} INFO - 
--------------------------------------------------------------------------------
[2020-07-30 19:53:11,502] {taskinstance.py:867} INFO - Starting attempt 1 of 2
[2020-07-30 19:53:11,502] {taskinstance.py:868} INFO - 
--------------------------------------------------------------------------------
[2020-07-30 19:53:11,530] {taskinstance.py:887} INFO - Executing <Task(BashOperator): templated> on 2020-07-30T19:52:00+00:00
[2020-07-30 19:53:11,537] {standard_task_runner.py:53} INFO - Started process 22083 to run task
[2020-07-30 19:53:11,656] {logging_mixin.py:112} INFO - Running %s on host %s <TaskInstance: tutorial.templated 2020-07-30T19:52:00+00:00 [running]> 02f6ef7ded4c
[2020-07-30 19:53:11,710] {bash_operator.py:82} INFO - Tmp dir root location: 
 /tmp
[2020-07-30 19:53:11,711] {bash_operator.py:105} INFO - Temporary script location: /tmp/airflowtmp9lt75kr5/templatedwm71f9u4
[2020-07-30 19:53:11,712] {bash_operator.py:115} INFO - Running command: 

    echo "2020-07-30"
    echo "2020-08-06"
    echo "Parameter I passed in"

    echo "2020-07-30"
    echo "2020-08-06"
    echo "Parameter I passed in"

    echo "2020-07-30"
    echo "2020-08-06"
    echo "Parameter I passed in"

    echo "2020-07-30"
    echo "2020-08-06"
    echo "Parameter I passed in"

    echo "2020-07-30"
    echo "2020-08-06"
    echo "Parameter I passed in"

[2020-07-30 19:53:11,725] {bash_operator.py:122} INFO - Output:
[2020-07-30 19:53:11,727] {bash_operator.py:126} INFO - 2020-07-30
[2020-07-30 19:53:11,727] {bash_operator.py:126} INFO - 2020-08-06
[2020-07-30 19:53:11,727] {bash_operator.py:126} INFO - Parameter I passed in
[2020-07-30 19:53:11,727] {bash_operator.py:126} INFO - 2020-07-30
[2020-07-30 19:53:11,728] {bash_operator.py:126} INFO - 2020-08-06
[2020-07-30 19:53:11,728] {bash_operator.py:126} INFO - Parameter I passed in
[2020-07-30 19:53:11,728] {bash_operator.py:126} INFO - 2020-07-30
[2020-07-30 19:53:11,728] {bash_operator.py:126} INFO - 2020-08-06
[2020-07-30 19:53:11,728] {bash_operator.py:126} INFO - Parameter I passed in
[2020-07-30 19:53:11,728] {bash_operator.py:126} INFO - 2020-07-30
[2020-07-30 19:53:11,728] {bash_operator.py:126} INFO - 2020-08-06
[2020-07-30 19:53:11,728] {bash_operator.py:126} INFO - Parameter I passed in
[2020-07-30 19:53:11,728] {bash_operator.py:126} INFO - 2020-07-30
[2020-07-30 19:53:11,728] {bash_operator.py:126} INFO - 2020-08-06
[2020-07-30 19:53:11,728] {bash_operator.py:126} INFO - Parameter I passed in
[2020-07-30 19:53:11,728] {bash_operator.py:130} INFO - Command exited with return code 0
[2020-07-30 19:53:11,758] {taskinstance.py:1048} INFO - Marking task as SUCCESS.dag_id=tutorial, task_id=templated, execution_date=20200730T195200, start_date=20200730T195311, end_date=20200730T195311
[2020-07-30 19:53:21,405] {logging_mixin.py:112} INFO - [2020-07-30 19:53:21,405] {local_task_job.py:103} INFO - Task exited with return code 0
