[2020-07-31 05:54:11,675] {taskinstance.py:655} INFO - Dependencies all met for <TaskInstance: tutorial.templated 2020-07-31T05:53:00+00:00 [queued]>
[2020-07-31 05:54:11,731] {taskinstance.py:655} INFO - Dependencies all met for <TaskInstance: tutorial.templated 2020-07-31T05:53:00+00:00 [queued]>
[2020-07-31 05:54:11,731] {taskinstance.py:866} INFO - 
--------------------------------------------------------------------------------
[2020-07-31 05:54:11,732] {taskinstance.py:867} INFO - Starting attempt 1 of 2
[2020-07-31 05:54:11,732] {taskinstance.py:868} INFO - 
--------------------------------------------------------------------------------
[2020-07-31 05:54:11,755] {taskinstance.py:887} INFO - Executing <Task(BashOperator): templated> on 2020-07-31T05:53:00+00:00
[2020-07-31 05:54:11,763] {standard_task_runner.py:53} INFO - Started process 8090 to run task
[2020-07-31 05:54:11,887] {logging_mixin.py:112} INFO - Running %s on host %s <TaskInstance: tutorial.templated 2020-07-31T05:53:00+00:00 [running]> 02f6ef7ded4c
[2020-07-31 05:54:11,950] {bash_operator.py:82} INFO - Tmp dir root location: 
 /tmp
[2020-07-31 05:54:11,951] {bash_operator.py:105} INFO - Temporary script location: /tmp/airflowtmp27k1th6f/templatedoqf404jo
[2020-07-31 05:54:11,952] {bash_operator.py:115} INFO - Running command: 

    echo "2020-07-31"
    echo "2020-08-07"
    echo "Parameter I passed in"

    echo "2020-07-31"
    echo "2020-08-07"
    echo "Parameter I passed in"

    echo "2020-07-31"
    echo "2020-08-07"
    echo "Parameter I passed in"

    echo "2020-07-31"
    echo "2020-08-07"
    echo "Parameter I passed in"

    echo "2020-07-31"
    echo "2020-08-07"
    echo "Parameter I passed in"

[2020-07-31 05:54:11,970] {bash_operator.py:122} INFO - Output:
[2020-07-31 05:54:11,974] {bash_operator.py:126} INFO - 2020-07-31
[2020-07-31 05:54:11,974] {bash_operator.py:126} INFO - 2020-08-07
[2020-07-31 05:54:11,974] {bash_operator.py:126} INFO - Parameter I passed in
[2020-07-31 05:54:11,975] {bash_operator.py:126} INFO - 2020-07-31
[2020-07-31 05:54:11,975] {bash_operator.py:126} INFO - 2020-08-07
[2020-07-31 05:54:11,975] {bash_operator.py:126} INFO - Parameter I passed in
[2020-07-31 05:54:11,975] {bash_operator.py:126} INFO - 2020-07-31
[2020-07-31 05:54:11,975] {bash_operator.py:126} INFO - 2020-08-07
[2020-07-31 05:54:11,975] {bash_operator.py:126} INFO - Parameter I passed in
[2020-07-31 05:54:11,975] {bash_operator.py:126} INFO - 2020-07-31
[2020-07-31 05:54:11,975] {bash_operator.py:126} INFO - 2020-08-07
[2020-07-31 05:54:11,975] {bash_operator.py:126} INFO - Parameter I passed in
[2020-07-31 05:54:11,976] {bash_operator.py:126} INFO - 2020-07-31
[2020-07-31 05:54:11,976] {bash_operator.py:126} INFO - 2020-08-07
[2020-07-31 05:54:11,976] {bash_operator.py:126} INFO - Parameter I passed in
[2020-07-31 05:54:11,976] {bash_operator.py:130} INFO - Command exited with return code 0
[2020-07-31 05:54:12,014] {taskinstance.py:1048} INFO - Marking task as SUCCESS.dag_id=tutorial, task_id=templated, execution_date=20200731T055300, start_date=20200731T055411, end_date=20200731T055412
[2020-07-31 05:54:21,631] {logging_mixin.py:112} INFO - [2020-07-31 05:54:21,630] {local_task_job.py:103} INFO - Task exited with return code 0
