[2020-07-30 16:49:16,138] {taskinstance.py:655} INFO - Dependencies all met for <TaskInstance: tutorial.templated 2020-07-30T16:48:00+00:00 [queued]>
[2020-07-30 16:49:16,197] {taskinstance.py:655} INFO - Dependencies all met for <TaskInstance: tutorial.templated 2020-07-30T16:48:00+00:00 [queued]>
[2020-07-30 16:49:16,197] {taskinstance.py:866} INFO - 
--------------------------------------------------------------------------------
[2020-07-30 16:49:16,197] {taskinstance.py:867} INFO - Starting attempt 1 of 2
[2020-07-30 16:49:16,197] {taskinstance.py:868} INFO - 
--------------------------------------------------------------------------------
[2020-07-30 16:49:16,219] {taskinstance.py:887} INFO - Executing <Task(BashOperator): templated> on 2020-07-30T16:48:00+00:00
[2020-07-30 16:49:16,230] {standard_task_runner.py:53} INFO - Started process 26019 to run task
[2020-07-30 16:49:16,365] {logging_mixin.py:112} INFO - Running %s on host %s <TaskInstance: tutorial.templated 2020-07-30T16:48:00+00:00 [running]> 02f6ef7ded4c
[2020-07-30 16:49:16,440] {bash_operator.py:82} INFO - Tmp dir root location: 
 /tmp
[2020-07-30 16:49:16,441] {bash_operator.py:105} INFO - Temporary script location: /tmp/airflowtmppj8xnp2a/templated4g1c9onz
[2020-07-30 16:49:16,442] {bash_operator.py:115} INFO - Running command: 

    echo "2020-07-30"
    echo "2020-08-06"
    echo "Parameter I passed in"

    echo "2020-07-30"
    echo "2020-08-06"
    echo "Parameter I passed in"

    echo "2020-07-30"
    echo "2020-08-06"
    echo "Parameter I passed in"

    echo "2020-07-30"
    echo "2020-08-06"
    echo "Parameter I passed in"

    echo "2020-07-30"
    echo "2020-08-06"
    echo "Parameter I passed in"

[2020-07-30 16:49:16,458] {bash_operator.py:122} INFO - Output:
[2020-07-30 16:49:16,459] {bash_operator.py:126} INFO - 2020-07-30
[2020-07-30 16:49:16,460] {bash_operator.py:126} INFO - 2020-08-06
[2020-07-30 16:49:16,460] {bash_operator.py:126} INFO - Parameter I passed in
[2020-07-30 16:49:16,460] {bash_operator.py:126} INFO - 2020-07-30
[2020-07-30 16:49:16,460] {bash_operator.py:126} INFO - 2020-08-06
[2020-07-30 16:49:16,460] {bash_operator.py:126} INFO - Parameter I passed in
[2020-07-30 16:49:16,460] {bash_operator.py:126} INFO - 2020-07-30
[2020-07-30 16:49:16,460] {bash_operator.py:126} INFO - 2020-08-06
[2020-07-30 16:49:16,460] {bash_operator.py:126} INFO - Parameter I passed in
[2020-07-30 16:49:16,460] {bash_operator.py:126} INFO - 2020-07-30
[2020-07-30 16:49:16,460] {bash_operator.py:126} INFO - 2020-08-06
[2020-07-30 16:49:16,460] {bash_operator.py:126} INFO - Parameter I passed in
[2020-07-30 16:49:16,460] {bash_operator.py:126} INFO - 2020-07-30
[2020-07-30 16:49:16,461] {bash_operator.py:126} INFO - 2020-08-06
[2020-07-30 16:49:16,461] {bash_operator.py:126} INFO - Parameter I passed in
[2020-07-30 16:49:16,462] {bash_operator.py:130} INFO - Command exited with return code 0
[2020-07-30 16:49:16,501] {taskinstance.py:1048} INFO - Marking task as SUCCESS.dag_id=tutorial, task_id=templated, execution_date=20200730T164800, start_date=20200730T164916, end_date=20200730T164916
[2020-07-30 16:49:26,086] {logging_mixin.py:112} INFO - [2020-07-30 16:49:26,085] {local_task_job.py:103} INFO - Task exited with return code 0
