[2020-07-31 03:32:15,624] {taskinstance.py:655} INFO - Dependencies all met for <TaskInstance: tutorial.templated 2020-07-31T03:31:00+00:00 [queued]>
[2020-07-31 03:32:15,664] {taskinstance.py:655} INFO - Dependencies all met for <TaskInstance: tutorial.templated 2020-07-31T03:31:00+00:00 [queued]>
[2020-07-31 03:32:15,664] {taskinstance.py:866} INFO - 
--------------------------------------------------------------------------------
[2020-07-31 03:32:15,664] {taskinstance.py:867} INFO - Starting attempt 1 of 2
[2020-07-31 03:32:15,664] {taskinstance.py:868} INFO - 
--------------------------------------------------------------------------------
[2020-07-31 03:32:15,694] {taskinstance.py:887} INFO - Executing <Task(BashOperator): templated> on 2020-07-31T03:31:00+00:00
[2020-07-31 03:32:15,703] {standard_task_runner.py:53} INFO - Started process 11640 to run task
[2020-07-31 03:32:15,868] {logging_mixin.py:112} INFO - Running %s on host %s <TaskInstance: tutorial.templated 2020-07-31T03:31:00+00:00 [running]> 02f6ef7ded4c
[2020-07-31 03:32:15,937] {bash_operator.py:82} INFO - Tmp dir root location: 
 /tmp
[2020-07-31 03:32:15,939] {bash_operator.py:105} INFO - Temporary script location: /tmp/airflowtmpos6m43up/templatedln0u64xj
[2020-07-31 03:32:15,939] {bash_operator.py:115} INFO - Running command: 

    echo "2020-07-31"
    echo "2020-08-07"
    echo "Parameter I passed in"

    echo "2020-07-31"
    echo "2020-08-07"
    echo "Parameter I passed in"

    echo "2020-07-31"
    echo "2020-08-07"
    echo "Parameter I passed in"

    echo "2020-07-31"
    echo "2020-08-07"
    echo "Parameter I passed in"

    echo "2020-07-31"
    echo "2020-08-07"
    echo "Parameter I passed in"

[2020-07-31 03:32:15,955] {bash_operator.py:122} INFO - Output:
[2020-07-31 03:32:15,957] {bash_operator.py:126} INFO - 2020-07-31
[2020-07-31 03:32:15,957] {bash_operator.py:126} INFO - 2020-08-07
[2020-07-31 03:32:15,957] {bash_operator.py:126} INFO - Parameter I passed in
[2020-07-31 03:32:15,958] {bash_operator.py:126} INFO - 2020-07-31
[2020-07-31 03:32:15,958] {bash_operator.py:126} INFO - 2020-08-07
[2020-07-31 03:32:15,958] {bash_operator.py:126} INFO - Parameter I passed in
[2020-07-31 03:32:15,958] {bash_operator.py:126} INFO - 2020-07-31
[2020-07-31 03:32:15,958] {bash_operator.py:126} INFO - 2020-08-07
[2020-07-31 03:32:15,958] {bash_operator.py:126} INFO - Parameter I passed in
[2020-07-31 03:32:15,958] {bash_operator.py:126} INFO - 2020-07-31
[2020-07-31 03:32:15,958] {bash_operator.py:126} INFO - 2020-08-07
[2020-07-31 03:32:15,958] {bash_operator.py:126} INFO - Parameter I passed in
[2020-07-31 03:32:15,958] {bash_operator.py:126} INFO - 2020-07-31
[2020-07-31 03:32:15,958] {bash_operator.py:126} INFO - 2020-08-07
[2020-07-31 03:32:15,959] {bash_operator.py:126} INFO - Parameter I passed in
[2020-07-31 03:32:15,959] {bash_operator.py:130} INFO - Command exited with return code 0
[2020-07-31 03:32:15,983] {taskinstance.py:1048} INFO - Marking task as SUCCESS.dag_id=tutorial, task_id=templated, execution_date=20200731T033100, start_date=20200731T033215, end_date=20200731T033215
[2020-07-31 03:32:25,587] {logging_mixin.py:112} INFO - [2020-07-31 03:32:25,586] {local_task_job.py:103} INFO - Task exited with return code 0
