[2020-07-30 15:55:14,313] {taskinstance.py:655} INFO - Dependencies all met for <TaskInstance: tutorial.templated 2020-07-30T15:54:00+00:00 [queued]>
[2020-07-30 15:55:14,368] {taskinstance.py:655} INFO - Dependencies all met for <TaskInstance: tutorial.templated 2020-07-30T15:54:00+00:00 [queued]>
[2020-07-30 15:55:14,369] {taskinstance.py:866} INFO - 
--------------------------------------------------------------------------------
[2020-07-30 15:55:14,369] {taskinstance.py:867} INFO - Starting attempt 1 of 2
[2020-07-30 15:55:14,369] {taskinstance.py:868} INFO - 
--------------------------------------------------------------------------------
[2020-07-30 15:55:14,386] {taskinstance.py:887} INFO - Executing <Task(BashOperator): templated> on 2020-07-30T15:54:00+00:00
[2020-07-30 15:55:14,394] {standard_task_runner.py:53} INFO - Started process 21497 to run task
[2020-07-30 15:55:14,534] {logging_mixin.py:112} INFO - Running %s on host %s <TaskInstance: tutorial.templated 2020-07-30T15:54:00+00:00 [running]> 02f6ef7ded4c
[2020-07-30 15:55:14,606] {bash_operator.py:82} INFO - Tmp dir root location: 
 /tmp
[2020-07-30 15:55:14,608] {bash_operator.py:105} INFO - Temporary script location: /tmp/airflowtmp9sx9u8a8/templatedpnrd8y9o
[2020-07-30 15:55:14,608] {bash_operator.py:115} INFO - Running command: 

    echo "2020-07-30"
    echo "2020-08-06"
    echo "Parameter I passed in"

    echo "2020-07-30"
    echo "2020-08-06"
    echo "Parameter I passed in"

    echo "2020-07-30"
    echo "2020-08-06"
    echo "Parameter I passed in"

    echo "2020-07-30"
    echo "2020-08-06"
    echo "Parameter I passed in"

    echo "2020-07-30"
    echo "2020-08-06"
    echo "Parameter I passed in"

[2020-07-30 15:55:14,622] {bash_operator.py:122} INFO - Output:
[2020-07-30 15:55:14,629] {bash_operator.py:126} INFO - 2020-07-30
[2020-07-30 15:55:14,629] {bash_operator.py:126} INFO - 2020-08-06
[2020-07-30 15:55:14,630] {bash_operator.py:126} INFO - Parameter I passed in
[2020-07-30 15:55:14,630] {bash_operator.py:126} INFO - 2020-07-30
[2020-07-30 15:55:14,630] {bash_operator.py:126} INFO - 2020-08-06
[2020-07-30 15:55:14,630] {bash_operator.py:126} INFO - Parameter I passed in
[2020-07-30 15:55:14,630] {bash_operator.py:126} INFO - 2020-07-30
[2020-07-30 15:55:14,630] {bash_operator.py:126} INFO - 2020-08-06
[2020-07-30 15:55:14,630] {bash_operator.py:126} INFO - Parameter I passed in
[2020-07-30 15:55:14,630] {bash_operator.py:126} INFO - 2020-07-30
[2020-07-30 15:55:14,630] {bash_operator.py:126} INFO - 2020-08-06
[2020-07-30 15:55:14,630] {bash_operator.py:126} INFO - Parameter I passed in
[2020-07-30 15:55:14,630] {bash_operator.py:126} INFO - 2020-07-30
[2020-07-30 15:55:14,630] {bash_operator.py:126} INFO - 2020-08-06
[2020-07-30 15:55:14,630] {bash_operator.py:126} INFO - Parameter I passed in
[2020-07-30 15:55:14,630] {bash_operator.py:130} INFO - Command exited with return code 0
[2020-07-30 15:55:14,653] {taskinstance.py:1048} INFO - Marking task as SUCCESS.dag_id=tutorial, task_id=templated, execution_date=20200730T155400, start_date=20200730T155514, end_date=20200730T155514
[2020-07-30 15:55:24,269] {logging_mixin.py:112} INFO - [2020-07-30 15:55:24,268] {local_task_job.py:103} INFO - Task exited with return code 0
