[2020-07-30 17:21:10,506] {taskinstance.py:655} INFO - Dependencies all met for <TaskInstance: tutorial.templated 2020-07-30T17:20:00+00:00 [queued]>
[2020-07-30 17:21:10,551] {taskinstance.py:655} INFO - Dependencies all met for <TaskInstance: tutorial.templated 2020-07-30T17:20:00+00:00 [queued]>
[2020-07-30 17:21:10,552] {taskinstance.py:866} INFO - 
--------------------------------------------------------------------------------
[2020-07-30 17:21:10,552] {taskinstance.py:867} INFO - Starting attempt 1 of 2
[2020-07-30 17:21:10,552] {taskinstance.py:868} INFO - 
--------------------------------------------------------------------------------
[2020-07-30 17:21:10,582] {taskinstance.py:887} INFO - Executing <Task(BashOperator): templated> on 2020-07-30T17:20:00+00:00
[2020-07-30 17:21:10,589] {standard_task_runner.py:53} INFO - Started process 15406 to run task
[2020-07-30 17:21:10,726] {logging_mixin.py:112} INFO - Running %s on host %s <TaskInstance: tutorial.templated 2020-07-30T17:20:00+00:00 [running]> 02f6ef7ded4c
[2020-07-30 17:21:10,802] {bash_operator.py:82} INFO - Tmp dir root location: 
 /tmp
[2020-07-30 17:21:10,804] {bash_operator.py:105} INFO - Temporary script location: /tmp/airflowtmphpi52b35/templateddm2shlcu
[2020-07-30 17:21:10,804] {bash_operator.py:115} INFO - Running command: 

    echo "2020-07-30"
    echo "2020-08-06"
    echo "Parameter I passed in"

    echo "2020-07-30"
    echo "2020-08-06"
    echo "Parameter I passed in"

    echo "2020-07-30"
    echo "2020-08-06"
    echo "Parameter I passed in"

    echo "2020-07-30"
    echo "2020-08-06"
    echo "Parameter I passed in"

    echo "2020-07-30"
    echo "2020-08-06"
    echo "Parameter I passed in"

[2020-07-30 17:21:10,819] {bash_operator.py:122} INFO - Output:
[2020-07-30 17:21:10,821] {bash_operator.py:126} INFO - 2020-07-30
[2020-07-30 17:21:10,821] {bash_operator.py:126} INFO - 2020-08-06
[2020-07-30 17:21:10,821] {bash_operator.py:126} INFO - Parameter I passed in
[2020-07-30 17:21:10,821] {bash_operator.py:126} INFO - 2020-07-30
[2020-07-30 17:21:10,822] {bash_operator.py:126} INFO - 2020-08-06
[2020-07-30 17:21:10,822] {bash_operator.py:126} INFO - Parameter I passed in
[2020-07-30 17:21:10,822] {bash_operator.py:126} INFO - 2020-07-30
[2020-07-30 17:21:10,822] {bash_operator.py:126} INFO - 2020-08-06
[2020-07-30 17:21:10,822] {bash_operator.py:126} INFO - Parameter I passed in
[2020-07-30 17:21:10,822] {bash_operator.py:126} INFO - 2020-07-30
[2020-07-30 17:21:10,823] {bash_operator.py:126} INFO - 2020-08-06
[2020-07-30 17:21:10,823] {bash_operator.py:126} INFO - Parameter I passed in
[2020-07-30 17:21:10,823] {bash_operator.py:126} INFO - 2020-07-30
[2020-07-30 17:21:10,823] {bash_operator.py:126} INFO - 2020-08-06
[2020-07-30 17:21:10,823] {bash_operator.py:126} INFO - Parameter I passed in
[2020-07-30 17:21:10,824] {bash_operator.py:130} INFO - Command exited with return code 0
[2020-07-30 17:21:10,852] {taskinstance.py:1048} INFO - Marking task as SUCCESS.dag_id=tutorial, task_id=templated, execution_date=20200730T172000, start_date=20200730T172110, end_date=20200730T172110
[2020-07-30 17:21:20,443] {logging_mixin.py:112} INFO - [2020-07-30 17:21:20,442] {local_task_job.py:103} INFO - Task exited with return code 0
