[2020-07-30 21:37:14,765] {taskinstance.py:655} INFO - Dependencies all met for <TaskInstance: tutorial.templated 2020-07-30T21:36:00+00:00 [queued]>
[2020-07-30 21:37:14,808] {taskinstance.py:655} INFO - Dependencies all met for <TaskInstance: tutorial.templated 2020-07-30T21:36:00+00:00 [queued]>
[2020-07-30 21:37:14,809] {taskinstance.py:866} INFO - 
--------------------------------------------------------------------------------
[2020-07-30 21:37:14,809] {taskinstance.py:867} INFO - Starting attempt 1 of 2
[2020-07-30 21:37:14,809] {taskinstance.py:868} INFO - 
--------------------------------------------------------------------------------
[2020-07-30 21:37:14,845] {taskinstance.py:887} INFO - Executing <Task(BashOperator): templated> on 2020-07-30T21:36:00+00:00
[2020-07-30 21:37:14,859] {standard_task_runner.py:53} INFO - Started process 28362 to run task
[2020-07-30 21:37:14,998] {logging_mixin.py:112} INFO - Running %s on host %s <TaskInstance: tutorial.templated 2020-07-30T21:36:00+00:00 [running]> 02f6ef7ded4c
[2020-07-30 21:37:15,062] {bash_operator.py:82} INFO - Tmp dir root location: 
 /tmp
[2020-07-30 21:37:15,064] {bash_operator.py:105} INFO - Temporary script location: /tmp/airflowtmpjgr2_cq_/templatedg394f06t
[2020-07-30 21:37:15,064] {bash_operator.py:115} INFO - Running command: 

    echo "2020-07-30"
    echo "2020-08-06"
    echo "Parameter I passed in"

    echo "2020-07-30"
    echo "2020-08-06"
    echo "Parameter I passed in"

    echo "2020-07-30"
    echo "2020-08-06"
    echo "Parameter I passed in"

    echo "2020-07-30"
    echo "2020-08-06"
    echo "Parameter I passed in"

    echo "2020-07-30"
    echo "2020-08-06"
    echo "Parameter I passed in"

[2020-07-30 21:37:15,079] {bash_operator.py:122} INFO - Output:
[2020-07-30 21:37:15,081] {bash_operator.py:126} INFO - 2020-07-30
[2020-07-30 21:37:15,081] {bash_operator.py:126} INFO - 2020-08-06
[2020-07-30 21:37:15,081] {bash_operator.py:126} INFO - Parameter I passed in
[2020-07-30 21:37:15,081] {bash_operator.py:126} INFO - 2020-07-30
[2020-07-30 21:37:15,081] {bash_operator.py:126} INFO - 2020-08-06
[2020-07-30 21:37:15,081] {bash_operator.py:126} INFO - Parameter I passed in
[2020-07-30 21:37:15,081] {bash_operator.py:126} INFO - 2020-07-30
[2020-07-30 21:37:15,081] {bash_operator.py:126} INFO - 2020-08-06
[2020-07-30 21:37:15,082] {bash_operator.py:126} INFO - Parameter I passed in
[2020-07-30 21:37:15,082] {bash_operator.py:126} INFO - 2020-07-30
[2020-07-30 21:37:15,082] {bash_operator.py:126} INFO - 2020-08-06
[2020-07-30 21:37:15,082] {bash_operator.py:126} INFO - Parameter I passed in
[2020-07-30 21:37:15,082] {bash_operator.py:126} INFO - 2020-07-30
[2020-07-30 21:37:15,082] {bash_operator.py:126} INFO - 2020-08-06
[2020-07-30 21:37:15,082] {bash_operator.py:126} INFO - Parameter I passed in
[2020-07-30 21:37:15,082] {bash_operator.py:130} INFO - Command exited with return code 0
[2020-07-30 21:37:15,107] {taskinstance.py:1048} INFO - Marking task as SUCCESS.dag_id=tutorial, task_id=templated, execution_date=20200730T213600, start_date=20200730T213714, end_date=20200730T213715
[2020-07-30 21:37:24,723] {logging_mixin.py:112} INFO - [2020-07-30 21:37:24,722] {local_task_job.py:103} INFO - Task exited with return code 0
