[2020-07-31 05:33:16,203] {taskinstance.py:655} INFO - Dependencies all met for <TaskInstance: tutorial.templated 2020-07-31T05:32:00+00:00 [queued]>
[2020-07-31 05:33:16,264] {taskinstance.py:655} INFO - Dependencies all met for <TaskInstance: tutorial.templated 2020-07-31T05:32:00+00:00 [queued]>
[2020-07-31 05:33:16,265] {taskinstance.py:866} INFO - 
--------------------------------------------------------------------------------
[2020-07-31 05:33:16,265] {taskinstance.py:867} INFO - Starting attempt 1 of 2
[2020-07-31 05:33:16,265] {taskinstance.py:868} INFO - 
--------------------------------------------------------------------------------
[2020-07-31 05:33:16,281] {taskinstance.py:887} INFO - Executing <Task(BashOperator): templated> on 2020-07-31T05:32:00+00:00
[2020-07-31 05:33:16,287] {standard_task_runner.py:53} INFO - Started process 32484 to run task
[2020-07-31 05:33:16,418] {logging_mixin.py:112} INFO - Running %s on host %s <TaskInstance: tutorial.templated 2020-07-31T05:32:00+00:00 [running]> 02f6ef7ded4c
[2020-07-31 05:33:16,479] {bash_operator.py:82} INFO - Tmp dir root location: 
 /tmp
[2020-07-31 05:33:16,481] {bash_operator.py:105} INFO - Temporary script location: /tmp/airflowtmpjz9sq6rk/templatedn1ued61l
[2020-07-31 05:33:16,481] {bash_operator.py:115} INFO - Running command: 

    echo "2020-07-31"
    echo "2020-08-07"
    echo "Parameter I passed in"

    echo "2020-07-31"
    echo "2020-08-07"
    echo "Parameter I passed in"

    echo "2020-07-31"
    echo "2020-08-07"
    echo "Parameter I passed in"

    echo "2020-07-31"
    echo "2020-08-07"
    echo "Parameter I passed in"

    echo "2020-07-31"
    echo "2020-08-07"
    echo "Parameter I passed in"

[2020-07-31 05:33:16,499] {bash_operator.py:122} INFO - Output:
[2020-07-31 05:33:16,501] {bash_operator.py:126} INFO - 2020-07-31
[2020-07-31 05:33:16,501] {bash_operator.py:126} INFO - 2020-08-07
[2020-07-31 05:33:16,502] {bash_operator.py:126} INFO - Parameter I passed in
[2020-07-31 05:33:16,502] {bash_operator.py:126} INFO - 2020-07-31
[2020-07-31 05:33:16,502] {bash_operator.py:126} INFO - 2020-08-07
[2020-07-31 05:33:16,502] {bash_operator.py:126} INFO - Parameter I passed in
[2020-07-31 05:33:16,502] {bash_operator.py:126} INFO - 2020-07-31
[2020-07-31 05:33:16,502] {bash_operator.py:126} INFO - 2020-08-07
[2020-07-31 05:33:16,502] {bash_operator.py:126} INFO - Parameter I passed in
[2020-07-31 05:33:16,502] {bash_operator.py:126} INFO - 2020-07-31
[2020-07-31 05:33:16,502] {bash_operator.py:126} INFO - 2020-08-07
[2020-07-31 05:33:16,502] {bash_operator.py:126} INFO - Parameter I passed in
[2020-07-31 05:33:16,502] {bash_operator.py:126} INFO - 2020-07-31
[2020-07-31 05:33:16,502] {bash_operator.py:126} INFO - 2020-08-07
[2020-07-31 05:33:16,502] {bash_operator.py:126} INFO - Parameter I passed in
[2020-07-31 05:33:16,503] {bash_operator.py:130} INFO - Command exited with return code 0
[2020-07-31 05:33:16,532] {taskinstance.py:1048} INFO - Marking task as SUCCESS.dag_id=tutorial, task_id=templated, execution_date=20200731T053200, start_date=20200731T053316, end_date=20200731T053316
[2020-07-31 05:33:26,163] {logging_mixin.py:112} INFO - [2020-07-31 05:33:26,162] {local_task_job.py:103} INFO - Task exited with return code 0
