[2020-07-30 21:26:13,968] {taskinstance.py:655} INFO - Dependencies all met for <TaskInstance: tutorial.templated 2020-07-30T21:25:00+00:00 [queued]>
[2020-07-30 21:26:14,022] {taskinstance.py:655} INFO - Dependencies all met for <TaskInstance: tutorial.templated 2020-07-30T21:25:00+00:00 [queued]>
[2020-07-30 21:26:14,023] {taskinstance.py:866} INFO - 
--------------------------------------------------------------------------------
[2020-07-30 21:26:14,023] {taskinstance.py:867} INFO - Starting attempt 1 of 2
[2020-07-30 21:26:14,023] {taskinstance.py:868} INFO - 
--------------------------------------------------------------------------------
[2020-07-30 21:26:14,058] {taskinstance.py:887} INFO - Executing <Task(BashOperator): templated> on 2020-07-30T21:25:00+00:00
[2020-07-30 21:26:14,068] {standard_task_runner.py:53} INFO - Started process 20830 to run task
[2020-07-30 21:26:14,201] {logging_mixin.py:112} INFO - Running %s on host %s <TaskInstance: tutorial.templated 2020-07-30T21:25:00+00:00 [running]> 02f6ef7ded4c
[2020-07-30 21:26:14,272] {bash_operator.py:82} INFO - Tmp dir root location: 
 /tmp
[2020-07-30 21:26:14,273] {bash_operator.py:105} INFO - Temporary script location: /tmp/airflowtmp2z46l9zb/templated4b0m5qpr
[2020-07-30 21:26:14,274] {bash_operator.py:115} INFO - Running command: 

    echo "2020-07-30"
    echo "2020-08-06"
    echo "Parameter I passed in"

    echo "2020-07-30"
    echo "2020-08-06"
    echo "Parameter I passed in"

    echo "2020-07-30"
    echo "2020-08-06"
    echo "Parameter I passed in"

    echo "2020-07-30"
    echo "2020-08-06"
    echo "Parameter I passed in"

    echo "2020-07-30"
    echo "2020-08-06"
    echo "Parameter I passed in"

[2020-07-30 21:26:14,290] {bash_operator.py:122} INFO - Output:
[2020-07-30 21:26:14,292] {bash_operator.py:126} INFO - 2020-07-30
[2020-07-30 21:26:14,293] {bash_operator.py:126} INFO - 2020-08-06
[2020-07-30 21:26:14,293] {bash_operator.py:126} INFO - Parameter I passed in
[2020-07-30 21:26:14,293] {bash_operator.py:126} INFO - 2020-07-30
[2020-07-30 21:26:14,293] {bash_operator.py:126} INFO - 2020-08-06
[2020-07-30 21:26:14,293] {bash_operator.py:126} INFO - Parameter I passed in
[2020-07-30 21:26:14,293] {bash_operator.py:126} INFO - 2020-07-30
[2020-07-30 21:26:14,293] {bash_operator.py:126} INFO - 2020-08-06
[2020-07-30 21:26:14,293] {bash_operator.py:126} INFO - Parameter I passed in
[2020-07-30 21:26:14,293] {bash_operator.py:126} INFO - 2020-07-30
[2020-07-30 21:26:14,293] {bash_operator.py:126} INFO - 2020-08-06
[2020-07-30 21:26:14,293] {bash_operator.py:126} INFO - Parameter I passed in
[2020-07-30 21:26:14,293] {bash_operator.py:126} INFO - 2020-07-30
[2020-07-30 21:26:14,293] {bash_operator.py:126} INFO - 2020-08-06
[2020-07-30 21:26:14,293] {bash_operator.py:126} INFO - Parameter I passed in
[2020-07-30 21:26:14,294] {bash_operator.py:130} INFO - Command exited with return code 0
[2020-07-30 21:26:14,326] {taskinstance.py:1048} INFO - Marking task as SUCCESS.dag_id=tutorial, task_id=templated, execution_date=20200730T212500, start_date=20200730T212613, end_date=20200730T212614
[2020-07-30 21:26:23,911] {logging_mixin.py:112} INFO - [2020-07-30 21:26:23,910] {local_task_job.py:103} INFO - Task exited with return code 0
