[2020-07-30 20:25:13,393] {taskinstance.py:655} INFO - Dependencies all met for <TaskInstance: tutorial.templated 2020-07-30T20:24:00+00:00 [queued]>
[2020-07-30 20:25:13,446] {taskinstance.py:655} INFO - Dependencies all met for <TaskInstance: tutorial.templated 2020-07-30T20:24:00+00:00 [queued]>
[2020-07-30 20:25:13,447] {taskinstance.py:866} INFO - 
--------------------------------------------------------------------------------
[2020-07-30 20:25:13,447] {taskinstance.py:867} INFO - Starting attempt 1 of 2
[2020-07-30 20:25:13,447] {taskinstance.py:868} INFO - 
--------------------------------------------------------------------------------
[2020-07-30 20:25:13,478] {taskinstance.py:887} INFO - Executing <Task(BashOperator): templated> on 2020-07-30T20:24:00+00:00
[2020-07-30 20:25:13,488] {standard_task_runner.py:53} INFO - Started process 11543 to run task
[2020-07-30 20:25:13,615] {logging_mixin.py:112} INFO - Running %s on host %s <TaskInstance: tutorial.templated 2020-07-30T20:24:00+00:00 [running]> 02f6ef7ded4c
[2020-07-30 20:25:13,687] {bash_operator.py:82} INFO - Tmp dir root location: 
 /tmp
[2020-07-30 20:25:13,689] {bash_operator.py:105} INFO - Temporary script location: /tmp/airflowtmpgkexy9ug/templated3epet6tz
[2020-07-30 20:25:13,689] {bash_operator.py:115} INFO - Running command: 

    echo "2020-07-30"
    echo "2020-08-06"
    echo "Parameter I passed in"

    echo "2020-07-30"
    echo "2020-08-06"
    echo "Parameter I passed in"

    echo "2020-07-30"
    echo "2020-08-06"
    echo "Parameter I passed in"

    echo "2020-07-30"
    echo "2020-08-06"
    echo "Parameter I passed in"

    echo "2020-07-30"
    echo "2020-08-06"
    echo "Parameter I passed in"

[2020-07-30 20:25:13,708] {bash_operator.py:122} INFO - Output:
[2020-07-30 20:25:13,711] {bash_operator.py:126} INFO - 2020-07-30
[2020-07-30 20:25:13,712] {bash_operator.py:126} INFO - 2020-08-06
[2020-07-30 20:25:13,712] {bash_operator.py:126} INFO - Parameter I passed in
[2020-07-30 20:25:13,712] {bash_operator.py:126} INFO - 2020-07-30
[2020-07-30 20:25:13,712] {bash_operator.py:126} INFO - 2020-08-06
[2020-07-30 20:25:13,712] {bash_operator.py:126} INFO - Parameter I passed in
[2020-07-30 20:25:13,712] {bash_operator.py:126} INFO - 2020-07-30
[2020-07-30 20:25:13,712] {bash_operator.py:126} INFO - 2020-08-06
[2020-07-30 20:25:13,712] {bash_operator.py:126} INFO - Parameter I passed in
[2020-07-30 20:25:13,713] {bash_operator.py:126} INFO - 2020-07-30
[2020-07-30 20:25:13,713] {bash_operator.py:126} INFO - 2020-08-06
[2020-07-30 20:25:13,713] {bash_operator.py:126} INFO - Parameter I passed in
[2020-07-30 20:25:13,713] {bash_operator.py:126} INFO - 2020-07-30
[2020-07-30 20:25:13,713] {bash_operator.py:126} INFO - 2020-08-06
[2020-07-30 20:25:13,713] {bash_operator.py:126} INFO - Parameter I passed in
[2020-07-30 20:25:13,713] {bash_operator.py:130} INFO - Command exited with return code 0
[2020-07-30 20:25:13,743] {taskinstance.py:1048} INFO - Marking task as SUCCESS.dag_id=tutorial, task_id=templated, execution_date=20200730T202400, start_date=20200730T202513, end_date=20200730T202513
[2020-07-30 20:25:23,331] {logging_mixin.py:112} INFO - [2020-07-30 20:25:23,330] {local_task_job.py:103} INFO - Task exited with return code 0
