[2020-07-30 19:50:15,120] {taskinstance.py:655} INFO - Dependencies all met for <TaskInstance: tutorial.templated 2020-07-30T19:49:00+00:00 [queued]>
[2020-07-30 19:50:15,165] {taskinstance.py:655} INFO - Dependencies all met for <TaskInstance: tutorial.templated 2020-07-30T19:49:00+00:00 [queued]>
[2020-07-30 19:50:15,166] {taskinstance.py:866} INFO - 
--------------------------------------------------------------------------------
[2020-07-30 19:50:15,166] {taskinstance.py:867} INFO - Starting attempt 1 of 2
[2020-07-30 19:50:15,166] {taskinstance.py:868} INFO - 
--------------------------------------------------------------------------------
[2020-07-30 19:50:15,191] {taskinstance.py:887} INFO - Executing <Task(BashOperator): templated> on 2020-07-30T19:49:00+00:00
[2020-07-30 19:50:15,198] {standard_task_runner.py:53} INFO - Started process 20061 to run task
[2020-07-30 19:50:15,325] {logging_mixin.py:112} INFO - Running %s on host %s <TaskInstance: tutorial.templated 2020-07-30T19:49:00+00:00 [running]> 02f6ef7ded4c
[2020-07-30 19:50:15,379] {bash_operator.py:82} INFO - Tmp dir root location: 
 /tmp
[2020-07-30 19:50:15,381] {bash_operator.py:105} INFO - Temporary script location: /tmp/airflowtmpidz8avul/templatednjdltvat
[2020-07-30 19:50:15,381] {bash_operator.py:115} INFO - Running command: 

    echo "2020-07-30"
    echo "2020-08-06"
    echo "Parameter I passed in"

    echo "2020-07-30"
    echo "2020-08-06"
    echo "Parameter I passed in"

    echo "2020-07-30"
    echo "2020-08-06"
    echo "Parameter I passed in"

    echo "2020-07-30"
    echo "2020-08-06"
    echo "Parameter I passed in"

    echo "2020-07-30"
    echo "2020-08-06"
    echo "Parameter I passed in"

[2020-07-30 19:50:15,396] {bash_operator.py:122} INFO - Output:
[2020-07-30 19:50:15,397] {bash_operator.py:126} INFO - 2020-07-30
[2020-07-30 19:50:15,398] {bash_operator.py:126} INFO - 2020-08-06
[2020-07-30 19:50:15,398] {bash_operator.py:126} INFO - Parameter I passed in
[2020-07-30 19:50:15,398] {bash_operator.py:126} INFO - 2020-07-30
[2020-07-30 19:50:15,399] {bash_operator.py:126} INFO - 2020-08-06
[2020-07-30 19:50:15,399] {bash_operator.py:126} INFO - Parameter I passed in
[2020-07-30 19:50:15,399] {bash_operator.py:126} INFO - 2020-07-30
[2020-07-30 19:50:15,399] {bash_operator.py:126} INFO - 2020-08-06
[2020-07-30 19:50:15,399] {bash_operator.py:126} INFO - Parameter I passed in
[2020-07-30 19:50:15,399] {bash_operator.py:126} INFO - 2020-07-30
[2020-07-30 19:50:15,400] {bash_operator.py:126} INFO - 2020-08-06
[2020-07-30 19:50:15,400] {bash_operator.py:126} INFO - Parameter I passed in
[2020-07-30 19:50:15,400] {bash_operator.py:126} INFO - 2020-07-30
[2020-07-30 19:50:15,400] {bash_operator.py:126} INFO - 2020-08-06
[2020-07-30 19:50:15,400] {bash_operator.py:126} INFO - Parameter I passed in
[2020-07-30 19:50:15,401] {bash_operator.py:130} INFO - Command exited with return code 0
[2020-07-30 19:50:15,431] {taskinstance.py:1048} INFO - Marking task as SUCCESS.dag_id=tutorial, task_id=templated, execution_date=20200730T194900, start_date=20200730T195015, end_date=20200730T195015
[2020-07-30 19:50:25,079] {logging_mixin.py:112} INFO - [2020-07-30 19:50:25,078] {local_task_job.py:103} INFO - Task exited with return code 0
