[2020-07-30 22:04:12,566] {taskinstance.py:655} INFO - Dependencies all met for <TaskInstance: tutorial.templated 2020-07-30T22:03:00+00:00 [queued]>
[2020-07-30 22:04:12,612] {taskinstance.py:655} INFO - Dependencies all met for <TaskInstance: tutorial.templated 2020-07-30T22:03:00+00:00 [queued]>
[2020-07-30 22:04:12,612] {taskinstance.py:866} INFO - 
--------------------------------------------------------------------------------
[2020-07-30 22:04:12,612] {taskinstance.py:867} INFO - Starting attempt 1 of 2
[2020-07-30 22:04:12,612] {taskinstance.py:868} INFO - 
--------------------------------------------------------------------------------
[2020-07-30 22:04:12,643] {taskinstance.py:887} INFO - Executing <Task(BashOperator): templated> on 2020-07-30T22:03:00+00:00
[2020-07-30 22:04:12,650] {standard_task_runner.py:53} INFO - Started process 14366 to run task
[2020-07-30 22:04:12,811] {logging_mixin.py:112} INFO - Running %s on host %s <TaskInstance: tutorial.templated 2020-07-30T22:03:00+00:00 [running]> 02f6ef7ded4c
[2020-07-30 22:04:12,883] {bash_operator.py:82} INFO - Tmp dir root location: 
 /tmp
[2020-07-30 22:04:12,884] {bash_operator.py:105} INFO - Temporary script location: /tmp/airflowtmp5xmae20x/templatednz7b5kx5
[2020-07-30 22:04:12,885] {bash_operator.py:115} INFO - Running command: 

    echo "2020-07-30"
    echo "2020-08-06"
    echo "Parameter I passed in"

    echo "2020-07-30"
    echo "2020-08-06"
    echo "Parameter I passed in"

    echo "2020-07-30"
    echo "2020-08-06"
    echo "Parameter I passed in"

    echo "2020-07-30"
    echo "2020-08-06"
    echo "Parameter I passed in"

    echo "2020-07-30"
    echo "2020-08-06"
    echo "Parameter I passed in"

[2020-07-30 22:04:12,899] {bash_operator.py:122} INFO - Output:
[2020-07-30 22:04:12,901] {bash_operator.py:126} INFO - 2020-07-30
[2020-07-30 22:04:12,901] {bash_operator.py:126} INFO - 2020-08-06
[2020-07-30 22:04:12,901] {bash_operator.py:126} INFO - Parameter I passed in
[2020-07-30 22:04:12,901] {bash_operator.py:126} INFO - 2020-07-30
[2020-07-30 22:04:12,901] {bash_operator.py:126} INFO - 2020-08-06
[2020-07-30 22:04:12,902] {bash_operator.py:126} INFO - Parameter I passed in
[2020-07-30 22:04:12,902] {bash_operator.py:126} INFO - 2020-07-30
[2020-07-30 22:04:12,902] {bash_operator.py:126} INFO - 2020-08-06
[2020-07-30 22:04:12,902] {bash_operator.py:126} INFO - Parameter I passed in
[2020-07-30 22:04:12,902] {bash_operator.py:126} INFO - 2020-07-30
[2020-07-30 22:04:12,902] {bash_operator.py:126} INFO - 2020-08-06
[2020-07-30 22:04:12,902] {bash_operator.py:126} INFO - Parameter I passed in
[2020-07-30 22:04:12,902] {bash_operator.py:126} INFO - 2020-07-30
[2020-07-30 22:04:12,902] {bash_operator.py:126} INFO - 2020-08-06
[2020-07-30 22:04:12,902] {bash_operator.py:126} INFO - Parameter I passed in
[2020-07-30 22:04:12,903] {bash_operator.py:130} INFO - Command exited with return code 0
[2020-07-30 22:04:12,929] {taskinstance.py:1048} INFO - Marking task as SUCCESS.dag_id=tutorial, task_id=templated, execution_date=20200730T220300, start_date=20200730T220412, end_date=20200730T220412
[2020-07-30 22:04:22,515] {logging_mixin.py:112} INFO - [2020-07-30 22:04:22,514] {local_task_job.py:103} INFO - Task exited with return code 0
