[2020-07-31 04:53:17,278] {taskinstance.py:655} INFO - Dependencies all met for <TaskInstance: tutorial.templated 2020-07-31T04:52:00+00:00 [queued]>
[2020-07-31 04:53:17,319] {taskinstance.py:655} INFO - Dependencies all met for <TaskInstance: tutorial.templated 2020-07-31T04:52:00+00:00 [queued]>
[2020-07-31 04:53:17,319] {taskinstance.py:866} INFO - 
--------------------------------------------------------------------------------
[2020-07-31 04:53:17,320] {taskinstance.py:867} INFO - Starting attempt 1 of 2
[2020-07-31 04:53:17,320] {taskinstance.py:868} INFO - 
--------------------------------------------------------------------------------
[2020-07-31 04:53:17,356] {taskinstance.py:887} INFO - Executing <Task(BashOperator): templated> on 2020-07-31T04:52:00+00:00
[2020-07-31 04:53:17,366] {standard_task_runner.py:53} INFO - Started process 2173 to run task
[2020-07-31 04:53:17,511] {logging_mixin.py:112} INFO - Running %s on host %s <TaskInstance: tutorial.templated 2020-07-31T04:52:00+00:00 [running]> 02f6ef7ded4c
[2020-07-31 04:53:17,577] {bash_operator.py:82} INFO - Tmp dir root location: 
 /tmp
[2020-07-31 04:53:17,579] {bash_operator.py:105} INFO - Temporary script location: /tmp/airflowtmpfcaovxd3/templatedgp0kjo7k
[2020-07-31 04:53:17,580] {bash_operator.py:115} INFO - Running command: 

    echo "2020-07-31"
    echo "2020-08-07"
    echo "Parameter I passed in"

    echo "2020-07-31"
    echo "2020-08-07"
    echo "Parameter I passed in"

    echo "2020-07-31"
    echo "2020-08-07"
    echo "Parameter I passed in"

    echo "2020-07-31"
    echo "2020-08-07"
    echo "Parameter I passed in"

    echo "2020-07-31"
    echo "2020-08-07"
    echo "Parameter I passed in"

[2020-07-31 04:53:17,596] {bash_operator.py:122} INFO - Output:
[2020-07-31 04:53:17,598] {bash_operator.py:126} INFO - 2020-07-31
[2020-07-31 04:53:17,599] {bash_operator.py:126} INFO - 2020-08-07
[2020-07-31 04:53:17,599] {bash_operator.py:126} INFO - Parameter I passed in
[2020-07-31 04:53:17,599] {bash_operator.py:126} INFO - 2020-07-31
[2020-07-31 04:53:17,599] {bash_operator.py:126} INFO - 2020-08-07
[2020-07-31 04:53:17,599] {bash_operator.py:126} INFO - Parameter I passed in
[2020-07-31 04:53:17,599] {bash_operator.py:126} INFO - 2020-07-31
[2020-07-31 04:53:17,599] {bash_operator.py:126} INFO - 2020-08-07
[2020-07-31 04:53:17,599] {bash_operator.py:126} INFO - Parameter I passed in
[2020-07-31 04:53:17,599] {bash_operator.py:126} INFO - 2020-07-31
[2020-07-31 04:53:17,599] {bash_operator.py:126} INFO - 2020-08-07
[2020-07-31 04:53:17,600] {bash_operator.py:126} INFO - Parameter I passed in
[2020-07-31 04:53:17,600] {bash_operator.py:126} INFO - 2020-07-31
[2020-07-31 04:53:17,600] {bash_operator.py:126} INFO - 2020-08-07
[2020-07-31 04:53:17,600] {bash_operator.py:126} INFO - Parameter I passed in
[2020-07-31 04:53:17,600] {bash_operator.py:130} INFO - Command exited with return code 0
[2020-07-31 04:53:17,625] {taskinstance.py:1048} INFO - Marking task as SUCCESS.dag_id=tutorial, task_id=templated, execution_date=20200731T045200, start_date=20200731T045317, end_date=20200731T045317
[2020-07-31 04:53:27,228] {logging_mixin.py:112} INFO - [2020-07-31 04:53:27,228] {local_task_job.py:103} INFO - Task exited with return code 0
