[2020-07-30 18:56:15,262] {taskinstance.py:655} INFO - Dependencies all met for <TaskInstance: tutorial.templated 2020-07-30T18:55:00+00:00 [queued]>
[2020-07-30 18:56:15,329] {taskinstance.py:655} INFO - Dependencies all met for <TaskInstance: tutorial.templated 2020-07-30T18:55:00+00:00 [queued]>
[2020-07-30 18:56:15,329] {taskinstance.py:866} INFO - 
--------------------------------------------------------------------------------
[2020-07-30 18:56:15,329] {taskinstance.py:867} INFO - Starting attempt 1 of 2
[2020-07-30 18:56:15,329] {taskinstance.py:868} INFO - 
--------------------------------------------------------------------------------
[2020-07-30 18:56:15,345] {taskinstance.py:887} INFO - Executing <Task(BashOperator): templated> on 2020-07-30T18:55:00+00:00
[2020-07-30 18:56:15,353] {standard_task_runner.py:53} INFO - Started process 15566 to run task
[2020-07-30 18:56:15,468] {logging_mixin.py:112} INFO - Running %s on host %s <TaskInstance: tutorial.templated 2020-07-30T18:55:00+00:00 [running]> 02f6ef7ded4c
[2020-07-30 18:56:15,534] {bash_operator.py:82} INFO - Tmp dir root location: 
 /tmp
[2020-07-30 18:56:15,536] {bash_operator.py:105} INFO - Temporary script location: /tmp/airflowtmpg70i35sx/templated9_fauemk
[2020-07-30 18:56:15,536] {bash_operator.py:115} INFO - Running command: 

    echo "2020-07-30"
    echo "2020-08-06"
    echo "Parameter I passed in"

    echo "2020-07-30"
    echo "2020-08-06"
    echo "Parameter I passed in"

    echo "2020-07-30"
    echo "2020-08-06"
    echo "Parameter I passed in"

    echo "2020-07-30"
    echo "2020-08-06"
    echo "Parameter I passed in"

    echo "2020-07-30"
    echo "2020-08-06"
    echo "Parameter I passed in"

[2020-07-30 18:56:15,553] {bash_operator.py:122} INFO - Output:
[2020-07-30 18:56:15,556] {bash_operator.py:126} INFO - 2020-07-30
[2020-07-30 18:56:15,557] {bash_operator.py:126} INFO - 2020-08-06
[2020-07-30 18:56:15,557] {bash_operator.py:126} INFO - Parameter I passed in
[2020-07-30 18:56:15,557] {bash_operator.py:126} INFO - 2020-07-30
[2020-07-30 18:56:15,557] {bash_operator.py:126} INFO - 2020-08-06
[2020-07-30 18:56:15,557] {bash_operator.py:126} INFO - Parameter I passed in
[2020-07-30 18:56:15,557] {bash_operator.py:126} INFO - 2020-07-30
[2020-07-30 18:56:15,557] {bash_operator.py:126} INFO - 2020-08-06
[2020-07-30 18:56:15,557] {bash_operator.py:126} INFO - Parameter I passed in
[2020-07-30 18:56:15,557] {bash_operator.py:126} INFO - 2020-07-30
[2020-07-30 18:56:15,557] {bash_operator.py:126} INFO - 2020-08-06
[2020-07-30 18:56:15,557] {bash_operator.py:126} INFO - Parameter I passed in
[2020-07-30 18:56:15,557] {bash_operator.py:126} INFO - 2020-07-30
[2020-07-30 18:56:15,557] {bash_operator.py:126} INFO - 2020-08-06
[2020-07-30 18:56:15,558] {bash_operator.py:126} INFO - Parameter I passed in
[2020-07-30 18:56:15,558] {bash_operator.py:130} INFO - Command exited with return code 0
[2020-07-30 18:56:15,583] {taskinstance.py:1048} INFO - Marking task as SUCCESS.dag_id=tutorial, task_id=templated, execution_date=20200730T185500, start_date=20200730T185615, end_date=20200730T185615
[2020-07-30 18:56:25,220] {logging_mixin.py:112} INFO - [2020-07-30 18:56:25,219] {local_task_job.py:103} INFO - Task exited with return code 0
