[2020-07-30 15:11:17,145] {taskinstance.py:655} INFO - Dependencies all met for <TaskInstance: tutorial.templated 2020-07-30T15:10:00+00:00 [queued]>
[2020-07-30 15:11:17,181] {taskinstance.py:655} INFO - Dependencies all met for <TaskInstance: tutorial.templated 2020-07-30T15:10:00+00:00 [queued]>
[2020-07-30 15:11:17,181] {taskinstance.py:866} INFO - 
--------------------------------------------------------------------------------
[2020-07-30 15:11:17,181] {taskinstance.py:867} INFO - Starting attempt 1 of 2
[2020-07-30 15:11:17,181] {taskinstance.py:868} INFO - 
--------------------------------------------------------------------------------
[2020-07-30 15:11:17,212] {taskinstance.py:887} INFO - Executing <Task(BashOperator): templated> on 2020-07-30T15:10:00+00:00
[2020-07-30 15:11:17,220] {standard_task_runner.py:53} INFO - Started process 23868 to run task
[2020-07-30 15:11:17,336] {logging_mixin.py:112} INFO - Running %s on host %s <TaskInstance: tutorial.templated 2020-07-30T15:10:00+00:00 [running]> 02f6ef7ded4c
[2020-07-30 15:11:17,396] {bash_operator.py:82} INFO - Tmp dir root location: 
 /tmp
[2020-07-30 15:11:17,397] {bash_operator.py:105} INFO - Temporary script location: /tmp/airflowtmp1xi74r6p/templatedywht12j8
[2020-07-30 15:11:17,398] {bash_operator.py:115} INFO - Running command: 

    echo "2020-07-30"
    echo "2020-08-06"
    echo "Parameter I passed in"

    echo "2020-07-30"
    echo "2020-08-06"
    echo "Parameter I passed in"

    echo "2020-07-30"
    echo "2020-08-06"
    echo "Parameter I passed in"

    echo "2020-07-30"
    echo "2020-08-06"
    echo "Parameter I passed in"

    echo "2020-07-30"
    echo "2020-08-06"
    echo "Parameter I passed in"

[2020-07-30 15:11:17,415] {bash_operator.py:122} INFO - Output:
[2020-07-30 15:11:17,417] {bash_operator.py:126} INFO - 2020-07-30
[2020-07-30 15:11:17,417] {bash_operator.py:126} INFO - 2020-08-06
[2020-07-30 15:11:17,417] {bash_operator.py:126} INFO - Parameter I passed in
[2020-07-30 15:11:17,417] {bash_operator.py:126} INFO - 2020-07-30
[2020-07-30 15:11:17,417] {bash_operator.py:126} INFO - 2020-08-06
[2020-07-30 15:11:17,417] {bash_operator.py:126} INFO - Parameter I passed in
[2020-07-30 15:11:17,417] {bash_operator.py:126} INFO - 2020-07-30
[2020-07-30 15:11:17,417] {bash_operator.py:126} INFO - 2020-08-06
[2020-07-30 15:11:17,417] {bash_operator.py:126} INFO - Parameter I passed in
[2020-07-30 15:11:17,417] {bash_operator.py:126} INFO - 2020-07-30
[2020-07-30 15:11:17,417] {bash_operator.py:126} INFO - 2020-08-06
[2020-07-30 15:11:17,417] {bash_operator.py:126} INFO - Parameter I passed in
[2020-07-30 15:11:17,417] {bash_operator.py:126} INFO - 2020-07-30
[2020-07-30 15:11:17,418] {bash_operator.py:126} INFO - 2020-08-06
[2020-07-30 15:11:17,418] {bash_operator.py:126} INFO - Parameter I passed in
[2020-07-30 15:11:17,418] {bash_operator.py:130} INFO - Command exited with return code 0
[2020-07-30 15:11:17,444] {taskinstance.py:1048} INFO - Marking task as SUCCESS.dag_id=tutorial, task_id=templated, execution_date=20200730T151000, start_date=20200730T151117, end_date=20200730T151117
[2020-07-30 15:11:27,107] {logging_mixin.py:112} INFO - [2020-07-30 15:11:27,106] {local_task_job.py:103} INFO - Task exited with return code 0
