[2020-07-31 00:00:16,614] {taskinstance.py:655} INFO - Dependencies all met for <TaskInstance: tutorial.templated 2020-07-30T23:59:00+00:00 [queued]>
[2020-07-31 00:00:16,659] {taskinstance.py:655} INFO - Dependencies all met for <TaskInstance: tutorial.templated 2020-07-30T23:59:00+00:00 [queued]>
[2020-07-31 00:00:16,659] {taskinstance.py:866} INFO - 
--------------------------------------------------------------------------------
[2020-07-31 00:00:16,659] {taskinstance.py:867} INFO - Starting attempt 1 of 2
[2020-07-31 00:00:16,659] {taskinstance.py:868} INFO - 
--------------------------------------------------------------------------------
[2020-07-31 00:00:16,677] {taskinstance.py:887} INFO - Executing <Task(BashOperator): templated> on 2020-07-30T23:59:00+00:00
[2020-07-31 00:00:16,684] {standard_task_runner.py:53} INFO - Started process 28886 to run task
[2020-07-31 00:00:16,804] {logging_mixin.py:112} INFO - Running %s on host %s <TaskInstance: tutorial.templated 2020-07-30T23:59:00+00:00 [running]> 02f6ef7ded4c
[2020-07-31 00:00:16,869] {bash_operator.py:82} INFO - Tmp dir root location: 
 /tmp
[2020-07-31 00:00:16,870] {bash_operator.py:105} INFO - Temporary script location: /tmp/airflowtmp5kq4h0l9/templatedn594imkp
[2020-07-31 00:00:16,871] {bash_operator.py:115} INFO - Running command: 

    echo "2020-07-30"
    echo "2020-08-06"
    echo "Parameter I passed in"

    echo "2020-07-30"
    echo "2020-08-06"
    echo "Parameter I passed in"

    echo "2020-07-30"
    echo "2020-08-06"
    echo "Parameter I passed in"

    echo "2020-07-30"
    echo "2020-08-06"
    echo "Parameter I passed in"

    echo "2020-07-30"
    echo "2020-08-06"
    echo "Parameter I passed in"

[2020-07-31 00:00:16,885] {bash_operator.py:122} INFO - Output:
[2020-07-31 00:00:16,887] {bash_operator.py:126} INFO - 2020-07-30
[2020-07-31 00:00:16,887] {bash_operator.py:126} INFO - 2020-08-06
[2020-07-31 00:00:16,887] {bash_operator.py:126} INFO - Parameter I passed in
[2020-07-31 00:00:16,888] {bash_operator.py:126} INFO - 2020-07-30
[2020-07-31 00:00:16,888] {bash_operator.py:126} INFO - 2020-08-06
[2020-07-31 00:00:16,888] {bash_operator.py:126} INFO - Parameter I passed in
[2020-07-31 00:00:16,888] {bash_operator.py:126} INFO - 2020-07-30
[2020-07-31 00:00:16,888] {bash_operator.py:126} INFO - 2020-08-06
[2020-07-31 00:00:16,888] {bash_operator.py:126} INFO - Parameter I passed in
[2020-07-31 00:00:16,888] {bash_operator.py:126} INFO - 2020-07-30
[2020-07-31 00:00:16,888] {bash_operator.py:126} INFO - 2020-08-06
[2020-07-31 00:00:16,888] {bash_operator.py:126} INFO - Parameter I passed in
[2020-07-31 00:00:16,888] {bash_operator.py:126} INFO - 2020-07-30
[2020-07-31 00:00:16,888] {bash_operator.py:126} INFO - 2020-08-06
[2020-07-31 00:00:16,888] {bash_operator.py:126} INFO - Parameter I passed in
[2020-07-31 00:00:16,888] {bash_operator.py:130} INFO - Command exited with return code 0
[2020-07-31 00:00:16,915] {taskinstance.py:1048} INFO - Marking task as SUCCESS.dag_id=tutorial, task_id=templated, execution_date=20200730T235900, start_date=20200731T000016, end_date=20200731T000016
[2020-07-31 00:00:26,578] {logging_mixin.py:112} INFO - [2020-07-31 00:00:26,577] {local_task_job.py:103} INFO - Task exited with return code 0
