[2020-07-31 00:19:15,696] {taskinstance.py:655} INFO - Dependencies all met for <TaskInstance: tutorial.templated 2020-07-31T00:18:00+00:00 [queued]>
[2020-07-31 00:19:15,742] {taskinstance.py:655} INFO - Dependencies all met for <TaskInstance: tutorial.templated 2020-07-31T00:18:00+00:00 [queued]>
[2020-07-31 00:19:15,743] {taskinstance.py:866} INFO - 
--------------------------------------------------------------------------------
[2020-07-31 00:19:15,743] {taskinstance.py:867} INFO - Starting attempt 1 of 2
[2020-07-31 00:19:15,743] {taskinstance.py:868} INFO - 
--------------------------------------------------------------------------------
[2020-07-31 00:19:15,770] {taskinstance.py:887} INFO - Executing <Task(BashOperator): templated> on 2020-07-31T00:18:00+00:00
[2020-07-31 00:19:15,777] {standard_task_runner.py:53} INFO - Started process 9411 to run task
[2020-07-31 00:19:15,911] {logging_mixin.py:112} INFO - Running %s on host %s <TaskInstance: tutorial.templated 2020-07-31T00:18:00+00:00 [running]> 02f6ef7ded4c
[2020-07-31 00:19:15,983] {bash_operator.py:82} INFO - Tmp dir root location: 
 /tmp
[2020-07-31 00:19:15,984] {bash_operator.py:105} INFO - Temporary script location: /tmp/airflowtmpqg4z2izu/templatedjswhnswx
[2020-07-31 00:19:15,985] {bash_operator.py:115} INFO - Running command: 

    echo "2020-07-31"
    echo "2020-08-07"
    echo "Parameter I passed in"

    echo "2020-07-31"
    echo "2020-08-07"
    echo "Parameter I passed in"

    echo "2020-07-31"
    echo "2020-08-07"
    echo "Parameter I passed in"

    echo "2020-07-31"
    echo "2020-08-07"
    echo "Parameter I passed in"

    echo "2020-07-31"
    echo "2020-08-07"
    echo "Parameter I passed in"

[2020-07-31 00:19:16,003] {bash_operator.py:122} INFO - Output:
[2020-07-31 00:19:16,005] {bash_operator.py:126} INFO - 2020-07-31
[2020-07-31 00:19:16,005] {bash_operator.py:126} INFO - 2020-08-07
[2020-07-31 00:19:16,005] {bash_operator.py:126} INFO - Parameter I passed in
[2020-07-31 00:19:16,006] {bash_operator.py:126} INFO - 2020-07-31
[2020-07-31 00:19:16,006] {bash_operator.py:126} INFO - 2020-08-07
[2020-07-31 00:19:16,006] {bash_operator.py:126} INFO - Parameter I passed in
[2020-07-31 00:19:16,006] {bash_operator.py:126} INFO - 2020-07-31
[2020-07-31 00:19:16,006] {bash_operator.py:126} INFO - 2020-08-07
[2020-07-31 00:19:16,006] {bash_operator.py:126} INFO - Parameter I passed in
[2020-07-31 00:19:16,006] {bash_operator.py:126} INFO - 2020-07-31
[2020-07-31 00:19:16,006] {bash_operator.py:126} INFO - 2020-08-07
[2020-07-31 00:19:16,006] {bash_operator.py:126} INFO - Parameter I passed in
[2020-07-31 00:19:16,006] {bash_operator.py:126} INFO - 2020-07-31
[2020-07-31 00:19:16,006] {bash_operator.py:126} INFO - 2020-08-07
[2020-07-31 00:19:16,006] {bash_operator.py:126} INFO - Parameter I passed in
[2020-07-31 00:19:16,007] {bash_operator.py:130} INFO - Command exited with return code 0
[2020-07-31 00:19:16,044] {taskinstance.py:1048} INFO - Marking task as SUCCESS.dag_id=tutorial, task_id=templated, execution_date=20200731T001800, start_date=20200731T001915, end_date=20200731T001916
[2020-07-31 00:19:25,629] {logging_mixin.py:112} INFO - [2020-07-31 00:19:25,628] {local_task_job.py:103} INFO - Task exited with return code 0
