[2020-07-30 16:55:16,429] {taskinstance.py:655} INFO - Dependencies all met for <TaskInstance: tutorial.templated 2020-07-30T16:54:00+00:00 [queued]>
[2020-07-30 16:55:16,472] {taskinstance.py:655} INFO - Dependencies all met for <TaskInstance: tutorial.templated 2020-07-30T16:54:00+00:00 [queued]>
[2020-07-30 16:55:16,473] {taskinstance.py:866} INFO - 
--------------------------------------------------------------------------------
[2020-07-30 16:55:16,473] {taskinstance.py:867} INFO - Starting attempt 1 of 2
[2020-07-30 16:55:16,473] {taskinstance.py:868} INFO - 
--------------------------------------------------------------------------------
[2020-07-30 16:55:16,503] {taskinstance.py:887} INFO - Executing <Task(BashOperator): templated> on 2020-07-30T16:54:00+00:00
[2020-07-30 16:55:16,510] {standard_task_runner.py:53} INFO - Started process 30129 to run task
[2020-07-30 16:55:16,643] {logging_mixin.py:112} INFO - Running %s on host %s <TaskInstance: tutorial.templated 2020-07-30T16:54:00+00:00 [running]> 02f6ef7ded4c
[2020-07-30 16:55:16,706] {bash_operator.py:82} INFO - Tmp dir root location: 
 /tmp
[2020-07-30 16:55:16,708] {bash_operator.py:105} INFO - Temporary script location: /tmp/airflowtmp1o5_ddtv/templateddi2lyznd
[2020-07-30 16:55:16,708] {bash_operator.py:115} INFO - Running command: 

    echo "2020-07-30"
    echo "2020-08-06"
    echo "Parameter I passed in"

    echo "2020-07-30"
    echo "2020-08-06"
    echo "Parameter I passed in"

    echo "2020-07-30"
    echo "2020-08-06"
    echo "Parameter I passed in"

    echo "2020-07-30"
    echo "2020-08-06"
    echo "Parameter I passed in"

    echo "2020-07-30"
    echo "2020-08-06"
    echo "Parameter I passed in"

[2020-07-30 16:55:16,723] {bash_operator.py:122} INFO - Output:
[2020-07-30 16:55:16,725] {bash_operator.py:126} INFO - 2020-07-30
[2020-07-30 16:55:16,725] {bash_operator.py:126} INFO - 2020-08-06
[2020-07-30 16:55:16,725] {bash_operator.py:126} INFO - Parameter I passed in
[2020-07-30 16:55:16,725] {bash_operator.py:126} INFO - 2020-07-30
[2020-07-30 16:55:16,725] {bash_operator.py:126} INFO - 2020-08-06
[2020-07-30 16:55:16,725] {bash_operator.py:126} INFO - Parameter I passed in
[2020-07-30 16:55:16,725] {bash_operator.py:126} INFO - 2020-07-30
[2020-07-30 16:55:16,725] {bash_operator.py:126} INFO - 2020-08-06
[2020-07-30 16:55:16,726] {bash_operator.py:126} INFO - Parameter I passed in
[2020-07-30 16:55:16,726] {bash_operator.py:126} INFO - 2020-07-30
[2020-07-30 16:55:16,726] {bash_operator.py:126} INFO - 2020-08-06
[2020-07-30 16:55:16,726] {bash_operator.py:126} INFO - Parameter I passed in
[2020-07-30 16:55:16,726] {bash_operator.py:126} INFO - 2020-07-30
[2020-07-30 16:55:16,726] {bash_operator.py:126} INFO - 2020-08-06
[2020-07-30 16:55:16,726] {bash_operator.py:126} INFO - Parameter I passed in
[2020-07-30 16:55:16,726] {bash_operator.py:130} INFO - Command exited with return code 0
[2020-07-30 16:55:16,752] {taskinstance.py:1048} INFO - Marking task as SUCCESS.dag_id=tutorial, task_id=templated, execution_date=20200730T165400, start_date=20200730T165516, end_date=20200730T165516
[2020-07-30 16:55:26,384] {logging_mixin.py:112} INFO - [2020-07-30 16:55:26,383] {local_task_job.py:103} INFO - Task exited with return code 0
