[2020-07-31 00:55:16,310] {taskinstance.py:655} INFO - Dependencies all met for <TaskInstance: tutorial.templated 2020-07-31T00:54:00+00:00 [queued]>
[2020-07-31 00:55:16,362] {taskinstance.py:655} INFO - Dependencies all met for <TaskInstance: tutorial.templated 2020-07-31T00:54:00+00:00 [queued]>
[2020-07-31 00:55:16,363] {taskinstance.py:866} INFO - 
--------------------------------------------------------------------------------
[2020-07-31 00:55:16,363] {taskinstance.py:867} INFO - Starting attempt 1 of 2
[2020-07-31 00:55:16,363] {taskinstance.py:868} INFO - 
--------------------------------------------------------------------------------
[2020-07-31 00:55:16,395] {taskinstance.py:887} INFO - Executing <Task(BashOperator): templated> on 2020-07-31T00:54:00+00:00
[2020-07-31 00:55:16,405] {standard_task_runner.py:53} INFO - Started process 1599 to run task
[2020-07-31 00:55:16,538] {logging_mixin.py:112} INFO - Running %s on host %s <TaskInstance: tutorial.templated 2020-07-31T00:54:00+00:00 [running]> 02f6ef7ded4c
[2020-07-31 00:55:16,619] {bash_operator.py:82} INFO - Tmp dir root location: 
 /tmp
[2020-07-31 00:55:16,622] {bash_operator.py:105} INFO - Temporary script location: /tmp/airflowtmpyrud9wyi/templatedq2h_ml6e
[2020-07-31 00:55:16,622] {bash_operator.py:115} INFO - Running command: 

    echo "2020-07-31"
    echo "2020-08-07"
    echo "Parameter I passed in"

    echo "2020-07-31"
    echo "2020-08-07"
    echo "Parameter I passed in"

    echo "2020-07-31"
    echo "2020-08-07"
    echo "Parameter I passed in"

    echo "2020-07-31"
    echo "2020-08-07"
    echo "Parameter I passed in"

    echo "2020-07-31"
    echo "2020-08-07"
    echo "Parameter I passed in"

[2020-07-31 00:55:16,638] {bash_operator.py:122} INFO - Output:
[2020-07-31 00:55:16,641] {bash_operator.py:126} INFO - 2020-07-31
[2020-07-31 00:55:16,641] {bash_operator.py:126} INFO - 2020-08-07
[2020-07-31 00:55:16,641] {bash_operator.py:126} INFO - Parameter I passed in
[2020-07-31 00:55:16,641] {bash_operator.py:126} INFO - 2020-07-31
[2020-07-31 00:55:16,641] {bash_operator.py:126} INFO - 2020-08-07
[2020-07-31 00:55:16,641] {bash_operator.py:126} INFO - Parameter I passed in
[2020-07-31 00:55:16,642] {bash_operator.py:126} INFO - 2020-07-31
[2020-07-31 00:55:16,642] {bash_operator.py:126} INFO - 2020-08-07
[2020-07-31 00:55:16,642] {bash_operator.py:126} INFO - Parameter I passed in
[2020-07-31 00:55:16,642] {bash_operator.py:126} INFO - 2020-07-31
[2020-07-31 00:55:16,642] {bash_operator.py:126} INFO - 2020-08-07
[2020-07-31 00:55:16,642] {bash_operator.py:126} INFO - Parameter I passed in
[2020-07-31 00:55:16,642] {bash_operator.py:126} INFO - 2020-07-31
[2020-07-31 00:55:16,642] {bash_operator.py:126} INFO - 2020-08-07
[2020-07-31 00:55:16,642] {bash_operator.py:126} INFO - Parameter I passed in
[2020-07-31 00:55:16,643] {bash_operator.py:130} INFO - Command exited with return code 0
[2020-07-31 00:55:16,670] {taskinstance.py:1048} INFO - Marking task as SUCCESS.dag_id=tutorial, task_id=templated, execution_date=20200731T005400, start_date=20200731T005516, end_date=20200731T005516
[2020-07-31 00:55:26,270] {logging_mixin.py:112} INFO - [2020-07-31 00:55:26,269] {local_task_job.py:103} INFO - Task exited with return code 0
