[2020-07-30 18:10:16,061] {taskinstance.py:655} INFO - Dependencies all met for <TaskInstance: tutorial.templated 2020-07-30T18:09:00+00:00 [queued]>
[2020-07-30 18:10:16,116] {taskinstance.py:655} INFO - Dependencies all met for <TaskInstance: tutorial.templated 2020-07-30T18:09:00+00:00 [queued]>
[2020-07-30 18:10:16,116] {taskinstance.py:866} INFO - 
--------------------------------------------------------------------------------
[2020-07-30 18:10:16,116] {taskinstance.py:867} INFO - Starting attempt 1 of 2
[2020-07-30 18:10:16,116] {taskinstance.py:868} INFO - 
--------------------------------------------------------------------------------
[2020-07-30 18:10:16,142] {taskinstance.py:887} INFO - Executing <Task(BashOperator): templated> on 2020-07-30T18:09:00+00:00
[2020-07-30 18:10:16,150] {standard_task_runner.py:53} INFO - Started process 16546 to run task
[2020-07-30 18:10:16,266] {logging_mixin.py:112} INFO - Running %s on host %s <TaskInstance: tutorial.templated 2020-07-30T18:09:00+00:00 [running]> 02f6ef7ded4c
[2020-07-30 18:10:16,324] {bash_operator.py:82} INFO - Tmp dir root location: 
 /tmp
[2020-07-30 18:10:16,326] {bash_operator.py:105} INFO - Temporary script location: /tmp/airflowtmpr3_zhif7/templatedjztc6b0s
[2020-07-30 18:10:16,326] {bash_operator.py:115} INFO - Running command: 

    echo "2020-07-30"
    echo "2020-08-06"
    echo "Parameter I passed in"

    echo "2020-07-30"
    echo "2020-08-06"
    echo "Parameter I passed in"

    echo "2020-07-30"
    echo "2020-08-06"
    echo "Parameter I passed in"

    echo "2020-07-30"
    echo "2020-08-06"
    echo "Parameter I passed in"

    echo "2020-07-30"
    echo "2020-08-06"
    echo "Parameter I passed in"

[2020-07-30 18:10:16,343] {bash_operator.py:122} INFO - Output:
[2020-07-30 18:10:16,345] {bash_operator.py:126} INFO - 2020-07-30
[2020-07-30 18:10:16,345] {bash_operator.py:126} INFO - 2020-08-06
[2020-07-30 18:10:16,345] {bash_operator.py:126} INFO - Parameter I passed in
[2020-07-30 18:10:16,345] {bash_operator.py:126} INFO - 2020-07-30
[2020-07-30 18:10:16,346] {bash_operator.py:126} INFO - 2020-08-06
[2020-07-30 18:10:16,346] {bash_operator.py:126} INFO - Parameter I passed in
[2020-07-30 18:10:16,346] {bash_operator.py:126} INFO - 2020-07-30
[2020-07-30 18:10:16,346] {bash_operator.py:126} INFO - 2020-08-06
[2020-07-30 18:10:16,346] {bash_operator.py:126} INFO - Parameter I passed in
[2020-07-30 18:10:16,346] {bash_operator.py:126} INFO - 2020-07-30
[2020-07-30 18:10:16,346] {bash_operator.py:126} INFO - 2020-08-06
[2020-07-30 18:10:16,346] {bash_operator.py:126} INFO - Parameter I passed in
[2020-07-30 18:10:16,346] {bash_operator.py:126} INFO - 2020-07-30
[2020-07-30 18:10:16,346] {bash_operator.py:126} INFO - 2020-08-06
[2020-07-30 18:10:16,346] {bash_operator.py:126} INFO - Parameter I passed in
[2020-07-30 18:10:16,347] {bash_operator.py:130} INFO - Command exited with return code 0
[2020-07-30 18:10:16,372] {taskinstance.py:1048} INFO - Marking task as SUCCESS.dag_id=tutorial, task_id=templated, execution_date=20200730T180900, start_date=20200730T181016, end_date=20200730T181016
[2020-07-30 18:10:26,004] {logging_mixin.py:112} INFO - [2020-07-30 18:10:26,002] {local_task_job.py:103} INFO - Task exited with return code 0
