[2020-07-30 22:59:16,346] {taskinstance.py:655} INFO - Dependencies all met for <TaskInstance: tutorial.templated 2020-07-30T22:58:00+00:00 [queued]>
[2020-07-30 22:59:16,424] {taskinstance.py:655} INFO - Dependencies all met for <TaskInstance: tutorial.templated 2020-07-30T22:58:00+00:00 [queued]>
[2020-07-30 22:59:16,425] {taskinstance.py:866} INFO - 
--------------------------------------------------------------------------------
[2020-07-30 22:59:16,425] {taskinstance.py:867} INFO - Starting attempt 1 of 2
[2020-07-30 22:59:16,425] {taskinstance.py:868} INFO - 
--------------------------------------------------------------------------------
[2020-07-30 22:59:16,446] {taskinstance.py:887} INFO - Executing <Task(BashOperator): templated> on 2020-07-30T22:58:00+00:00
[2020-07-30 22:59:16,454] {standard_task_runner.py:53} INFO - Started process 19597 to run task
[2020-07-30 22:59:16,590] {logging_mixin.py:112} INFO - Running %s on host %s <TaskInstance: tutorial.templated 2020-07-30T22:58:00+00:00 [running]> 02f6ef7ded4c
[2020-07-30 22:59:16,660] {bash_operator.py:82} INFO - Tmp dir root location: 
 /tmp
[2020-07-30 22:59:16,662] {bash_operator.py:105} INFO - Temporary script location: /tmp/airflowtmpeoxnwxnf/templatedp0t5rpmw
[2020-07-30 22:59:16,662] {bash_operator.py:115} INFO - Running command: 

    echo "2020-07-30"
    echo "2020-08-06"
    echo "Parameter I passed in"

    echo "2020-07-30"
    echo "2020-08-06"
    echo "Parameter I passed in"

    echo "2020-07-30"
    echo "2020-08-06"
    echo "Parameter I passed in"

    echo "2020-07-30"
    echo "2020-08-06"
    echo "Parameter I passed in"

    echo "2020-07-30"
    echo "2020-08-06"
    echo "Parameter I passed in"

[2020-07-30 22:59:16,680] {bash_operator.py:122} INFO - Output:
[2020-07-30 22:59:16,683] {bash_operator.py:126} INFO - 2020-07-30
[2020-07-30 22:59:16,683] {bash_operator.py:126} INFO - 2020-08-06
[2020-07-30 22:59:16,683] {bash_operator.py:126} INFO - Parameter I passed in
[2020-07-30 22:59:16,683] {bash_operator.py:126} INFO - 2020-07-30
[2020-07-30 22:59:16,684] {bash_operator.py:126} INFO - 2020-08-06
[2020-07-30 22:59:16,684] {bash_operator.py:126} INFO - Parameter I passed in
[2020-07-30 22:59:16,684] {bash_operator.py:126} INFO - 2020-07-30
[2020-07-30 22:59:16,684] {bash_operator.py:126} INFO - 2020-08-06
[2020-07-30 22:59:16,684] {bash_operator.py:126} INFO - Parameter I passed in
[2020-07-30 22:59:16,684] {bash_operator.py:126} INFO - 2020-07-30
[2020-07-30 22:59:16,684] {bash_operator.py:126} INFO - 2020-08-06
[2020-07-30 22:59:16,684] {bash_operator.py:126} INFO - Parameter I passed in
[2020-07-30 22:59:16,684] {bash_operator.py:126} INFO - 2020-07-30
[2020-07-30 22:59:16,684] {bash_operator.py:126} INFO - 2020-08-06
[2020-07-30 22:59:16,684] {bash_operator.py:126} INFO - Parameter I passed in
[2020-07-30 22:59:16,685] {bash_operator.py:130} INFO - Command exited with return code 0
[2020-07-30 22:59:16,718] {taskinstance.py:1048} INFO - Marking task as SUCCESS.dag_id=tutorial, task_id=templated, execution_date=20200730T225800, start_date=20200730T225916, end_date=20200730T225916
[2020-07-30 22:59:26,287] {logging_mixin.py:112} INFO - [2020-07-30 22:59:26,286] {local_task_job.py:103} INFO - Task exited with return code 0
