[2020-07-31 00:06:15,067] {taskinstance.py:655} INFO - Dependencies all met for <TaskInstance: tutorial.templated 2020-07-31T00:05:00+00:00 [queued]>
[2020-07-31 00:06:15,130] {taskinstance.py:655} INFO - Dependencies all met for <TaskInstance: tutorial.templated 2020-07-31T00:05:00+00:00 [queued]>
[2020-07-31 00:06:15,131] {taskinstance.py:866} INFO - 
--------------------------------------------------------------------------------
[2020-07-31 00:06:15,131] {taskinstance.py:867} INFO - Starting attempt 1 of 2
[2020-07-31 00:06:15,131] {taskinstance.py:868} INFO - 
--------------------------------------------------------------------------------
[2020-07-31 00:06:15,146] {taskinstance.py:887} INFO - Executing <Task(BashOperator): templated> on 2020-07-31T00:05:00+00:00
[2020-07-31 00:06:15,154] {standard_task_runner.py:53} INFO - Started process 508 to run task
[2020-07-31 00:06:15,281] {logging_mixin.py:112} INFO - Running %s on host %s <TaskInstance: tutorial.templated 2020-07-31T00:05:00+00:00 [running]> 02f6ef7ded4c
[2020-07-31 00:06:15,353] {bash_operator.py:82} INFO - Tmp dir root location: 
 /tmp
[2020-07-31 00:06:15,355] {bash_operator.py:105} INFO - Temporary script location: /tmp/airflowtmpz0hkumd9/templatedeo5c1rf4
[2020-07-31 00:06:15,355] {bash_operator.py:115} INFO - Running command: 

    echo "2020-07-31"
    echo "2020-08-07"
    echo "Parameter I passed in"

    echo "2020-07-31"
    echo "2020-08-07"
    echo "Parameter I passed in"

    echo "2020-07-31"
    echo "2020-08-07"
    echo "Parameter I passed in"

    echo "2020-07-31"
    echo "2020-08-07"
    echo "Parameter I passed in"

    echo "2020-07-31"
    echo "2020-08-07"
    echo "Parameter I passed in"

[2020-07-31 00:06:15,372] {bash_operator.py:122} INFO - Output:
[2020-07-31 00:06:15,374] {bash_operator.py:126} INFO - 2020-07-31
[2020-07-31 00:06:15,374] {bash_operator.py:126} INFO - 2020-08-07
[2020-07-31 00:06:15,375] {bash_operator.py:126} INFO - Parameter I passed in
[2020-07-31 00:06:15,375] {bash_operator.py:126} INFO - 2020-07-31
[2020-07-31 00:06:15,375] {bash_operator.py:126} INFO - 2020-08-07
[2020-07-31 00:06:15,375] {bash_operator.py:126} INFO - Parameter I passed in
[2020-07-31 00:06:15,375] {bash_operator.py:126} INFO - 2020-07-31
[2020-07-31 00:06:15,375] {bash_operator.py:126} INFO - 2020-08-07
[2020-07-31 00:06:15,375] {bash_operator.py:126} INFO - Parameter I passed in
[2020-07-31 00:06:15,376] {bash_operator.py:126} INFO - 2020-07-31
[2020-07-31 00:06:15,376] {bash_operator.py:126} INFO - 2020-08-07
[2020-07-31 00:06:15,376] {bash_operator.py:126} INFO - Parameter I passed in
[2020-07-31 00:06:15,376] {bash_operator.py:126} INFO - 2020-07-31
[2020-07-31 00:06:15,376] {bash_operator.py:126} INFO - 2020-08-07
[2020-07-31 00:06:15,376] {bash_operator.py:126} INFO - Parameter I passed in
[2020-07-31 00:06:15,376] {bash_operator.py:130} INFO - Command exited with return code 0
[2020-07-31 00:06:15,404] {taskinstance.py:1048} INFO - Marking task as SUCCESS.dag_id=tutorial, task_id=templated, execution_date=20200731T000500, start_date=20200731T000615, end_date=20200731T000615
[2020-07-31 00:06:25,015] {logging_mixin.py:112} INFO - [2020-07-31 00:06:25,014] {local_task_job.py:103} INFO - Task exited with return code 0
