[2020-07-31 00:47:13,794] {taskinstance.py:655} INFO - Dependencies all met for <TaskInstance: tutorial.templated 2020-07-31T00:46:00+00:00 [queued]>
[2020-07-31 00:47:13,838] {taskinstance.py:655} INFO - Dependencies all met for <TaskInstance: tutorial.templated 2020-07-31T00:46:00+00:00 [queued]>
[2020-07-31 00:47:13,838] {taskinstance.py:866} INFO - 
--------------------------------------------------------------------------------
[2020-07-31 00:47:13,839] {taskinstance.py:867} INFO - Starting attempt 1 of 2
[2020-07-31 00:47:13,839] {taskinstance.py:868} INFO - 
--------------------------------------------------------------------------------
[2020-07-31 00:47:13,876] {taskinstance.py:887} INFO - Executing <Task(BashOperator): templated> on 2020-07-31T00:46:00+00:00
[2020-07-31 00:47:13,883] {standard_task_runner.py:53} INFO - Started process 28573 to run task
[2020-07-31 00:47:14,009] {logging_mixin.py:112} INFO - Running %s on host %s <TaskInstance: tutorial.templated 2020-07-31T00:46:00+00:00 [running]> 02f6ef7ded4c
[2020-07-31 00:47:14,066] {bash_operator.py:82} INFO - Tmp dir root location: 
 /tmp
[2020-07-31 00:47:14,067] {bash_operator.py:105} INFO - Temporary script location: /tmp/airflowtmp73b0mtf2/templatedyn6v9z_0
[2020-07-31 00:47:14,067] {bash_operator.py:115} INFO - Running command: 

    echo "2020-07-31"
    echo "2020-08-07"
    echo "Parameter I passed in"

    echo "2020-07-31"
    echo "2020-08-07"
    echo "Parameter I passed in"

    echo "2020-07-31"
    echo "2020-08-07"
    echo "Parameter I passed in"

    echo "2020-07-31"
    echo "2020-08-07"
    echo "Parameter I passed in"

    echo "2020-07-31"
    echo "2020-08-07"
    echo "Parameter I passed in"

[2020-07-31 00:47:14,082] {bash_operator.py:122} INFO - Output:
[2020-07-31 00:47:14,084] {bash_operator.py:126} INFO - 2020-07-31
[2020-07-31 00:47:14,084] {bash_operator.py:126} INFO - 2020-08-07
[2020-07-31 00:47:14,084] {bash_operator.py:126} INFO - Parameter I passed in
[2020-07-31 00:47:14,085] {bash_operator.py:126} INFO - 2020-07-31
[2020-07-31 00:47:14,085] {bash_operator.py:126} INFO - 2020-08-07
[2020-07-31 00:47:14,085] {bash_operator.py:126} INFO - Parameter I passed in
[2020-07-31 00:47:14,085] {bash_operator.py:126} INFO - 2020-07-31
[2020-07-31 00:47:14,085] {bash_operator.py:126} INFO - 2020-08-07
[2020-07-31 00:47:14,085] {bash_operator.py:126} INFO - Parameter I passed in
[2020-07-31 00:47:14,086] {bash_operator.py:126} INFO - 2020-07-31
[2020-07-31 00:47:14,086] {bash_operator.py:126} INFO - 2020-08-07
[2020-07-31 00:47:14,086] {bash_operator.py:126} INFO - Parameter I passed in
[2020-07-31 00:47:14,086] {bash_operator.py:126} INFO - 2020-07-31
[2020-07-31 00:47:14,086] {bash_operator.py:126} INFO - 2020-08-07
[2020-07-31 00:47:14,086] {bash_operator.py:126} INFO - Parameter I passed in
[2020-07-31 00:47:14,087] {bash_operator.py:130} INFO - Command exited with return code 0
[2020-07-31 00:47:14,119] {taskinstance.py:1048} INFO - Marking task as SUCCESS.dag_id=tutorial, task_id=templated, execution_date=20200731T004600, start_date=20200731T004713, end_date=20200731T004714
[2020-07-31 00:47:23,751] {logging_mixin.py:112} INFO - [2020-07-31 00:47:23,750] {local_task_job.py:103} INFO - Task exited with return code 0
