[2020-07-31 02:17:14,062] {taskinstance.py:655} INFO - Dependencies all met for <TaskInstance: tutorial.templated 2020-07-31T02:16:00+00:00 [queued]>
[2020-07-31 02:17:14,117] {taskinstance.py:655} INFO - Dependencies all met for <TaskInstance: tutorial.templated 2020-07-31T02:16:00+00:00 [queued]>
[2020-07-31 02:17:14,118] {taskinstance.py:866} INFO - 
--------------------------------------------------------------------------------
[2020-07-31 02:17:14,118] {taskinstance.py:867} INFO - Starting attempt 1 of 2
[2020-07-31 02:17:14,118] {taskinstance.py:868} INFO - 
--------------------------------------------------------------------------------
[2020-07-31 02:17:14,155] {taskinstance.py:887} INFO - Executing <Task(BashOperator): templated> on 2020-07-31T02:16:00+00:00
[2020-07-31 02:17:14,165] {standard_task_runner.py:53} INFO - Started process 25229 to run task
[2020-07-31 02:17:14,313] {logging_mixin.py:112} INFO - Running %s on host %s <TaskInstance: tutorial.templated 2020-07-31T02:16:00+00:00 [running]> 02f6ef7ded4c
[2020-07-31 02:17:14,393] {bash_operator.py:82} INFO - Tmp dir root location: 
 /tmp
[2020-07-31 02:17:14,395] {bash_operator.py:105} INFO - Temporary script location: /tmp/airflowtmplrogpix7/templatedzefz3zp6
[2020-07-31 02:17:14,395] {bash_operator.py:115} INFO - Running command: 

    echo "2020-07-31"
    echo "2020-08-07"
    echo "Parameter I passed in"

    echo "2020-07-31"
    echo "2020-08-07"
    echo "Parameter I passed in"

    echo "2020-07-31"
    echo "2020-08-07"
    echo "Parameter I passed in"

    echo "2020-07-31"
    echo "2020-08-07"
    echo "Parameter I passed in"

    echo "2020-07-31"
    echo "2020-08-07"
    echo "Parameter I passed in"

[2020-07-31 02:17:14,411] {bash_operator.py:122} INFO - Output:
[2020-07-31 02:17:14,413] {bash_operator.py:126} INFO - 2020-07-31
[2020-07-31 02:17:14,413] {bash_operator.py:126} INFO - 2020-08-07
[2020-07-31 02:17:14,413] {bash_operator.py:126} INFO - Parameter I passed in
[2020-07-31 02:17:14,414] {bash_operator.py:126} INFO - 2020-07-31
[2020-07-31 02:17:14,414] {bash_operator.py:126} INFO - 2020-08-07
[2020-07-31 02:17:14,414] {bash_operator.py:126} INFO - Parameter I passed in
[2020-07-31 02:17:14,414] {bash_operator.py:126} INFO - 2020-07-31
[2020-07-31 02:17:14,414] {bash_operator.py:126} INFO - 2020-08-07
[2020-07-31 02:17:14,414] {bash_operator.py:126} INFO - Parameter I passed in
[2020-07-31 02:17:14,414] {bash_operator.py:126} INFO - 2020-07-31
[2020-07-31 02:17:14,414] {bash_operator.py:126} INFO - 2020-08-07
[2020-07-31 02:17:14,415] {bash_operator.py:126} INFO - Parameter I passed in
[2020-07-31 02:17:14,415] {bash_operator.py:126} INFO - 2020-07-31
[2020-07-31 02:17:14,415] {bash_operator.py:126} INFO - 2020-08-07
[2020-07-31 02:17:14,415] {bash_operator.py:126} INFO - Parameter I passed in
[2020-07-31 02:17:14,415] {bash_operator.py:130} INFO - Command exited with return code 0
[2020-07-31 02:17:14,439] {taskinstance.py:1048} INFO - Marking task as SUCCESS.dag_id=tutorial, task_id=templated, execution_date=20200731T021600, start_date=20200731T021714, end_date=20200731T021714
[2020-07-31 02:17:24,016] {logging_mixin.py:112} INFO - [2020-07-31 02:17:24,016] {local_task_job.py:103} INFO - Task exited with return code 0
