[2020-07-30 22:42:15,097] {taskinstance.py:655} INFO - Dependencies all met for <TaskInstance: tutorial.templated 2020-07-30T22:41:00+00:00 [queued]>
[2020-07-30 22:42:15,150] {taskinstance.py:655} INFO - Dependencies all met for <TaskInstance: tutorial.templated 2020-07-30T22:41:00+00:00 [queued]>
[2020-07-30 22:42:15,150] {taskinstance.py:866} INFO - 
--------------------------------------------------------------------------------
[2020-07-30 22:42:15,151] {taskinstance.py:867} INFO - Starting attempt 1 of 2
[2020-07-30 22:42:15,151] {taskinstance.py:868} INFO - 
--------------------------------------------------------------------------------
[2020-07-30 22:42:15,191] {taskinstance.py:887} INFO - Executing <Task(BashOperator): templated> on 2020-07-30T22:41:00+00:00
[2020-07-30 22:42:15,200] {standard_task_runner.py:53} INFO - Started process 7949 to run task
[2020-07-30 22:42:15,333] {logging_mixin.py:112} INFO - Running %s on host %s <TaskInstance: tutorial.templated 2020-07-30T22:41:00+00:00 [running]> 02f6ef7ded4c
[2020-07-30 22:42:15,399] {bash_operator.py:82} INFO - Tmp dir root location: 
 /tmp
[2020-07-30 22:42:15,401] {bash_operator.py:105} INFO - Temporary script location: /tmp/airflowtmpom0_wl4n/templated467cax8r
[2020-07-30 22:42:15,401] {bash_operator.py:115} INFO - Running command: 

    echo "2020-07-30"
    echo "2020-08-06"
    echo "Parameter I passed in"

    echo "2020-07-30"
    echo "2020-08-06"
    echo "Parameter I passed in"

    echo "2020-07-30"
    echo "2020-08-06"
    echo "Parameter I passed in"

    echo "2020-07-30"
    echo "2020-08-06"
    echo "Parameter I passed in"

    echo "2020-07-30"
    echo "2020-08-06"
    echo "Parameter I passed in"

[2020-07-30 22:42:15,421] {bash_operator.py:122} INFO - Output:
[2020-07-30 22:42:15,425] {bash_operator.py:126} INFO - 2020-07-30
[2020-07-30 22:42:15,425] {bash_operator.py:126} INFO - 2020-08-06
[2020-07-30 22:42:15,425] {bash_operator.py:126} INFO - Parameter I passed in
[2020-07-30 22:42:15,425] {bash_operator.py:126} INFO - 2020-07-30
[2020-07-30 22:42:15,425] {bash_operator.py:126} INFO - 2020-08-06
[2020-07-30 22:42:15,425] {bash_operator.py:126} INFO - Parameter I passed in
[2020-07-30 22:42:15,425] {bash_operator.py:126} INFO - 2020-07-30
[2020-07-30 22:42:15,425] {bash_operator.py:126} INFO - 2020-08-06
[2020-07-30 22:42:15,426] {bash_operator.py:126} INFO - Parameter I passed in
[2020-07-30 22:42:15,426] {bash_operator.py:126} INFO - 2020-07-30
[2020-07-30 22:42:15,426] {bash_operator.py:126} INFO - 2020-08-06
[2020-07-30 22:42:15,426] {bash_operator.py:126} INFO - Parameter I passed in
[2020-07-30 22:42:15,426] {bash_operator.py:126} INFO - 2020-07-30
[2020-07-30 22:42:15,426] {bash_operator.py:126} INFO - 2020-08-06
[2020-07-30 22:42:15,426] {bash_operator.py:126} INFO - Parameter I passed in
[2020-07-30 22:42:15,426] {bash_operator.py:130} INFO - Command exited with return code 0
[2020-07-30 22:42:15,456] {taskinstance.py:1048} INFO - Marking task as SUCCESS.dag_id=tutorial, task_id=templated, execution_date=20200730T224100, start_date=20200730T224215, end_date=20200730T224215
[2020-07-30 22:42:25,051] {logging_mixin.py:112} INFO - [2020-07-30 22:42:25,050] {local_task_job.py:103} INFO - Task exited with return code 0
