[2020-07-30 17:12:16,011] {taskinstance.py:655} INFO - Dependencies all met for <TaskInstance: tutorial.templated 2020-07-30T17:11:00+00:00 [queued]>
[2020-07-30 17:12:16,058] {taskinstance.py:655} INFO - Dependencies all met for <TaskInstance: tutorial.templated 2020-07-30T17:11:00+00:00 [queued]>
[2020-07-30 17:12:16,059] {taskinstance.py:866} INFO - 
--------------------------------------------------------------------------------
[2020-07-30 17:12:16,059] {taskinstance.py:867} INFO - Starting attempt 1 of 2
[2020-07-30 17:12:16,059] {taskinstance.py:868} INFO - 
--------------------------------------------------------------------------------
[2020-07-30 17:12:16,086] {taskinstance.py:887} INFO - Executing <Task(BashOperator): templated> on 2020-07-30T17:11:00+00:00
[2020-07-30 17:12:16,095] {standard_task_runner.py:53} INFO - Started process 9303 to run task
[2020-07-30 17:12:16,200] {logging_mixin.py:112} INFO - Running %s on host %s <TaskInstance: tutorial.templated 2020-07-30T17:11:00+00:00 [running]> 02f6ef7ded4c
[2020-07-30 17:12:16,264] {bash_operator.py:82} INFO - Tmp dir root location: 
 /tmp
[2020-07-30 17:12:16,265] {bash_operator.py:105} INFO - Temporary script location: /tmp/airflowtmp45vg6eie/templated89qqd_n4
[2020-07-30 17:12:16,266] {bash_operator.py:115} INFO - Running command: 

    echo "2020-07-30"
    echo "2020-08-06"
    echo "Parameter I passed in"

    echo "2020-07-30"
    echo "2020-08-06"
    echo "Parameter I passed in"

    echo "2020-07-30"
    echo "2020-08-06"
    echo "Parameter I passed in"

    echo "2020-07-30"
    echo "2020-08-06"
    echo "Parameter I passed in"

    echo "2020-07-30"
    echo "2020-08-06"
    echo "Parameter I passed in"

[2020-07-30 17:12:16,280] {bash_operator.py:122} INFO - Output:
[2020-07-30 17:12:16,282] {bash_operator.py:126} INFO - 2020-07-30
[2020-07-30 17:12:16,283] {bash_operator.py:126} INFO - 2020-08-06
[2020-07-30 17:12:16,283] {bash_operator.py:126} INFO - Parameter I passed in
[2020-07-30 17:12:16,283] {bash_operator.py:126} INFO - 2020-07-30
[2020-07-30 17:12:16,283] {bash_operator.py:126} INFO - 2020-08-06
[2020-07-30 17:12:16,283] {bash_operator.py:126} INFO - Parameter I passed in
[2020-07-30 17:12:16,283] {bash_operator.py:126} INFO - 2020-07-30
[2020-07-30 17:12:16,283] {bash_operator.py:126} INFO - 2020-08-06
[2020-07-30 17:12:16,283] {bash_operator.py:126} INFO - Parameter I passed in
[2020-07-30 17:12:16,283] {bash_operator.py:126} INFO - 2020-07-30
[2020-07-30 17:12:16,283] {bash_operator.py:126} INFO - 2020-08-06
[2020-07-30 17:12:16,283] {bash_operator.py:126} INFO - Parameter I passed in
[2020-07-30 17:12:16,283] {bash_operator.py:126} INFO - 2020-07-30
[2020-07-30 17:12:16,283] {bash_operator.py:126} INFO - 2020-08-06
[2020-07-30 17:12:16,283] {bash_operator.py:126} INFO - Parameter I passed in
[2020-07-30 17:12:16,283] {bash_operator.py:130} INFO - Command exited with return code 0
[2020-07-30 17:12:16,309] {taskinstance.py:1048} INFO - Marking task as SUCCESS.dag_id=tutorial, task_id=templated, execution_date=20200730T171100, start_date=20200730T171216, end_date=20200730T171216
[2020-07-30 17:12:25,959] {logging_mixin.py:112} INFO - [2020-07-30 17:12:25,958] {local_task_job.py:103} INFO - Task exited with return code 0
