[2020-07-30 14:58:16,036] {taskinstance.py:655} INFO - Dependencies all met for <TaskInstance: tutorial.templated 2020-07-30T14:57:00+00:00 [queued]>
[2020-07-30 14:58:16,102] {taskinstance.py:655} INFO - Dependencies all met for <TaskInstance: tutorial.templated 2020-07-30T14:57:00+00:00 [queued]>
[2020-07-30 14:58:16,103] {taskinstance.py:866} INFO - 
--------------------------------------------------------------------------------
[2020-07-30 14:58:16,103] {taskinstance.py:867} INFO - Starting attempt 1 of 2
[2020-07-30 14:58:16,103] {taskinstance.py:868} INFO - 
--------------------------------------------------------------------------------
[2020-07-30 14:58:16,143] {taskinstance.py:887} INFO - Executing <Task(BashOperator): templated> on 2020-07-30T14:57:00+00:00
[2020-07-30 14:58:16,150] {standard_task_runner.py:53} INFO - Started process 14964 to run task
[2020-07-30 14:58:16,278] {logging_mixin.py:112} INFO - Running %s on host %s <TaskInstance: tutorial.templated 2020-07-30T14:57:00+00:00 [running]> 02f6ef7ded4c
[2020-07-30 14:58:16,343] {bash_operator.py:82} INFO - Tmp dir root location: 
 /tmp
[2020-07-30 14:58:16,345] {bash_operator.py:105} INFO - Temporary script location: /tmp/airflowtmpp5_3mh7s/templated8y_yw8v_
[2020-07-30 14:58:16,345] {bash_operator.py:115} INFO - Running command: 

    echo "2020-07-30"
    echo "2020-08-06"
    echo "Parameter I passed in"

    echo "2020-07-30"
    echo "2020-08-06"
    echo "Parameter I passed in"

    echo "2020-07-30"
    echo "2020-08-06"
    echo "Parameter I passed in"

    echo "2020-07-30"
    echo "2020-08-06"
    echo "Parameter I passed in"

    echo "2020-07-30"
    echo "2020-08-06"
    echo "Parameter I passed in"

[2020-07-30 14:58:16,362] {bash_operator.py:122} INFO - Output:
[2020-07-30 14:58:16,366] {bash_operator.py:126} INFO - 2020-07-30
[2020-07-30 14:58:16,366] {bash_operator.py:126} INFO - 2020-08-06
[2020-07-30 14:58:16,367] {bash_operator.py:126} INFO - Parameter I passed in
[2020-07-30 14:58:16,367] {bash_operator.py:126} INFO - 2020-07-30
[2020-07-30 14:58:16,367] {bash_operator.py:126} INFO - 2020-08-06
[2020-07-30 14:58:16,367] {bash_operator.py:126} INFO - Parameter I passed in
[2020-07-30 14:58:16,367] {bash_operator.py:126} INFO - 2020-07-30
[2020-07-30 14:58:16,367] {bash_operator.py:126} INFO - 2020-08-06
[2020-07-30 14:58:16,367] {bash_operator.py:126} INFO - Parameter I passed in
[2020-07-30 14:58:16,367] {bash_operator.py:126} INFO - 2020-07-30
[2020-07-30 14:58:16,368] {bash_operator.py:126} INFO - 2020-08-06
[2020-07-30 14:58:16,368] {bash_operator.py:126} INFO - Parameter I passed in
[2020-07-30 14:58:16,368] {bash_operator.py:126} INFO - 2020-07-30
[2020-07-30 14:58:16,368] {bash_operator.py:126} INFO - 2020-08-06
[2020-07-30 14:58:16,368] {bash_operator.py:126} INFO - Parameter I passed in
[2020-07-30 14:58:16,368] {bash_operator.py:130} INFO - Command exited with return code 0
[2020-07-30 14:58:16,392] {taskinstance.py:1048} INFO - Marking task as SUCCESS.dag_id=tutorial, task_id=templated, execution_date=20200730T145700, start_date=20200730T145816, end_date=20200730T145816
[2020-07-30 14:58:25,985] {logging_mixin.py:112} INFO - [2020-07-30 14:58:25,984] {local_task_job.py:103} INFO - Task exited with return code 0
