[2020-07-31 02:20:14,443] {taskinstance.py:655} INFO - Dependencies all met for <TaskInstance: tutorial.templated 2020-07-31T02:19:00+00:00 [queued]>
[2020-07-31 02:20:14,513] {taskinstance.py:655} INFO - Dependencies all met for <TaskInstance: tutorial.templated 2020-07-31T02:19:00+00:00 [queued]>
[2020-07-31 02:20:14,514] {taskinstance.py:866} INFO - 
--------------------------------------------------------------------------------
[2020-07-31 02:20:14,514] {taskinstance.py:867} INFO - Starting attempt 1 of 2
[2020-07-31 02:20:14,514] {taskinstance.py:868} INFO - 
--------------------------------------------------------------------------------
[2020-07-31 02:20:14,541] {taskinstance.py:887} INFO - Executing <Task(BashOperator): templated> on 2020-07-31T02:19:00+00:00
[2020-07-31 02:20:14,549] {standard_task_runner.py:53} INFO - Started process 27288 to run task
[2020-07-31 02:20:14,673] {logging_mixin.py:112} INFO - Running %s on host %s <TaskInstance: tutorial.templated 2020-07-31T02:19:00+00:00 [running]> 02f6ef7ded4c
[2020-07-31 02:20:14,746] {bash_operator.py:82} INFO - Tmp dir root location: 
 /tmp
[2020-07-31 02:20:14,747] {bash_operator.py:105} INFO - Temporary script location: /tmp/airflowtmpi5kdhwp1/templated0r_4aa0f
[2020-07-31 02:20:14,748] {bash_operator.py:115} INFO - Running command: 

    echo "2020-07-31"
    echo "2020-08-07"
    echo "Parameter I passed in"

    echo "2020-07-31"
    echo "2020-08-07"
    echo "Parameter I passed in"

    echo "2020-07-31"
    echo "2020-08-07"
    echo "Parameter I passed in"

    echo "2020-07-31"
    echo "2020-08-07"
    echo "Parameter I passed in"

    echo "2020-07-31"
    echo "2020-08-07"
    echo "Parameter I passed in"

[2020-07-31 02:20:14,763] {bash_operator.py:122} INFO - Output:
[2020-07-31 02:20:14,765] {bash_operator.py:126} INFO - 2020-07-31
[2020-07-31 02:20:14,766] {bash_operator.py:126} INFO - 2020-08-07
[2020-07-31 02:20:14,766] {bash_operator.py:126} INFO - Parameter I passed in
[2020-07-31 02:20:14,766] {bash_operator.py:126} INFO - 2020-07-31
[2020-07-31 02:20:14,767] {bash_operator.py:126} INFO - 2020-08-07
[2020-07-31 02:20:14,767] {bash_operator.py:126} INFO - Parameter I passed in
[2020-07-31 02:20:14,767] {bash_operator.py:126} INFO - 2020-07-31
[2020-07-31 02:20:14,767] {bash_operator.py:126} INFO - 2020-08-07
[2020-07-31 02:20:14,767] {bash_operator.py:126} INFO - Parameter I passed in
[2020-07-31 02:20:14,767] {bash_operator.py:126} INFO - 2020-07-31
[2020-07-31 02:20:14,767] {bash_operator.py:126} INFO - 2020-08-07
[2020-07-31 02:20:14,767] {bash_operator.py:126} INFO - Parameter I passed in
[2020-07-31 02:20:14,768] {bash_operator.py:126} INFO - 2020-07-31
[2020-07-31 02:20:14,768] {bash_operator.py:126} INFO - 2020-08-07
[2020-07-31 02:20:14,768] {bash_operator.py:126} INFO - Parameter I passed in
[2020-07-31 02:20:14,768] {bash_operator.py:130} INFO - Command exited with return code 0
[2020-07-31 02:20:14,796] {taskinstance.py:1048} INFO - Marking task as SUCCESS.dag_id=tutorial, task_id=templated, execution_date=20200731T021900, start_date=20200731T022014, end_date=20200731T022014
[2020-07-31 02:20:24,387] {logging_mixin.py:112} INFO - [2020-07-31 02:20:24,386] {local_task_job.py:103} INFO - Task exited with return code 0
