[2020-07-30 18:01:11,450] {taskinstance.py:655} INFO - Dependencies all met for <TaskInstance: tutorial.templated 2020-07-30T18:00:00+00:00 [queued]>
[2020-07-30 18:01:11,495] {taskinstance.py:655} INFO - Dependencies all met for <TaskInstance: tutorial.templated 2020-07-30T18:00:00+00:00 [queued]>
[2020-07-30 18:01:11,495] {taskinstance.py:866} INFO - 
--------------------------------------------------------------------------------
[2020-07-30 18:01:11,495] {taskinstance.py:867} INFO - Starting attempt 1 of 2
[2020-07-30 18:01:11,496] {taskinstance.py:868} INFO - 
--------------------------------------------------------------------------------
[2020-07-30 18:01:11,530] {taskinstance.py:887} INFO - Executing <Task(BashOperator): templated> on 2020-07-30T18:00:00+00:00
[2020-07-30 18:01:11,537] {standard_task_runner.py:53} INFO - Started process 10328 to run task
[2020-07-30 18:01:11,686] {logging_mixin.py:112} INFO - Running %s on host %s <TaskInstance: tutorial.templated 2020-07-30T18:00:00+00:00 [running]> 02f6ef7ded4c
[2020-07-30 18:01:11,765] {bash_operator.py:82} INFO - Tmp dir root location: 
 /tmp
[2020-07-30 18:01:11,766] {bash_operator.py:105} INFO - Temporary script location: /tmp/airflowtmpww60w2sn/templatedeigw6mvi
[2020-07-30 18:01:11,767] {bash_operator.py:115} INFO - Running command: 

    echo "2020-07-30"
    echo "2020-08-06"
    echo "Parameter I passed in"

    echo "2020-07-30"
    echo "2020-08-06"
    echo "Parameter I passed in"

    echo "2020-07-30"
    echo "2020-08-06"
    echo "Parameter I passed in"

    echo "2020-07-30"
    echo "2020-08-06"
    echo "Parameter I passed in"

    echo "2020-07-30"
    echo "2020-08-06"
    echo "Parameter I passed in"

[2020-07-30 18:01:11,781] {bash_operator.py:122} INFO - Output:
[2020-07-30 18:01:11,784] {bash_operator.py:126} INFO - 2020-07-30
[2020-07-30 18:01:11,784] {bash_operator.py:126} INFO - 2020-08-06
[2020-07-30 18:01:11,784] {bash_operator.py:126} INFO - Parameter I passed in
[2020-07-30 18:01:11,784] {bash_operator.py:126} INFO - 2020-07-30
[2020-07-30 18:01:11,784] {bash_operator.py:126} INFO - 2020-08-06
[2020-07-30 18:01:11,785] {bash_operator.py:126} INFO - Parameter I passed in
[2020-07-30 18:01:11,785] {bash_operator.py:126} INFO - 2020-07-30
[2020-07-30 18:01:11,785] {bash_operator.py:126} INFO - 2020-08-06
[2020-07-30 18:01:11,785] {bash_operator.py:126} INFO - Parameter I passed in
[2020-07-30 18:01:11,785] {bash_operator.py:126} INFO - 2020-07-30
[2020-07-30 18:01:11,785] {bash_operator.py:126} INFO - 2020-08-06
[2020-07-30 18:01:11,785] {bash_operator.py:126} INFO - Parameter I passed in
[2020-07-30 18:01:11,785] {bash_operator.py:126} INFO - 2020-07-30
[2020-07-30 18:01:11,785] {bash_operator.py:126} INFO - 2020-08-06
[2020-07-30 18:01:11,785] {bash_operator.py:126} INFO - Parameter I passed in
[2020-07-30 18:01:11,786] {bash_operator.py:130} INFO - Command exited with return code 0
[2020-07-30 18:01:11,811] {taskinstance.py:1048} INFO - Marking task as SUCCESS.dag_id=tutorial, task_id=templated, execution_date=20200730T180000, start_date=20200730T180111, end_date=20200730T180111
[2020-07-30 18:01:21,381] {logging_mixin.py:112} INFO - [2020-07-30 18:01:21,380] {local_task_job.py:103} INFO - Task exited with return code 0
