[2020-07-30 21:12:16,771] {taskinstance.py:655} INFO - Dependencies all met for <TaskInstance: tutorial.templated 2020-07-30T21:11:00+00:00 [queued]>
[2020-07-30 21:12:16,836] {taskinstance.py:655} INFO - Dependencies all met for <TaskInstance: tutorial.templated 2020-07-30T21:11:00+00:00 [queued]>
[2020-07-30 21:12:16,837] {taskinstance.py:866} INFO - 
--------------------------------------------------------------------------------
[2020-07-30 21:12:16,837] {taskinstance.py:867} INFO - Starting attempt 1 of 2
[2020-07-30 21:12:16,837] {taskinstance.py:868} INFO - 
--------------------------------------------------------------------------------
[2020-07-30 21:12:16,852] {taskinstance.py:887} INFO - Executing <Task(BashOperator): templated> on 2020-07-30T21:11:00+00:00
[2020-07-30 21:12:16,859] {standard_task_runner.py:53} INFO - Started process 11269 to run task
[2020-07-30 21:12:17,011] {logging_mixin.py:112} INFO - Running %s on host %s <TaskInstance: tutorial.templated 2020-07-30T21:11:00+00:00 [running]> 02f6ef7ded4c
[2020-07-30 21:12:17,073] {bash_operator.py:82} INFO - Tmp dir root location: 
 /tmp
[2020-07-30 21:12:17,075] {bash_operator.py:105} INFO - Temporary script location: /tmp/airflowtmp5p9l3hc5/templatedwq2f51hq
[2020-07-30 21:12:17,075] {bash_operator.py:115} INFO - Running command: 

    echo "2020-07-30"
    echo "2020-08-06"
    echo "Parameter I passed in"

    echo "2020-07-30"
    echo "2020-08-06"
    echo "Parameter I passed in"

    echo "2020-07-30"
    echo "2020-08-06"
    echo "Parameter I passed in"

    echo "2020-07-30"
    echo "2020-08-06"
    echo "Parameter I passed in"

    echo "2020-07-30"
    echo "2020-08-06"
    echo "Parameter I passed in"

[2020-07-30 21:12:17,094] {bash_operator.py:122} INFO - Output:
[2020-07-30 21:12:17,096] {bash_operator.py:126} INFO - 2020-07-30
[2020-07-30 21:12:17,097] {bash_operator.py:126} INFO - 2020-08-06
[2020-07-30 21:12:17,097] {bash_operator.py:126} INFO - Parameter I passed in
[2020-07-30 21:12:17,097] {bash_operator.py:126} INFO - 2020-07-30
[2020-07-30 21:12:17,097] {bash_operator.py:126} INFO - 2020-08-06
[2020-07-30 21:12:17,097] {bash_operator.py:126} INFO - Parameter I passed in
[2020-07-30 21:12:17,098] {bash_operator.py:126} INFO - 2020-07-30
[2020-07-30 21:12:17,098] {bash_operator.py:126} INFO - 2020-08-06
[2020-07-30 21:12:17,098] {bash_operator.py:126} INFO - Parameter I passed in
[2020-07-30 21:12:17,098] {bash_operator.py:126} INFO - 2020-07-30
[2020-07-30 21:12:17,098] {bash_operator.py:126} INFO - 2020-08-06
[2020-07-30 21:12:17,099] {bash_operator.py:126} INFO - Parameter I passed in
[2020-07-30 21:12:17,099] {bash_operator.py:126} INFO - 2020-07-30
[2020-07-30 21:12:17,099] {bash_operator.py:126} INFO - 2020-08-06
[2020-07-30 21:12:17,099] {bash_operator.py:126} INFO - Parameter I passed in
[2020-07-30 21:12:17,100] {bash_operator.py:130} INFO - Command exited with return code 0
[2020-07-30 21:12:17,135] {taskinstance.py:1048} INFO - Marking task as SUCCESS.dag_id=tutorial, task_id=templated, execution_date=20200730T211100, start_date=20200730T211216, end_date=20200730T211217
[2020-07-30 21:12:26,719] {logging_mixin.py:112} INFO - [2020-07-30 21:12:26,718] {local_task_job.py:103} INFO - Task exited with return code 0
