[2020-07-31 05:35:10,047] {taskinstance.py:655} INFO - Dependencies all met for <TaskInstance: tutorial.templated 2020-07-31T05:34:00+00:00 [queued]>
[2020-07-31 05:35:10,097] {taskinstance.py:655} INFO - Dependencies all met for <TaskInstance: tutorial.templated 2020-07-31T05:34:00+00:00 [queued]>
[2020-07-31 05:35:10,097] {taskinstance.py:866} INFO - 
--------------------------------------------------------------------------------
[2020-07-31 05:35:10,097] {taskinstance.py:867} INFO - Starting attempt 1 of 2
[2020-07-31 05:35:10,097] {taskinstance.py:868} INFO - 
--------------------------------------------------------------------------------
[2020-07-31 05:35:10,125] {taskinstance.py:887} INFO - Executing <Task(BashOperator): templated> on 2020-07-31T05:34:00+00:00
[2020-07-31 05:35:10,133] {standard_task_runner.py:53} INFO - Started process 1858 to run task
[2020-07-31 05:35:10,267] {logging_mixin.py:112} INFO - Running %s on host %s <TaskInstance: tutorial.templated 2020-07-31T05:34:00+00:00 [running]> 02f6ef7ded4c
[2020-07-31 05:35:10,329] {bash_operator.py:82} INFO - Tmp dir root location: 
 /tmp
[2020-07-31 05:35:10,330] {bash_operator.py:105} INFO - Temporary script location: /tmp/airflowtmp_ecbmxo1/templated17pix20d
[2020-07-31 05:35:10,330] {bash_operator.py:115} INFO - Running command: 

    echo "2020-07-31"
    echo "2020-08-07"
    echo "Parameter I passed in"

    echo "2020-07-31"
    echo "2020-08-07"
    echo "Parameter I passed in"

    echo "2020-07-31"
    echo "2020-08-07"
    echo "Parameter I passed in"

    echo "2020-07-31"
    echo "2020-08-07"
    echo "Parameter I passed in"

    echo "2020-07-31"
    echo "2020-08-07"
    echo "Parameter I passed in"

[2020-07-31 05:35:10,348] {bash_operator.py:122} INFO - Output:
[2020-07-31 05:35:10,350] {bash_operator.py:126} INFO - 2020-07-31
[2020-07-31 05:35:10,350] {bash_operator.py:126} INFO - 2020-08-07
[2020-07-31 05:35:10,350] {bash_operator.py:126} INFO - Parameter I passed in
[2020-07-31 05:35:10,350] {bash_operator.py:126} INFO - 2020-07-31
[2020-07-31 05:35:10,350] {bash_operator.py:126} INFO - 2020-08-07
[2020-07-31 05:35:10,350] {bash_operator.py:126} INFO - Parameter I passed in
[2020-07-31 05:35:10,351] {bash_operator.py:126} INFO - 2020-07-31
[2020-07-31 05:35:10,351] {bash_operator.py:126} INFO - 2020-08-07
[2020-07-31 05:35:10,351] {bash_operator.py:126} INFO - Parameter I passed in
[2020-07-31 05:35:10,351] {bash_operator.py:126} INFO - 2020-07-31
[2020-07-31 05:35:10,351] {bash_operator.py:126} INFO - 2020-08-07
[2020-07-31 05:35:10,351] {bash_operator.py:126} INFO - Parameter I passed in
[2020-07-31 05:35:10,351] {bash_operator.py:126} INFO - 2020-07-31
[2020-07-31 05:35:10,351] {bash_operator.py:126} INFO - 2020-08-07
[2020-07-31 05:35:10,351] {bash_operator.py:126} INFO - Parameter I passed in
[2020-07-31 05:35:10,353] {bash_operator.py:130} INFO - Command exited with return code 0
[2020-07-31 05:35:10,390] {taskinstance.py:1048} INFO - Marking task as SUCCESS.dag_id=tutorial, task_id=templated, execution_date=20200731T053400, start_date=20200731T053510, end_date=20200731T053510
[2020-07-31 05:35:19,999] {logging_mixin.py:112} INFO - [2020-07-31 05:35:19,998] {local_task_job.py:103} INFO - Task exited with return code 0
