[2020-07-31 00:05:14,989] {taskinstance.py:655} INFO - Dependencies all met for <TaskInstance: tutorial.templated 2020-07-31T00:04:00+00:00 [queued]>
[2020-07-31 00:05:15,041] {taskinstance.py:655} INFO - Dependencies all met for <TaskInstance: tutorial.templated 2020-07-31T00:04:00+00:00 [queued]>
[2020-07-31 00:05:15,041] {taskinstance.py:866} INFO - 
--------------------------------------------------------------------------------
[2020-07-31 00:05:15,041] {taskinstance.py:867} INFO - Starting attempt 1 of 2
[2020-07-31 00:05:15,042] {taskinstance.py:868} INFO - 
--------------------------------------------------------------------------------
[2020-07-31 00:05:15,061] {taskinstance.py:887} INFO - Executing <Task(BashOperator): templated> on 2020-07-31T00:04:00+00:00
[2020-07-31 00:05:15,070] {standard_task_runner.py:53} INFO - Started process 32294 to run task
[2020-07-31 00:05:15,215] {logging_mixin.py:112} INFO - Running %s on host %s <TaskInstance: tutorial.templated 2020-07-31T00:04:00+00:00 [running]> 02f6ef7ded4c
[2020-07-31 00:05:15,285] {bash_operator.py:82} INFO - Tmp dir root location: 
 /tmp
[2020-07-31 00:05:15,297] {bash_operator.py:105} INFO - Temporary script location: /tmp/airflowtmp53yxd7rq/templatedfow0txaa
[2020-07-31 00:05:15,297] {bash_operator.py:115} INFO - Running command: 

    echo "2020-07-31"
    echo "2020-08-07"
    echo "Parameter I passed in"

    echo "2020-07-31"
    echo "2020-08-07"
    echo "Parameter I passed in"

    echo "2020-07-31"
    echo "2020-08-07"
    echo "Parameter I passed in"

    echo "2020-07-31"
    echo "2020-08-07"
    echo "Parameter I passed in"

    echo "2020-07-31"
    echo "2020-08-07"
    echo "Parameter I passed in"

[2020-07-31 00:05:15,318] {bash_operator.py:122} INFO - Output:
[2020-07-31 00:05:15,319] {bash_operator.py:126} INFO - 2020-07-31
[2020-07-31 00:05:15,319] {bash_operator.py:126} INFO - 2020-08-07
[2020-07-31 00:05:15,319] {bash_operator.py:126} INFO - Parameter I passed in
[2020-07-31 00:05:15,319] {bash_operator.py:126} INFO - 2020-07-31
[2020-07-31 00:05:15,319] {bash_operator.py:126} INFO - 2020-08-07
[2020-07-31 00:05:15,319] {bash_operator.py:126} INFO - Parameter I passed in
[2020-07-31 00:05:15,319] {bash_operator.py:126} INFO - 2020-07-31
[2020-07-31 00:05:15,319] {bash_operator.py:126} INFO - 2020-08-07
[2020-07-31 00:05:15,319] {bash_operator.py:126} INFO - Parameter I passed in
[2020-07-31 00:05:15,319] {bash_operator.py:126} INFO - 2020-07-31
[2020-07-31 00:05:15,319] {bash_operator.py:126} INFO - 2020-08-07
[2020-07-31 00:05:15,320] {bash_operator.py:126} INFO - Parameter I passed in
[2020-07-31 00:05:15,320] {bash_operator.py:126} INFO - 2020-07-31
[2020-07-31 00:05:15,320] {bash_operator.py:126} INFO - 2020-08-07
[2020-07-31 00:05:15,320] {bash_operator.py:126} INFO - Parameter I passed in
[2020-07-31 00:05:15,320] {bash_operator.py:130} INFO - Command exited with return code 0
[2020-07-31 00:05:15,344] {taskinstance.py:1048} INFO - Marking task as SUCCESS.dag_id=tutorial, task_id=templated, execution_date=20200731T000400, start_date=20200731T000514, end_date=20200731T000515
[2020-07-31 00:05:24,951] {logging_mixin.py:112} INFO - [2020-07-31 00:05:24,950] {local_task_job.py:103} INFO - Task exited with return code 0
