[2020-07-31 02:25:10,703] {taskinstance.py:655} INFO - Dependencies all met for <TaskInstance: tutorial.templated 2020-07-31T02:24:00+00:00 [queued]>
[2020-07-31 02:25:10,749] {taskinstance.py:655} INFO - Dependencies all met for <TaskInstance: tutorial.templated 2020-07-31T02:24:00+00:00 [queued]>
[2020-07-31 02:25:10,750] {taskinstance.py:866} INFO - 
--------------------------------------------------------------------------------
[2020-07-31 02:25:10,750] {taskinstance.py:867} INFO - Starting attempt 1 of 2
[2020-07-31 02:25:10,750] {taskinstance.py:868} INFO - 
--------------------------------------------------------------------------------
[2020-07-31 02:25:10,776] {taskinstance.py:887} INFO - Executing <Task(BashOperator): templated> on 2020-07-31T02:24:00+00:00
[2020-07-31 02:25:10,784] {standard_task_runner.py:53} INFO - Started process 30668 to run task
[2020-07-31 02:25:10,932] {logging_mixin.py:112} INFO - Running %s on host %s <TaskInstance: tutorial.templated 2020-07-31T02:24:00+00:00 [running]> 02f6ef7ded4c
[2020-07-31 02:25:11,006] {bash_operator.py:82} INFO - Tmp dir root location: 
 /tmp
[2020-07-31 02:25:11,008] {bash_operator.py:105} INFO - Temporary script location: /tmp/airflowtmpp07aomxt/templated4r7hvb0x
[2020-07-31 02:25:11,008] {bash_operator.py:115} INFO - Running command: 

    echo "2020-07-31"
    echo "2020-08-07"
    echo "Parameter I passed in"

    echo "2020-07-31"
    echo "2020-08-07"
    echo "Parameter I passed in"

    echo "2020-07-31"
    echo "2020-08-07"
    echo "Parameter I passed in"

    echo "2020-07-31"
    echo "2020-08-07"
    echo "Parameter I passed in"

    echo "2020-07-31"
    echo "2020-08-07"
    echo "Parameter I passed in"

[2020-07-31 02:25:11,025] {bash_operator.py:122} INFO - Output:
[2020-07-31 02:25:11,027] {bash_operator.py:126} INFO - 2020-07-31
[2020-07-31 02:25:11,027] {bash_operator.py:126} INFO - 2020-08-07
[2020-07-31 02:25:11,027] {bash_operator.py:126} INFO - Parameter I passed in
[2020-07-31 02:25:11,028] {bash_operator.py:126} INFO - 2020-07-31
[2020-07-31 02:25:11,028] {bash_operator.py:126} INFO - 2020-08-07
[2020-07-31 02:25:11,028] {bash_operator.py:126} INFO - Parameter I passed in
[2020-07-31 02:25:11,028] {bash_operator.py:126} INFO - 2020-07-31
[2020-07-31 02:25:11,028] {bash_operator.py:126} INFO - 2020-08-07
[2020-07-31 02:25:11,029] {bash_operator.py:126} INFO - Parameter I passed in
[2020-07-31 02:25:11,029] {bash_operator.py:126} INFO - 2020-07-31
[2020-07-31 02:25:11,029] {bash_operator.py:126} INFO - 2020-08-07
[2020-07-31 02:25:11,029] {bash_operator.py:126} INFO - Parameter I passed in
[2020-07-31 02:25:11,029] {bash_operator.py:126} INFO - 2020-07-31
[2020-07-31 02:25:11,029] {bash_operator.py:126} INFO - 2020-08-07
[2020-07-31 02:25:11,029] {bash_operator.py:126} INFO - Parameter I passed in
[2020-07-31 02:25:11,030] {bash_operator.py:130} INFO - Command exited with return code 0
[2020-07-31 02:25:11,064] {taskinstance.py:1048} INFO - Marking task as SUCCESS.dag_id=tutorial, task_id=templated, execution_date=20200731T022400, start_date=20200731T022510, end_date=20200731T022511
[2020-07-31 02:25:20,651] {logging_mixin.py:112} INFO - [2020-07-31 02:25:20,650] {local_task_job.py:103} INFO - Task exited with return code 0
