[2020-07-30 15:37:10,983] {taskinstance.py:655} INFO - Dependencies all met for <TaskInstance: tutorial.templated 2020-07-30T15:36:00+00:00 [queued]>
[2020-07-30 15:37:11,045] {taskinstance.py:655} INFO - Dependencies all met for <TaskInstance: tutorial.templated 2020-07-30T15:36:00+00:00 [queued]>
[2020-07-30 15:37:11,045] {taskinstance.py:866} INFO - 
--------------------------------------------------------------------------------
[2020-07-30 15:37:11,045] {taskinstance.py:867} INFO - Starting attempt 1 of 2
[2020-07-30 15:37:11,046] {taskinstance.py:868} INFO - 
--------------------------------------------------------------------------------
[2020-07-30 15:37:11,061] {taskinstance.py:887} INFO - Executing <Task(BashOperator): templated> on 2020-07-30T15:36:00+00:00
[2020-07-30 15:37:11,071] {standard_task_runner.py:53} INFO - Started process 9143 to run task
[2020-07-30 15:37:11,213] {logging_mixin.py:112} INFO - Running %s on host %s <TaskInstance: tutorial.templated 2020-07-30T15:36:00+00:00 [running]> 02f6ef7ded4c
[2020-07-30 15:37:11,272] {bash_operator.py:82} INFO - Tmp dir root location: 
 /tmp
[2020-07-30 15:37:11,273] {bash_operator.py:105} INFO - Temporary script location: /tmp/airflowtmph4amh4sp/templated72aeixux
[2020-07-30 15:37:11,274] {bash_operator.py:115} INFO - Running command: 

    echo "2020-07-30"
    echo "2020-08-06"
    echo "Parameter I passed in"

    echo "2020-07-30"
    echo "2020-08-06"
    echo "Parameter I passed in"

    echo "2020-07-30"
    echo "2020-08-06"
    echo "Parameter I passed in"

    echo "2020-07-30"
    echo "2020-08-06"
    echo "Parameter I passed in"

    echo "2020-07-30"
    echo "2020-08-06"
    echo "Parameter I passed in"

[2020-07-30 15:37:11,288] {bash_operator.py:122} INFO - Output:
[2020-07-30 15:37:11,290] {bash_operator.py:126} INFO - 2020-07-30
[2020-07-30 15:37:11,290] {bash_operator.py:126} INFO - 2020-08-06
[2020-07-30 15:37:11,291] {bash_operator.py:126} INFO - Parameter I passed in
[2020-07-30 15:37:11,291] {bash_operator.py:126} INFO - 2020-07-30
[2020-07-30 15:37:11,291] {bash_operator.py:126} INFO - 2020-08-06
[2020-07-30 15:37:11,291] {bash_operator.py:126} INFO - Parameter I passed in
[2020-07-30 15:37:11,291] {bash_operator.py:126} INFO - 2020-07-30
[2020-07-30 15:37:11,291] {bash_operator.py:126} INFO - 2020-08-06
[2020-07-30 15:37:11,291] {bash_operator.py:126} INFO - Parameter I passed in
[2020-07-30 15:37:11,291] {bash_operator.py:126} INFO - 2020-07-30
[2020-07-30 15:37:11,291] {bash_operator.py:126} INFO - 2020-08-06
[2020-07-30 15:37:11,292] {bash_operator.py:126} INFO - Parameter I passed in
[2020-07-30 15:37:11,292] {bash_operator.py:126} INFO - 2020-07-30
[2020-07-30 15:37:11,292] {bash_operator.py:126} INFO - 2020-08-06
[2020-07-30 15:37:11,292] {bash_operator.py:126} INFO - Parameter I passed in
[2020-07-30 15:37:11,292] {bash_operator.py:130} INFO - Command exited with return code 0
[2020-07-30 15:37:11,316] {taskinstance.py:1048} INFO - Marking task as SUCCESS.dag_id=tutorial, task_id=templated, execution_date=20200730T153600, start_date=20200730T153710, end_date=20200730T153711
[2020-07-30 15:37:20,933] {logging_mixin.py:112} INFO - [2020-07-30 15:37:20,932] {local_task_job.py:103} INFO - Task exited with return code 0
