[2020-07-31 03:50:14,724] {taskinstance.py:655} INFO - Dependencies all met for <TaskInstance: tutorial.templated 2020-07-31T03:49:00+00:00 [queued]>
[2020-07-31 03:50:14,774] {taskinstance.py:655} INFO - Dependencies all met for <TaskInstance: tutorial.templated 2020-07-31T03:49:00+00:00 [queued]>
[2020-07-31 03:50:14,775] {taskinstance.py:866} INFO - 
--------------------------------------------------------------------------------
[2020-07-31 03:50:14,775] {taskinstance.py:867} INFO - Starting attempt 1 of 2
[2020-07-31 03:50:14,775] {taskinstance.py:868} INFO - 
--------------------------------------------------------------------------------
[2020-07-31 03:50:14,811] {taskinstance.py:887} INFO - Executing <Task(BashOperator): templated> on 2020-07-31T03:49:00+00:00
[2020-07-31 03:50:14,820] {standard_task_runner.py:53} INFO - Started process 23959 to run task
[2020-07-31 03:50:14,957] {logging_mixin.py:112} INFO - Running %s on host %s <TaskInstance: tutorial.templated 2020-07-31T03:49:00+00:00 [running]> 02f6ef7ded4c
[2020-07-31 03:50:15,021] {bash_operator.py:82} INFO - Tmp dir root location: 
 /tmp
[2020-07-31 03:50:15,023] {bash_operator.py:105} INFO - Temporary script location: /tmp/airflowtmp1pjb2qtz/templated_9efwmbv
[2020-07-31 03:50:15,023] {bash_operator.py:115} INFO - Running command: 

    echo "2020-07-31"
    echo "2020-08-07"
    echo "Parameter I passed in"

    echo "2020-07-31"
    echo "2020-08-07"
    echo "Parameter I passed in"

    echo "2020-07-31"
    echo "2020-08-07"
    echo "Parameter I passed in"

    echo "2020-07-31"
    echo "2020-08-07"
    echo "Parameter I passed in"

    echo "2020-07-31"
    echo "2020-08-07"
    echo "Parameter I passed in"

[2020-07-31 03:50:15,041] {bash_operator.py:122} INFO - Output:
[2020-07-31 03:50:15,043] {bash_operator.py:126} INFO - 2020-07-31
[2020-07-31 03:50:15,044] {bash_operator.py:126} INFO - 2020-08-07
[2020-07-31 03:50:15,044] {bash_operator.py:126} INFO - Parameter I passed in
[2020-07-31 03:50:15,044] {bash_operator.py:126} INFO - 2020-07-31
[2020-07-31 03:50:15,044] {bash_operator.py:126} INFO - 2020-08-07
[2020-07-31 03:50:15,044] {bash_operator.py:126} INFO - Parameter I passed in
[2020-07-31 03:50:15,044] {bash_operator.py:126} INFO - 2020-07-31
[2020-07-31 03:50:15,044] {bash_operator.py:126} INFO - 2020-08-07
[2020-07-31 03:50:15,044] {bash_operator.py:126} INFO - Parameter I passed in
[2020-07-31 03:50:15,044] {bash_operator.py:126} INFO - 2020-07-31
[2020-07-31 03:50:15,044] {bash_operator.py:126} INFO - 2020-08-07
[2020-07-31 03:50:15,044] {bash_operator.py:126} INFO - Parameter I passed in
[2020-07-31 03:50:15,045] {bash_operator.py:126} INFO - 2020-07-31
[2020-07-31 03:50:15,045] {bash_operator.py:126} INFO - 2020-08-07
[2020-07-31 03:50:15,045] {bash_operator.py:126} INFO - Parameter I passed in
[2020-07-31 03:50:15,045] {bash_operator.py:130} INFO - Command exited with return code 0
[2020-07-31 03:50:15,073] {taskinstance.py:1048} INFO - Marking task as SUCCESS.dag_id=tutorial, task_id=templated, execution_date=20200731T034900, start_date=20200731T035014, end_date=20200731T035015
[2020-07-31 03:50:24,680] {logging_mixin.py:112} INFO - [2020-07-31 03:50:24,679] {local_task_job.py:103} INFO - Task exited with return code 0
