[2020-07-30 16:03:10,739] {taskinstance.py:655} INFO - Dependencies all met for <TaskInstance: tutorial.templated 2020-07-30T16:02:00+00:00 [queued]>
[2020-07-30 16:03:10,803] {taskinstance.py:655} INFO - Dependencies all met for <TaskInstance: tutorial.templated 2020-07-30T16:02:00+00:00 [queued]>
[2020-07-30 16:03:10,803] {taskinstance.py:866} INFO - 
--------------------------------------------------------------------------------
[2020-07-30 16:03:10,803] {taskinstance.py:867} INFO - Starting attempt 1 of 2
[2020-07-30 16:03:10,804] {taskinstance.py:868} INFO - 
--------------------------------------------------------------------------------
[2020-07-30 16:03:10,820] {taskinstance.py:887} INFO - Executing <Task(BashOperator): templated> on 2020-07-30T16:02:00+00:00
[2020-07-30 16:03:10,827] {standard_task_runner.py:53} INFO - Started process 26941 to run task
[2020-07-30 16:03:10,972] {logging_mixin.py:112} INFO - Running %s on host %s <TaskInstance: tutorial.templated 2020-07-30T16:02:00+00:00 [running]> 02f6ef7ded4c
[2020-07-30 16:03:11,031] {bash_operator.py:82} INFO - Tmp dir root location: 
 /tmp
[2020-07-30 16:03:11,032] {bash_operator.py:105} INFO - Temporary script location: /tmp/airflowtmpfd__amyy/templatedyh3l53c9
[2020-07-30 16:03:11,033] {bash_operator.py:115} INFO - Running command: 

    echo "2020-07-30"
    echo "2020-08-06"
    echo "Parameter I passed in"

    echo "2020-07-30"
    echo "2020-08-06"
    echo "Parameter I passed in"

    echo "2020-07-30"
    echo "2020-08-06"
    echo "Parameter I passed in"

    echo "2020-07-30"
    echo "2020-08-06"
    echo "Parameter I passed in"

    echo "2020-07-30"
    echo "2020-08-06"
    echo "Parameter I passed in"

[2020-07-30 16:03:11,047] {bash_operator.py:122} INFO - Output:
[2020-07-30 16:03:11,049] {bash_operator.py:126} INFO - 2020-07-30
[2020-07-30 16:03:11,049] {bash_operator.py:126} INFO - 2020-08-06
[2020-07-30 16:03:11,049] {bash_operator.py:126} INFO - Parameter I passed in
[2020-07-30 16:03:11,049] {bash_operator.py:126} INFO - 2020-07-30
[2020-07-30 16:03:11,049] {bash_operator.py:126} INFO - 2020-08-06
[2020-07-30 16:03:11,049] {bash_operator.py:126} INFO - Parameter I passed in
[2020-07-30 16:03:11,049] {bash_operator.py:126} INFO - 2020-07-30
[2020-07-30 16:03:11,050] {bash_operator.py:126} INFO - 2020-08-06
[2020-07-30 16:03:11,050] {bash_operator.py:126} INFO - Parameter I passed in
[2020-07-30 16:03:11,050] {bash_operator.py:126} INFO - 2020-07-30
[2020-07-30 16:03:11,050] {bash_operator.py:126} INFO - 2020-08-06
[2020-07-30 16:03:11,050] {bash_operator.py:126} INFO - Parameter I passed in
[2020-07-30 16:03:11,050] {bash_operator.py:126} INFO - 2020-07-30
[2020-07-30 16:03:11,050] {bash_operator.py:126} INFO - 2020-08-06
[2020-07-30 16:03:11,050] {bash_operator.py:126} INFO - Parameter I passed in
[2020-07-30 16:03:11,050] {bash_operator.py:130} INFO - Command exited with return code 0
[2020-07-30 16:03:11,075] {taskinstance.py:1048} INFO - Marking task as SUCCESS.dag_id=tutorial, task_id=templated, execution_date=20200730T160200, start_date=20200730T160310, end_date=20200730T160311
[2020-07-30 16:03:20,702] {logging_mixin.py:112} INFO - [2020-07-30 16:03:20,701] {local_task_job.py:103} INFO - Task exited with return code 0
