[2020-07-31 01:15:11,776] {taskinstance.py:655} INFO - Dependencies all met for <TaskInstance: tutorial.templated 2020-07-31T01:14:00+00:00 [queued]>
[2020-07-31 01:15:11,849] {taskinstance.py:655} INFO - Dependencies all met for <TaskInstance: tutorial.templated 2020-07-31T01:14:00+00:00 [queued]>
[2020-07-31 01:15:11,849] {taskinstance.py:866} INFO - 
--------------------------------------------------------------------------------
[2020-07-31 01:15:11,850] {taskinstance.py:867} INFO - Starting attempt 1 of 2
[2020-07-31 01:15:11,850] {taskinstance.py:868} INFO - 
--------------------------------------------------------------------------------
[2020-07-31 01:15:11,876] {taskinstance.py:887} INFO - Executing <Task(BashOperator): templated> on 2020-07-31T01:14:00+00:00
[2020-07-31 01:15:11,884] {standard_task_runner.py:53} INFO - Started process 15244 to run task
[2020-07-31 01:15:12,005] {logging_mixin.py:112} INFO - Running %s on host %s <TaskInstance: tutorial.templated 2020-07-31T01:14:00+00:00 [running]> 02f6ef7ded4c
[2020-07-31 01:15:12,065] {bash_operator.py:82} INFO - Tmp dir root location: 
 /tmp
[2020-07-31 01:15:12,066] {bash_operator.py:105} INFO - Temporary script location: /tmp/airflowtmp0v68sklg/templatedsuxj8wmp
[2020-07-31 01:15:12,067] {bash_operator.py:115} INFO - Running command: 

    echo "2020-07-31"
    echo "2020-08-07"
    echo "Parameter I passed in"

    echo "2020-07-31"
    echo "2020-08-07"
    echo "Parameter I passed in"

    echo "2020-07-31"
    echo "2020-08-07"
    echo "Parameter I passed in"

    echo "2020-07-31"
    echo "2020-08-07"
    echo "Parameter I passed in"

    echo "2020-07-31"
    echo "2020-08-07"
    echo "Parameter I passed in"

[2020-07-31 01:15:12,081] {bash_operator.py:122} INFO - Output:
[2020-07-31 01:15:12,084] {bash_operator.py:126} INFO - 2020-07-31
[2020-07-31 01:15:12,084] {bash_operator.py:126} INFO - 2020-08-07
[2020-07-31 01:15:12,084] {bash_operator.py:126} INFO - Parameter I passed in
[2020-07-31 01:15:12,085] {bash_operator.py:126} INFO - 2020-07-31
[2020-07-31 01:15:12,085] {bash_operator.py:126} INFO - 2020-08-07
[2020-07-31 01:15:12,085] {bash_operator.py:126} INFO - Parameter I passed in
[2020-07-31 01:15:12,085] {bash_operator.py:126} INFO - 2020-07-31
[2020-07-31 01:15:12,085] {bash_operator.py:126} INFO - 2020-08-07
[2020-07-31 01:15:12,085] {bash_operator.py:126} INFO - Parameter I passed in
[2020-07-31 01:15:12,085] {bash_operator.py:126} INFO - 2020-07-31
[2020-07-31 01:15:12,085] {bash_operator.py:126} INFO - 2020-08-07
[2020-07-31 01:15:12,086] {bash_operator.py:126} INFO - Parameter I passed in
[2020-07-31 01:15:12,086] {bash_operator.py:126} INFO - 2020-07-31
[2020-07-31 01:15:12,086] {bash_operator.py:126} INFO - 2020-08-07
[2020-07-31 01:15:12,086] {bash_operator.py:126} INFO - Parameter I passed in
[2020-07-31 01:15:12,086] {bash_operator.py:130} INFO - Command exited with return code 0
[2020-07-31 01:15:12,117] {taskinstance.py:1048} INFO - Marking task as SUCCESS.dag_id=tutorial, task_id=templated, execution_date=20200731T011400, start_date=20200731T011511, end_date=20200731T011512
[2020-07-31 01:15:21,723] {logging_mixin.py:112} INFO - [2020-07-31 01:15:21,723] {local_task_job.py:103} INFO - Task exited with return code 0
