[2020-07-31 00:46:09,676] {taskinstance.py:655} INFO - Dependencies all met for <TaskInstance: tutorial.templated 2020-07-31T00:45:00+00:00 [queued]>
[2020-07-31 00:46:09,733] {taskinstance.py:655} INFO - Dependencies all met for <TaskInstance: tutorial.templated 2020-07-31T00:45:00+00:00 [queued]>
[2020-07-31 00:46:09,734] {taskinstance.py:866} INFO - 
--------------------------------------------------------------------------------
[2020-07-31 00:46:09,734] {taskinstance.py:867} INFO - Starting attempt 1 of 2
[2020-07-31 00:46:09,734] {taskinstance.py:868} INFO - 
--------------------------------------------------------------------------------
[2020-07-31 00:46:09,762] {taskinstance.py:887} INFO - Executing <Task(BashOperator): templated> on 2020-07-31T00:45:00+00:00
[2020-07-31 00:46:09,769] {standard_task_runner.py:53} INFO - Started process 27845 to run task
[2020-07-31 00:46:09,904] {logging_mixin.py:112} INFO - Running %s on host %s <TaskInstance: tutorial.templated 2020-07-31T00:45:00+00:00 [running]> 02f6ef7ded4c
[2020-07-31 00:46:09,975] {bash_operator.py:82} INFO - Tmp dir root location: 
 /tmp
[2020-07-31 00:46:09,977] {bash_operator.py:105} INFO - Temporary script location: /tmp/airflowtmph2red8rd/templateda6b6e3m9
[2020-07-31 00:46:09,977] {bash_operator.py:115} INFO - Running command: 

    echo "2020-07-31"
    echo "2020-08-07"
    echo "Parameter I passed in"

    echo "2020-07-31"
    echo "2020-08-07"
    echo "Parameter I passed in"

    echo "2020-07-31"
    echo "2020-08-07"
    echo "Parameter I passed in"

    echo "2020-07-31"
    echo "2020-08-07"
    echo "Parameter I passed in"

    echo "2020-07-31"
    echo "2020-08-07"
    echo "Parameter I passed in"

[2020-07-31 00:46:09,995] {bash_operator.py:122} INFO - Output:
[2020-07-31 00:46:09,998] {bash_operator.py:126} INFO - 2020-07-31
[2020-07-31 00:46:09,998] {bash_operator.py:126} INFO - 2020-08-07
[2020-07-31 00:46:09,998] {bash_operator.py:126} INFO - Parameter I passed in
[2020-07-31 00:46:09,999] {bash_operator.py:126} INFO - 2020-07-31
[2020-07-31 00:46:09,999] {bash_operator.py:126} INFO - 2020-08-07
[2020-07-31 00:46:09,999] {bash_operator.py:126} INFO - Parameter I passed in
[2020-07-31 00:46:09,999] {bash_operator.py:126} INFO - 2020-07-31
[2020-07-31 00:46:09,999] {bash_operator.py:126} INFO - 2020-08-07
[2020-07-31 00:46:09,999] {bash_operator.py:126} INFO - Parameter I passed in
[2020-07-31 00:46:09,999] {bash_operator.py:126} INFO - 2020-07-31
[2020-07-31 00:46:09,999] {bash_operator.py:126} INFO - 2020-08-07
[2020-07-31 00:46:09,999] {bash_operator.py:126} INFO - Parameter I passed in
[2020-07-31 00:46:09,999] {bash_operator.py:126} INFO - 2020-07-31
[2020-07-31 00:46:09,999] {bash_operator.py:126} INFO - 2020-08-07
[2020-07-31 00:46:09,999] {bash_operator.py:126} INFO - Parameter I passed in
[2020-07-31 00:46:10,000] {bash_operator.py:130} INFO - Command exited with return code 0
[2020-07-31 00:46:10,023] {taskinstance.py:1048} INFO - Marking task as SUCCESS.dag_id=tutorial, task_id=templated, execution_date=20200731T004500, start_date=20200731T004609, end_date=20200731T004610
[2020-07-31 00:46:19,634] {logging_mixin.py:112} INFO - [2020-07-31 00:46:19,633] {local_task_job.py:103} INFO - Task exited with return code 0
