[2020-07-30 16:29:12,809] {taskinstance.py:655} INFO - Dependencies all met for <TaskInstance: tutorial.templated 2020-07-30T16:28:00+00:00 [queued]>
[2020-07-30 16:29:12,855] {taskinstance.py:655} INFO - Dependencies all met for <TaskInstance: tutorial.templated 2020-07-30T16:28:00+00:00 [queued]>
[2020-07-30 16:29:12,855] {taskinstance.py:866} INFO - 
--------------------------------------------------------------------------------
[2020-07-30 16:29:12,855] {taskinstance.py:867} INFO - Starting attempt 1 of 2
[2020-07-30 16:29:12,855] {taskinstance.py:868} INFO - 
--------------------------------------------------------------------------------
[2020-07-30 16:29:12,885] {taskinstance.py:887} INFO - Executing <Task(BashOperator): templated> on 2020-07-30T16:28:00+00:00
[2020-07-30 16:29:12,894] {standard_task_runner.py:53} INFO - Started process 12291 to run task
[2020-07-30 16:29:13,030] {logging_mixin.py:112} INFO - Running %s on host %s <TaskInstance: tutorial.templated 2020-07-30T16:28:00+00:00 [running]> 02f6ef7ded4c
[2020-07-30 16:29:13,096] {bash_operator.py:82} INFO - Tmp dir root location: 
 /tmp
[2020-07-30 16:29:13,097] {bash_operator.py:105} INFO - Temporary script location: /tmp/airflowtmp0vaky2pa/templated4d4s2r8i
[2020-07-30 16:29:13,098] {bash_operator.py:115} INFO - Running command: 

    echo "2020-07-30"
    echo "2020-08-06"
    echo "Parameter I passed in"

    echo "2020-07-30"
    echo "2020-08-06"
    echo "Parameter I passed in"

    echo "2020-07-30"
    echo "2020-08-06"
    echo "Parameter I passed in"

    echo "2020-07-30"
    echo "2020-08-06"
    echo "Parameter I passed in"

    echo "2020-07-30"
    echo "2020-08-06"
    echo "Parameter I passed in"

[2020-07-30 16:29:13,114] {bash_operator.py:122} INFO - Output:
[2020-07-30 16:29:13,116] {bash_operator.py:126} INFO - 2020-07-30
[2020-07-30 16:29:13,116] {bash_operator.py:126} INFO - 2020-08-06
[2020-07-30 16:29:13,116] {bash_operator.py:126} INFO - Parameter I passed in
[2020-07-30 16:29:13,116] {bash_operator.py:126} INFO - 2020-07-30
[2020-07-30 16:29:13,116] {bash_operator.py:126} INFO - 2020-08-06
[2020-07-30 16:29:13,116] {bash_operator.py:126} INFO - Parameter I passed in
[2020-07-30 16:29:13,117] {bash_operator.py:126} INFO - 2020-07-30
[2020-07-30 16:29:13,117] {bash_operator.py:126} INFO - 2020-08-06
[2020-07-30 16:29:13,117] {bash_operator.py:126} INFO - Parameter I passed in
[2020-07-30 16:29:13,117] {bash_operator.py:126} INFO - 2020-07-30
[2020-07-30 16:29:13,117] {bash_operator.py:126} INFO - 2020-08-06
[2020-07-30 16:29:13,117] {bash_operator.py:126} INFO - Parameter I passed in
[2020-07-30 16:29:13,117] {bash_operator.py:126} INFO - 2020-07-30
[2020-07-30 16:29:13,117] {bash_operator.py:126} INFO - 2020-08-06
[2020-07-30 16:29:13,117] {bash_operator.py:126} INFO - Parameter I passed in
[2020-07-30 16:29:13,118] {bash_operator.py:130} INFO - Command exited with return code 0
[2020-07-30 16:29:13,147] {taskinstance.py:1048} INFO - Marking task as SUCCESS.dag_id=tutorial, task_id=templated, execution_date=20200730T162800, start_date=20200730T162912, end_date=20200730T162913
[2020-07-30 16:29:22,775] {logging_mixin.py:112} INFO - [2020-07-30 16:29:22,774] {local_task_job.py:103} INFO - Task exited with return code 0
