[2020-07-31 03:16:16,255] {taskinstance.py:655} INFO - Dependencies all met for <TaskInstance: tutorial.templated 2020-07-31T03:15:00+00:00 [queued]>
[2020-07-31 03:16:16,302] {taskinstance.py:655} INFO - Dependencies all met for <TaskInstance: tutorial.templated 2020-07-31T03:15:00+00:00 [queued]>
[2020-07-31 03:16:16,303] {taskinstance.py:866} INFO - 
--------------------------------------------------------------------------------
[2020-07-31 03:16:16,303] {taskinstance.py:867} INFO - Starting attempt 1 of 2
[2020-07-31 03:16:16,303] {taskinstance.py:868} INFO - 
--------------------------------------------------------------------------------
[2020-07-31 03:16:16,343] {taskinstance.py:887} INFO - Executing <Task(BashOperator): templated> on 2020-07-31T03:15:00+00:00
[2020-07-31 03:16:16,350] {standard_task_runner.py:53} INFO - Started process 695 to run task
[2020-07-31 03:16:16,484] {logging_mixin.py:112} INFO - Running %s on host %s <TaskInstance: tutorial.templated 2020-07-31T03:15:00+00:00 [running]> 02f6ef7ded4c
[2020-07-31 03:16:16,548] {bash_operator.py:82} INFO - Tmp dir root location: 
 /tmp
[2020-07-31 03:16:16,550] {bash_operator.py:105} INFO - Temporary script location: /tmp/airflowtmpxh9ltxqo/templatedh38lvseh
[2020-07-31 03:16:16,550] {bash_operator.py:115} INFO - Running command: 

    echo "2020-07-31"
    echo "2020-08-07"
    echo "Parameter I passed in"

    echo "2020-07-31"
    echo "2020-08-07"
    echo "Parameter I passed in"

    echo "2020-07-31"
    echo "2020-08-07"
    echo "Parameter I passed in"

    echo "2020-07-31"
    echo "2020-08-07"
    echo "Parameter I passed in"

    echo "2020-07-31"
    echo "2020-08-07"
    echo "Parameter I passed in"

[2020-07-31 03:16:16,565] {bash_operator.py:122} INFO - Output:
[2020-07-31 03:16:16,567] {bash_operator.py:126} INFO - 2020-07-31
[2020-07-31 03:16:16,567] {bash_operator.py:126} INFO - 2020-08-07
[2020-07-31 03:16:16,567] {bash_operator.py:126} INFO - Parameter I passed in
[2020-07-31 03:16:16,567] {bash_operator.py:126} INFO - 2020-07-31
[2020-07-31 03:16:16,567] {bash_operator.py:126} INFO - 2020-08-07
[2020-07-31 03:16:16,567] {bash_operator.py:126} INFO - Parameter I passed in
[2020-07-31 03:16:16,567] {bash_operator.py:126} INFO - 2020-07-31
[2020-07-31 03:16:16,567] {bash_operator.py:126} INFO - 2020-08-07
[2020-07-31 03:16:16,567] {bash_operator.py:126} INFO - Parameter I passed in
[2020-07-31 03:16:16,567] {bash_operator.py:126} INFO - 2020-07-31
[2020-07-31 03:16:16,567] {bash_operator.py:126} INFO - 2020-08-07
[2020-07-31 03:16:16,568] {bash_operator.py:126} INFO - Parameter I passed in
[2020-07-31 03:16:16,568] {bash_operator.py:126} INFO - 2020-07-31
[2020-07-31 03:16:16,568] {bash_operator.py:126} INFO - 2020-08-07
[2020-07-31 03:16:16,568] {bash_operator.py:126} INFO - Parameter I passed in
[2020-07-31 03:16:16,568] {bash_operator.py:130} INFO - Command exited with return code 0
[2020-07-31 03:16:16,593] {taskinstance.py:1048} INFO - Marking task as SUCCESS.dag_id=tutorial, task_id=templated, execution_date=20200731T031500, start_date=20200731T031616, end_date=20200731T031616
[2020-07-31 03:16:26,223] {logging_mixin.py:112} INFO - [2020-07-31 03:16:26,222] {local_task_job.py:103} INFO - Task exited with return code 0
