[2020-07-31 02:35:11,315] {taskinstance.py:655} INFO - Dependencies all met for <TaskInstance: tutorial.templated 2020-07-31T02:34:00+00:00 [queued]>
[2020-07-31 02:35:11,352] {taskinstance.py:655} INFO - Dependencies all met for <TaskInstance: tutorial.templated 2020-07-31T02:34:00+00:00 [queued]>
[2020-07-31 02:35:11,353] {taskinstance.py:866} INFO - 
--------------------------------------------------------------------------------
[2020-07-31 02:35:11,353] {taskinstance.py:867} INFO - Starting attempt 1 of 2
[2020-07-31 02:35:11,353] {taskinstance.py:868} INFO - 
--------------------------------------------------------------------------------
[2020-07-31 02:35:11,383] {taskinstance.py:887} INFO - Executing <Task(BashOperator): templated> on 2020-07-31T02:34:00+00:00
[2020-07-31 02:35:11,391] {standard_task_runner.py:53} INFO - Started process 5049 to run task
[2020-07-31 02:35:11,499] {logging_mixin.py:112} INFO - Running %s on host %s <TaskInstance: tutorial.templated 2020-07-31T02:34:00+00:00 [running]> 02f6ef7ded4c
[2020-07-31 02:35:11,573] {bash_operator.py:82} INFO - Tmp dir root location: 
 /tmp
[2020-07-31 02:35:11,575] {bash_operator.py:105} INFO - Temporary script location: /tmp/airflowtmpiyicd5cv/templatedkp40m4wa
[2020-07-31 02:35:11,575] {bash_operator.py:115} INFO - Running command: 

    echo "2020-07-31"
    echo "2020-08-07"
    echo "Parameter I passed in"

    echo "2020-07-31"
    echo "2020-08-07"
    echo "Parameter I passed in"

    echo "2020-07-31"
    echo "2020-08-07"
    echo "Parameter I passed in"

    echo "2020-07-31"
    echo "2020-08-07"
    echo "Parameter I passed in"

    echo "2020-07-31"
    echo "2020-08-07"
    echo "Parameter I passed in"

[2020-07-31 02:35:11,593] {bash_operator.py:122} INFO - Output:
[2020-07-31 02:35:11,596] {bash_operator.py:126} INFO - 2020-07-31
[2020-07-31 02:35:11,597] {bash_operator.py:126} INFO - 2020-08-07
[2020-07-31 02:35:11,597] {bash_operator.py:126} INFO - Parameter I passed in
[2020-07-31 02:35:11,597] {bash_operator.py:126} INFO - 2020-07-31
[2020-07-31 02:35:11,597] {bash_operator.py:126} INFO - 2020-08-07
[2020-07-31 02:35:11,598] {bash_operator.py:126} INFO - Parameter I passed in
[2020-07-31 02:35:11,598] {bash_operator.py:126} INFO - 2020-07-31
[2020-07-31 02:35:11,598] {bash_operator.py:126} INFO - 2020-08-07
[2020-07-31 02:35:11,598] {bash_operator.py:126} INFO - Parameter I passed in
[2020-07-31 02:35:11,599] {bash_operator.py:126} INFO - 2020-07-31
[2020-07-31 02:35:11,599] {bash_operator.py:126} INFO - 2020-08-07
[2020-07-31 02:35:11,599] {bash_operator.py:126} INFO - Parameter I passed in
[2020-07-31 02:35:11,599] {bash_operator.py:126} INFO - 2020-07-31
[2020-07-31 02:35:11,599] {bash_operator.py:126} INFO - 2020-08-07
[2020-07-31 02:35:11,599] {bash_operator.py:126} INFO - Parameter I passed in
[2020-07-31 02:35:11,600] {bash_operator.py:130} INFO - Command exited with return code 0
[2020-07-31 02:35:11,633] {taskinstance.py:1048} INFO - Marking task as SUCCESS.dag_id=tutorial, task_id=templated, execution_date=20200731T023400, start_date=20200731T023511, end_date=20200731T023511
[2020-07-31 02:35:21,259] {logging_mixin.py:112} INFO - [2020-07-31 02:35:21,258] {local_task_job.py:103} INFO - Task exited with return code 0
