[2020-07-30 17:08:15,405] {taskinstance.py:655} INFO - Dependencies all met for <TaskInstance: tutorial.templated 2020-07-30T17:07:00+00:00 [queued]>
[2020-07-30 17:08:15,464] {taskinstance.py:655} INFO - Dependencies all met for <TaskInstance: tutorial.templated 2020-07-30T17:07:00+00:00 [queued]>
[2020-07-30 17:08:15,465] {taskinstance.py:866} INFO - 
--------------------------------------------------------------------------------
[2020-07-30 17:08:15,465] {taskinstance.py:867} INFO - Starting attempt 1 of 2
[2020-07-30 17:08:15,465] {taskinstance.py:868} INFO - 
--------------------------------------------------------------------------------
[2020-07-30 17:08:15,507] {taskinstance.py:887} INFO - Executing <Task(BashOperator): templated> on 2020-07-30T17:07:00+00:00
[2020-07-30 17:08:15,513] {standard_task_runner.py:53} INFO - Started process 6552 to run task
[2020-07-30 17:08:15,641] {logging_mixin.py:112} INFO - Running %s on host %s <TaskInstance: tutorial.templated 2020-07-30T17:07:00+00:00 [running]> 02f6ef7ded4c
[2020-07-30 17:08:15,710] {bash_operator.py:82} INFO - Tmp dir root location: 
 /tmp
[2020-07-30 17:08:15,711] {bash_operator.py:105} INFO - Temporary script location: /tmp/airflowtmp37r9mi20/templatedwlcvq5y8
[2020-07-30 17:08:15,711] {bash_operator.py:115} INFO - Running command: 

    echo "2020-07-30"
    echo "2020-08-06"
    echo "Parameter I passed in"

    echo "2020-07-30"
    echo "2020-08-06"
    echo "Parameter I passed in"

    echo "2020-07-30"
    echo "2020-08-06"
    echo "Parameter I passed in"

    echo "2020-07-30"
    echo "2020-08-06"
    echo "Parameter I passed in"

    echo "2020-07-30"
    echo "2020-08-06"
    echo "Parameter I passed in"

[2020-07-30 17:08:15,726] {bash_operator.py:122} INFO - Output:
[2020-07-30 17:08:15,728] {bash_operator.py:126} INFO - 2020-07-30
[2020-07-30 17:08:15,728] {bash_operator.py:126} INFO - 2020-08-06
[2020-07-30 17:08:15,728] {bash_operator.py:126} INFO - Parameter I passed in
[2020-07-30 17:08:15,728] {bash_operator.py:126} INFO - 2020-07-30
[2020-07-30 17:08:15,728] {bash_operator.py:126} INFO - 2020-08-06
[2020-07-30 17:08:15,728] {bash_operator.py:126} INFO - Parameter I passed in
[2020-07-30 17:08:15,729] {bash_operator.py:126} INFO - 2020-07-30
[2020-07-30 17:08:15,729] {bash_operator.py:126} INFO - 2020-08-06
[2020-07-30 17:08:15,729] {bash_operator.py:126} INFO - Parameter I passed in
[2020-07-30 17:08:15,729] {bash_operator.py:126} INFO - 2020-07-30
[2020-07-30 17:08:15,729] {bash_operator.py:126} INFO - 2020-08-06
[2020-07-30 17:08:15,729] {bash_operator.py:126} INFO - Parameter I passed in
[2020-07-30 17:08:15,729] {bash_operator.py:126} INFO - 2020-07-30
[2020-07-30 17:08:15,729] {bash_operator.py:126} INFO - 2020-08-06
[2020-07-30 17:08:15,729] {bash_operator.py:126} INFO - Parameter I passed in
[2020-07-30 17:08:15,729] {bash_operator.py:130} INFO - Command exited with return code 0
[2020-07-30 17:08:15,753] {taskinstance.py:1048} INFO - Marking task as SUCCESS.dag_id=tutorial, task_id=templated, execution_date=20200730T170700, start_date=20200730T170815, end_date=20200730T170815
[2020-07-30 17:08:25,355] {logging_mixin.py:112} INFO - [2020-07-30 17:08:25,354] {local_task_job.py:103} INFO - Task exited with return code 0
