[2020-07-31 04:27:11,367] {taskinstance.py:655} INFO - Dependencies all met for <TaskInstance: tutorial.templated 2020-07-31T04:26:00+00:00 [queued]>
[2020-07-31 04:27:11,422] {taskinstance.py:655} INFO - Dependencies all met for <TaskInstance: tutorial.templated 2020-07-31T04:26:00+00:00 [queued]>
[2020-07-31 04:27:11,422] {taskinstance.py:866} INFO - 
--------------------------------------------------------------------------------
[2020-07-31 04:27:11,423] {taskinstance.py:867} INFO - Starting attempt 1 of 2
[2020-07-31 04:27:11,423] {taskinstance.py:868} INFO - 
--------------------------------------------------------------------------------
[2020-07-31 04:27:11,450] {taskinstance.py:887} INFO - Executing <Task(BashOperator): templated> on 2020-07-31T04:26:00+00:00
[2020-07-31 04:27:11,455] {standard_task_runner.py:53} INFO - Started process 16781 to run task
[2020-07-31 04:27:11,601] {logging_mixin.py:112} INFO - Running %s on host %s <TaskInstance: tutorial.templated 2020-07-31T04:26:00+00:00 [running]> 02f6ef7ded4c
[2020-07-31 04:27:11,659] {bash_operator.py:82} INFO - Tmp dir root location: 
 /tmp
[2020-07-31 04:27:11,660] {bash_operator.py:105} INFO - Temporary script location: /tmp/airflowtmplu4a22un/templated474xwesr
[2020-07-31 04:27:11,660] {bash_operator.py:115} INFO - Running command: 

    echo "2020-07-31"
    echo "2020-08-07"
    echo "Parameter I passed in"

    echo "2020-07-31"
    echo "2020-08-07"
    echo "Parameter I passed in"

    echo "2020-07-31"
    echo "2020-08-07"
    echo "Parameter I passed in"

    echo "2020-07-31"
    echo "2020-08-07"
    echo "Parameter I passed in"

    echo "2020-07-31"
    echo "2020-08-07"
    echo "Parameter I passed in"

[2020-07-31 04:27:11,674] {bash_operator.py:122} INFO - Output:
[2020-07-31 04:27:11,676] {bash_operator.py:126} INFO - 2020-07-31
[2020-07-31 04:27:11,676] {bash_operator.py:126} INFO - 2020-08-07
[2020-07-31 04:27:11,676] {bash_operator.py:126} INFO - Parameter I passed in
[2020-07-31 04:27:11,676] {bash_operator.py:126} INFO - 2020-07-31
[2020-07-31 04:27:11,676] {bash_operator.py:126} INFO - 2020-08-07
[2020-07-31 04:27:11,676] {bash_operator.py:126} INFO - Parameter I passed in
[2020-07-31 04:27:11,677] {bash_operator.py:126} INFO - 2020-07-31
[2020-07-31 04:27:11,677] {bash_operator.py:126} INFO - 2020-08-07
[2020-07-31 04:27:11,677] {bash_operator.py:126} INFO - Parameter I passed in
[2020-07-31 04:27:11,677] {bash_operator.py:126} INFO - 2020-07-31
[2020-07-31 04:27:11,677] {bash_operator.py:126} INFO - 2020-08-07
[2020-07-31 04:27:11,677] {bash_operator.py:126} INFO - Parameter I passed in
[2020-07-31 04:27:11,677] {bash_operator.py:126} INFO - 2020-07-31
[2020-07-31 04:27:11,677] {bash_operator.py:126} INFO - 2020-08-07
[2020-07-31 04:27:11,677] {bash_operator.py:126} INFO - Parameter I passed in
[2020-07-31 04:27:11,678] {bash_operator.py:130} INFO - Command exited with return code 0
[2020-07-31 04:27:11,705] {taskinstance.py:1048} INFO - Marking task as SUCCESS.dag_id=tutorial, task_id=templated, execution_date=20200731T042600, start_date=20200731T042711, end_date=20200731T042711
[2020-07-31 04:27:21,323] {logging_mixin.py:112} INFO - [2020-07-31 04:27:21,322] {local_task_job.py:103} INFO - Task exited with return code 0
