[2020-07-30 16:57:14,653] {taskinstance.py:655} INFO - Dependencies all met for <TaskInstance: tutorial.templated 2020-07-30T16:56:00+00:00 [queued]>
[2020-07-30 16:57:14,692] {taskinstance.py:655} INFO - Dependencies all met for <TaskInstance: tutorial.templated 2020-07-30T16:56:00+00:00 [queued]>
[2020-07-30 16:57:14,693] {taskinstance.py:866} INFO - 
--------------------------------------------------------------------------------
[2020-07-30 16:57:14,693] {taskinstance.py:867} INFO - Starting attempt 1 of 2
[2020-07-30 16:57:14,693] {taskinstance.py:868} INFO - 
--------------------------------------------------------------------------------
[2020-07-30 16:57:14,721] {taskinstance.py:887} INFO - Executing <Task(BashOperator): templated> on 2020-07-30T16:56:00+00:00
[2020-07-30 16:57:14,727] {standard_task_runner.py:53} INFO - Started process 31481 to run task
[2020-07-30 16:57:14,869] {logging_mixin.py:112} INFO - Running %s on host %s <TaskInstance: tutorial.templated 2020-07-30T16:56:00+00:00 [running]> 02f6ef7ded4c
[2020-07-30 16:57:14,945] {bash_operator.py:82} INFO - Tmp dir root location: 
 /tmp
[2020-07-30 16:57:14,947] {bash_operator.py:105} INFO - Temporary script location: /tmp/airflowtmp3x4oa7s5/templatedtfwayunq
[2020-07-30 16:57:14,947] {bash_operator.py:115} INFO - Running command: 

    echo "2020-07-30"
    echo "2020-08-06"
    echo "Parameter I passed in"

    echo "2020-07-30"
    echo "2020-08-06"
    echo "Parameter I passed in"

    echo "2020-07-30"
    echo "2020-08-06"
    echo "Parameter I passed in"

    echo "2020-07-30"
    echo "2020-08-06"
    echo "Parameter I passed in"

    echo "2020-07-30"
    echo "2020-08-06"
    echo "Parameter I passed in"

[2020-07-30 16:57:14,960] {bash_operator.py:122} INFO - Output:
[2020-07-30 16:57:14,962] {bash_operator.py:126} INFO - 2020-07-30
[2020-07-30 16:57:14,962] {bash_operator.py:126} INFO - 2020-08-06
[2020-07-30 16:57:14,962] {bash_operator.py:126} INFO - Parameter I passed in
[2020-07-30 16:57:14,962] {bash_operator.py:126} INFO - 2020-07-30
[2020-07-30 16:57:14,962] {bash_operator.py:126} INFO - 2020-08-06
[2020-07-30 16:57:14,962] {bash_operator.py:126} INFO - Parameter I passed in
[2020-07-30 16:57:14,962] {bash_operator.py:126} INFO - 2020-07-30
[2020-07-30 16:57:14,962] {bash_operator.py:126} INFO - 2020-08-06
[2020-07-30 16:57:14,962] {bash_operator.py:126} INFO - Parameter I passed in
[2020-07-30 16:57:14,962] {bash_operator.py:126} INFO - 2020-07-30
[2020-07-30 16:57:14,962] {bash_operator.py:126} INFO - 2020-08-06
[2020-07-30 16:57:14,962] {bash_operator.py:126} INFO - Parameter I passed in
[2020-07-30 16:57:14,962] {bash_operator.py:126} INFO - 2020-07-30
[2020-07-30 16:57:14,962] {bash_operator.py:126} INFO - 2020-08-06
[2020-07-30 16:57:14,963] {bash_operator.py:126} INFO - Parameter I passed in
[2020-07-30 16:57:14,963] {bash_operator.py:130} INFO - Command exited with return code 0
[2020-07-30 16:57:14,985] {taskinstance.py:1048} INFO - Marking task as SUCCESS.dag_id=tutorial, task_id=templated, execution_date=20200730T165600, start_date=20200730T165714, end_date=20200730T165714
[2020-07-30 16:57:24,599] {logging_mixin.py:112} INFO - [2020-07-30 16:57:24,598] {local_task_job.py:103} INFO - Task exited with return code 0
