[2020-07-31 03:34:13,672] {taskinstance.py:655} INFO - Dependencies all met for <TaskInstance: tutorial.templated 2020-07-31T03:33:00+00:00 [queued]>
[2020-07-31 03:34:13,721] {taskinstance.py:655} INFO - Dependencies all met for <TaskInstance: tutorial.templated 2020-07-31T03:33:00+00:00 [queued]>
[2020-07-31 03:34:13,721] {taskinstance.py:866} INFO - 
--------------------------------------------------------------------------------
[2020-07-31 03:34:13,721] {taskinstance.py:867} INFO - Starting attempt 1 of 2
[2020-07-31 03:34:13,721] {taskinstance.py:868} INFO - 
--------------------------------------------------------------------------------
[2020-07-31 03:34:13,752] {taskinstance.py:887} INFO - Executing <Task(BashOperator): templated> on 2020-07-31T03:33:00+00:00
[2020-07-31 03:34:13,759] {standard_task_runner.py:53} INFO - Started process 12984 to run task
[2020-07-31 03:34:13,893] {logging_mixin.py:112} INFO - Running %s on host %s <TaskInstance: tutorial.templated 2020-07-31T03:33:00+00:00 [running]> 02f6ef7ded4c
[2020-07-31 03:34:13,954] {bash_operator.py:82} INFO - Tmp dir root location: 
 /tmp
[2020-07-31 03:34:13,956] {bash_operator.py:105} INFO - Temporary script location: /tmp/airflowtmp1ftkr3ob/templatedby5nv5s7
[2020-07-31 03:34:13,956] {bash_operator.py:115} INFO - Running command: 

    echo "2020-07-31"
    echo "2020-08-07"
    echo "Parameter I passed in"

    echo "2020-07-31"
    echo "2020-08-07"
    echo "Parameter I passed in"

    echo "2020-07-31"
    echo "2020-08-07"
    echo "Parameter I passed in"

    echo "2020-07-31"
    echo "2020-08-07"
    echo "Parameter I passed in"

    echo "2020-07-31"
    echo "2020-08-07"
    echo "Parameter I passed in"

[2020-07-31 03:34:13,973] {bash_operator.py:122} INFO - Output:
[2020-07-31 03:34:13,974] {bash_operator.py:126} INFO - 2020-07-31
[2020-07-31 03:34:13,975] {bash_operator.py:126} INFO - 2020-08-07
[2020-07-31 03:34:13,975] {bash_operator.py:126} INFO - Parameter I passed in
[2020-07-31 03:34:13,975] {bash_operator.py:126} INFO - 2020-07-31
[2020-07-31 03:34:13,975] {bash_operator.py:126} INFO - 2020-08-07
[2020-07-31 03:34:13,975] {bash_operator.py:126} INFO - Parameter I passed in
[2020-07-31 03:34:13,975] {bash_operator.py:126} INFO - 2020-07-31
[2020-07-31 03:34:13,975] {bash_operator.py:126} INFO - 2020-08-07
[2020-07-31 03:34:13,975] {bash_operator.py:126} INFO - Parameter I passed in
[2020-07-31 03:34:13,975] {bash_operator.py:126} INFO - 2020-07-31
[2020-07-31 03:34:13,975] {bash_operator.py:126} INFO - 2020-08-07
[2020-07-31 03:34:13,975] {bash_operator.py:126} INFO - Parameter I passed in
[2020-07-31 03:34:13,975] {bash_operator.py:126} INFO - 2020-07-31
[2020-07-31 03:34:13,975] {bash_operator.py:126} INFO - 2020-08-07
[2020-07-31 03:34:13,975] {bash_operator.py:126} INFO - Parameter I passed in
[2020-07-31 03:34:13,976] {bash_operator.py:130} INFO - Command exited with return code 0
[2020-07-31 03:34:13,999] {taskinstance.py:1048} INFO - Marking task as SUCCESS.dag_id=tutorial, task_id=templated, execution_date=20200731T033300, start_date=20200731T033413, end_date=20200731T033413
[2020-07-31 03:34:23,599] {logging_mixin.py:112} INFO - [2020-07-31 03:34:23,598] {local_task_job.py:103} INFO - Task exited with return code 0
