[2020-07-30 15:02:14,219] {taskinstance.py:655} INFO - Dependencies all met for <TaskInstance: tutorial.templated 2020-07-30T15:01:00+00:00 [queued]>
[2020-07-30 15:02:14,278] {taskinstance.py:655} INFO - Dependencies all met for <TaskInstance: tutorial.templated 2020-07-30T15:01:00+00:00 [queued]>
[2020-07-30 15:02:14,278] {taskinstance.py:866} INFO - 
--------------------------------------------------------------------------------
[2020-07-30 15:02:14,278] {taskinstance.py:867} INFO - Starting attempt 1 of 2
[2020-07-30 15:02:14,278] {taskinstance.py:868} INFO - 
--------------------------------------------------------------------------------
[2020-07-30 15:02:14,295] {taskinstance.py:887} INFO - Executing <Task(BashOperator): templated> on 2020-07-30T15:01:00+00:00
[2020-07-30 15:02:14,302] {standard_task_runner.py:53} INFO - Started process 17678 to run task
[2020-07-30 15:02:14,419] {logging_mixin.py:112} INFO - Running %s on host %s <TaskInstance: tutorial.templated 2020-07-30T15:01:00+00:00 [running]> 02f6ef7ded4c
[2020-07-30 15:02:14,481] {bash_operator.py:82} INFO - Tmp dir root location: 
 /tmp
[2020-07-30 15:02:14,482] {bash_operator.py:105} INFO - Temporary script location: /tmp/airflowtmpoc6jnqhi/templateda7rdvkb1
[2020-07-30 15:02:14,483] {bash_operator.py:115} INFO - Running command: 

    echo "2020-07-30"
    echo "2020-08-06"
    echo "Parameter I passed in"

    echo "2020-07-30"
    echo "2020-08-06"
    echo "Parameter I passed in"

    echo "2020-07-30"
    echo "2020-08-06"
    echo "Parameter I passed in"

    echo "2020-07-30"
    echo "2020-08-06"
    echo "Parameter I passed in"

    echo "2020-07-30"
    echo "2020-08-06"
    echo "Parameter I passed in"

[2020-07-30 15:02:14,497] {bash_operator.py:122} INFO - Output:
[2020-07-30 15:02:14,499] {bash_operator.py:126} INFO - 2020-07-30
[2020-07-30 15:02:14,500] {bash_operator.py:126} INFO - 2020-08-06
[2020-07-30 15:02:14,500] {bash_operator.py:126} INFO - Parameter I passed in
[2020-07-30 15:02:14,500] {bash_operator.py:126} INFO - 2020-07-30
[2020-07-30 15:02:14,500] {bash_operator.py:126} INFO - 2020-08-06
[2020-07-30 15:02:14,500] {bash_operator.py:126} INFO - Parameter I passed in
[2020-07-30 15:02:14,500] {bash_operator.py:126} INFO - 2020-07-30
[2020-07-30 15:02:14,500] {bash_operator.py:126} INFO - 2020-08-06
[2020-07-30 15:02:14,500] {bash_operator.py:126} INFO - Parameter I passed in
[2020-07-30 15:02:14,500] {bash_operator.py:126} INFO - 2020-07-30
[2020-07-30 15:02:14,500] {bash_operator.py:126} INFO - 2020-08-06
[2020-07-30 15:02:14,500] {bash_operator.py:126} INFO - Parameter I passed in
[2020-07-30 15:02:14,500] {bash_operator.py:126} INFO - 2020-07-30
[2020-07-30 15:02:14,500] {bash_operator.py:126} INFO - 2020-08-06
[2020-07-30 15:02:14,500] {bash_operator.py:126} INFO - Parameter I passed in
[2020-07-30 15:02:14,501] {bash_operator.py:130} INFO - Command exited with return code 0
[2020-07-30 15:02:14,522] {taskinstance.py:1048} INFO - Marking task as SUCCESS.dag_id=tutorial, task_id=templated, execution_date=20200730T150100, start_date=20200730T150214, end_date=20200730T150214
[2020-07-30 15:02:24,167] {logging_mixin.py:112} INFO - [2020-07-30 15:02:24,166] {local_task_job.py:103} INFO - Task exited with return code 0
