[2020-07-30 16:44:13,754] {taskinstance.py:655} INFO - Dependencies all met for <TaskInstance: tutorial.templated 2020-07-30T16:43:00+00:00 [queued]>
[2020-07-30 16:44:13,805] {taskinstance.py:655} INFO - Dependencies all met for <TaskInstance: tutorial.templated 2020-07-30T16:43:00+00:00 [queued]>
[2020-07-30 16:44:13,805] {taskinstance.py:866} INFO - 
--------------------------------------------------------------------------------
[2020-07-30 16:44:13,806] {taskinstance.py:867} INFO - Starting attempt 1 of 2
[2020-07-30 16:44:13,806] {taskinstance.py:868} INFO - 
--------------------------------------------------------------------------------
[2020-07-30 16:44:13,836] {taskinstance.py:887} INFO - Executing <Task(BashOperator): templated> on 2020-07-30T16:43:00+00:00
[2020-07-30 16:44:13,844] {standard_task_runner.py:53} INFO - Started process 22576 to run task
[2020-07-30 16:44:13,993] {logging_mixin.py:112} INFO - Running %s on host %s <TaskInstance: tutorial.templated 2020-07-30T16:43:00+00:00 [running]> 02f6ef7ded4c
[2020-07-30 16:44:14,061] {bash_operator.py:82} INFO - Tmp dir root location: 
 /tmp
[2020-07-30 16:44:14,063] {bash_operator.py:105} INFO - Temporary script location: /tmp/airflowtmpy3egqym3/templatedgw_6mqlm
[2020-07-30 16:44:14,063] {bash_operator.py:115} INFO - Running command: 

    echo "2020-07-30"
    echo "2020-08-06"
    echo "Parameter I passed in"

    echo "2020-07-30"
    echo "2020-08-06"
    echo "Parameter I passed in"

    echo "2020-07-30"
    echo "2020-08-06"
    echo "Parameter I passed in"

    echo "2020-07-30"
    echo "2020-08-06"
    echo "Parameter I passed in"

    echo "2020-07-30"
    echo "2020-08-06"
    echo "Parameter I passed in"

[2020-07-30 16:44:14,078] {bash_operator.py:122} INFO - Output:
[2020-07-30 16:44:14,080] {bash_operator.py:126} INFO - 2020-07-30
[2020-07-30 16:44:14,081] {bash_operator.py:126} INFO - 2020-08-06
[2020-07-30 16:44:14,081] {bash_operator.py:126} INFO - Parameter I passed in
[2020-07-30 16:44:14,081] {bash_operator.py:126} INFO - 2020-07-30
[2020-07-30 16:44:14,081] {bash_operator.py:126} INFO - 2020-08-06
[2020-07-30 16:44:14,081] {bash_operator.py:126} INFO - Parameter I passed in
[2020-07-30 16:44:14,081] {bash_operator.py:126} INFO - 2020-07-30
[2020-07-30 16:44:14,081] {bash_operator.py:126} INFO - 2020-08-06
[2020-07-30 16:44:14,081] {bash_operator.py:126} INFO - Parameter I passed in
[2020-07-30 16:44:14,081] {bash_operator.py:126} INFO - 2020-07-30
[2020-07-30 16:44:14,081] {bash_operator.py:126} INFO - 2020-08-06
[2020-07-30 16:44:14,082] {bash_operator.py:126} INFO - Parameter I passed in
[2020-07-30 16:44:14,082] {bash_operator.py:126} INFO - 2020-07-30
[2020-07-30 16:44:14,082] {bash_operator.py:126} INFO - 2020-08-06
[2020-07-30 16:44:14,082] {bash_operator.py:126} INFO - Parameter I passed in
[2020-07-30 16:44:14,082] {bash_operator.py:130} INFO - Command exited with return code 0
[2020-07-30 16:44:14,110] {taskinstance.py:1048} INFO - Marking task as SUCCESS.dag_id=tutorial, task_id=templated, execution_date=20200730T164300, start_date=20200730T164413, end_date=20200730T164414
[2020-07-30 16:44:23,707] {logging_mixin.py:112} INFO - [2020-07-30 16:44:23,706] {local_task_job.py:103} INFO - Task exited with return code 0
