[2020-07-31 01:25:12,545] {taskinstance.py:655} INFO - Dependencies all met for <TaskInstance: tutorial.templated 2020-07-31T01:24:00+00:00 [queued]>
[2020-07-31 01:25:12,588] {taskinstance.py:655} INFO - Dependencies all met for <TaskInstance: tutorial.templated 2020-07-31T01:24:00+00:00 [queued]>
[2020-07-31 01:25:12,589] {taskinstance.py:866} INFO - 
--------------------------------------------------------------------------------
[2020-07-31 01:25:12,589] {taskinstance.py:867} INFO - Starting attempt 1 of 2
[2020-07-31 01:25:12,589] {taskinstance.py:868} INFO - 
--------------------------------------------------------------------------------
[2020-07-31 01:25:12,612] {taskinstance.py:887} INFO - Executing <Task(BashOperator): templated> on 2020-07-31T01:24:00+00:00
[2020-07-31 01:25:12,618] {standard_task_runner.py:53} INFO - Started process 22097 to run task
[2020-07-31 01:25:12,738] {logging_mixin.py:112} INFO - Running %s on host %s <TaskInstance: tutorial.templated 2020-07-31T01:24:00+00:00 [running]> 02f6ef7ded4c
[2020-07-31 01:25:12,798] {bash_operator.py:82} INFO - Tmp dir root location: 
 /tmp
[2020-07-31 01:25:12,799] {bash_operator.py:105} INFO - Temporary script location: /tmp/airflowtmpbfjjncjr/templatedh4lmxs2q
[2020-07-31 01:25:12,800] {bash_operator.py:115} INFO - Running command: 

    echo "2020-07-31"
    echo "2020-08-07"
    echo "Parameter I passed in"

    echo "2020-07-31"
    echo "2020-08-07"
    echo "Parameter I passed in"

    echo "2020-07-31"
    echo "2020-08-07"
    echo "Parameter I passed in"

    echo "2020-07-31"
    echo "2020-08-07"
    echo "Parameter I passed in"

    echo "2020-07-31"
    echo "2020-08-07"
    echo "Parameter I passed in"

[2020-07-31 01:25:12,817] {bash_operator.py:122} INFO - Output:
[2020-07-31 01:25:12,820] {bash_operator.py:126} INFO - 2020-07-31
[2020-07-31 01:25:12,820] {bash_operator.py:126} INFO - 2020-08-07
[2020-07-31 01:25:12,820] {bash_operator.py:126} INFO - Parameter I passed in
[2020-07-31 01:25:12,821] {bash_operator.py:126} INFO - 2020-07-31
[2020-07-31 01:25:12,821] {bash_operator.py:126} INFO - 2020-08-07
[2020-07-31 01:25:12,821] {bash_operator.py:126} INFO - Parameter I passed in
[2020-07-31 01:25:12,821] {bash_operator.py:126} INFO - 2020-07-31
[2020-07-31 01:25:12,821] {bash_operator.py:126} INFO - 2020-08-07
[2020-07-31 01:25:12,821] {bash_operator.py:126} INFO - Parameter I passed in
[2020-07-31 01:25:12,821] {bash_operator.py:126} INFO - 2020-07-31
[2020-07-31 01:25:12,822] {bash_operator.py:126} INFO - 2020-08-07
[2020-07-31 01:25:12,822] {bash_operator.py:126} INFO - Parameter I passed in
[2020-07-31 01:25:12,822] {bash_operator.py:126} INFO - 2020-07-31
[2020-07-31 01:25:12,822] {bash_operator.py:126} INFO - 2020-08-07
[2020-07-31 01:25:12,822] {bash_operator.py:126} INFO - Parameter I passed in
[2020-07-31 01:25:12,823] {bash_operator.py:130} INFO - Command exited with return code 0
[2020-07-31 01:25:12,856] {taskinstance.py:1048} INFO - Marking task as SUCCESS.dag_id=tutorial, task_id=templated, execution_date=20200731T012400, start_date=20200731T012512, end_date=20200731T012512
[2020-07-31 01:25:22,505] {logging_mixin.py:112} INFO - [2020-07-31 01:25:22,505] {local_task_job.py:103} INFO - Task exited with return code 0
