[2020-07-30 16:37:13,287] {taskinstance.py:655} INFO - Dependencies all met for <TaskInstance: tutorial.templated 2020-07-30T16:36:00+00:00 [queued]>
[2020-07-30 16:37:13,346] {taskinstance.py:655} INFO - Dependencies all met for <TaskInstance: tutorial.templated 2020-07-30T16:36:00+00:00 [queued]>
[2020-07-30 16:37:13,347] {taskinstance.py:866} INFO - 
--------------------------------------------------------------------------------
[2020-07-30 16:37:13,347] {taskinstance.py:867} INFO - Starting attempt 1 of 2
[2020-07-30 16:37:13,347] {taskinstance.py:868} INFO - 
--------------------------------------------------------------------------------
[2020-07-30 16:37:13,378] {taskinstance.py:887} INFO - Executing <Task(BashOperator): templated> on 2020-07-30T16:36:00+00:00
[2020-07-30 16:37:13,389] {standard_task_runner.py:53} INFO - Started process 17777 to run task
[2020-07-30 16:37:13,520] {logging_mixin.py:112} INFO - Running %s on host %s <TaskInstance: tutorial.templated 2020-07-30T16:36:00+00:00 [running]> 02f6ef7ded4c
[2020-07-30 16:37:13,591] {bash_operator.py:82} INFO - Tmp dir root location: 
 /tmp
[2020-07-30 16:37:13,593] {bash_operator.py:105} INFO - Temporary script location: /tmp/airflowtmpyxdu2k3l/templated8bmoz9ol
[2020-07-30 16:37:13,593] {bash_operator.py:115} INFO - Running command: 

    echo "2020-07-30"
    echo "2020-08-06"
    echo "Parameter I passed in"

    echo "2020-07-30"
    echo "2020-08-06"
    echo "Parameter I passed in"

    echo "2020-07-30"
    echo "2020-08-06"
    echo "Parameter I passed in"

    echo "2020-07-30"
    echo "2020-08-06"
    echo "Parameter I passed in"

    echo "2020-07-30"
    echo "2020-08-06"
    echo "Parameter I passed in"

[2020-07-30 16:37:13,610] {bash_operator.py:122} INFO - Output:
[2020-07-30 16:37:13,612] {bash_operator.py:126} INFO - 2020-07-30
[2020-07-30 16:37:13,612] {bash_operator.py:126} INFO - 2020-08-06
[2020-07-30 16:37:13,612] {bash_operator.py:126} INFO - Parameter I passed in
[2020-07-30 16:37:13,612] {bash_operator.py:126} INFO - 2020-07-30
[2020-07-30 16:37:13,613] {bash_operator.py:126} INFO - 2020-08-06
[2020-07-30 16:37:13,613] {bash_operator.py:126} INFO - Parameter I passed in
[2020-07-30 16:37:13,613] {bash_operator.py:126} INFO - 2020-07-30
[2020-07-30 16:37:13,613] {bash_operator.py:126} INFO - 2020-08-06
[2020-07-30 16:37:13,613] {bash_operator.py:126} INFO - Parameter I passed in
[2020-07-30 16:37:13,613] {bash_operator.py:126} INFO - 2020-07-30
[2020-07-30 16:37:13,613] {bash_operator.py:126} INFO - 2020-08-06
[2020-07-30 16:37:13,613] {bash_operator.py:126} INFO - Parameter I passed in
[2020-07-30 16:37:13,613] {bash_operator.py:126} INFO - 2020-07-30
[2020-07-30 16:37:13,613] {bash_operator.py:126} INFO - 2020-08-06
[2020-07-30 16:37:13,613] {bash_operator.py:126} INFO - Parameter I passed in
[2020-07-30 16:37:13,614] {bash_operator.py:130} INFO - Command exited with return code 0
[2020-07-30 16:37:13,638] {taskinstance.py:1048} INFO - Marking task as SUCCESS.dag_id=tutorial, task_id=templated, execution_date=20200730T163600, start_date=20200730T163713, end_date=20200730T163713
[2020-07-30 16:37:23,214] {logging_mixin.py:112} INFO - [2020-07-30 16:37:23,213] {local_task_job.py:103} INFO - Task exited with return code 0
