[2020-07-30 16:27:12,447] {taskinstance.py:655} INFO - Dependencies all met for <TaskInstance: tutorial.templated 2020-07-30T16:26:00+00:00 [queued]>
[2020-07-30 16:27:12,504] {taskinstance.py:655} INFO - Dependencies all met for <TaskInstance: tutorial.templated 2020-07-30T16:26:00+00:00 [queued]>
[2020-07-30 16:27:12,504] {taskinstance.py:866} INFO - 
--------------------------------------------------------------------------------
[2020-07-30 16:27:12,504] {taskinstance.py:867} INFO - Starting attempt 1 of 2
[2020-07-30 16:27:12,504] {taskinstance.py:868} INFO - 
--------------------------------------------------------------------------------
[2020-07-30 16:27:12,537] {taskinstance.py:887} INFO - Executing <Task(BashOperator): templated> on 2020-07-30T16:26:00+00:00
[2020-07-30 16:27:12,544] {standard_task_runner.py:53} INFO - Started process 10925 to run task
[2020-07-30 16:27:12,699] {logging_mixin.py:112} INFO - Running %s on host %s <TaskInstance: tutorial.templated 2020-07-30T16:26:00+00:00 [running]> 02f6ef7ded4c
[2020-07-30 16:27:12,763] {bash_operator.py:82} INFO - Tmp dir root location: 
 /tmp
[2020-07-30 16:27:12,765] {bash_operator.py:105} INFO - Temporary script location: /tmp/airflowtmpg2icw4ui/templated5d299jv0
[2020-07-30 16:27:12,765] {bash_operator.py:115} INFO - Running command: 

    echo "2020-07-30"
    echo "2020-08-06"
    echo "Parameter I passed in"

    echo "2020-07-30"
    echo "2020-08-06"
    echo "Parameter I passed in"

    echo "2020-07-30"
    echo "2020-08-06"
    echo "Parameter I passed in"

    echo "2020-07-30"
    echo "2020-08-06"
    echo "Parameter I passed in"

    echo "2020-07-30"
    echo "2020-08-06"
    echo "Parameter I passed in"

[2020-07-30 16:27:12,780] {bash_operator.py:122} INFO - Output:
[2020-07-30 16:27:12,786] {bash_operator.py:126} INFO - 2020-07-30
[2020-07-30 16:27:12,786] {bash_operator.py:126} INFO - 2020-08-06
[2020-07-30 16:27:12,786] {bash_operator.py:126} INFO - Parameter I passed in
[2020-07-30 16:27:12,786] {bash_operator.py:126} INFO - 2020-07-30
[2020-07-30 16:27:12,786] {bash_operator.py:126} INFO - 2020-08-06
[2020-07-30 16:27:12,786] {bash_operator.py:126} INFO - Parameter I passed in
[2020-07-30 16:27:12,786] {bash_operator.py:126} INFO - 2020-07-30
[2020-07-30 16:27:12,787] {bash_operator.py:126} INFO - 2020-08-06
[2020-07-30 16:27:12,787] {bash_operator.py:126} INFO - Parameter I passed in
[2020-07-30 16:27:12,787] {bash_operator.py:126} INFO - 2020-07-30
[2020-07-30 16:27:12,787] {bash_operator.py:126} INFO - 2020-08-06
[2020-07-30 16:27:12,787] {bash_operator.py:126} INFO - Parameter I passed in
[2020-07-30 16:27:12,787] {bash_operator.py:126} INFO - 2020-07-30
[2020-07-30 16:27:12,787] {bash_operator.py:126} INFO - 2020-08-06
[2020-07-30 16:27:12,787] {bash_operator.py:126} INFO - Parameter I passed in
[2020-07-30 16:27:12,787] {bash_operator.py:130} INFO - Command exited with return code 0
[2020-07-30 16:27:12,815] {taskinstance.py:1048} INFO - Marking task as SUCCESS.dag_id=tutorial, task_id=templated, execution_date=20200730T162600, start_date=20200730T162712, end_date=20200730T162712
[2020-07-30 16:27:22,401] {logging_mixin.py:112} INFO - [2020-07-30 16:27:22,400] {local_task_job.py:103} INFO - Task exited with return code 0
